<?xml version="1.0" encoding="UTF-8"?>
<testsuite xmlns:xsi="http://www.w3.org/2001/XMLSchema-instance" xsi:noNamespaceSchemaLocation="https://maven.apache.org/surefire/maven-surefire-plugin/xsd/surefire-test-report-3.0.xsd" version="3.0" name="TestSuite" time="145.084" tests="4" errors="0" skipped="0" failures="0">
  <properties>
    <property name="sun.desktop" value="windows"/>
    <property name="awt.toolkit" value="sun.awt.windows.WToolkit"/>
    <property name="java.specification.version" value="11"/>
    <property name="sun.cpu.isalist" value="amd64"/>
    <property name="sun.jnu.encoding" value="Cp1250"/>
    <property name="java.class.path" value="C:\Users\krzys\OneDrive\-COURSES-\Appium - Mobile Testing\secondTry\AppiumFrameworkDesign\target\test-classes;C:\Users\krzys\OneDrive\-COURSES-\Appium - Mobile Testing\secondTry\AppiumFrameworkDesign\target\classes;C:\Users\krzys\.m2\repository\io\appium\java-client\8.3.0\java-client-8.3.0.jar;C:\Users\krzys\.m2\repository\org\seleniumhq\selenium\selenium-api\4.8.1\selenium-api-4.8.1.jar;C:\Users\krzys\.m2\repository\org\seleniumhq\selenium\selenium-remote-driver\4.8.1\selenium-remote-driver-4.8.1.jar;C:\Users\krzys\.m2\repository\io\netty\netty-buffer\4.1.87.Final\netty-buffer-4.1.87.Final.jar;C:\Users\krzys\.m2\repository\io\netty\netty-codec-http\4.1.87.Final\netty-codec-http-4.1.87.Final.jar;C:\Users\krzys\.m2\repository\io\netty\netty-codec\4.1.87.Final\netty-codec-4.1.87.Final.jar;C:\Users\krzys\.m2\repository\io\netty\netty-handler\4.1.87.Final\netty-handler-4.1.87.Final.jar;C:\Users\krzys\.m2\repository\io\netty\netty-common\4.1.87.Final\netty-common-4.1.87.Final.jar;C:\Users\krzys\.m2\repository\io\netty\netty-transport-classes-epoll\4.1.87.Final\netty-transport-classes-epoll-4.1.87.Final.jar;C:\Users\krzys\.m2\repository\io\netty\netty-transport-classes-kqueue\4.1.87.Final\netty-transport-classes-kqueue-4.1.87.Final.jar;C:\Users\krzys\.m2\repository\io\netty\netty-transport-native-epoll\4.1.87.Final\netty-transport-native-epoll-4.1.87.Final.jar;C:\Users\krzys\.m2\repository\io\netty\netty-transport-native-kqueue\4.1.87.Final\netty-transport-native-kqueue-4.1.87.Final.jar;C:\Users\krzys\.m2\repository\io\netty\netty-transport-native-unix-common\4.1.87.Final\netty-transport-native-unix-common-4.1.87.Final.jar;C:\Users\krzys\.m2\repository\io\netty\netty-transport\4.1.87.Final\netty-transport-4.1.87.Final.jar;C:\Users\krzys\.m2\repository\io\netty\netty-resolver\4.1.87.Final\netty-resolver-4.1.87.Final.jar;C:\Users\krzys\.m2\repository\io\opentelemetry\opentelemetry-api\1.22.0\opentelemetry-api-1.22.0.jar;C:\Users\krzys\.m2\repository\io\opentelemetry\opentelemetry-context\1.22.0\opentelemetry-context-1.22.0.jar;C:\Users\krzys\.m2\repository\io\opentelemetry\opentelemetry-exporter-logging\1.22.0\opentelemetry-exporter-logging-1.22.0.jar;C:\Users\krzys\.m2\repository\io\opentelemetry\opentelemetry-sdk-metrics\1.22.0\opentelemetry-sdk-metrics-1.22.0.jar;C:\Users\krzys\.m2\repository\io\opentelemetry\opentelemetry-sdk-logs\1.22.0-alpha\opentelemetry-sdk-logs-1.22.0-alpha.jar;C:\Users\krzys\.m2\repository\io\opentelemetry\opentelemetry-api-logs\1.22.0-alpha\opentelemetry-api-logs-1.22.0-alpha.jar;C:\Users\krzys\.m2\repository\io\opentelemetry\opentelemetry-sdk-common\1.22.0\opentelemetry-sdk-common-1.22.0.jar;C:\Users\krzys\.m2\repository\io\opentelemetry\opentelemetry-sdk-extension-autoconfigure-spi\1.22.0\opentelemetry-sdk-extension-autoconfigure-spi-1.22.0.jar;C:\Users\krzys\.m2\repository\io\opentelemetry\opentelemetry-sdk-extension-autoconfigure\1.22.0-alpha\opentelemetry-sdk-extension-autoconfigure-1.22.0-alpha.jar;C:\Users\krzys\.m2\repository\io\opentelemetry\opentelemetry-sdk-trace\1.22.0\opentelemetry-sdk-trace-1.22.0.jar;C:\Users\krzys\.m2\repository\io\opentelemetry\opentelemetry-sdk\1.22.0\opentelemetry-sdk-1.22.0.jar;C:\Users\krzys\.m2\repository\io\opentelemetry\opentelemetry-semconv\1.22.0-alpha\opentelemetry-semconv-1.22.0-alpha.jar;C:\Users\krzys\.m2\repository\io\ous\jtoml\2.0.0\jtoml-2.0.0.jar;C:\Users\krzys\.m2\repository\org\apache\commons\commons-exec\1.3\commons-exec-1.3.jar;C:\Users\krzys\.m2\repository\org\asynchttpclient\async-http-client\2.12.3\async-http-client-2.12.3.jar;C:\Users\krzys\.m2\repository\org\asynchttpclient\async-http-client-netty-utils\2.12.3\async-http-client-netty-utils-2.12.3.jar;C:\Users\krzys\.m2\repository\io\netty\netty-codec-socks\4.1.60.Final\netty-codec-socks-4.1.60.Final.jar;C:\Users\krzys\.m2\repository\io\netty\netty-handler-proxy\4.1.60.Final\netty-handler-proxy-4.1.60.Final.jar;C:\Users\krzys\.m2\repository\io\netty\netty-transport-native-epoll\4.1.60.Final\netty-transport-native-epoll-4.1.60.Final-linux-x86_64.jar;C:\Users\krzys\.m2\repository\io\netty\netty-transport-native-kqueue\4.1.60.Final\netty-transport-native-kqueue-4.1.60.Final-osx-x86_64.jar;C:\Users\krzys\.m2\repository\com\typesafe\netty\netty-reactive-streams\2.0.4\netty-reactive-streams-2.0.4.jar;C:\Users\krzys\.m2\repository\com\sun\activation\jakarta.activation\1.2.2\jakarta.activation-1.2.2.jar;C:\Users\krzys\.m2\repository\org\seleniumhq\selenium\selenium-http\4.8.1\selenium-http-4.8.1.jar;C:\Users\krzys\.m2\repository\dev\failsafe\failsafe\3.3.0\failsafe-3.3.0.jar;C:\Users\krzys\.m2\repository\org\seleniumhq\selenium\selenium-manager\4.8.1\selenium-manager-4.8.1.jar;C:\Users\krzys\.m2\repository\com\google\code\gson\gson\2.10\gson-2.10.jar;C:\Users\krzys\.m2\repository\cglib\cglib\3.3.0\cglib-3.3.0.jar;C:\Users\krzys\.m2\repository\org\ow2\asm\asm\7.1\asm-7.1.jar;C:\Users\krzys\.m2\repository\commons-validator\commons-validator\1.7\commons-validator-1.7.jar;C:\Users\krzys\.m2\repository\commons-beanutils\commons-beanutils\1.9.4\commons-beanutils-1.9.4.jar;C:\Users\krzys\.m2\repository\commons-digester\commons-digester\2.1\commons-digester-2.1.jar;C:\Users\krzys\.m2\repository\commons-logging\commons-logging\1.2\commons-logging-1.2.jar;C:\Users\krzys\.m2\repository\commons-collections\commons-collections\3.2.2\commons-collections-3.2.2.jar;C:\Users\krzys\.m2\repository\org\apache\commons\commons-lang3\3.12.0\commons-lang3-3.12.0.jar;C:\Users\krzys\.m2\repository\org\testng\testng\7.7.1\testng-7.7.1.jar;C:\Users\krzys\.m2\repository\com\beust\jcommander\1.82\jcommander-1.82.jar;C:\Users\krzys\.m2\repository\org\webjars\jquery\3.6.1\jquery-3.6.1.jar;C:\Users\krzys\.m2\repository\org\slf4j\slf4j-api\2.0.6\slf4j-api-2.0.6.jar;C:\Users\krzys\.m2\repository\org\slf4j\slf4j-simple\2.0.6\slf4j-simple-2.0.6.jar;C:\Users\krzys\.m2\repository\org\seleniumhq\selenium\selenium-support\4.8.0\selenium-support-4.8.0.jar;C:\Users\krzys\.m2\repository\com\google\auto\service\auto-service-annotations\1.0.1\auto-service-annotations-1.0.1.jar;C:\Users\krzys\.m2\repository\com\google\auto\service\auto-service\1.0.1\auto-service-1.0.1.jar;C:\Users\krzys\.m2\repository\com\google\auto\auto-common\1.2\auto-common-1.2.jar;C:\Users\krzys\.m2\repository\com\google\guava\guava\31.1-jre\guava-31.1-jre.jar;C:\Users\krzys\.m2\repository\com\google\guava\failureaccess\1.0.1\failureaccess-1.0.1.jar;C:\Users\krzys\.m2\repository\com\google\guava\listenablefuture\9999.0-empty-to-avoid-conflict-with-guava\listenablefuture-9999.0-empty-to-avoid-conflict-with-guava.jar;C:\Users\krzys\.m2\repository\com\google\code\findbugs\jsr305\3.0.2\jsr305-3.0.2.jar;C:\Users\krzys\.m2\repository\org\checkerframework\checker-qual\3.12.0\checker-qual-3.12.0.jar;C:\Users\krzys\.m2\repository\com\google\errorprone\error_prone_annotations\2.11.0\error_prone_annotations-2.11.0.jar;C:\Users\krzys\.m2\repository\com\google\j2objc\j2objc-annotations\1.3\j2objc-annotations-1.3.jar;C:\Users\krzys\.m2\repository\net\bytebuddy\byte-buddy\1.12.22\byte-buddy-1.12.22.jar;C:\Users\krzys\.m2\repository\org\seleniumhq\selenium\selenium-json\4.8.0\selenium-json-4.8.0.jar;C:\Users\krzys\.m2\repository\commons-io\commons-io\2.11.0\commons-io-2.11.0.jar;C:\Users\krzys\.m2\repository\com\fasterxml\jackson\core\jackson-databind\2.14.2\jackson-databind-2.14.2.jar;C:\Users\krzys\.m2\repository\com\fasterxml\jackson\core\jackson-annotations\2.14.2\jackson-annotations-2.14.2.jar;C:\Users\krzys\.m2\repository\com\fasterxml\jackson\core\jackson-core\2.14.2\jackson-core-2.14.2.jar;C:\Users\krzys\.m2\repository\com\aventstack\extentreports\5.0.9\extentreports-5.0.9.jar;C:\Users\krzys\.m2\repository\io\reactivex\rxjava3\rxjava\3.0.4\rxjava-3.0.4.jar;C:\Users\krzys\.m2\repository\org\reactivestreams\reactive-streams\1.0.3\reactive-streams-1.0.3.jar;C:\Users\krzys\.m2\repository\org\freemarker\freemarker\2.3.30\freemarker-2.3.30.jar;C:\Users\krzys\.m2\repository\org\seleniumhq\selenium\selenium-java\4.8.1\selenium-java-4.8.1.jar;C:\Users\krzys\.m2\repository\org\seleniumhq\selenium\selenium-chrome-driver\4.8.1\selenium-chrome-driver-4.8.1.jar;C:\Users\krzys\.m2\repository\org\seleniumhq\selenium\selenium-chromium-driver\4.8.1\selenium-chromium-driver-4.8.1.jar;C:\Users\krzys\.m2\repository\org\seleniumhq\selenium\selenium-devtools-v108\4.8.1\selenium-devtools-v108-4.8.1.jar;C:\Users\krzys\.m2\repository\org\seleniumhq\selenium\selenium-devtools-v109\4.8.1\selenium-devtools-v109-4.8.1.jar;C:\Users\krzys\.m2\repository\org\seleniumhq\selenium\selenium-devtools-v110\4.8.1\selenium-devtools-v110-4.8.1.jar;C:\Users\krzys\.m2\repository\org\seleniumhq\selenium\selenium-devtools-v85\4.8.1\selenium-devtools-v85-4.8.1.jar;C:\Users\krzys\.m2\repository\org\seleniumhq\selenium\selenium-edge-driver\4.8.1\selenium-edge-driver-4.8.1.jar;C:\Users\krzys\.m2\repository\org\seleniumhq\selenium\selenium-firefox-driver\4.8.1\selenium-firefox-driver-4.8.1.jar;C:\Users\krzys\.m2\repository\org\seleniumhq\selenium\selenium-ie-driver\4.8.1\selenium-ie-driver-4.8.1.jar;C:\Users\krzys\.m2\repository\org\seleniumhq\selenium\selenium-safari-driver\4.8.1\selenium-safari-driver-4.8.1.jar;C:\Users\krzys\.m2\repository\org\projectlombok\lombok\1.18.26\lombok-1.18.26.jar;"/>
    <property name="java.vm.vendor" value="Eclipse Adoptium"/>
    <property name="sun.arch.data.model" value="64"/>
    <property name="user.variant" value=""/>
    <property name="java.vendor.url" value="https://adoptium.net/"/>
    <property name="user.timezone" value="Europe/Belgrade"/>
    <property name="java.vm.specification.version" value="11"/>
    <property name="os.name" value="Windows 10"/>
    <property name="sun.java.launcher" value="SUN_STANDARD"/>
    <property name="user.country" value="US"/>
    <property name="sun.boot.library.path" value="C:\Program Files\Java\jdk-11.0.11\bin"/>
    <property name="sun.java.command" value="C:\Users\krzys\AppData\Local\Temp\surefire9873057379152330931\surefirebooter-20230222184837643_3.jar C:\Users\krzys\AppData\Local\Temp\surefire9873057379152330931 2023-02-22T18-48-37_117-jvmRun1 surefire-20230222184837643_1tmp surefire_0-20230222184837643_2tmp"/>
    <property name="jdk.debug" value="release"/>
    <property name="surefire.test.class.path" value="C:\Users\krzys\OneDrive\-COURSES-\Appium - Mobile Testing\secondTry\AppiumFrameworkDesign\target\test-classes;C:\Users\krzys\OneDrive\-COURSES-\Appium - Mobile Testing\secondTry\AppiumFrameworkDesign\target\classes;C:\Users\krzys\.m2\repository\io\appium\java-client\8.3.0\java-client-8.3.0.jar;C:\Users\krzys\.m2\repository\org\seleniumhq\selenium\selenium-api\4.8.1\selenium-api-4.8.1.jar;C:\Users\krzys\.m2\repository\org\seleniumhq\selenium\selenium-remote-driver\4.8.1\selenium-remote-driver-4.8.1.jar;C:\Users\krzys\.m2\repository\io\netty\netty-buffer\4.1.87.Final\netty-buffer-4.1.87.Final.jar;C:\Users\krzys\.m2\repository\io\netty\netty-codec-http\4.1.87.Final\netty-codec-http-4.1.87.Final.jar;C:\Users\krzys\.m2\repository\io\netty\netty-codec\4.1.87.Final\netty-codec-4.1.87.Final.jar;C:\Users\krzys\.m2\repository\io\netty\netty-handler\4.1.87.Final\netty-handler-4.1.87.Final.jar;C:\Users\krzys\.m2\repository\io\netty\netty-common\4.1.87.Final\netty-common-4.1.87.Final.jar;C:\Users\krzys\.m2\repository\io\netty\netty-transport-classes-epoll\4.1.87.Final\netty-transport-classes-epoll-4.1.87.Final.jar;C:\Users\krzys\.m2\repository\io\netty\netty-transport-classes-kqueue\4.1.87.Final\netty-transport-classes-kqueue-4.1.87.Final.jar;C:\Users\krzys\.m2\repository\io\netty\netty-transport-native-epoll\4.1.87.Final\netty-transport-native-epoll-4.1.87.Final.jar;C:\Users\krzys\.m2\repository\io\netty\netty-transport-native-kqueue\4.1.87.Final\netty-transport-native-kqueue-4.1.87.Final.jar;C:\Users\krzys\.m2\repository\io\netty\netty-transport-native-unix-common\4.1.87.Final\netty-transport-native-unix-common-4.1.87.Final.jar;C:\Users\krzys\.m2\repository\io\netty\netty-transport\4.1.87.Final\netty-transport-4.1.87.Final.jar;C:\Users\krzys\.m2\repository\io\netty\netty-resolver\4.1.87.Final\netty-resolver-4.1.87.Final.jar;C:\Users\krzys\.m2\repository\io\opentelemetry\opentelemetry-api\1.22.0\opentelemetry-api-1.22.0.jar;C:\Users\krzys\.m2\repository\io\opentelemetry\opentelemetry-context\1.22.0\opentelemetry-context-1.22.0.jar;C:\Users\krzys\.m2\repository\io\opentelemetry\opentelemetry-exporter-logging\1.22.0\opentelemetry-exporter-logging-1.22.0.jar;C:\Users\krzys\.m2\repository\io\opentelemetry\opentelemetry-sdk-metrics\1.22.0\opentelemetry-sdk-metrics-1.22.0.jar;C:\Users\krzys\.m2\repository\io\opentelemetry\opentelemetry-sdk-logs\1.22.0-alpha\opentelemetry-sdk-logs-1.22.0-alpha.jar;C:\Users\krzys\.m2\repository\io\opentelemetry\opentelemetry-api-logs\1.22.0-alpha\opentelemetry-api-logs-1.22.0-alpha.jar;C:\Users\krzys\.m2\repository\io\opentelemetry\opentelemetry-sdk-common\1.22.0\opentelemetry-sdk-common-1.22.0.jar;C:\Users\krzys\.m2\repository\io\opentelemetry\opentelemetry-sdk-extension-autoconfigure-spi\1.22.0\opentelemetry-sdk-extension-autoconfigure-spi-1.22.0.jar;C:\Users\krzys\.m2\repository\io\opentelemetry\opentelemetry-sdk-extension-autoconfigure\1.22.0-alpha\opentelemetry-sdk-extension-autoconfigure-1.22.0-alpha.jar;C:\Users\krzys\.m2\repository\io\opentelemetry\opentelemetry-sdk-trace\1.22.0\opentelemetry-sdk-trace-1.22.0.jar;C:\Users\krzys\.m2\repository\io\opentelemetry\opentelemetry-sdk\1.22.0\opentelemetry-sdk-1.22.0.jar;C:\Users\krzys\.m2\repository\io\opentelemetry\opentelemetry-semconv\1.22.0-alpha\opentelemetry-semconv-1.22.0-alpha.jar;C:\Users\krzys\.m2\repository\io\ous\jtoml\2.0.0\jtoml-2.0.0.jar;C:\Users\krzys\.m2\repository\org\apache\commons\commons-exec\1.3\commons-exec-1.3.jar;C:\Users\krzys\.m2\repository\org\asynchttpclient\async-http-client\2.12.3\async-http-client-2.12.3.jar;C:\Users\krzys\.m2\repository\org\asynchttpclient\async-http-client-netty-utils\2.12.3\async-http-client-netty-utils-2.12.3.jar;C:\Users\krzys\.m2\repository\io\netty\netty-codec-socks\4.1.60.Final\netty-codec-socks-4.1.60.Final.jar;C:\Users\krzys\.m2\repository\io\netty\netty-handler-proxy\4.1.60.Final\netty-handler-proxy-4.1.60.Final.jar;C:\Users\krzys\.m2\repository\io\netty\netty-transport-native-epoll\4.1.60.Final\netty-transport-native-epoll-4.1.60.Final-linux-x86_64.jar;C:\Users\krzys\.m2\repository\io\netty\netty-transport-native-kqueue\4.1.60.Final\netty-transport-native-kqueue-4.1.60.Final-osx-x86_64.jar;C:\Users\krzys\.m2\repository\com\typesafe\netty\netty-reactive-streams\2.0.4\netty-reactive-streams-2.0.4.jar;C:\Users\krzys\.m2\repository\com\sun\activation\jakarta.activation\1.2.2\jakarta.activation-1.2.2.jar;C:\Users\krzys\.m2\repository\org\seleniumhq\selenium\selenium-http\4.8.1\selenium-http-4.8.1.jar;C:\Users\krzys\.m2\repository\dev\failsafe\failsafe\3.3.0\failsafe-3.3.0.jar;C:\Users\krzys\.m2\repository\org\seleniumhq\selenium\selenium-manager\4.8.1\selenium-manager-4.8.1.jar;C:\Users\krzys\.m2\repository\com\google\code\gson\gson\2.10\gson-2.10.jar;C:\Users\krzys\.m2\repository\cglib\cglib\3.3.0\cglib-3.3.0.jar;C:\Users\krzys\.m2\repository\org\ow2\asm\asm\7.1\asm-7.1.jar;C:\Users\krzys\.m2\repository\commons-validator\commons-validator\1.7\commons-validator-1.7.jar;C:\Users\krzys\.m2\repository\commons-beanutils\commons-beanutils\1.9.4\commons-beanutils-1.9.4.jar;C:\Users\krzys\.m2\repository\commons-digester\commons-digester\2.1\commons-digester-2.1.jar;C:\Users\krzys\.m2\repository\commons-logging\commons-logging\1.2\commons-logging-1.2.jar;C:\Users\krzys\.m2\repository\commons-collections\commons-collections\3.2.2\commons-collections-3.2.2.jar;C:\Users\krzys\.m2\repository\org\apache\commons\commons-lang3\3.12.0\commons-lang3-3.12.0.jar;C:\Users\krzys\.m2\repository\org\testng\testng\7.7.1\testng-7.7.1.jar;C:\Users\krzys\.m2\repository\com\beust\jcommander\1.82\jcommander-1.82.jar;C:\Users\krzys\.m2\repository\org\webjars\jquery\3.6.1\jquery-3.6.1.jar;C:\Users\krzys\.m2\repository\org\slf4j\slf4j-api\2.0.6\slf4j-api-2.0.6.jar;C:\Users\krzys\.m2\repository\org\slf4j\slf4j-simple\2.0.6\slf4j-simple-2.0.6.jar;C:\Users\krzys\.m2\repository\org\seleniumhq\selenium\selenium-support\4.8.0\selenium-support-4.8.0.jar;C:\Users\krzys\.m2\repository\com\google\auto\service\auto-service-annotations\1.0.1\auto-service-annotations-1.0.1.jar;C:\Users\krzys\.m2\repository\com\google\auto\service\auto-service\1.0.1\auto-service-1.0.1.jar;C:\Users\krzys\.m2\repository\com\google\auto\auto-common\1.2\auto-common-1.2.jar;C:\Users\krzys\.m2\repository\com\google\guava\guava\31.1-jre\guava-31.1-jre.jar;C:\Users\krzys\.m2\repository\com\google\guava\failureaccess\1.0.1\failureaccess-1.0.1.jar;C:\Users\krzys\.m2\repository\com\google\guava\listenablefuture\9999.0-empty-to-avoid-conflict-with-guava\listenablefuture-9999.0-empty-to-avoid-conflict-with-guava.jar;C:\Users\krzys\.m2\repository\com\google\code\findbugs\jsr305\3.0.2\jsr305-3.0.2.jar;C:\Users\krzys\.m2\repository\org\checkerframework\checker-qual\3.12.0\checker-qual-3.12.0.jar;C:\Users\krzys\.m2\repository\com\google\errorprone\error_prone_annotations\2.11.0\error_prone_annotations-2.11.0.jar;C:\Users\krzys\.m2\repository\com\google\j2objc\j2objc-annotations\1.3\j2objc-annotations-1.3.jar;C:\Users\krzys\.m2\repository\net\bytebuddy\byte-buddy\1.12.22\byte-buddy-1.12.22.jar;C:\Users\krzys\.m2\repository\org\seleniumhq\selenium\selenium-json\4.8.0\selenium-json-4.8.0.jar;C:\Users\krzys\.m2\repository\commons-io\commons-io\2.11.0\commons-io-2.11.0.jar;C:\Users\krzys\.m2\repository\com\fasterxml\jackson\core\jackson-databind\2.14.2\jackson-databind-2.14.2.jar;C:\Users\krzys\.m2\repository\com\fasterxml\jackson\core\jackson-annotations\2.14.2\jackson-annotations-2.14.2.jar;C:\Users\krzys\.m2\repository\com\fasterxml\jackson\core\jackson-core\2.14.2\jackson-core-2.14.2.jar;C:\Users\krzys\.m2\repository\com\aventstack\extentreports\5.0.9\extentreports-5.0.9.jar;C:\Users\krzys\.m2\repository\io\reactivex\rxjava3\rxjava\3.0.4\rxjava-3.0.4.jar;C:\Users\krzys\.m2\repository\org\reactivestreams\reactive-streams\1.0.3\reactive-streams-1.0.3.jar;C:\Users\krzys\.m2\repository\org\freemarker\freemarker\2.3.30\freemarker-2.3.30.jar;C:\Users\krzys\.m2\repository\org\seleniumhq\selenium\selenium-java\4.8.1\selenium-java-4.8.1.jar;C:\Users\krzys\.m2\repository\org\seleniumhq\selenium\selenium-chrome-driver\4.8.1\selenium-chrome-driver-4.8.1.jar;C:\Users\krzys\.m2\repository\org\seleniumhq\selenium\selenium-chromium-driver\4.8.1\selenium-chromium-driver-4.8.1.jar;C:\Users\krzys\.m2\repository\org\seleniumhq\selenium\selenium-devtools-v108\4.8.1\selenium-devtools-v108-4.8.1.jar;C:\Users\krzys\.m2\repository\org\seleniumhq\selenium\selenium-devtools-v109\4.8.1\selenium-devtools-v109-4.8.1.jar;C:\Users\krzys\.m2\repository\org\seleniumhq\selenium\selenium-devtools-v110\4.8.1\selenium-devtools-v110-4.8.1.jar;C:\Users\krzys\.m2\repository\org\seleniumhq\selenium\selenium-devtools-v85\4.8.1\selenium-devtools-v85-4.8.1.jar;C:\Users\krzys\.m2\repository\org\seleniumhq\selenium\selenium-edge-driver\4.8.1\selenium-edge-driver-4.8.1.jar;C:\Users\krzys\.m2\repository\org\seleniumhq\selenium\selenium-firefox-driver\4.8.1\selenium-firefox-driver-4.8.1.jar;C:\Users\krzys\.m2\repository\org\seleniumhq\selenium\selenium-ie-driver\4.8.1\selenium-ie-driver-4.8.1.jar;C:\Users\krzys\.m2\repository\org\seleniumhq\selenium\selenium-safari-driver\4.8.1\selenium-safari-driver-4.8.1.jar;C:\Users\krzys\.m2\repository\org\projectlombok\lombok\1.18.26\lombok-1.18.26.jar;"/>
    <property name="sun.cpu.endian" value="little"/>
    <property name="user.home" value="C:\Users\krzys"/>
    <property name="user.language" value="en"/>
    <property name="java.specification.vendor" value="Oracle Corporation"/>
    <property name="java.version.date" value="2022-04-19"/>
    <property name="java.home" value="C:\Program Files\Java\jdk-11.0.11"/>
    <property name="file.separator" value="\"/>
    <property name="basedir" value="C:\Users\krzys\OneDrive\-COURSES-\Appium - Mobile Testing\secondTry\AppiumFrameworkDesign"/>
    <property name="java.vm.compressedOopsMode" value="Zero based"/>
    <property name="line.separator" value="&#10;"/>
    <property name="java.specification.name" value="Java Platform API Specification"/>
    <property name="java.vm.specification.vendor" value="Oracle Corporation"/>
    <property name="java.awt.graphicsenv" value="sun.awt.Win32GraphicsEnvironment"/>
    <property name="127.0.0.1" value="true"/>
    <property name="surefire.real.class.path" value="C:\Users\krzys\AppData\Local\Temp\surefire9873057379152330931\surefirebooter-20230222184837643_3.jar"/>
    <property name="user.script" value=""/>
    <property name="sun.management.compiler" value="HotSpot 64-Bit Tiered Compilers"/>
    <property name="java.runtime.version" value="11.0.15+10"/>
    <property name="user.name" value="krzys"/>
    <property name="path.separator" value=";"/>
    <property name="os.version" value="10.0"/>
    <property name="java.runtime.name" value="OpenJDK Runtime Environment"/>
    <property name="file.encoding" value="Cp1250"/>
    <property name="java.vm.name" value="OpenJDK 64-Bit Server VM"/>
    <property name="java.vendor.version" value="Temurin-11.0.15+10"/>
    <property name="localRepository" value="C:\Users\krzys\.m2\repository"/>
    <property name="java.vendor.url.bug" value="https://github.com/adoptium/adoptium-support/issues"/>
    <property name="java.io.tmpdir" value="C:\Users\krzys\AppData\Local\Temp\"/>
    <property name="java.version" value="11.0.15"/>
    <property name="user.dir" value="C:\Users\krzys\OneDrive\-COURSES-\Appium - Mobile Testing\secondTry\AppiumFrameworkDesign"/>
    <property name="os.arch" value="amd64"/>
    <property name="java.vm.specification.name" value="Java Virtual Machine Specification"/>
    <property name="java.awt.printerjob" value="sun.awt.windows.WPrinterJob"/>
    <property name="sun.os.patch.level" value=""/>
    <property name="java.library.path" value="C:\Program Files\Java\jdk-11.0.11\bin;C:\Windows\Sun\Java\bin;C:\Windows\system32;C:\Windows;C:\Program Files\Java\jdk-11.0.11/bin;C:\Program Files\Java\jdk-11.0.11/bin;C:\Program Files\NVIDIA GPU Computing Toolkit\CUDA\v12.0\bin;C:\Program Files\NVIDIA GPU Computing Toolkit\CUDA\v12.0\libnvvp;C:\app\krzys\product\21c\dbhomeXE\bin;C:\Python310\Scripts\;C:\Python310\;C:\Windows\system32;C:\Windows;C:\Windows\System32\Wbem;C:\Windows\System32\WindowsPowerShell\v1.0\;C:\Windows\System32\OpenSSH\;C:\mingw64\mingw64\bin;C:\Program Files\NVIDIA Corporation\NVIDIA NvDLISR;C:\Program Files (x86)\NVIDIA Corporation\PhysX\Common;C:\Program Files\SourceGear\Common\DiffMerge\;C:\ProgramData\chocolatey\bin;C:\Users\krzys\AppData\Local\Android\Sdk\platform-tools;C:\Users\krzys\AppData\Local\Android\Sdk\tools;C:\Program Files\Java\scripts;C:\Program Files\Git\cmd;C:\Program Files\PuTTY\;C:\Program Files\dotnet\;C:\Program Files\Java\scripts\;C:\Program Files\Java\jdk-17\bin;C:\Users\krzys\AppData\Local\Android\Sdk\emulator\;C:\Program Files\NVIDIA Corporation\Nsight Compute 2022.4.0\;C:\Program Files\nodejs\;C:\Users\krzys\AppData\Local\Programs\Python\Python311\Scripts\;C:\Users\krzys\AppData\Local\Programs\Python\Python311\;C:\Ruby31-x64\bin;C:\Users\krzys\AppData\Local\Microsoft\WindowsApps;C:\Users\krzys\development\sdks\flutter\bin;C:\Users\krzys\AppData\Local\Programs\Microsoft VS Code\bin;C:\Program Files\apache-maven-3.8.4\bin;C:\Gradle\gradle-7.3.3\bin;C:\Users\krzys\AppData\Local\JetBrains\Toolbox\apps\IDEA-U\ch-0\213.6461.79\bin\;C:\Users\krzys\.dotnet\tools;C:\Users\krzys\AppData\Local\JetBrains\Toolbox\scripts;C:\Users\krzys\.dotnet\tools;C:\Users\krzys\AppData\Local\Android\Sdk\tools\bin;C:\opencv\build\x64\vc16\bin;C:\Users\krzys\AppData\Roaming\npm;."/>
    <property name="java.vm.info" value="mixed mode"/>
    <property name="java.vendor" value="Eclipse Adoptium"/>
    <property name="java.vm.version" value="11.0.15+10"/>
    <property name="sun.io.unicode.encoding" value="UnicodeLittle"/>
    <property name="java.class.version" value="55.0"/>
  </properties>
  <testcase name="FillForm[{name=Bored Kris, country=Argentina, gender=Female}](1)" classname="org.boredkris.pageObjects.android.eCommerce_tc_4_Hybrid" time="22.148">
    <system-out><![CDATA[&amp#27;[35m[Appium]&amp#27;[39m Welcome to Appium v2.0.0-beta.55
&amp#27;[35m[Appium]&amp#27;[39m Attempting to load driver uiautomator2...
[debug] &amp#27;[35m[Appium]&amp#27;[39m Requiring driver at C:\Users\krzys\.appium\node_modules\appium-uiautomator2-driver
&amp#27;[35m[Appium]&amp#27;[39m Attempting to load driver espresso...
[debug] &amp#27;[35m[Appium]&amp#27;[39m Requiring driver at C:\Users\krzys\.appium\node_modules\appium-espresso-driver
&amp#27;[35m[Appium]&amp#27;[39m Appium REST http interface listener started on 0.0.0.0:4723
&amp#27;[35m[Appium]&amp#27;[39m Available drivers:
&amp#27;[35m[Appium]&amp#27;[39m   - uiautomator2@2.12.3 (automationName 'UiAutomator2')
&amp#27;[35m[Appium]&amp#27;[39m   - espresso@2.15.3 (automationName 'Espresso')
&amp#27;[35m[Appium]&amp#27;[39m No plugins have been installed. Use the "appium plugin" command to install the one(s) you want to use.
&amp#27;[38;5;0m[HTTP]&amp#27;[0m &amp#27;[37m-->&amp#27;[39m &amp#27;[37mGET&amp#27;[39m &amp#27;[37m/status&amp#27;[39m
&amp#27;[38;5;0m[HTTP]&amp#27;[0m &amp#27;[90m{}&amp#27;[39m
[debug] &amp#27;[38;5;16m[AppiumDriver@1f5f]&amp#27;[0m Calling AppiumDriver.getStatus() with args: []
[debug] &amp#27;[38;5;16m[AppiumDriver@1f5f]&amp#27;[0m Responding to client with driver.getStatus() result: {"build":{"version":"2.0.0-beta.55"}}
&amp#27;[38;5;0m[HTTP]&amp#27;[0m &amp#27;[37m<-- GET /status &amp#27;[39m&amp#27;[32m200&amp#27;[39m &amp#27;[90m7 ms - 47&amp#27;[39m
&amp#27;[38;5;0m[HTTP]&amp#27;[0m &amp#27;[90m&amp#27;[39m
[debug] &amp#27;[38;5;0m[HTTP]&amp#27;[0m Request idempotency key: db9ed3f9-1e41-4612-8009-739a70524093
&amp#27;[38;5;0m[HTTP]&amp#27;[0m &amp#27;[37m-->&amp#27;[39m &amp#27;[37mPOST&amp#27;[39m &amp#27;[37m/session&amp#27;[39m
&amp#27;[38;5;0m[HTTP]&amp#27;[0m &amp#27;[90m{"capabilities":{"firstMatch":[{}],"alwaysMatch":{"appium:app":"C:\\Users\\krzys\\OneDrive\\-COURSES-\\Appium - Mobile Testing\\secondTry\\AppiumFrameworkDesign\\src\\test\\java\\org\\boredkris\\pageObjects\\resources\\General-Store.apk","appium:automationName":"UIAutomator2","appium:chromedriverExecutable":"C:\\WebDrivers\\ChromeDriver\\chromedriver_win32_74_0_3729\\chromedriver.exe","appium:deviceName":"Pixel_3_XL_API_29_Android10","platformName":"android"}}}&amp#27;[39m
[debug] &amp#27;[38;5;16m[AppiumDriver@1f5f]&amp#27;[0m Calling AppiumDriver.createSession() with args: [null,null,{"firstMatch":[{}],"alwaysMatch":{"appium:app":"C:\\Users\\krzys\\OneDrive\\-COURSES-\\Appium - Mobile Testing\\secondTry\\AppiumFrameworkDesign\\src\\test\\java\\org\\boredkris\\pageObjects\\resources\\General-Store.apk","appium:automationName":"UIAutomator2","appium:chromedriverExecutable":"C:\\WebDrivers\\ChromeDriver\\chromedriver_win32_74_0_3729\\chromedriver.exe","appium:deviceName":"Pixel_3_XL_API_29_Android10","platformName":"android"}}]
[debug] &amp#27;[38;5;16m[AppiumDriver@1f5f]&amp#27;[0m Event 'newSessionRequested' logged at 1677088128830 (18:48:48 GMT+0100 (Central European Standard Time))
&amp#27;[35m[Appium]&amp#27;[39m Attempting to find matching driver for automationName 'UIAutomator2' and platformName 'android'
&amp#27;[35m[Appium]&amp#27;[39m The 'uiautomator2' driver was installed and matched caps.
&amp#27;[35m[Appium]&amp#27;[39m Will require it at C:\Users\krzys\.appium\node_modules\appium-uiautomator2-driver
[debug] &amp#27;[35m[Appium]&amp#27;[39m Requiring driver at C:\Users\krzys\.appium\node_modules\appium-uiautomator2-driver
&amp#27;[38;5;16m[AppiumDriver@1f5f]&amp#27;[0m Appium v2.0.0-beta.55 creating new AndroidUiautomator2Driver (v2.12.3) session
&amp#27;[38;5;16m[AppiumDriver@1f5f]&amp#27;[0m Checking BaseDriver versions for Appium and AndroidUiautomator2Driver
&amp#27;[38;5;16m[AppiumDriver@1f5f]&amp#27;[0m Appium's BaseDriver version is 9.3.1
&amp#27;[38;5;16m[AppiumDriver@1f5f]&amp#27;[0m AndroidUiautomator2Driver's BaseDriver version is 9.3.1
[debug] &amp#27;[38;5;32m[AndroidUiautomator2Driver@1965]&amp#27;[0m Creating session with W3C capabilities: {
[debug] &amp#27;[38;5;32m[AndroidUiautomator2Driver@1965]&amp#27;[0m   "alwaysMatch": {
[debug] &amp#27;[38;5;32m[AndroidUiautomator2Driver@1965]&amp#27;[0m     "platformName": "android",
[debug] &amp#27;[38;5;32m[AndroidUiautomator2Driver@1965]&amp#27;[0m     "appium:app": "C:\\Users\\krzys\\OneDrive\\-COURSES-\\Appium - Mobile Testing\\secondTry\\AppiumFrameworkDesign\\src\\test\\java\\org\\boredkris\\pageObjects\\resources\\General-Store.apk",
[debug] &amp#27;[38;5;32m[AndroidUiautomator2Driver@1965]&amp#27;[0m     "appium:automationName": "UIAutomator2",
[debug] &amp#27;[38;5;32m[AndroidUiautomator2Driver@1965]&amp#27;[0m     "appium:chromedriverExecutable": "C:\\WebDrivers\\ChromeDriver\\chromedriver_win32_74_0_3729\\chromedriver.exe",
[debug] &amp#27;[38;5;32m[AndroidUiautomator2Driver@1965]&amp#27;[0m     "appium:deviceName": "Pixel_3_XL_API_29_Android10"
[debug] &amp#27;[38;5;32m[AndroidUiautomator2Driver@1965]&amp#27;[0m   },
[debug] &amp#27;[38;5;32m[AndroidUiautomator2Driver@1965]&amp#27;[0m   "firstMatch": [
[debug] &amp#27;[38;5;32m[AndroidUiautomator2Driver@1965]&amp#27;[0m     {}
[debug] &amp#27;[38;5;32m[AndroidUiautomator2Driver@1965]&amp#27;[0m   ]
[debug] &amp#27;[38;5;32m[AndroidUiautomator2Driver@1965]&amp#27;[0m }
&amp#27;[38;5;32m[AndroidUiautomator2Driver@1965 (1bf46aad)]&amp#27;[0m Session created with session id: 1bf46aad-8211-4ff8-b5be-34fb988f3913
&amp#27;[38;5;48m[BaseDriver]&amp#27;[0m Using local app 'C:\Users\krzys\OneDrive\-COURSES-\Appium - Mobile Testing\secondTry\AppiumFrameworkDesign\src\test\java\org\boredkris\pageObjects\resources\General-Store.apk'
[debug] &amp#27;[38;5;32m[AndroidUiautomator2Driver@1965 (1bf46aad)]&amp#27;[0m Checking whether app is actually present
&amp#27;[38;5;64m[ADB]&amp#27;[0m Found 5 'build-tools' folders under 'C:\Users\krzys\AppData\Local\Android\Sdk' (newest first):
&amp#27;[38;5;64m[ADB]&amp#27;[0m     C:/Users/krzys/AppData/Local/Android/Sdk/build-tools/33.0.0
&amp#27;[38;5;64m[ADB]&amp#27;[0m     C:/Users/krzys/AppData/Local/Android/Sdk/build-tools/31.0.0
&amp#27;[38;5;64m[ADB]&amp#27;[0m     C:/Users/krzys/AppData/Local/Android/Sdk/build-tools/30.0.3
&amp#27;[38;5;64m[ADB]&amp#27;[0m     C:/Users/krzys/AppData/Local/Android/Sdk/build-tools/30.0.2
&amp#27;[38;5;64m[ADB]&amp#27;[0m     C:/Users/krzys/AppData/Local/Android/Sdk/build-tools/29.0.2
&amp#27;[38;5;64m[ADB]&amp#27;[0m Using 'adb.exe' from 'C:\Users\krzys\AppData\Local\Android\Sdk\platform-tools\adb.exe'
[debug] &amp#27;[38;5;64m[ADB]&amp#27;[0m Running 'C:\Users\krzys\AppData\Local\Android\Sdk\platform-tools\adb.exe -P 5037 start-server'
&amp#27;[38;5;80m[AndroidDriver]&amp#27;[0m Retrieving device list
[debug] &amp#27;[38;5;64m[ADB]&amp#27;[0m Trying to find a connected android device
[debug] &amp#27;[38;5;64m[ADB]&amp#27;[0m Getting connected devices
[debug] &amp#27;[38;5;64m[ADB]&amp#27;[0m Connected devices: [{"udid":"emulator-5554","state":"device"}]
&amp#27;[38;5;80m[AndroidDriver]&amp#27;[0m Using device: emulator-5554
&amp#27;[38;5;64m[ADB]&amp#27;[0m Using 'adb.exe' from 'C:\Users\krzys\AppData\Local\Android\Sdk\platform-tools\adb.exe'
[debug] &amp#27;[38;5;64m[ADB]&amp#27;[0m Running 'C:\Users\krzys\AppData\Local\Android\Sdk\platform-tools\adb.exe -P 5037 start-server'
[debug] &amp#27;[38;5;64m[ADB]&amp#27;[0m Setting device id to emulator-5554
[debug] &amp#27;[38;5;64m[ADB]&amp#27;[0m Running 'C:\Users\krzys\AppData\Local\Android\Sdk\platform-tools\adb.exe -P 5037 -s emulator-5554 shell getprop ro.build.version.sdk'
[debug] &amp#27;[38;5;64m[ADB]&amp#27;[0m Current device property 'ro.build.version.sdk': 29
&amp#27;[38;5;64m[ADB]&amp#27;[0m Getting device platform version
[debug] &amp#27;[38;5;64m[ADB]&amp#27;[0m Running 'C:\Users\krzys\AppData\Local\Android\Sdk\platform-tools\adb.exe -P 5037 -s emulator-5554 shell getprop ro.build.version.release'
[debug] &amp#27;[38;5;64m[ADB]&amp#27;[0m Current device property 'ro.build.version.release': 10
[debug] &amp#27;[38;5;64m[ADB]&amp#27;[0m Device API level: 29
&amp#27;[38;5;32m[AndroidUiautomator2Driver@1965 (1bf46aad)]&amp#27;[0m Relaxing hidden api policy
[debug] &amp#27;[38;5;64m[ADB]&amp#27;[0m Running 'C:\Users\krzys\AppData\Local\Android\Sdk\platform-tools\adb.exe -P 5037 -s emulator-5554 shell 'settings put global hidden_api_policy_pre_p_apps 1;settings put global hidden_api_policy_p_apps 1;settings put global hidden_api_policy 1''
[debug] &amp#27;[38;5;80m[AndroidDriver]&amp#27;[0m Parsing package and activity from app manifest
&amp#27;[38;5;64m[ADB]&amp#27;[0m Package name: 'com.androidsample.generalstore'
&amp#27;[38;5;64m[ADB]&amp#27;[0m Main activity name: 'com.androidsample.generalstore.SplashActivity'
[debug] &amp#27;[38;5;80m[AndroidDriver]&amp#27;[0m Parsed package and activity are: com.androidsample.generalstore/com.androidsample.generalstore.SplashActivity
[debug] &amp#27;[38;5;64m[ADB]&amp#27;[0m Running 'C:\Users\krzys\AppData\Local\Android\Sdk\platform-tools\adb.exe -P 5037 -s emulator-5554 wait-for-device'
[debug] &amp#27;[38;5;64m[ADB]&amp#27;[0m Running 'C:\Users\krzys\AppData\Local\Android\Sdk\platform-tools\adb.exe -P 5037 -s emulator-5554 shell echo ping'
[debug] &amp#27;[38;5;80m[AndroidDriver]&amp#27;[0m Pushing settings apk to device...
[debug] &amp#27;[38;5;64m[ADB]&amp#27;[0m Getting install status for io.appium.settings
[debug] &amp#27;[38;5;64m[ADB]&amp#27;[0m Running 'C:\Users\krzys\AppData\Local\Android\Sdk\platform-tools\adb.exe -P 5037 -s emulator-5554 shell dumpsys package io.appium.settings'
[debug] &amp#27;[38;5;64m[ADB]&amp#27;[0m 'io.appium.settings' is installed
[debug] &amp#27;[38;5;64m[ADB]&amp#27;[0m Getting package info for 'io.appium.settings'
[debug] &amp#27;[38;5;64m[ADB]&amp#27;[0m Running 'C:\Users\krzys\AppData\Local\Android\Sdk\platform-tools\adb.exe -P 5037 -s emulator-5554 shell dumpsys package io.appium.settings'
[debug] &amp#27;[38;5;64m[ADB]&amp#27;[0m The version name of the installed 'io.appium.settings' is greater or equal to the application version name ('5.0.3' >= '5.0.3')
[debug] &amp#27;[38;5;64m[ADB]&amp#27;[0m There is no need to install/upgrade 'C:\Users\krzys\.appium\node_modules\appium-uiautomator2-driver\node_modules\io.appium.settings\apks\settings_apk-debug.apk'
[debug] &amp#27;[38;5;64m[ADB]&amp#27;[0m Getting IDs of all 'io.appium.settings' processes
[debug] &amp#27;[38;5;64m[ADB]&amp#27;[0m Running 'C:\Users\krzys\AppData\Local\Android\Sdk\platform-tools\adb.exe -P 5037 -s emulator-5554 shell 'pgrep --help; echo $?''
[debug] &amp#27;[38;5;64m[ADB]&amp#27;[0m Running 'C:\Users\krzys\AppData\Local\Android\Sdk\platform-tools\adb.exe -P 5037 -s emulator-5554 shell pgrep -f \(\[\[:blank:\]\]\|\^\)io\.appium\.settings\(\[\[:blank:\]\]\|\$\)'
[debug] &amp#27;[38;5;80m[AndroidDriver]&amp#27;[0m io.appium.settings is already running. There is no need to reset its permissions.
[debug] &amp#27;[38;5;96m[Logcat]&amp#27;[0m Starting logs capture with command: C:\\Users\\krzys\\AppData\\Local\\Android\\Sdk\\platform-tools\\adb.exe -P 5037 -s emulator-5554 logcat -v threadtime
[debug] &amp#27;[38;5;32m[AndroidUiautomator2Driver@1965 (1bf46aad)]&amp#27;[0m Forwarding UiAutomator2 Server port 6790 to local port 8202
[debug] &amp#27;[38;5;64m[ADB]&amp#27;[0m Forwarding system: 8202 to device: 6790
[debug] &amp#27;[38;5;64m[ADB]&amp#27;[0m Running 'C:\Users\krzys\AppData\Local\Android\Sdk\platform-tools\adb.exe -P 5037 -s emulator-5554 forward tcp:8202 tcp:6790'
[debug] &amp#27;[38;5;64m[ADB]&amp#27;[0m Getting install status for io.appium.uiautomator2.server
[debug] &amp#27;[38;5;64m[ADB]&amp#27;[0m Running 'C:\Users\krzys\AppData\Local\Android\Sdk\platform-tools\adb.exe -P 5037 -s emulator-5554 shell dumpsys package io.appium.uiautomator2.server'
[debug] &amp#27;[38;5;64m[ADB]&amp#27;[0m 'io.appium.uiautomator2.server' is installed
[debug] &amp#27;[38;5;64m[ADB]&amp#27;[0m Getting package info for 'io.appium.uiautomator2.server'
[debug] &amp#27;[38;5;64m[ADB]&amp#27;[0m Running 'C:\Users\krzys\AppData\Local\Android\Sdk\platform-tools\adb.exe -P 5037 -s emulator-5554 shell dumpsys package io.appium.uiautomator2.server'
[debug] &amp#27;[38;5;64m[ADB]&amp#27;[0m The version name of the installed 'io.appium.uiautomator2.server' is greater or equal to the application version name ('5.7.7' >= '5.7.7')
[debug] &amp#27;[38;5;32m[AndroidUiautomator2Driver@1965 (1bf46aad)]&amp#27;[0m io.appium.uiautomator2.server installation state: sameVersionInstalled
[debug] &amp#27;[38;5;64m[ADB]&amp#27;[0m Checking app cert for C:\Users\krzys\.appium\node_modules\appium-uiautomator2-driver\node_modules\appium-uiautomator2-server\apks\appium-uiautomator2-server-v5.7.7.apk
&amp#27;[38;5;64m[ADB]&amp#27;[0m Using 'apksigner.jar' from 'C:\Users\krzys\AppData\Local\Android\Sdk\build-tools\33.0.0\lib\apksigner.jar'
[debug] &amp#27;[38;5;64m[ADB]&amp#27;[0m Starting apksigner: 'C:\\Program Files\\Java\\jdk-11.0.11\\bin\\java.exe' -Xmx1024M -Xss1m -jar C:\\Users\\krzys\\AppData\\Local\\Android\\Sdk\\build-tools\\33.0.0\\lib\\apksigner.jar verify --print-certs C:\\Users\\krzys\\.appium\\node_modules\\appium-uiautomator2-driver\\node_modules\\appium-uiautomator2-server\\apks\\appium-uiautomator2-server-v5.7.7.apk
[debug] &amp#27;[38;5;64m[ADB]&amp#27;[0m apksigner stdout: Signer #1 certificate DN: EMAILADDRESS=android@android.com, CN=Android, OU=Android, O=Android, L=Mountain View, ST=California, C=US
[debug] &amp#27;[38;5;64m[ADB]&amp#27;[0m Signer #1 certificate SHA-256 digest: a40da80a59d170caa950cf15c18c454d47a39b26989d8b640ecd745ba71bf5dc
[debug] &amp#27;[38;5;64m[ADB]&amp#27;[0m Signer #1 certificate SHA-1 digest: 61ed377e85d386a8dfee6b864bd85b0bfaa5af81
[debug] &amp#27;[38;5;64m[ADB]&amp#27;[0m Signer #1 certificate MD5 digest: e89b158e4bcf988ebd09eb83f5378e87
[debug] &amp#27;[38;5;64m[ADB]&amp#27;[0m 
[debug] &amp#27;[38;5;64m[ADB]&amp#27;[0m sha256 hash did match for 'appium-uiautomator2-server-v5.7.7.apk'
&amp#27;[38;5;64m[ADB]&amp#27;[0m 'C:\Users\krzys\.appium\node_modules\appium-uiautomator2-driver\node_modules\appium-uiautomator2-server\apks\appium-uiautomator2-server-v5.7.7.apk' is signed with the default certificate
[debug] &amp#27;[38;5;64m[ADB]&amp#27;[0m Getting install status for io.appium.uiautomator2.server.test
[debug] &amp#27;[38;5;64m[ADB]&amp#27;[0m Running 'C:\Users\krzys\AppData\Local\Android\Sdk\platform-tools\adb.exe -P 5037 -s emulator-5554 shell dumpsys package io.appium.uiautomator2.server.test'
[debug] &amp#27;[38;5;64m[ADB]&amp#27;[0m 'io.appium.uiautomator2.server.test' is installed
[debug] &amp#27;[38;5;64m[ADB]&amp#27;[0m Checking app cert for C:\Users\krzys\.appium\node_modules\appium-uiautomator2-driver\node_modules\appium-uiautomator2-server\apks\appium-uiautomator2-server-debug-androidTest.apk
[debug] &amp#27;[38;5;64m[ADB]&amp#27;[0m Starting apksigner: 'C:\\Program Files\\Java\\jdk-11.0.11\\bin\\java.exe' -Xmx1024M -Xss1m -jar C:\\Users\\krzys\\AppData\\Local\\Android\\Sdk\\build-tools\\33.0.0\\lib\\apksigner.jar verify --print-certs C:\\Users\\krzys\\.appium\\node_modules\\appium-uiautomator2-driver\\node_modules\\appium-uiautomator2-server\\apks\\appium-uiautomator2-server-debug-androidTest.apk
[debug] &amp#27;[38;5;64m[ADB]&amp#27;[0m apksigner stdout: Signer #1 certificate DN: EMAILADDRESS=android@android.com, CN=Android, OU=Android, O=Android, L=Mountain View, ST=California, C=US
[debug] &amp#27;[38;5;64m[ADB]&amp#27;[0m Signer #1 certificate SHA-256 digest: a40da80a59d170caa950cf15c18c454d47a39b26989d8b640ecd745ba71bf5dc
[debug] &amp#27;[38;5;64m[ADB]&amp#27;[0m Signer #1 certificate SHA-1 digest: 61ed377e85d386a8dfee6b864bd85b0bfaa5af81
[debug] &amp#27;[38;5;64m[ADB]&amp#27;[0m Signer #1 certificate MD5 digest: e89b158e4bcf988ebd09eb83f5378e87
[debug] &amp#27;[38;5;64m[ADB]&amp#27;[0m 
[debug] &amp#27;[38;5;64m[ADB]&amp#27;[0m sha256 hash did match for 'appium-uiautomator2-server-debug-androidTest.apk'
&amp#27;[38;5;64m[ADB]&amp#27;[0m 'C:\Users\krzys\.appium\node_modules\appium-uiautomator2-driver\node_modules\appium-uiautomator2-server\apks\appium-uiautomator2-server-debug-androidTest.apk' is signed with the default certificate
&amp#27;[38;5;32m[AndroidUiautomator2Driver@1965 (1bf46aad)]&amp#27;[0m Server packages are not going to be (re)installed
[debug] &amp#27;[38;5;32m[AndroidUiautomator2Driver@1965 (1bf46aad)]&amp#27;[0m Waiting up to 30000ms for services to be available
[debug] &amp#27;[38;5;64m[ADB]&amp#27;[0m Running 'C:\Users\krzys\AppData\Local\Android\Sdk\platform-tools\adb.exe -P 5037 -s emulator-5554 shell pm list instrumentation'
[debug] &amp#27;[38;5;32m[AndroidUiautomator2Driver@1965 (1bf46aad)]&amp#27;[0m Instrumentation target 'io.appium.uiautomator2.server.test/androidx.test.runner.AndroidJUnitRunner' is available
&amp#27;[38;5;64m[ADB]&amp#27;[0m Adding packages ["io.appium.settings","io.appium.uiautomator2.server","io.appium.uiautomator2.server.test"] to Doze whitelist
[debug] &amp#27;[38;5;64m[ADB]&amp#27;[0m Got the following command chunks to execute: [["dumpsys","deviceidle","whitelist","+io.appium.settings",";","dumpsys","deviceidle","whitelist","+io.appium.uiautomator2.server",";","dumpsys","deviceidle","whitelist","+io.appium.uiautomator2.server.test",";"]]
[debug] &amp#27;[38;5;64m[ADB]&amp#27;[0m Running 'C:\Users\krzys\AppData\Local\Android\Sdk\platform-tools\adb.exe -P 5037 -s emulator-5554 shell dumpsys deviceidle whitelist +io.appium.settings ; dumpsys deviceidle whitelist +io.appium.uiautomator2.server ; dumpsys deviceidle whitelist +io.appium.uiautomator2.server.test ;'
[debug] &amp#27;[38;5;64m[ADB]&amp#27;[0m Checking app cert for C:\Users\krzys\OneDrive\-COURSES-\Appium - Mobile Testing\secondTry\AppiumFrameworkDesign\src\test\java\org\boredkris\pageObjects\resources\General-Store.apk
[debug] &amp#27;[38;5;64m[ADB]&amp#27;[0m Starting apksigner: 'C:\\Program Files\\Java\\jdk-11.0.11\\bin\\java.exe' -Xmx1024M -Xss1m -jar C:\\Users\\krzys\\AppData\\Local\\Android\\Sdk\\build-tools\\33.0.0\\lib\\apksigner.jar verify --print-certs 'C:\\Users\\krzys\\OneDrive\\-COURSES-\\Appium - Mobile Testing\\secondTry\\AppiumFrameworkDesign\\src\\test\\java\\org\\boredkris\\pageObjects\\resources\\General-Store.apk'
[debug] &amp#27;[38;5;64m[ADB]&amp#27;[0m apksigner stdout: Signer #1 certificate DN: C=US, O=Android, CN=Android Debug
[debug] &amp#27;[38;5;64m[ADB]&amp#27;[0m Signer #1 certificate SHA-256 digest: f5f5931c019be6bff8a26255f76ae9ef8a8e631d2a702ec10e91110231549eef
[debug] &amp#27;[38;5;64m[ADB]&amp#27;[0m Signer #1 certificate SHA-1 digest: b250161db8b5d0a1bd39154c9fd749bdad79c1a3
[debug] &amp#27;[38;5;64m[ADB]&amp#27;[0m Signer #1 certificate MD5 digest: 7a5550323d84472ca25a0861c63e0a6c
[debug] &amp#27;[38;5;64m[ADB]&amp#27;[0m 
&amp#27;[38;5;64m[ADB]&amp#27;[0m 'C:\Users\krzys\OneDrive\-COURSES-\Appium - Mobile Testing\secondTry\AppiumFrameworkDesign\src\test\java\org\boredkris\pageObjects\resources\General-Store.apk' is signed with a non-default certificate
[debug] &amp#27;[38;5;64m[ADB]&amp#27;[0m Getting install status for com.androidsample.generalstore
[debug] &amp#27;[38;5;64m[ADB]&amp#27;[0m Running 'C:\Users\krzys\AppData\Local\Android\Sdk\platform-tools\adb.exe -P 5037 -s emulator-5554 shell dumpsys package com.androidsample.generalstore'
[debug] &amp#27;[38;5;64m[ADB]&amp#27;[0m 'com.androidsample.generalstore' is installed
[debug] &amp#27;[38;5;64m[ADB]&amp#27;[0m Getting package info for 'com.androidsample.generalstore'
[debug] &amp#27;[38;5;64m[ADB]&amp#27;[0m Running 'C:\Users\krzys\AppData\Local\Android\Sdk\platform-tools\adb.exe -P 5037 -s emulator-5554 shell dumpsys package com.androidsample.generalstore'
[debug] &amp#27;[38;5;64m[ADB]&amp#27;[0m The version name of the installed 'com.androidsample.generalstore' is greater or equal to the application version name ('1.0.0' >= '1.0.0')
[debug] &amp#27;[38;5;64m[ADB]&amp#27;[0m There is no need to install/upgrade 'C:\Users\krzys\OneDrive\-COURSES-\Appium - Mobile Testing\secondTry\AppiumFrameworkDesign\src\test\java\org\boredkris\pageObjects\resources\General-Store.apk'
&amp#27;[38;5;80m[AndroidDriver]&amp#27;[0m Performing fast reset on 'com.androidsample.generalstore'
[debug] &amp#27;[38;5;64m[ADB]&amp#27;[0m Getting install status for com.androidsample.generalstore
[debug] &amp#27;[38;5;64m[ADB]&amp#27;[0m Running 'C:\Users\krzys\AppData\Local\Android\Sdk\platform-tools\adb.exe -P 5037 -s emulator-5554 shell dumpsys package com.androidsample.generalstore'
[debug] &amp#27;[38;5;64m[ADB]&amp#27;[0m 'com.androidsample.generalstore' is installed
[debug] &amp#27;[38;5;64m[ADB]&amp#27;[0m Running 'C:\Users\krzys\AppData\Local\Android\Sdk\platform-tools\adb.exe -P 5037 -s emulator-5554 shell am force-stop com.androidsample.generalstore'
[debug] &amp#27;[38;5;64m[ADB]&amp#27;[0m Running 'C:\Users\krzys\AppData\Local\Android\Sdk\platform-tools\adb.exe -P 5037 -s emulator-5554 shell pm clear com.androidsample.generalstore'
[debug] &amp#27;[38;5;80m[AndroidDriver]&amp#27;[0m Performed fast reset on the installed 'com.androidsample.generalstore' application (stop and clear)
[debug] &amp#27;[38;5;32m[AndroidUiautomator2Driver@1965 (1bf46aad)]&amp#27;[0m Performing shallow cleanup of automation leftovers
[debug] &amp#27;[38;5;32m[AndroidUiautomator2Driver@1965 (1bf46aad)]&amp#27;[0m No obsolete sessions have been detected (socket hang up)
[debug] &amp#27;[38;5;64m[ADB]&amp#27;[0m Running 'C:\Users\krzys\AppData\Local\Android\Sdk\platform-tools\adb.exe -P 5037 -s emulator-5554 shell am force-stop io.appium.uiautomator2.server.test'
&amp#27;[38;5;32m[AndroidUiautomator2Driver@1965 (1bf46aad)]&amp#27;[0m Starting UIAutomator2 server 5.7.7
&amp#27;[38;5;32m[AndroidUiautomator2Driver@1965 (1bf46aad)]&amp#27;[0m Using UIAutomator2 server from 'C:\Users\krzys\.appium\node_modules\appium-uiautomator2-driver\node_modules\appium-uiautomator2-server\apks\appium-uiautomator2-server-v5.7.7.apk' and test from 'C:\Users\krzys\.appium\node_modules\appium-uiautomator2-driver\node_modules\appium-uiautomator2-server\apks\appium-uiautomator2-server-debug-androidTest.apk'
&amp#27;[38;5;32m[AndroidUiautomator2Driver@1965 (1bf46aad)]&amp#27;[0m Waiting up to 30000ms for UiAutomator2 to be online...
[debug] &amp#27;[38;5;64m[ADB]&amp#27;[0m Creating ADB subprocess with args: ["-P",5037,"-s","emulator-5554","shell","am","instrument","-w","-e","disableAnalytics",true,"io.appium.uiautomator2.server.test/androidx.test.runner.AndroidJUnitRunner"]
[debug] &amp#27;[38;5;32m[AndroidUiautomator2Driver@1965 (1bf46aad)]&amp#27;[0m Matched '/status' to command name 'getStatus'
[debug] &amp#27;[38;5;32m[AndroidUiautomator2Driver@1965 (1bf46aad)]&amp#27;[0m Proxying [GET /status] to [GET http://127.0.0.1:8202/status] with no body
&amp#27;[38;5;32m[AndroidUiautomator2Driver@1965 (1bf46aad)]&amp#27;[0m socket hang up
[debug] &amp#27;[38;5;112m[Instrumentation]&amp#27;[0m io.appium.uiautomator2.server.test.AppiumUiAutomator2Server:
[debug] &amp#27;[38;5;32m[AndroidUiautomator2Driver@1965 (1bf46aad)]&amp#27;[0m Matched '/status' to command name 'getStatus'
[debug] &amp#27;[38;5;32m[AndroidUiautomator2Driver@1965 (1bf46aad)]&amp#27;[0m Proxying [GET /status] to [GET http://127.0.0.1:8202/status] with no body
&amp#27;[38;5;32m[AndroidUiautomator2Driver@1965 (1bf46aad)]&amp#27;[0m socket hang up
[debug] &amp#27;[38;5;32m[AndroidUiautomator2Driver@1965 (1bf46aad)]&amp#27;[0m Matched '/status' to command name 'getStatus'
[debug] &amp#27;[38;5;32m[AndroidUiautomator2Driver@1965 (1bf46aad)]&amp#27;[0m Proxying [GET /status] to [GET http://127.0.0.1:8202/status] with no body
[debug] &amp#27;[38;5;32m[AndroidUiautomator2Driver@1965 (1bf46aad)]&amp#27;[0m Got response with status 200: {"sessionId":"None","value":{"message":"UiAutomator2 Server is ready to accept commands","ready":true}}
[debug] &amp#27;[38;5;32m[AndroidUiautomator2Driver@1965 (1bf46aad)]&amp#27;[0m The initialization of the instrumentation process took 2097ms
[debug] &amp#27;[38;5;32m[AndroidUiautomator2Driver@1965 (1bf46aad)]&amp#27;[0m Matched '/session' to command name 'createSession'
[debug] &amp#27;[38;5;32m[AndroidUiautomator2Driver@1965 (1bf46aad)]&amp#27;[0m Proxying [POST /session] to [POST http://127.0.0.1:8202/session] with body: {"capabilities":{"firstMatch":[{"platform":"LINUX","webStorageEnabled":false,"takesScreenshot":true,"javascriptEnabled":true,"databaseEnabled":false,"networkConnectionEnabled":true,"locationContextEnabled":false,"warnings":{},"desired":{"platformName":"android","app":"C:\\Users\\krzys\\OneDrive\\-COURSES-\\Appium - Mobile Testing\\secondTry\\AppiumFrameworkDesign\\src\\test\\java\\org\\boredkris\\pageObjects\\resources\\General-Store.apk","automationName":"UIAutomator2","chromedriverExecutable":"C:\\WebDrivers\\ChromeDriver\\chromedriver_win32_74_0_3729\\chromedriver.exe","deviceName":"Pixel_3_XL_API_29_Android10"},"platformName":"android","app":"C:\\Users\\krzys\\OneDrive\\-COURSES-\\Appium - Mobile Testing\\secondTry\\AppiumFrameworkDesign\\src\\test\\java\\org\\boredkris\\pageObjects\\resources\\General-Store.apk","automationName":"UIAutomator2","chromedriverExecutable":"C:\\WebDrivers\\ChromeDriver\\chromedriver_win32_74_0_3729\\chromedriver.exe","deviceName":"emulator-5554","deviceUDID":"emulator-5554...
[debug] &amp#27;[38;5;32m[AndroidUiautomator2Driver@1965 (1bf46aad)]&amp#27;[0m Got response with status 200: {"sessionId":"79da4935-0419-45f6-906b-44db54c8641b","value":{"capabilities":{"firstMatch":[{"platform":"LINUX","webStorageEnabled":false,"takesScreenshot":true,"javascriptEnabled":true,"databaseEnabled":false,"networkConnectionEnabled":true,"locationContextEnabled":false,"warnings":{},"desired":{"platformName":"android","app":"C:\\Users\\krzys\\OneDrive\\-COURSES-\\Appium - Mobile Testing\\secondTry\\AppiumFrameworkDesign\\src\\test\\java\\org\\boredkris\\pageObjects\\resources\\General-Store.apk","automationName":"UIAutomator2","chromedriverExecutable":"C:\\WebDrivers\\ChromeDriver\\chromedriver_win32_74_0_3729\\chromedriver.exe","deviceName":"Pixel_3_XL_API_29_Android10"},"platformName":"android","app":"C:\\Users\\krzys\\OneDrive\\-COURSES-\\Appium - Mobile Testing\\secondTry\\AppiumFrameworkDesign\\src\\test\\java\\org\\boredkris\\pageObjects\\resources\\General-Store.apk","automationName":"UIAutomator2","chromedriverExecutable":"C:\\WebDrivers\\ChromeDriver\\chromedriver_win32_74_0_3729\\chromedriver.e...
&amp#27;[38;5;32m[AndroidUiautomator2Driver@1965 (1bf46aad)]&amp#27;[0m Determined the downstream protocol as 'W3C'
[debug] &amp#27;[38;5;32m[AndroidUiautomator2Driver@1965 (1bf46aad)]&amp#27;[0m Proxying [GET /appium/device/info] to [GET http://127.0.0.1:8202/session/79da4935-0419-45f6-906b-44db54c8641b/appium/device/info] with no body
[debug] &amp#27;[38;5;32m[AndroidUiautomator2Driver@1965 (1bf46aad)]&amp#27;[0m Got response with status 200: {"sessionId":"79da4935-0419-45f6-906b-44db54c8641b","value":{"androidId":"ce663ace39f585b0","apiVersion":"29","bluetooth":null,"brand":"google","carrierName":"Android","displayDensity":560,"locale":"en_US","manufacturer":"Google","model":"Android SDK built for x86","networks":[{"capabilities":{"SSID":null,"linkDownBandwidthKbps":102400,"linkUpstreamBandwidthKbps":51200,"networkCapabilities":"NET_CAPABILITY_MMS,NET_CAPABILITY_SUPL,NET_CAPABILITY_DUN,NET_CAPABILITY_FOTA,NET_CAPABILITY_IMS,NET_CAPABILITY_CBS,NET_CAPABILITY_INTERNET,NET_CAPABILITY_NOT_RESTRICTED,NET_CAPABILITY_TRUSTED,NET_CAPABILITY_NOT_VPN,NET_CAPABILITY_VALIDATED,NET_CAPABILITY_NOT_ROAMING,NET_CAPABILITY_NOT_CONGESTED,NET_CAPABILITY_NOT_SUSPENDED","signalStrength":-2147483648,"transportTypes":"TRANSPORT_CELLULAR"},"detailedState":"CONNECTED","extraInfo":"epc.tmobile.com","isAvailable":true,"isConnected":true,"isFailover":false,"isRoaming":false,"state":"CONNECTED","subtype":13,"subtypeName":"LTE","type":0,"typeName":"MOBILE"},{"capabilities"...
[debug] &amp#27;[38;5;64m[ADB]&amp#27;[0m Running 'C:\Users\krzys\AppData\Local\Android\Sdk\platform-tools\adb.exe -P 5037 -s emulator-5554 shell dumpsys window'
&amp#27;[38;5;80m[AndroidDriver]&amp#27;[0m Screen already unlocked, doing nothing
&amp#27;[38;5;32m[AndroidUiautomator2Driver@1965 (1bf46aad)]&amp#27;[0m Starting 'com.androidsample.generalstore/com.androidsample.generalstore.SplashActivity and waiting for 'com.androidsample.generalstore/com.androidsample.generalstore.SplashActivity'
[debug] &amp#27;[38;5;64m[ADB]&amp#27;[0m Running 'C:\Users\krzys\AppData\Local\Android\Sdk\platform-tools\adb.exe -P 5037 -s emulator-5554 shell am start -W -n com.androidsample.generalstore/com.androidsample.generalstore.SplashActivity -S -a android.intent.action.MAIN -c android.intent.category.LAUNCHER -f 0x10200000'
[debug] &amp#27;[38;5;64m[ADB]&amp#27;[0m Waiting up to 20000ms for activity matching pkg: 'com.androidsample.generalstore' and activity: 'com.androidsample.generalstore.SplashActivity' to be focused
[debug] &amp#27;[38;5;64m[ADB]&amp#27;[0m Possible activities, to be checked: 'com.androidsample.generalstore.SplashActivity', 'com.androidsample.generalstore.com.androidsample.generalstore.SplashActivity'
[debug] &amp#27;[38;5;64m[ADB]&amp#27;[0m Getting focused package and activity
[debug] &amp#27;[38;5;64m[ADB]&amp#27;[0m Running 'C:\Users\krzys\AppData\Local\Android\Sdk\platform-tools\adb.exe -P 5037 -s emulator-5554 shell dumpsys window displays'
[debug] &amp#27;[38;5;64m[ADB]&amp#27;[0m Found package: 'com.androidsample.generalstore' and fully qualified activity name : 'com.androidsample.generalstore.SplashActivity'
[debug] &amp#27;[38;5;32m[AndroidUiautomator2Driver@1965 (1bf46aad)]&amp#27;[0m Proxying [GET /appium/device/pixel_ratio] to [GET http://127.0.0.1:8202/session/79da4935-0419-45f6-906b-44db54c8641b/appium/device/pixel_ratio] with no body
[debug] &amp#27;[38;5;32m[AndroidUiautomator2Driver@1965 (1bf46aad)]&amp#27;[0m Got response with status 200: {"sessionId":"79da4935-0419-45f6-906b-44db54c8641b","value":3.5}
[debug] &amp#27;[38;5;32m[AndroidUiautomator2Driver@1965 (1bf46aad)]&amp#27;[0m Matched '/appium/device/system_bars' to command name 'getSystemBars'
[debug] &amp#27;[38;5;32m[AndroidUiautomator2Driver@1965 (1bf46aad)]&amp#27;[0m Proxying [GET /appium/device/system_bars] to [GET http://127.0.0.1:8202/session/79da4935-0419-45f6-906b-44db54c8641b/appium/device/system_bars] with no body
[debug] &amp#27;[38;5;32m[AndroidUiautomator2Driver@1965 (1bf46aad)]&amp#27;[0m Got response with status 200: {"sessionId":"79da4935-0419-45f6-906b-44db54c8641b","value":{"statusBar":171}}
[debug] &amp#27;[38;5;32m[AndroidUiautomator2Driver@1965 (1bf46aad)]&amp#27;[0m Matched '/window/current/size' to command name 'getWindowSize'
[debug] &amp#27;[38;5;32m[AndroidUiautomator2Driver@1965 (1bf46aad)]&amp#27;[0m Proxying [GET /window/current/size] to [GET http://127.0.0.1:8202/session/79da4935-0419-45f6-906b-44db54c8641b/window/current/size] with no body
[debug] &amp#27;[38;5;32m[AndroidUiautomator2Driver@1965 (1bf46aad)]&amp#27;[0m Got response with status 200: {"sessionId":"79da4935-0419-45f6-906b-44db54c8641b","value":{"height":2621,"width":1440}}
&amp#27;[38;5;16m[AppiumDriver@1f5f]&amp#27;[0m New AndroidUiautomator2Driver session created successfully, session 1bf46aad-8211-4ff8-b5be-34fb988f3913 added to master session list
[debug] &amp#27;[38;5;16m[AppiumDriver@1f5f]&amp#27;[0m Event 'newSessionStarted' logged at 1677088134204 (18:48:54 GMT+0100 (Central European Standard Time))
[debug] &amp#27;[38;5;32m[AndroidUiautomator2Driver@1965 (1bf46aad)]&amp#27;[0m Cached the protocol value 'W3C' for the new session 1bf46aad-8211-4ff8-b5be-34fb988f3913
[debug] &amp#27;[38;5;32m[AndroidUiautomator2Driver@1965 (1bf46aad)]&amp#27;[0m Responding to client with driver.createSession() result: {"capabilities":{"platform":"LINUX","webStorageEnabled":false,"takesScreenshot":true,"javascriptEnabled":true,"databaseEnabled":false,"networkConnectionEnabled":true,"locationContextEnabled":false,"warnings":{},"desired":{"platformName":"android","app":"C:\\Users\\krzys\\OneDrive\\-COURSES-\\Appium - Mobile Testing\\secondTry\\AppiumFrameworkDesign\\src\\test\\java\\org\\boredkris\\pageObjects\\resources\\General-Store.apk","automationName":"UIAutomator2","chromedriverExecutable":"C:\\WebDrivers\\ChromeDriver\\chromedriver_win32_74_0_3729\\chromedriver.exe","deviceName":"Pixel_3_XL_API_29_Android10"},"platformName":"android","app":"C:\\Users\\krzys\\OneDrive\\-COURSES-\\Appium - Mobile Testing\\secondTry\\AppiumFrameworkDesign\\src\\test\\java\\org\\boredkris\\pageObjects\\resources\\General-Store.apk","automationName":"UIAutomator2","chromedriverExecutable":"C:\\WebDrivers\\ChromeDriver\\chromedriver_win32_74_0_3729\\chromedriver.exe","deviceName":"emulator-5554","deviceUDID":"emulator-5554","appPackage":...
&amp#27;[38;5;0m[HTTP]&amp#27;[0m &amp#27;[37m<-- POST /session &amp#27;[39m&amp#27;[32m200&amp#27;[39m &amp#27;[90m5375 ms - 1388&amp#27;[39m
&amp#27;[38;5;0m[HTTP]&amp#27;[0m &amp#27;[90m&amp#27;[39m
&amp#27;[38;5;0m[HTTP]&amp#27;[0m &amp#27;[37m-->&amp#27;[39m &amp#27;[37mPOST&amp#27;[39m &amp#27;[37m/session/1bf46aad-8211-4ff8-b5be-34fb988f3913/timeouts&amp#27;[39m
&amp#27;[38;5;0m[HTTP]&amp#27;[0m &amp#27;[90m{"implicit":10000}&amp#27;[39m
[debug] &amp#27;[38;5;32m[AndroidUiautomator2Driver@1965 (1bf46aad)]&amp#27;[0m Calling AppiumDriver.timeouts() with args: [null,null,null,null,10000,"1bf46aad-8211-4ff8-b5be-34fb988f3913"]
[debug] &amp#27;[38;5;32m[AndroidUiautomator2Driver@1965 (1bf46aad)]&amp#27;[0m W3C timeout argument: {"implicit":10000}}
[debug] &amp#27;[38;5;32m[AndroidUiautomator2Driver@1965 (1bf46aad)]&amp#27;[0m Set implicit wait to 10000ms
[debug] &amp#27;[38;5;32m[AndroidUiautomator2Driver@1965 (1bf46aad)]&amp#27;[0m Responding to client with driver.timeouts() result: null
&amp#27;[38;5;0m[HTTP]&amp#27;[0m &amp#27;[37m<-- POST /session/1bf46aad-8211-4ff8-b5be-34fb988f3913/timeouts &amp#27;[39m&amp#27;[32m200&amp#27;[39m &amp#27;[90m2 ms - 14&amp#27;[39m
&amp#27;[38;5;0m[HTTP]&amp#27;[0m &amp#27;[90m&amp#27;[39m
&amp#27;[38;5;0m[HTTP]&amp#27;[0m &amp#27;[37m-->&amp#27;[39m &amp#27;[37mPOST&amp#27;[39m &amp#27;[37m/session/1bf46aad-8211-4ff8-b5be-34fb988f3913/appium/device/start_activity&amp#27;[39m
&amp#27;[38;5;0m[HTTP]&amp#27;[0m &amp#27;[90m{"appPackage":"com.androidsample.generalstore","appActivity":"com.androidsample.generalstore.MainActivity","appWaitPackage":"","appWaitActivity":"","dontStopAppOnReset":false,"intentAction":"","intentCategory":"","intentFlags":"","optionalIntentArguments":""}&amp#27;[39m
[debug] &amp#27;[38;5;32m[AndroidUiautomator2Driver@1965 (1bf46aad)]&amp#27;[0m Calling AppiumDriver.startActivity() with args: ["com.androidsample.generalstore","com.androidsample.generalstore.MainActivity","","","","","","",false,null,null,"1bf46aad-8211-4ff8-b5be-34fb988f3913"]
[debug] &amp#27;[38;5;32m[AndroidUiautomator2Driver@1965 (1bf46aad)]&amp#27;[0m Starting package 'com.androidsample.generalstore' and activity 'com.androidsample.generalstore.MainActivity'
[debug] &amp#27;[38;5;64m[ADB]&amp#27;[0m Running 'C:\Users\krzys\AppData\Local\Android\Sdk\platform-tools\adb.exe -P 5037 -s emulator-5554 shell am start -W -n com.androidsample.generalstore/com.androidsample.generalstore.MainActivity -S'
[debug] &amp#27;[38;5;64m[ADB]&amp#27;[0m Waiting up to 20000ms for activity matching pkg: 'com.androidsample.generalstore' and activity: 'com.androidsample.generalstore.MainActivity' to be focused
[debug] &amp#27;[38;5;64m[ADB]&amp#27;[0m Possible activities, to be checked: 'com.androidsample.generalstore.MainActivity', 'com.androidsample.generalstore.com.androidsample.generalstore.MainActivity'
[debug] &amp#27;[38;5;64m[ADB]&amp#27;[0m Getting focused package and activity
[debug] &amp#27;[38;5;64m[ADB]&amp#27;[0m Running 'C:\Users\krzys\AppData\Local\Android\Sdk\platform-tools\adb.exe -P 5037 -s emulator-5554 shell dumpsys window displays'
[debug] &amp#27;[38;5;64m[ADB]&amp#27;[0m Found package: 'com.androidsample.generalstore' and fully qualified activity name : 'com.androidsample.generalstore.MainActivity'
[debug] &amp#27;[38;5;32m[AndroidUiautomator2Driver@1965 (1bf46aad)]&amp#27;[0m Responding to client with driver.startActivity() result: null
&amp#27;[38;5;0m[HTTP]&amp#27;[0m &amp#27;[37m<-- POST /session/1bf46aad-8211-4ff8-b5be-34fb988f3913/appium/device/start_activity &amp#27;[39m&amp#27;[32m200&amp#27;[39m &amp#27;[90m810 ms - 14&amp#27;[39m
&amp#27;[38;5;0m[HTTP]&amp#27;[0m &amp#27;[90m&amp#27;[39m
&amp#27;[38;5;0m[HTTP]&amp#27;[0m &amp#27;[37m-->&amp#27;[39m &amp#27;[37mGET&amp#27;[39m &amp#27;[37m/session/1bf46aad-8211-4ff8-b5be-34fb988f3913/context&amp#27;[39m
&amp#27;[38;5;0m[HTTP]&amp#27;[0m &amp#27;[90m{}&amp#27;[39m
[debug] &amp#27;[38;5;32m[AndroidUiautomator2Driver@1965 (1bf46aad)]&amp#27;[0m Calling AppiumDriver.getCurrentContext() with args: ["1bf46aad-8211-4ff8-b5be-34fb988f3913"]
[debug] &amp#27;[38;5;32m[AndroidUiautomator2Driver@1965 (1bf46aad)]&amp#27;[0m Responding to client with driver.getCurrentContext() result: "NATIVE_APP"
&amp#27;[38;5;0m[HTTP]&amp#27;[0m &amp#27;[37m<-- GET /session/1bf46aad-8211-4ff8-b5be-34fb988f3913/context &amp#27;[39m&amp#27;[32m200&amp#27;[39m &amp#27;[90m4 ms - 22&amp#27;[39m
&amp#27;[38;5;0m[HTTP]&amp#27;[0m &amp#27;[90m&amp#27;[39m
&amp#27;[38;5;0m[HTTP]&amp#27;[0m &amp#27;[37m-->&amp#27;[39m &amp#27;[37mPOST&amp#27;[39m &amp#27;[37m/session/1bf46aad-8211-4ff8-b5be-34fb988f3913/element&amp#27;[39m
&amp#27;[38;5;0m[HTTP]&amp#27;[0m &amp#27;[90m{"using":"id","value":"com.androidsample.generalstore:id/nameField"}&amp#27;[39m
[debug] &amp#27;[38;5;32m[AndroidUiautomator2Driver@1965 (1bf46aad)]&amp#27;[0m Calling AppiumDriver.findElement() with args: ["id","com.androidsample.generalstore:id/nameField","1bf46aad-8211-4ff8-b5be-34fb988f3913"]
[debug] &amp#27;[38;5;32m[AndroidUiautomator2Driver@1965 (1bf46aad)]&amp#27;[0m Valid locator strategies for this request: xpath, id, class name, accessibility id, css selector, -android uiautomator
[debug] &amp#27;[38;5;32m[AndroidUiautomator2Driver@1965 (1bf46aad)]&amp#27;[0m Waiting up to 10000 ms for condition
[debug] &amp#27;[38;5;32m[AndroidUiautomator2Driver@1965 (1bf46aad)]&amp#27;[0m Matched '/element' to command name 'findElement'
[debug] &amp#27;[38;5;32m[AndroidUiautomator2Driver@1965 (1bf46aad)]&amp#27;[0m Proxying [POST /element] to [POST http://127.0.0.1:8202/session/79da4935-0419-45f6-906b-44db54c8641b/element] with body: {"strategy":"id","selector":"com.androidsample.generalstore:id/nameField","context":"","multiple":false}
[debug] &amp#27;[38;5;32m[AndroidUiautomator2Driver@1965 (1bf46aad)]&amp#27;[0m Got response with status 200: {"sessionId":"79da4935-0419-45f6-906b-44db54c8641b","value":{"ELEMENT":"00000000-0000-0a00-ffff-ffff00000013","element-6066-11e4-a52e-4f735466cecf":"00000000-0000-0a00-ffff-ffff00000013"}}
[debug] &amp#27;[38;5;32m[AndroidUiautomator2Driver@1965 (1bf46aad)]&amp#27;[0m Responding to client with driver.findElement() result: {"element-6066-11e4-a52e-4f735466cecf":"00000000-0000-0a00-ffff-ffff00000013","ELEMENT":"00000000-0000-0a00-ffff-ffff00000013"}
&amp#27;[38;5;0m[HTTP]&amp#27;[0m &amp#27;[37m<-- POST /session/1bf46aad-8211-4ff8-b5be-34fb988f3913/element &amp#27;[39m&amp#27;[32m200&amp#27;[39m &amp#27;[90m475 ms - 137&amp#27;[39m
&amp#27;[38;5;0m[HTTP]&amp#27;[0m &amp#27;[90m&amp#27;[39m
&amp#27;[38;5;0m[HTTP]&amp#27;[0m &amp#27;[37m-->&amp#27;[39m &amp#27;[37mPOST&amp#27;[39m &amp#27;[37m/session/1bf46aad-8211-4ff8-b5be-34fb988f3913/element/00000000-0000-0a00-ffff-ffff00000013/value&amp#27;[39m
&amp#27;[38;5;0m[HTTP]&amp#27;[0m &amp#27;[90m{"id":"00000000-0000-0a00-ffff-ffff00000013","text":"Bored Kris","value":["B","o","r","e","d"," ","K","r","i","s"]}&amp#27;[39m
[debug] &amp#27;[38;5;32m[AndroidUiautomator2Driver@1965 (1bf46aad)]&amp#27;[0m Calling AppiumDriver.setValue() with args: [["B","o","r","e","d"," ","K","r","i","s"],"00000000-0000-0a00-ffff-ffff00000013","1bf46aad-8211-4ff8-b5be-34fb988f3913"]
[debug] &amp#27;[38;5;32m[AndroidUiautomator2Driver@1965 (1bf46aad)]&amp#27;[0m Matched '/element/00000000-0000-0a00-ffff-ffff00000013/value' to command name 'setValue'
[debug] &amp#27;[38;5;32m[AndroidUiautomator2Driver@1965 (1bf46aad)]&amp#27;[0m Added 'value' property ["B","o","r","e","d"," ","K","r","i","s"] to 'setValue' request body
[debug] &amp#27;[38;5;32m[AndroidUiautomator2Driver@1965 (1bf46aad)]&amp#27;[0m Proxying [POST /element/00000000-0000-0a00-ffff-ffff00000013/value] to [POST http://127.0.0.1:8202/session/79da4935-0419-45f6-906b-44db54c8641b/element/00000000-0000-0a00-ffff-ffff00000013/value] with body: {"elementId":"00000000-0000-0a00-ffff-ffff00000013","text":"Bored Kris","replace":false,"value":["B","o","r","e","d"," ","K","r","i","s"]}
[debug] &amp#27;[38;5;32m[AndroidUiautomator2Driver@1965 (1bf46aad)]&amp#27;[0m Got response with status 200: {"sessionId":"79da4935-0419-45f6-906b-44db54c8641b","value":null}
[debug] &amp#27;[38;5;32m[AndroidUiautomator2Driver@1965 (1bf46aad)]&amp#27;[0m Responding to client with driver.setValue() result: null
&amp#27;[38;5;0m[HTTP]&amp#27;[0m &amp#27;[37m<-- POST /session/1bf46aad-8211-4ff8-b5be-34fb988f3913/element/00000000-0000-0a00-ffff-ffff00000013/value &amp#27;[39m&amp#27;[32m200&amp#27;[39m &amp#27;[90m529 ms - 14&amp#27;[39m
&amp#27;[38;5;0m[HTTP]&amp#27;[0m &amp#27;[90m&amp#27;[39m
&amp#27;[38;5;0m[HTTP]&amp#27;[0m &amp#27;[37m-->&amp#27;[39m &amp#27;[37mPOST&amp#27;[39m &amp#27;[37m/session/1bf46aad-8211-4ff8-b5be-34fb988f3913/appium/device/hide_keyboard&amp#27;[39m
&amp#27;[38;5;0m[HTTP]&amp#27;[0m &amp#27;[90m{}&amp#27;[39m
[debug] &amp#27;[38;5;32m[AndroidUiautomator2Driver@1965 (1bf46aad)]&amp#27;[0m Calling AppiumDriver.hideKeyboard() with args: [null,null,null,null,"1bf46aad-8211-4ff8-b5be-34fb988f3913"]
[debug] &amp#27;[38;5;64m[ADB]&amp#27;[0m Running 'C:\Users\krzys\AppData\Local\Android\Sdk\platform-tools\adb.exe -P 5037 -s emulator-5554 shell dumpsys input_method'
&amp#27;[38;5;64m[ADB]&amp#27;[0m Keyboard has no UI; no closing necessary
[debug] &amp#27;[38;5;32m[AndroidUiautomator2Driver@1965 (1bf46aad)]&amp#27;[0m Responding to client with driver.hideKeyboard() result: false
&amp#27;[38;5;0m[HTTP]&amp#27;[0m &amp#27;[37m<-- POST /session/1bf46aad-8211-4ff8-b5be-34fb988f3913/appium/device/hide_keyboard &amp#27;[39m&amp#27;[32m200&amp#27;[39m &amp#27;[90m78 ms - 15&amp#27;[39m
&amp#27;[38;5;0m[HTTP]&amp#27;[0m &amp#27;[90m&amp#27;[39m
&amp#27;[38;5;0m[HTTP]&amp#27;[0m &amp#27;[37m-->&amp#27;[39m &amp#27;[37mGET&amp#27;[39m &amp#27;[37m/session/1bf46aad-8211-4ff8-b5be-34fb988f3913/context&amp#27;[39m
&amp#27;[38;5;0m[HTTP]&amp#27;[0m &amp#27;[90m{}&amp#27;[39m
[debug] &amp#27;[38;5;32m[AndroidUiautomator2Driver@1965 (1bf46aad)]&amp#27;[0m Calling AppiumDriver.getCurrentContext() with args: ["1bf46aad-8211-4ff8-b5be-34fb988f3913"]
[debug] &amp#27;[38;5;32m[AndroidUiautomator2Driver@1965 (1bf46aad)]&amp#27;[0m Responding to client with driver.getCurrentContext() result: "NATIVE_APP"
&amp#27;[38;5;0m[HTTP]&amp#27;[0m &amp#27;[37m<-- GET /session/1bf46aad-8211-4ff8-b5be-34fb988f3913/context &amp#27;[39m&amp#27;[32m200&amp#27;[39m &amp#27;[90m1 ms - 22&amp#27;[39m
&amp#27;[38;5;0m[HTTP]&amp#27;[0m &amp#27;[90m&amp#27;[39m
&amp#27;[38;5;0m[HTTP]&amp#27;[0m &amp#27;[37m-->&amp#27;[39m &amp#27;[37mPOST&amp#27;[39m &amp#27;[37m/session/1bf46aad-8211-4ff8-b5be-34fb988f3913/element&amp#27;[39m
&amp#27;[38;5;0m[HTTP]&amp#27;[0m &amp#27;[90m{"using":"xpath","value":"//android.widget.RadioButton[@text=\"Male\"]"}&amp#27;[39m
[debug] &amp#27;[38;5;32m[AndroidUiautomator2Driver@1965 (1bf46aad)]&amp#27;[0m Calling AppiumDriver.findElement() with args: ["xpath","//android.widget.RadioButton[@text=\"Male\"]","1bf46aad-8211-4ff8-b5be-34fb988f3913"]
[debug] &amp#27;[38;5;32m[AndroidUiautomator2Driver@1965 (1bf46aad)]&amp#27;[0m Valid locator strategies for this request: xpath, id, class name, accessibility id, css selector, -android uiautomator
[debug] &amp#27;[38;5;32m[AndroidUiautomator2Driver@1965 (1bf46aad)]&amp#27;[0m Waiting up to 10000 ms for condition
[debug] &amp#27;[38;5;32m[AndroidUiautomator2Driver@1965 (1bf46aad)]&amp#27;[0m Matched '/element' to command name 'findElement'
[debug] &amp#27;[38;5;32m[AndroidUiautomator2Driver@1965 (1bf46aad)]&amp#27;[0m Proxying [POST /element] to [POST http://127.0.0.1:8202/session/79da4935-0419-45f6-906b-44db54c8641b/element] with body: {"strategy":"xpath","selector":"//android.widget.RadioButton[@text=\"Male\"]","context":"","multiple":false}
[debug] &amp#27;[38;5;32m[AndroidUiautomator2Driver@1965 (1bf46aad)]&amp#27;[0m Got response with status 200: {"sessionId":"79da4935-0419-45f6-906b-44db54c8641b","value":{"ELEMENT":"00000000-0000-0a00-ffff-ffff00000016","element-6066-11e4-a52e-4f735466cecf":"00000000-0000-0a00-ffff-ffff00000016"}}
[debug] &amp#27;[38;5;32m[AndroidUiautomator2Driver@1965 (1bf46aad)]&amp#27;[0m Responding to client with driver.findElement() result: {"element-6066-11e4-a52e-4f735466cecf":"00000000-0000-0a00-ffff-ffff00000016","ELEMENT":"00000000-0000-0a00-ffff-ffff00000016"}
&amp#27;[38;5;0m[HTTP]&amp#27;[0m &amp#27;[37m<-- POST /session/1bf46aad-8211-4ff8-b5be-34fb988f3913/element &amp#27;[39m&amp#27;[32m200&amp#27;[39m &amp#27;[90m644 ms - 137&amp#27;[39m
&amp#27;[38;5;0m[HTTP]&amp#27;[0m &amp#27;[90m&amp#27;[39m
&amp#27;[38;5;0m[HTTP]&amp#27;[0m &amp#27;[37m-->&amp#27;[39m &amp#27;[37mPOST&amp#27;[39m &amp#27;[37m/session/1bf46aad-8211-4ff8-b5be-34fb988f3913/element/00000000-0000-0a00-ffff-ffff00000016/click&amp#27;[39m
&amp#27;[38;5;0m[HTTP]&amp#27;[0m &amp#27;[90m{"id":"00000000-0000-0a00-ffff-ffff00000016"}&amp#27;[39m
[debug] &amp#27;[38;5;32m[AndroidUiautomator2Driver@1965 (1bf46aad)]&amp#27;[0m Calling AppiumDriver.click() with args: ["00000000-0000-0a00-ffff-ffff00000016","1bf46aad-8211-4ff8-b5be-34fb988f3913"]
[debug] &amp#27;[38;5;32m[AndroidUiautomator2Driver@1965 (1bf46aad)]&amp#27;[0m Matched '/element/00000000-0000-0a00-ffff-ffff00000016/click' to command name 'click'
[debug] &amp#27;[38;5;32m[AndroidUiautomator2Driver@1965 (1bf46aad)]&amp#27;[0m Proxying [POST /element/00000000-0000-0a00-ffff-ffff00000016/click] to [POST http://127.0.0.1:8202/session/79da4935-0419-45f6-906b-44db54c8641b/element/00000000-0000-0a00-ffff-ffff00000016/click] with body: {"element":"00000000-0000-0a00-ffff-ffff00000016"}
[debug] &amp#27;[38;5;32m[AndroidUiautomator2Driver@1965 (1bf46aad)]&amp#27;[0m Got response with status 200: {"sessionId":"79da4935-0419-45f6-906b-44db54c8641b","value":null}
[debug] &amp#27;[38;5;32m[AndroidUiautomator2Driver@1965 (1bf46aad)]&amp#27;[0m Responding to client with driver.click() result: null
&amp#27;[38;5;0m[HTTP]&amp#27;[0m &amp#27;[37m<-- POST /session/1bf46aad-8211-4ff8-b5be-34fb988f3913/element/00000000-0000-0a00-ffff-ffff00000016/click &amp#27;[39m&amp#27;[32m200&amp#27;[39m &amp#27;[90m39 ms - 14&amp#27;[39m
&amp#27;[38;5;0m[HTTP]&amp#27;[0m &amp#27;[90m&amp#27;[39m
&amp#27;[38;5;0m[HTTP]&amp#27;[0m &amp#27;[37m-->&amp#27;[39m &amp#27;[37mGET&amp#27;[39m &amp#27;[37m/session/1bf46aad-8211-4ff8-b5be-34fb988f3913/context&amp#27;[39m
&amp#27;[38;5;0m[HTTP]&amp#27;[0m &amp#27;[90m{}&amp#27;[39m
[debug] &amp#27;[38;5;32m[AndroidUiautomator2Driver@1965 (1bf46aad)]&amp#27;[0m Calling AppiumDriver.getCurrentContext() with args: ["1bf46aad-8211-4ff8-b5be-34fb988f3913"]
[debug] &amp#27;[38;5;32m[AndroidUiautomator2Driver@1965 (1bf46aad)]&amp#27;[0m Responding to client with driver.getCurrentContext() result: "NATIVE_APP"
&amp#27;[38;5;0m[HTTP]&amp#27;[0m &amp#27;[37m<-- GET /session/1bf46aad-8211-4ff8-b5be-34fb988f3913/context &amp#27;[39m&amp#27;[32m200&amp#27;[39m &amp#27;[90m1 ms - 22&amp#27;[39m
&amp#27;[38;5;0m[HTTP]&amp#27;[0m &amp#27;[90m&amp#27;[39m
&amp#27;[38;5;0m[HTTP]&amp#27;[0m &amp#27;[37m-->&amp#27;[39m &amp#27;[37mPOST&amp#27;[39m &amp#27;[37m/session/1bf46aad-8211-4ff8-b5be-34fb988f3913/element&amp#27;[39m
&amp#27;[38;5;0m[HTTP]&amp#27;[0m &amp#27;[90m{"using":"id","value":"android:id/text1"}&amp#27;[39m
[debug] &amp#27;[38;5;32m[AndroidUiautomator2Driver@1965 (1bf46aad)]&amp#27;[0m Calling AppiumDriver.findElement() with args: ["id","android:id/text1","1bf46aad-8211-4ff8-b5be-34fb988f3913"]
[debug] &amp#27;[38;5;32m[AndroidUiautomator2Driver@1965 (1bf46aad)]&amp#27;[0m Valid locator strategies for this request: xpath, id, class name, accessibility id, css selector, -android uiautomator
[debug] &amp#27;[38;5;32m[AndroidUiautomator2Driver@1965 (1bf46aad)]&amp#27;[0m Waiting up to 10000 ms for condition
[debug] &amp#27;[38;5;32m[AndroidUiautomator2Driver@1965 (1bf46aad)]&amp#27;[0m Matched '/element' to command name 'findElement'
[debug] &amp#27;[38;5;32m[AndroidUiautomator2Driver@1965 (1bf46aad)]&amp#27;[0m Proxying [POST /element] to [POST http://127.0.0.1:8202/session/79da4935-0419-45f6-906b-44db54c8641b/element] with body: {"strategy":"id","selector":"android:id/text1","context":"","multiple":false}
[debug] &amp#27;[38;5;32m[AndroidUiautomator2Driver@1965 (1bf46aad)]&amp#27;[0m Got response with status 200: {"sessionId":"79da4935-0419-45f6-906b-44db54c8641b","value":{"ELEMENT":"00000000-0000-0a00-ffff-ffff0000001b","element-6066-11e4-a52e-4f735466cecf":"00000000-0000-0a00-ffff-ffff0000001b"}}
[debug] &amp#27;[38;5;32m[AndroidUiautomator2Driver@1965 (1bf46aad)]&amp#27;[0m Responding to client with driver.findElement() result: {"element-6066-11e4-a52e-4f735466cecf":"00000000-0000-0a00-ffff-ffff0000001b","ELEMENT":"00000000-0000-0a00-ffff-ffff0000001b"}
&amp#27;[38;5;0m[HTTP]&amp#27;[0m &amp#27;[37m<-- POST /session/1bf46aad-8211-4ff8-b5be-34fb988f3913/element &amp#27;[39m&amp#27;[32m200&amp#27;[39m &amp#27;[90m512 ms - 137&amp#27;[39m
&amp#27;[38;5;0m[HTTP]&amp#27;[0m &amp#27;[90m&amp#27;[39m
&amp#27;[38;5;0m[HTTP]&amp#27;[0m &amp#27;[37m-->&amp#27;[39m &amp#27;[37mPOST&amp#27;[39m &amp#27;[37m/session/1bf46aad-8211-4ff8-b5be-34fb988f3913/element/00000000-0000-0a00-ffff-ffff0000001b/click&amp#27;[39m
&amp#27;[38;5;0m[HTTP]&amp#27;[0m &amp#27;[90m{"id":"00000000-0000-0a00-ffff-ffff0000001b"}&amp#27;[39m
[debug] &amp#27;[38;5;32m[AndroidUiautomator2Driver@1965 (1bf46aad)]&amp#27;[0m Calling AppiumDriver.click() with args: ["00000000-0000-0a00-ffff-ffff0000001b","1bf46aad-8211-4ff8-b5be-34fb988f3913"]
[debug] &amp#27;[38;5;32m[AndroidUiautomator2Driver@1965 (1bf46aad)]&amp#27;[0m Matched '/element/00000000-0000-0a00-ffff-ffff0000001b/click' to command name 'click'
[debug] &amp#27;[38;5;32m[AndroidUiautomator2Driver@1965 (1bf46aad)]&amp#27;[0m Proxying [POST /element/00000000-0000-0a00-ffff-ffff0000001b/click] to [POST http://127.0.0.1:8202/session/79da4935-0419-45f6-906b-44db54c8641b/element/00000000-0000-0a00-ffff-ffff0000001b/click] with body: {"element":"00000000-0000-0a00-ffff-ffff0000001b"}
[debug] &amp#27;[38;5;32m[AndroidUiautomator2Driver@1965 (1bf46aad)]&amp#27;[0m Got response with status 200: {"sessionId":"79da4935-0419-45f6-906b-44db54c8641b","value":null}
[debug] &amp#27;[38;5;32m[AndroidUiautomator2Driver@1965 (1bf46aad)]&amp#27;[0m Responding to client with driver.click() result: null
&amp#27;[38;5;0m[HTTP]&amp#27;[0m &amp#27;[37m<-- POST /session/1bf46aad-8211-4ff8-b5be-34fb988f3913/element/00000000-0000-0a00-ffff-ffff0000001b/click &amp#27;[39m&amp#27;[32m200&amp#27;[39m &amp#27;[90m53 ms - 14&amp#27;[39m
&amp#27;[38;5;0m[HTTP]&amp#27;[0m &amp#27;[90m&amp#27;[39m
&amp#27;[38;5;0m[HTTP]&amp#27;[0m &amp#27;[37m-->&amp#27;[39m &amp#27;[37mPOST&amp#27;[39m &amp#27;[37m/session/1bf46aad-8211-4ff8-b5be-34fb988f3913/element&amp#27;[39m
&amp#27;[38;5;0m[HTTP]&amp#27;[0m &amp#27;[90m{"using":"-android uiautomator","value":"new UiScrollable(new UiSelector().scrollable(true)).scrollIntoView(new UiSelector().text(\"Argentina\"));"}&amp#27;[39m
[debug] &amp#27;[38;5;32m[AndroidUiautomator2Driver@1965 (1bf46aad)]&amp#27;[0m Calling AppiumDriver.findElement() with args: ["-android uiautomator","new UiScrollable(new UiSelector().scrollable(true)).scrollIntoView(new UiSelector().text(\"Argentina\"));","1bf46aad-8211-4ff8-b5be-34fb988f3913"]
[debug] &amp#27;[38;5;32m[AndroidUiautomator2Driver@1965 (1bf46aad)]&amp#27;[0m Valid locator strategies for this request: xpath, id, class name, accessibility id, css selector, -android uiautomator
[debug] &amp#27;[38;5;32m[AndroidUiautomator2Driver@1965 (1bf46aad)]&amp#27;[0m Waiting up to 10000 ms for condition
[debug] &amp#27;[38;5;32m[AndroidUiautomator2Driver@1965 (1bf46aad)]&amp#27;[0m Matched '/element' to command name 'findElement'
[debug] &amp#27;[38;5;32m[AndroidUiautomator2Driver@1965 (1bf46aad)]&amp#27;[0m Proxying [POST /element] to [POST http://127.0.0.1:8202/session/79da4935-0419-45f6-906b-44db54c8641b/element] with body: {"strategy":"-android uiautomator","selector":"new UiScrollable(new UiSelector().scrollable(true)).scrollIntoView(new UiSelector().text(\"Argentina\"));","context":"","multiple":false}
[debug] &amp#27;[38;5;32m[AndroidUiautomator2Driver@1965 (1bf46aad)]&amp#27;[0m Got response with status 200: {"sessionId":"79da4935-0419-45f6-906b-44db54c8641b","value":{"ELEMENT":"00000000-0000-0a01-ffff-ffff00000029","element-6066-11e4-a52e-4f735466cecf":"00000000-0000-0a01-ffff-ffff00000029"}}
[debug] &amp#27;[38;5;32m[AndroidUiautomator2Driver@1965 (1bf46aad)]&amp#27;[0m Responding to client with driver.findElement() result: {"element-6066-11e4-a52e-4f735466cecf":"00000000-0000-0a01-ffff-ffff00000029","ELEMENT":"00000000-0000-0a01-ffff-ffff00000029"}
&amp#27;[38;5;0m[HTTP]&amp#27;[0m &amp#27;[37m<-- POST /session/1bf46aad-8211-4ff8-b5be-34fb988f3913/element &amp#27;[39m&amp#27;[32m200&amp#27;[39m &amp#27;[90m5624 ms - 137&amp#27;[39m
&amp#27;[38;5;0m[HTTP]&amp#27;[0m &amp#27;[90m&amp#27;[39m
&amp#27;[38;5;0m[HTTP]&amp#27;[0m &amp#27;[37m-->&amp#27;[39m &amp#27;[37mPOST&amp#27;[39m &amp#27;[37m/session/1bf46aad-8211-4ff8-b5be-34fb988f3913/element&amp#27;[39m
&amp#27;[38;5;0m[HTTP]&amp#27;[0m &amp#27;[90m{"using":"xpath","value":"//android.widget.TextView[@text='Argentina']"}&amp#27;[39m
[debug] &amp#27;[38;5;32m[AndroidUiautomator2Driver@1965 (1bf46aad)]&amp#27;[0m Calling AppiumDriver.findElement() with args: ["xpath","//android.widget.TextView[@text='Argentina']","1bf46aad-8211-4ff8-b5be-34fb988f3913"]
[debug] &amp#27;[38;5;32m[AndroidUiautomator2Driver@1965 (1bf46aad)]&amp#27;[0m Valid locator strategies for this request: xpath, id, class name, accessibility id, css selector, -android uiautomator
[debug] &amp#27;[38;5;32m[AndroidUiautomator2Driver@1965 (1bf46aad)]&amp#27;[0m Waiting up to 10000 ms for condition
[debug] &amp#27;[38;5;32m[AndroidUiautomator2Driver@1965 (1bf46aad)]&amp#27;[0m Matched '/element' to command name 'findElement'
[debug] &amp#27;[38;5;32m[AndroidUiautomator2Driver@1965 (1bf46aad)]&amp#27;[0m Proxying [POST /element] to [POST http://127.0.0.1:8202/session/79da4935-0419-45f6-906b-44db54c8641b/element] with body: {"strategy":"xpath","selector":"//android.widget.TextView[@text='Argentina']","context":"","multiple":false}
[debug] &amp#27;[38;5;32m[AndroidUiautomator2Driver@1965 (1bf46aad)]&amp#27;[0m Got response with status 200: {"sessionId":"79da4935-0419-45f6-906b-44db54c8641b","value":{"ELEMENT":"00000000-0000-0a01-ffff-ffff00000029","element-6066-11e4-a52e-4f735466cecf":"00000000-0000-0a01-ffff-ffff00000029"}}
[debug] &amp#27;[38;5;32m[AndroidUiautomator2Driver@1965 (1bf46aad)]&amp#27;[0m Responding to client with driver.findElement() result: {"element-6066-11e4-a52e-4f735466cecf":"00000000-0000-0a01-ffff-ffff00000029","ELEMENT":"00000000-0000-0a01-ffff-ffff00000029"}
&amp#27;[38;5;0m[HTTP]&amp#27;[0m &amp#27;[37m<-- POST /session/1bf46aad-8211-4ff8-b5be-34fb988f3913/element &amp#27;[39m&amp#27;[32m200&amp#27;[39m &amp#27;[90m33 ms - 137&amp#27;[39m
&amp#27;[38;5;0m[HTTP]&amp#27;[0m &amp#27;[90m&amp#27;[39m
&amp#27;[38;5;0m[HTTP]&amp#27;[0m &amp#27;[37m-->&amp#27;[39m &amp#27;[37mPOST&amp#27;[39m &amp#27;[37m/session/1bf46aad-8211-4ff8-b5be-34fb988f3913/element/00000000-0000-0a01-ffff-ffff00000029/click&amp#27;[39m
&amp#27;[38;5;0m[HTTP]&amp#27;[0m &amp#27;[90m{"id":"00000000-0000-0a01-ffff-ffff00000029"}&amp#27;[39m
[debug] &amp#27;[38;5;32m[AndroidUiautomator2Driver@1965 (1bf46aad)]&amp#27;[0m Calling AppiumDriver.click() with args: ["00000000-0000-0a01-ffff-ffff00000029","1bf46aad-8211-4ff8-b5be-34fb988f3913"]
[debug] &amp#27;[38;5;32m[AndroidUiautomator2Driver@1965 (1bf46aad)]&amp#27;[0m Matched '/element/00000000-0000-0a01-ffff-ffff00000029/click' to command name 'click'
[debug] &amp#27;[38;5;32m[AndroidUiautomator2Driver@1965 (1bf46aad)]&amp#27;[0m Proxying [POST /element/00000000-0000-0a01-ffff-ffff00000029/click] to [POST http://127.0.0.1:8202/session/79da4935-0419-45f6-906b-44db54c8641b/element/00000000-0000-0a01-ffff-ffff00000029/click] with body: {"element":"00000000-0000-0a01-ffff-ffff00000029"}
[debug] &amp#27;[38;5;32m[AndroidUiautomator2Driver@1965 (1bf46aad)]&amp#27;[0m Got response with status 200: {"sessionId":"79da4935-0419-45f6-906b-44db54c8641b","value":null}
[debug] &amp#27;[38;5;32m[AndroidUiautomator2Driver@1965 (1bf46aad)]&amp#27;[0m Responding to client with driver.click() result: null
&amp#27;[38;5;0m[HTTP]&amp#27;[0m &amp#27;[37m<-- POST /session/1bf46aad-8211-4ff8-b5be-34fb988f3913/element/00000000-0000-0a01-ffff-ffff00000029/click &amp#27;[39m&amp#27;[32m200&amp#27;[39m &amp#27;[90m666 ms - 14&amp#27;[39m
&amp#27;[38;5;0m[HTTP]&amp#27;[0m &amp#27;[90m&amp#27;[39m
&amp#27;[38;5;0m[HTTP]&amp#27;[0m &amp#27;[37m-->&amp#27;[39m &amp#27;[37mGET&amp#27;[39m &amp#27;[37m/session/1bf46aad-8211-4ff8-b5be-34fb988f3913/context&amp#27;[39m
&amp#27;[38;5;0m[HTTP]&amp#27;[0m &amp#27;[90m{}&amp#27;[39m
[debug] &amp#27;[38;5;32m[AndroidUiautomator2Driver@1965 (1bf46aad)]&amp#27;[0m Calling AppiumDriver.getCurrentContext() with args: ["1bf46aad-8211-4ff8-b5be-34fb988f3913"]
[debug] &amp#27;[38;5;32m[AndroidUiautomator2Driver@1965 (1bf46aad)]&amp#27;[0m Responding to client with driver.getCurrentContext() result: "NATIVE_APP"
&amp#27;[38;5;0m[HTTP]&amp#27;[0m &amp#27;[37m<-- GET /session/1bf46aad-8211-4ff8-b5be-34fb988f3913/context &amp#27;[39m&amp#27;[32m200&amp#27;[39m &amp#27;[90m1 ms - 22&amp#27;[39m
&amp#27;[38;5;0m[HTTP]&amp#27;[0m &amp#27;[90m&amp#27;[39m
&amp#27;[38;5;0m[HTTP]&amp#27;[0m &amp#27;[37m-->&amp#27;[39m &amp#27;[37mPOST&amp#27;[39m &amp#27;[37m/session/1bf46aad-8211-4ff8-b5be-34fb988f3913/element&amp#27;[39m
&amp#27;[38;5;0m[HTTP]&amp#27;[0m &amp#27;[90m{"using":"id","value":"com.androidsample.generalstore:id/btnLetsShop"}&amp#27;[39m
[debug] &amp#27;[38;5;32m[AndroidUiautomator2Driver@1965 (1bf46aad)]&amp#27;[0m Calling AppiumDriver.findElement() with args: ["id","com.androidsample.generalstore:id/btnLetsShop","1bf46aad-8211-4ff8-b5be-34fb988f3913"]
[debug] &amp#27;[38;5;32m[AndroidUiautomator2Driver@1965 (1bf46aad)]&amp#27;[0m Valid locator strategies for this request: xpath, id, class name, accessibility id, css selector, -android uiautomator
[debug] &amp#27;[38;5;32m[AndroidUiautomator2Driver@1965 (1bf46aad)]&amp#27;[0m Waiting up to 10000 ms for condition
[debug] &amp#27;[38;5;32m[AndroidUiautomator2Driver@1965 (1bf46aad)]&amp#27;[0m Matched '/element' to command name 'findElement'
[debug] &amp#27;[38;5;32m[AndroidUiautomator2Driver@1965 (1bf46aad)]&amp#27;[0m Proxying [POST /element] to [POST http://127.0.0.1:8202/session/79da4935-0419-45f6-906b-44db54c8641b/element] with body: {"strategy":"id","selector":"com.androidsample.generalstore:id/btnLetsShop","context":"","multiple":false}
[debug] &amp#27;[38;5;32m[AndroidUiautomator2Driver@1965 (1bf46aad)]&amp#27;[0m Got response with status 200: {"sessionId":"79da4935-0419-45f6-906b-44db54c8641b","value":{"ELEMENT":"00000000-0000-0a00-ffff-ffff00000018","element-6066-11e4-a52e-4f735466cecf":"00000000-0000-0a00-ffff-ffff00000018"}}
[debug] &amp#27;[38;5;32m[AndroidUiautomator2Driver@1965 (1bf46aad)]&amp#27;[0m Responding to client with driver.findElement() result: {"element-6066-11e4-a52e-4f735466cecf":"00000000-0000-0a00-ffff-ffff00000018","ELEMENT":"00000000-0000-0a00-ffff-ffff00000018"}
&amp#27;[38;5;0m[HTTP]&amp#27;[0m &amp#27;[37m<-- POST /session/1bf46aad-8211-4ff8-b5be-34fb988f3913/element &amp#27;[39m&amp#27;[32m200&amp#27;[39m &amp#27;[90m13 ms - 137&amp#27;[39m
&amp#27;[38;5;0m[HTTP]&amp#27;[0m &amp#27;[90m&amp#27;[39m
&amp#27;[38;5;0m[HTTP]&amp#27;[0m &amp#27;[37m-->&amp#27;[39m &amp#27;[37mPOST&amp#27;[39m &amp#27;[37m/session/1bf46aad-8211-4ff8-b5be-34fb988f3913/element/00000000-0000-0a00-ffff-ffff00000018/click&amp#27;[39m
&amp#27;[38;5;0m[HTTP]&amp#27;[0m &amp#27;[90m{"id":"00000000-0000-0a00-ffff-ffff00000018"}&amp#27;[39m
[debug] &amp#27;[38;5;32m[AndroidUiautomator2Driver@1965 (1bf46aad)]&amp#27;[0m Calling AppiumDriver.click() with args: ["00000000-0000-0a00-ffff-ffff00000018","1bf46aad-8211-4ff8-b5be-34fb988f3913"]
[debug] &amp#27;[38;5;32m[AndroidUiautomator2Driver@1965 (1bf46aad)]&amp#27;[0m Matched '/element/00000000-0000-0a00-ffff-ffff00000018/click' to command name 'click'
[debug] &amp#27;[38;5;32m[AndroidUiautomator2Driver@1965 (1bf46aad)]&amp#27;[0m Proxying [POST /element/00000000-0000-0a00-ffff-ffff00000018/click] to [POST http://127.0.0.1:8202/session/79da4935-0419-45f6-906b-44db54c8641b/element/00000000-0000-0a00-ffff-ffff00000018/click] with body: {"element":"00000000-0000-0a00-ffff-ffff00000018"}
[debug] &amp#27;[38;5;32m[AndroidUiautomator2Driver@1965 (1bf46aad)]&amp#27;[0m Got response with status 200: {"sessionId":"79da4935-0419-45f6-906b-44db54c8641b","value":null}
[debug] &amp#27;[38;5;32m[AndroidUiautomator2Driver@1965 (1bf46aad)]&amp#27;[0m Responding to client with driver.click() result: null
&amp#27;[38;5;0m[HTTP]&amp#27;[0m &amp#27;[37m<-- POST /session/1bf46aad-8211-4ff8-b5be-34fb988f3913/element/00000000-0000-0a00-ffff-ffff00000018/click &amp#27;[39m&amp#27;[32m200&amp#27;[39m &amp#27;[90m40 ms - 14&amp#27;[39m
&amp#27;[38;5;0m[HTTP]&amp#27;[0m &amp#27;[90m&amp#27;[39m
&amp#27;[38;5;0m[HTTP]&amp#27;[0m &amp#27;[37m-->&amp#27;[39m &amp#27;[37mGET&amp#27;[39m &amp#27;[37m/session/1bf46aad-8211-4ff8-b5be-34fb988f3913/context&amp#27;[39m
&amp#27;[38;5;0m[HTTP]&amp#27;[0m &amp#27;[90m{}&amp#27;[39m
[debug] &amp#27;[38;5;32m[AndroidUiautomator2Driver@1965 (1bf46aad)]&amp#27;[0m Calling AppiumDriver.getCurrentContext() with args: ["1bf46aad-8211-4ff8-b5be-34fb988f3913"]
[debug] &amp#27;[38;5;32m[AndroidUiautomator2Driver@1965 (1bf46aad)]&amp#27;[0m Responding to client with driver.getCurrentContext() result: "NATIVE_APP"
&amp#27;[38;5;0m[HTTP]&amp#27;[0m &amp#27;[37m<-- GET /session/1bf46aad-8211-4ff8-b5be-34fb988f3913/context &amp#27;[39m&amp#27;[32m200&amp#27;[39m &amp#27;[90m1 ms - 22&amp#27;[39m
&amp#27;[38;5;0m[HTTP]&amp#27;[0m &amp#27;[90m&amp#27;[39m
&amp#27;[38;5;0m[HTTP]&amp#27;[0m &amp#27;[37m-->&amp#27;[39m &amp#27;[37mPOST&amp#27;[39m &amp#27;[37m/session/1bf46aad-8211-4ff8-b5be-34fb988f3913/elements&amp#27;[39m
&amp#27;[38;5;0m[HTTP]&amp#27;[0m &amp#27;[90m{"using":"xpath","value":"//android.widget.TextView[@text=\"ADD TO CART\"]"}&amp#27;[39m
[debug] &amp#27;[38;5;32m[AndroidUiautomator2Driver@1965 (1bf46aad)]&amp#27;[0m Calling AppiumDriver.findElements() with args: ["xpath","//android.widget.TextView[@text=\"ADD TO CART\"]","1bf46aad-8211-4ff8-b5be-34fb988f3913"]
[debug] &amp#27;[38;5;32m[AndroidUiautomator2Driver@1965 (1bf46aad)]&amp#27;[0m Valid locator strategies for this request: xpath, id, class name, accessibility id, css selector, -android uiautomator
[debug] &amp#27;[38;5;32m[AndroidUiautomator2Driver@1965 (1bf46aad)]&amp#27;[0m Waiting up to 10000 ms for condition
[debug] &amp#27;[38;5;32m[AndroidUiautomator2Driver@1965 (1bf46aad)]&amp#27;[0m Matched '/elements' to command name 'findElements'
[debug] &amp#27;[38;5;32m[AndroidUiautomator2Driver@1965 (1bf46aad)]&amp#27;[0m Proxying [POST /elements] to [POST http://127.0.0.1:8202/session/79da4935-0419-45f6-906b-44db54c8641b/elements] with body: {"strategy":"xpath","selector":"//android.widget.TextView[@text=\"ADD TO CART\"]","context":"","multiple":true}
[debug] &amp#27;[38;5;32m[AndroidUiautomator2Driver@1965 (1bf46aad)]&amp#27;[0m Got response with status 200: {"sessionId":"79da4935-0419-45f6-906b-44db54c8641b","value":[]}
[debug] &amp#27;[38;5;32m[AndroidUiautomator2Driver@1965 (1bf46aad)]&amp#27;[0m Waited for 149 ms so far
[debug] &amp#27;[38;5;32m[AndroidUiautomator2Driver@1965 (1bf46aad)]&amp#27;[0m Matched '/elements' to command name 'findElements'
[debug] &amp#27;[38;5;32m[AndroidUiautomator2Driver@1965 (1bf46aad)]&amp#27;[0m Proxying [POST /elements] to [POST http://127.0.0.1:8202/session/79da4935-0419-45f6-906b-44db54c8641b/elements] with body: {"strategy":"xpath","selector":"//android.widget.TextView[@text=\"ADD TO CART\"]","context":"","multiple":true}
[debug] &amp#27;[38;5;32m[AndroidUiautomator2Driver@1965 (1bf46aad)]&amp#27;[0m Got response with status 200: {"sessionId":"79da4935-0419-45f6-906b-44db54c8641b","value":[{"ELEMENT":"00000000-0000-0a02-ffff-ffff00000048","element-6066-11e4-a52e-4f735466cecf":"00000000-0000-0a02-ffff-ffff00000048"},{"ELEMENT":"00000000-0000-0a02-ffff-ffff00000050","element-6066-11e4-a52e-4f735466cecf":"00000000-0000-0a02-ffff-ffff00000050"}]}
[debug] &amp#27;[38;5;32m[AndroidUiautomator2Driver@1965 (1bf46aad)]&amp#27;[0m Responding to client with driver.findElements() result: [{"element-6066-11e4-a52e-4f735466cecf":"00000000-0000-0a02-ffff-ffff00000048","ELEMENT":"00000000-0000-0a02-ffff-ffff00000048"},{"element-6066-11e4-a52e-4f735466cecf":"00000000-0000-0a02-ffff-ffff00000050","ELEMENT":"00000000-0000-0a02-ffff-ffff00000050"}]
&amp#27;[38;5;0m[HTTP]&amp#27;[0m &amp#27;[37m<-- POST /session/1bf46aad-8211-4ff8-b5be-34fb988f3913/elements &amp#27;[39m&amp#27;[32m200&amp#27;[39m &amp#27;[90m757 ms - 267&amp#27;[39m
&amp#27;[38;5;0m[HTTP]&amp#27;[0m &amp#27;[90m&amp#27;[39m
&amp#27;[38;5;0m[HTTP]&amp#27;[0m &amp#27;[37m-->&amp#27;[39m &amp#27;[37mPOST&amp#27;[39m &amp#27;[37m/session/1bf46aad-8211-4ff8-b5be-34fb988f3913/element/00000000-0000-0a02-ffff-ffff00000048/click&amp#27;[39m
&amp#27;[38;5;0m[HTTP]&amp#27;[0m &amp#27;[90m{"id":"00000000-0000-0a02-ffff-ffff00000048"}&amp#27;[39m
[debug] &amp#27;[38;5;32m[AndroidUiautomator2Driver@1965 (1bf46aad)]&amp#27;[0m Calling AppiumDriver.click() with args: ["00000000-0000-0a02-ffff-ffff00000048","1bf46aad-8211-4ff8-b5be-34fb988f3913"]
[debug] &amp#27;[38;5;32m[AndroidUiautomator2Driver@1965 (1bf46aad)]&amp#27;[0m Matched '/element/00000000-0000-0a02-ffff-ffff00000048/click' to command name 'click'
[debug] &amp#27;[38;5;32m[AndroidUiautomator2Driver@1965 (1bf46aad)]&amp#27;[0m Proxying [POST /element/00000000-0000-0a02-ffff-ffff00000048/click] to [POST http://127.0.0.1:8202/session/79da4935-0419-45f6-906b-44db54c8641b/element/00000000-0000-0a02-ffff-ffff00000048/click] with body: {"element":"00000000-0000-0a02-ffff-ffff00000048"}
[debug] &amp#27;[38;5;32m[AndroidUiautomator2Driver@1965 (1bf46aad)]&amp#27;[0m Got response with status 200: {"sessionId":"79da4935-0419-45f6-906b-44db54c8641b","value":null}
[debug] &amp#27;[38;5;32m[AndroidUiautomator2Driver@1965 (1bf46aad)]&amp#27;[0m Responding to client with driver.click() result: null
&amp#27;[38;5;0m[HTTP]&amp#27;[0m &amp#27;[37m<-- POST /session/1bf46aad-8211-4ff8-b5be-34fb988f3913/element/00000000-0000-0a02-ffff-ffff00000048/click &amp#27;[39m&amp#27;[32m200&amp#27;[39m &amp#27;[90m536 ms - 14&amp#27;[39m
&amp#27;[38;5;0m[HTTP]&amp#27;[0m &amp#27;[90m&amp#27;[39m
&amp#27;[38;5;0m[HTTP]&amp#27;[0m &amp#27;[37m-->&amp#27;[39m &amp#27;[37mGET&amp#27;[39m &amp#27;[37m/session/1bf46aad-8211-4ff8-b5be-34fb988f3913/context&amp#27;[39m
&amp#27;[38;5;0m[HTTP]&amp#27;[0m &amp#27;[90m{}&amp#27;[39m
[debug] &amp#27;[38;5;32m[AndroidUiautomator2Driver@1965 (1bf46aad)]&amp#27;[0m Calling AppiumDriver.getCurrentContext() with args: ["1bf46aad-8211-4ff8-b5be-34fb988f3913"]
[debug] &amp#27;[38;5;32m[AndroidUiautomator2Driver@1965 (1bf46aad)]&amp#27;[0m Responding to client with driver.getCurrentContext() result: "NATIVE_APP"
&amp#27;[38;5;0m[HTTP]&amp#27;[0m &amp#27;[37m<-- GET /session/1bf46aad-8211-4ff8-b5be-34fb988f3913/context &amp#27;[39m&amp#27;[32m200&amp#27;[39m &amp#27;[90m1 ms - 22&amp#27;[39m
&amp#27;[38;5;0m[HTTP]&amp#27;[0m &amp#27;[90m&amp#27;[39m
&amp#27;[38;5;0m[HTTP]&amp#27;[0m &amp#27;[37m-->&amp#27;[39m &amp#27;[37mPOST&amp#27;[39m &amp#27;[37m/session/1bf46aad-8211-4ff8-b5be-34fb988f3913/elements&amp#27;[39m
&amp#27;[38;5;0m[HTTP]&amp#27;[0m &amp#27;[90m{"using":"xpath","value":"//android.widget.TextView[@text=\"ADD TO CART\"]"}&amp#27;[39m
[debug] &amp#27;[38;5;32m[AndroidUiautomator2Driver@1965 (1bf46aad)]&amp#27;[0m Calling AppiumDriver.findElements() with args: ["xpath","//android.widget.TextView[@text=\"ADD TO CART\"]","1bf46aad-8211-4ff8-b5be-34fb988f3913"]
[debug] &amp#27;[38;5;32m[AndroidUiautomator2Driver@1965 (1bf46aad)]&amp#27;[0m Valid locator strategies for this request: xpath, id, class name, accessibility id, css selector, -android uiautomator
[debug] &amp#27;[38;5;32m[AndroidUiautomator2Driver@1965 (1bf46aad)]&amp#27;[0m Waiting up to 10000 ms for condition
[debug] &amp#27;[38;5;32m[AndroidUiautomator2Driver@1965 (1bf46aad)]&amp#27;[0m Matched '/elements' to command name 'findElements'
[debug] &amp#27;[38;5;32m[AndroidUiautomator2Driver@1965 (1bf46aad)]&amp#27;[0m Proxying [POST /elements] to [POST http://127.0.0.1:8202/session/79da4935-0419-45f6-906b-44db54c8641b/elements] with body: {"strategy":"xpath","selector":"//android.widget.TextView[@text=\"ADD TO CART\"]","context":"","multiple":true}
[debug] &amp#27;[38;5;32m[AndroidUiautomator2Driver@1965 (1bf46aad)]&amp#27;[0m Got response with status 200: {"sessionId":"79da4935-0419-45f6-906b-44db54c8641b","value":[{"ELEMENT":"00000000-0000-0a02-ffff-ffff00000050","element-6066-11e4-a52e-4f735466cecf":"00000000-0000-0a02-ffff-ffff00000050"}]}
[debug] &amp#27;[38;5;32m[AndroidUiautomator2Driver@1965 (1bf46aad)]&amp#27;[0m Responding to client with driver.findElements() result: [{"element-6066-11e4-a52e-4f735466cecf":"00000000-0000-0a02-ffff-ffff00000050","ELEMENT":"00000000-0000-0a02-ffff-ffff00000050"}]
&amp#27;[38;5;0m[HTTP]&amp#27;[0m &amp#27;[37m<-- POST /session/1bf46aad-8211-4ff8-b5be-34fb988f3913/elements &amp#27;[39m&amp#27;[32m200&amp#27;[39m &amp#27;[90m35 ms - 139&amp#27;[39m
&amp#27;[38;5;0m[HTTP]&amp#27;[0m &amp#27;[90m&amp#27;[39m
&amp#27;[38;5;0m[HTTP]&amp#27;[0m &amp#27;[37m-->&amp#27;[39m &amp#27;[37mPOST&amp#27;[39m &amp#27;[37m/session/1bf46aad-8211-4ff8-b5be-34fb988f3913/element/00000000-0000-0a02-ffff-ffff00000050/click&amp#27;[39m
&amp#27;[38;5;0m[HTTP]&amp#27;[0m &amp#27;[90m{"id":"00000000-0000-0a02-ffff-ffff00000050"}&amp#27;[39m
[debug] &amp#27;[38;5;32m[AndroidUiautomator2Driver@1965 (1bf46aad)]&amp#27;[0m Calling AppiumDriver.click() with args: ["00000000-0000-0a02-ffff-ffff00000050","1bf46aad-8211-4ff8-b5be-34fb988f3913"]
[debug] &amp#27;[38;5;32m[AndroidUiautomator2Driver@1965 (1bf46aad)]&amp#27;[0m Matched '/element/00000000-0000-0a02-ffff-ffff00000050/click' to command name 'click'
[debug] &amp#27;[38;5;32m[AndroidUiautomator2Driver@1965 (1bf46aad)]&amp#27;[0m Proxying [POST /element/00000000-0000-0a02-ffff-ffff00000050/click] to [POST http://127.0.0.1:8202/session/79da4935-0419-45f6-906b-44db54c8641b/element/00000000-0000-0a02-ffff-ffff00000050/click] with body: {"element":"00000000-0000-0a02-ffff-ffff00000050"}
[debug] &amp#27;[38;5;32m[AndroidUiautomator2Driver@1965 (1bf46aad)]&amp#27;[0m Got response with status 200: {"sessionId":"79da4935-0419-45f6-906b-44db54c8641b","value":null}
[debug] &amp#27;[38;5;32m[AndroidUiautomator2Driver@1965 (1bf46aad)]&amp#27;[0m Responding to client with driver.click() result: null
&amp#27;[38;5;0m[HTTP]&amp#27;[0m &amp#27;[37m<-- POST /session/1bf46aad-8211-4ff8-b5be-34fb988f3913/element/00000000-0000-0a02-ffff-ffff00000050/click &amp#27;[39m&amp#27;[32m200&amp#27;[39m &amp#27;[90m38 ms - 14&amp#27;[39m
&amp#27;[38;5;0m[HTTP]&amp#27;[0m &amp#27;[90m&amp#27;[39m
&amp#27;[38;5;0m[HTTP]&amp#27;[0m &amp#27;[37m-->&amp#27;[39m &amp#27;[37mGET&amp#27;[39m &amp#27;[37m/session/1bf46aad-8211-4ff8-b5be-34fb988f3913/context&amp#27;[39m
&amp#27;[38;5;0m[HTTP]&amp#27;[0m &amp#27;[90m{}&amp#27;[39m
[debug] &amp#27;[38;5;32m[AndroidUiautomator2Driver@1965 (1bf46aad)]&amp#27;[0m Calling AppiumDriver.getCurrentContext() with args: ["1bf46aad-8211-4ff8-b5be-34fb988f3913"]
[debug] &amp#27;[38;5;32m[AndroidUiautomator2Driver@1965 (1bf46aad)]&amp#27;[0m Responding to client with driver.getCurrentContext() result: "NATIVE_APP"
&amp#27;[38;5;0m[HTTP]&amp#27;[0m &amp#27;[37m<-- GET /session/1bf46aad-8211-4ff8-b5be-34fb988f3913/context &amp#27;[39m&amp#27;[32m200&amp#27;[39m &amp#27;[90m1 ms - 22&amp#27;[39m
&amp#27;[38;5;0m[HTTP]&amp#27;[0m &amp#27;[90m&amp#27;[39m
&amp#27;[38;5;0m[HTTP]&amp#27;[0m &amp#27;[37m-->&amp#27;[39m &amp#27;[37mPOST&amp#27;[39m &amp#27;[37m/session/1bf46aad-8211-4ff8-b5be-34fb988f3913/element&amp#27;[39m
&amp#27;[38;5;0m[HTTP]&amp#27;[0m &amp#27;[90m{"using":"id","value":"com.androidsample.generalstore:id/appbar_btn_cart"}&amp#27;[39m
[debug] &amp#27;[38;5;32m[AndroidUiautomator2Driver@1965 (1bf46aad)]&amp#27;[0m Calling AppiumDriver.findElement() with args: ["id","com.androidsample.generalstore:id/appbar_btn_cart","1bf46aad-8211-4ff8-b5be-34fb988f3913"]
[debug] &amp#27;[38;5;32m[AndroidUiautomator2Driver@1965 (1bf46aad)]&amp#27;[0m Valid locator strategies for this request: xpath, id, class name, accessibility id, css selector, -android uiautomator
[debug] &amp#27;[38;5;32m[AndroidUiautomator2Driver@1965 (1bf46aad)]&amp#27;[0m Waiting up to 10000 ms for condition
[debug] &amp#27;[38;5;32m[AndroidUiautomator2Driver@1965 (1bf46aad)]&amp#27;[0m Matched '/element' to command name 'findElement'
[debug] &amp#27;[38;5;32m[AndroidUiautomator2Driver@1965 (1bf46aad)]&amp#27;[0m Proxying [POST /element] to [POST http://127.0.0.1:8202/session/79da4935-0419-45f6-906b-44db54c8641b/element] with body: {"strategy":"id","selector":"com.androidsample.generalstore:id/appbar_btn_cart","context":"","multiple":false}
[debug] &amp#27;[38;5;32m[AndroidUiautomator2Driver@1965 (1bf46aad)]&amp#27;[0m Got response with status 200: {"sessionId":"79da4935-0419-45f6-906b-44db54c8641b","value":{"ELEMENT":"00000000-0000-0a02-ffff-ffff0000003b","element-6066-11e4-a52e-4f735466cecf":"00000000-0000-0a02-ffff-ffff0000003b"}}
[debug] &amp#27;[38;5;32m[AndroidUiautomator2Driver@1965 (1bf46aad)]&amp#27;[0m Responding to client with driver.findElement() result: {"element-6066-11e4-a52e-4f735466cecf":"00000000-0000-0a02-ffff-ffff0000003b","ELEMENT":"00000000-0000-0a02-ffff-ffff0000003b"}
&amp#27;[38;5;0m[HTTP]&amp#27;[0m &amp#27;[37m<-- POST /session/1bf46aad-8211-4ff8-b5be-34fb988f3913/element &amp#27;[39m&amp#27;[32m200&amp#27;[39m &amp#27;[90m491 ms - 137&amp#27;[39m
&amp#27;[38;5;0m[HTTP]&amp#27;[0m &amp#27;[90m&amp#27;[39m
&amp#27;[38;5;0m[HTTP]&amp#27;[0m &amp#27;[37m-->&amp#27;[39m &amp#27;[37mPOST&amp#27;[39m &amp#27;[37m/session/1bf46aad-8211-4ff8-b5be-34fb988f3913/element/00000000-0000-0a02-ffff-ffff0000003b/click&amp#27;[39m
&amp#27;[38;5;0m[HTTP]&amp#27;[0m &amp#27;[90m{"id":"00000000-0000-0a02-ffff-ffff0000003b"}&amp#27;[39m
[debug] &amp#27;[38;5;32m[AndroidUiautomator2Driver@1965 (1bf46aad)]&amp#27;[0m Calling AppiumDriver.click() with args: ["00000000-0000-0a02-ffff-ffff0000003b","1bf46aad-8211-4ff8-b5be-34fb988f3913"]
[debug] &amp#27;[38;5;32m[AndroidUiautomator2Driver@1965 (1bf46aad)]&amp#27;[0m Matched '/element/00000000-0000-0a02-ffff-ffff0000003b/click' to command name 'click'
[debug] &amp#27;[38;5;32m[AndroidUiautomator2Driver@1965 (1bf46aad)]&amp#27;[0m Proxying [POST /element/00000000-0000-0a02-ffff-ffff0000003b/click] to [POST http://127.0.0.1:8202/session/79da4935-0419-45f6-906b-44db54c8641b/element/00000000-0000-0a02-ffff-ffff0000003b/click] with body: {"element":"00000000-0000-0a02-ffff-ffff0000003b"}
[debug] &amp#27;[38;5;32m[AndroidUiautomator2Driver@1965 (1bf46aad)]&amp#27;[0m Got response with status 200: {"sessionId":"79da4935-0419-45f6-906b-44db54c8641b","value":null}
[debug] &amp#27;[38;5;32m[AndroidUiautomator2Driver@1965 (1bf46aad)]&amp#27;[0m Responding to client with driver.click() result: null
&amp#27;[38;5;0m[HTTP]&amp#27;[0m &amp#27;[37m<-- POST /session/1bf46aad-8211-4ff8-b5be-34fb988f3913/element/00000000-0000-0a02-ffff-ffff0000003b/click &amp#27;[39m&amp#27;[32m200&amp#27;[39m &amp#27;[90m33 ms - 14&amp#27;[39m
&amp#27;[38;5;0m[HTTP]&amp#27;[0m &amp#27;[90m&amp#27;[39m
&amp#27;[38;5;0m[HTTP]&amp#27;[0m &amp#27;[37m-->&amp#27;[39m &amp#27;[37mGET&amp#27;[39m &amp#27;[37m/session/1bf46aad-8211-4ff8-b5be-34fb988f3913/context&amp#27;[39m
&amp#27;[38;5;0m[HTTP]&amp#27;[0m &amp#27;[90m{}&amp#27;[39m
[debug] &amp#27;[38;5;32m[AndroidUiautomator2Driver@1965 (1bf46aad)]&amp#27;[0m Calling AppiumDriver.getCurrentContext() with args: ["1bf46aad-8211-4ff8-b5be-34fb988f3913"]
[debug] &amp#27;[38;5;32m[AndroidUiautomator2Driver@1965 (1bf46aad)]&amp#27;[0m Responding to client with driver.getCurrentContext() result: "NATIVE_APP"
&amp#27;[38;5;0m[HTTP]&amp#27;[0m &amp#27;[37m<-- GET /session/1bf46aad-8211-4ff8-b5be-34fb988f3913/context &amp#27;[39m&amp#27;[32m200&amp#27;[39m &amp#27;[90m1 ms - 22&amp#27;[39m
&amp#27;[38;5;0m[HTTP]&amp#27;[0m &amp#27;[90m&amp#27;[39m
&amp#27;[38;5;0m[HTTP]&amp#27;[0m &amp#27;[37m-->&amp#27;[39m &amp#27;[37mPOST&amp#27;[39m &amp#27;[37m/session/1bf46aad-8211-4ff8-b5be-34fb988f3913/elements&amp#27;[39m
&amp#27;[38;5;0m[HTTP]&amp#27;[0m &amp#27;[90m{"using":"id","value":"com.androidsample.generalstore:id/productPrice"}&amp#27;[39m
[debug] &amp#27;[38;5;32m[AndroidUiautomator2Driver@1965 (1bf46aad)]&amp#27;[0m Calling AppiumDriver.findElements() with args: ["id","com.androidsample.generalstore:id/productPrice","1bf46aad-8211-4ff8-b5be-34fb988f3913"]
[debug] &amp#27;[38;5;32m[AndroidUiautomator2Driver@1965 (1bf46aad)]&amp#27;[0m Valid locator strategies for this request: xpath, id, class name, accessibility id, css selector, -android uiautomator
[debug] &amp#27;[38;5;32m[AndroidUiautomator2Driver@1965 (1bf46aad)]&amp#27;[0m Waiting up to 10000 ms for condition
[debug] &amp#27;[38;5;32m[AndroidUiautomator2Driver@1965 (1bf46aad)]&amp#27;[0m Matched '/elements' to command name 'findElements'
[debug] &amp#27;[38;5;32m[AndroidUiautomator2Driver@1965 (1bf46aad)]&amp#27;[0m Proxying [POST /elements] to [POST http://127.0.0.1:8202/session/79da4935-0419-45f6-906b-44db54c8641b/elements] with body: {"strategy":"id","selector":"com.androidsample.generalstore:id/productPrice","context":"","multiple":true}
[debug] &amp#27;[38;5;32m[AndroidUiautomator2Driver@1965 (1bf46aad)]&amp#27;[0m Got response with status 200: {"sessionId":"79da4935-0419-45f6-906b-44db54c8641b","value":[{"ELEMENT":"00000000-0000-0a03-ffff-ffff0000007d","element-6066-11e4-a52e-4f735466cecf":"00000000-0000-0a03-ffff-ffff0000007d"},{"ELEMENT":"00000000-0000-0a03-ffff-ffff00000085","element-6066-11e4-a52e-4f735466cecf":"00000000-0000-0a03-ffff-ffff00000085"}]}
[debug] &amp#27;[38;5;32m[AndroidUiautomator2Driver@1965 (1bf46aad)]&amp#27;[0m Responding to client with driver.findElements() result: [{"element-6066-11e4-a52e-4f735466cecf":"00000000-0000-0a03-ffff-ffff0000007d","ELEMENT":"00000000-0000-0a03-ffff-ffff0000007d"},{"element-6066-11e4-a52e-4f735466cecf":"00000000-0000-0a03-ffff-ffff00000085","ELEMENT":"00000000-0000-0a03-ffff-ffff00000085"}]
&amp#27;[38;5;0m[HTTP]&amp#27;[0m &amp#27;[37m<-- POST /session/1bf46aad-8211-4ff8-b5be-34fb988f3913/elements &amp#27;[39m&amp#27;[32m200&amp#27;[39m &amp#27;[90m14 ms - 267&amp#27;[39m
&amp#27;[38;5;0m[HTTP]&amp#27;[0m &amp#27;[90m&amp#27;[39m
&amp#27;[38;5;0m[HTTP]&amp#27;[0m &amp#27;[37m-->&amp#27;[39m &amp#27;[37mGET&amp#27;[39m &amp#27;[37m/session/1bf46aad-8211-4ff8-b5be-34fb988f3913/context&amp#27;[39m
&amp#27;[38;5;0m[HTTP]&amp#27;[0m &amp#27;[90m{}&amp#27;[39m
[debug] &amp#27;[38;5;32m[AndroidUiautomator2Driver@1965 (1bf46aad)]&amp#27;[0m Calling AppiumDriver.getCurrentContext() with args: ["1bf46aad-8211-4ff8-b5be-34fb988f3913"]
[debug] &amp#27;[38;5;32m[AndroidUiautomator2Driver@1965 (1bf46aad)]&amp#27;[0m Responding to client with driver.getCurrentContext() result: "NATIVE_APP"
&amp#27;[38;5;0m[HTTP]&amp#27;[0m &amp#27;[37m<-- GET /session/1bf46aad-8211-4ff8-b5be-34fb988f3913/context &amp#27;[39m&amp#27;[32m200&amp#27;[39m &amp#27;[90m1 ms - 22&amp#27;[39m
&amp#27;[38;5;0m[HTTP]&amp#27;[0m &amp#27;[90m&amp#27;[39m
&amp#27;[38;5;0m[HTTP]&amp#27;[0m &amp#27;[37m-->&amp#27;[39m &amp#27;[37mPOST&amp#27;[39m &amp#27;[37m/session/1bf46aad-8211-4ff8-b5be-34fb988f3913/elements&amp#27;[39m
&amp#27;[38;5;0m[HTTP]&amp#27;[0m &amp#27;[90m{"using":"id","value":"com.androidsample.generalstore:id/productPrice"}&amp#27;[39m
[debug] &amp#27;[38;5;32m[AndroidUiautomator2Driver@1965 (1bf46aad)]&amp#27;[0m Calling AppiumDriver.findElements() with args: ["id","com.androidsample.generalstore:id/productPrice","1bf46aad-8211-4ff8-b5be-34fb988f3913"]
[debug] &amp#27;[38;5;32m[AndroidUiautomator2Driver@1965 (1bf46aad)]&amp#27;[0m Valid locator strategies for this request: xpath, id, class name, accessibility id, css selector, -android uiautomator
[debug] &amp#27;[38;5;32m[AndroidUiautomator2Driver@1965 (1bf46aad)]&amp#27;[0m Waiting up to 10000 ms for condition
[debug] &amp#27;[38;5;32m[AndroidUiautomator2Driver@1965 (1bf46aad)]&amp#27;[0m Matched '/elements' to command name 'findElements'
[debug] &amp#27;[38;5;32m[AndroidUiautomator2Driver@1965 (1bf46aad)]&amp#27;[0m Proxying [POST /elements] to [POST http://127.0.0.1:8202/session/79da4935-0419-45f6-906b-44db54c8641b/elements] with body: {"strategy":"id","selector":"com.androidsample.generalstore:id/productPrice","context":"","multiple":true}
[debug] &amp#27;[38;5;32m[AndroidUiautomator2Driver@1965 (1bf46aad)]&amp#27;[0m Got response with status 200: {"sessionId":"79da4935-0419-45f6-906b-44db54c8641b","value":[{"ELEMENT":"00000000-0000-0a03-ffff-ffff0000007d","element-6066-11e4-a52e-4f735466cecf":"00000000-0000-0a03-ffff-ffff0000007d"},{"ELEMENT":"00000000-0000-0a03-ffff-ffff00000085","element-6066-11e4-a52e-4f735466cecf":"00000000-0000-0a03-ffff-ffff00000085"}]}
[debug] &amp#27;[38;5;32m[AndroidUiautomator2Driver@1965 (1bf46aad)]&amp#27;[0m Responding to client with driver.findElements() result: [{"element-6066-11e4-a52e-4f735466cecf":"00000000-0000-0a03-ffff-ffff0000007d","ELEMENT":"00000000-0000-0a03-ffff-ffff0000007d"},{"element-6066-11e4-a52e-4f735466cecf":"00000000-0000-0a03-ffff-ffff00000085","ELEMENT":"00000000-0000-0a03-ffff-ffff00000085"}]
&amp#27;[38;5;0m[HTTP]&amp#27;[0m &amp#27;[37m<-- POST /session/1bf46aad-8211-4ff8-b5be-34fb988f3913/elements &amp#27;[39m&amp#27;[32m200&amp#27;[39m &amp#27;[90m13 ms - 267&amp#27;[39m
&amp#27;[38;5;0m[HTTP]&amp#27;[0m &amp#27;[90m&amp#27;[39m
&amp#27;[38;5;0m[HTTP]&amp#27;[0m &amp#27;[37m-->&amp#27;[39m &amp#27;[37mGET&amp#27;[39m &amp#27;[37m/session/1bf46aad-8211-4ff8-b5be-34fb988f3913/element/00000000-0000-0a03-ffff-ffff0000007d/text&amp#27;[39m
&amp#27;[38;5;0m[HTTP]&amp#27;[0m &amp#27;[90m{}&amp#27;[39m
&amp#27;[38;5;32m[AndroidUiautomator2Driver@1965 (1bf46aad)]&amp#27;[0m Driver proxy active, passing request on via HTTP proxy
[debug] &amp#27;[38;5;32m[AndroidUiautomator2Driver@1965 (1bf46aad)]&amp#27;[0m Matched '/session/1bf46aad-8211-4ff8-b5be-34fb988f3913/element/00000000-0000-0a03-ffff-ffff0000007d/text' to command name 'getText'
[debug] &amp#27;[38;5;32m[AndroidUiautomator2Driver@1965 (1bf46aad)]&amp#27;[0m Proxying [GET /session/1bf46aad-8211-4ff8-b5be-34fb988f3913/element/00000000-0000-0a03-ffff-ffff0000007d/text] to [GET http://127.0.0.1:8202/session/79da4935-0419-45f6-906b-44db54c8641b/element/00000000-0000-0a03-ffff-ffff0000007d/text] with no body
[debug] &amp#27;[38;5;32m[AndroidUiautomator2Driver@1965 (1bf46aad)]&amp#27;[0m Got response with status 200: {"sessionId":"79da4935-0419-45f6-906b-44db54c8641b","value":"$160.97"}
&amp#27;[38;5;32m[AndroidUiautomator2Driver@1965 (1bf46aad)]&amp#27;[0m Replacing sessionId 79da4935-0419-45f6-906b-44db54c8641b with 1bf46aad-8211-4ff8-b5be-34fb988f3913
&amp#27;[38;5;0m[HTTP]&amp#27;[0m &amp#27;[37m<-- GET /session/1bf46aad-8211-4ff8-b5be-34fb988f3913/element/00000000-0000-0a03-ffff-ffff0000007d/text &amp#27;[39m&amp#27;[32m200&amp#27;[39m &amp#27;[90m8 ms - 70&amp#27;[39m
&amp#27;[38;5;0m[HTTP]&amp#27;[0m &amp#27;[90m&amp#27;[39m
&amp#27;[38;5;0m[HTTP]&amp#27;[0m &amp#27;[37m-->&amp#27;[39m &amp#27;[37mGET&amp#27;[39m &amp#27;[37m/session/1bf46aad-8211-4ff8-b5be-34fb988f3913/context&amp#27;[39m
&amp#27;[38;5;0m[HTTP]&amp#27;[0m &amp#27;[90m{}&amp#27;[39m
[debug] &amp#27;[38;5;32m[AndroidUiautomator2Driver@1965 (1bf46aad)]&amp#27;[0m Calling AppiumDriver.getCurrentContext() with args: ["1bf46aad-8211-4ff8-b5be-34fb988f3913"]
[debug] &amp#27;[38;5;32m[AndroidUiautomator2Driver@1965 (1bf46aad)]&amp#27;[0m Responding to client with driver.getCurrentContext() result: "NATIVE_APP"
&amp#27;[38;5;0m[HTTP]&amp#27;[0m &amp#27;[37m<-- GET /session/1bf46aad-8211-4ff8-b5be-34fb988f3913/context &amp#27;[39m&amp#27;[32m200&amp#27;[39m &amp#27;[90m1 ms - 22&amp#27;[39m
&amp#27;[38;5;0m[HTTP]&amp#27;[0m &amp#27;[90m&amp#27;[39m
&amp#27;[38;5;0m[HTTP]&amp#27;[0m &amp#27;[37m-->&amp#27;[39m &amp#27;[37mPOST&amp#27;[39m &amp#27;[37m/session/1bf46aad-8211-4ff8-b5be-34fb988f3913/elements&amp#27;[39m
&amp#27;[38;5;0m[HTTP]&amp#27;[0m &amp#27;[90m{"using":"id","value":"com.androidsample.generalstore:id/productPrice"}&amp#27;[39m
[debug] &amp#27;[38;5;32m[AndroidUiautomator2Driver@1965 (1bf46aad)]&amp#27;[0m Calling AppiumDriver.findElements() with args: ["id","com.androidsample.generalstore:id/productPrice","1bf46aad-8211-4ff8-b5be-34fb988f3913"]
[debug] &amp#27;[38;5;32m[AndroidUiautomator2Driver@1965 (1bf46aad)]&amp#27;[0m Valid locator strategies for this request: xpath, id, class name, accessibility id, css selector, -android uiautomator
[debug] &amp#27;[38;5;32m[AndroidUiautomator2Driver@1965 (1bf46aad)]&amp#27;[0m Waiting up to 10000 ms for condition
[debug] &amp#27;[38;5;32m[AndroidUiautomator2Driver@1965 (1bf46aad)]&amp#27;[0m Matched '/elements' to command name 'findElements'
[debug] &amp#27;[38;5;32m[AndroidUiautomator2Driver@1965 (1bf46aad)]&amp#27;[0m Proxying [POST /elements] to [POST http://127.0.0.1:8202/session/79da4935-0419-45f6-906b-44db54c8641b/elements] with body: {"strategy":"id","selector":"com.androidsample.generalstore:id/productPrice","context":"","multiple":true}
[debug] &amp#27;[38;5;32m[AndroidUiautomator2Driver@1965 (1bf46aad)]&amp#27;[0m Got response with status 200: {"sessionId":"79da4935-0419-45f6-906b-44db54c8641b","value":[{"ELEMENT":"00000000-0000-0a03-ffff-ffff0000007d","element-6066-11e4-a52e-4f735466cecf":"00000000-0000-0a03-ffff-ffff0000007d"},{"ELEMENT":"00000000-0000-0a03-ffff-ffff00000085","element-6066-11e4-a52e-4f735466cecf":"00000000-0000-0a03-ffff-ffff00000085"}]}
[debug] &amp#27;[38;5;32m[AndroidUiautomator2Driver@1965 (1bf46aad)]&amp#27;[0m Responding to client with driver.findElements() result: [{"element-6066-11e4-a52e-4f735466cecf":"00000000-0000-0a03-ffff-ffff0000007d","ELEMENT":"00000000-0000-0a03-ffff-ffff0000007d"},{"element-6066-11e4-a52e-4f735466cecf":"00000000-0000-0a03-ffff-ffff00000085","ELEMENT":"00000000-0000-0a03-ffff-ffff00000085"}]
&amp#27;[38;5;0m[HTTP]&amp#27;[0m &amp#27;[37m<-- POST /session/1bf46aad-8211-4ff8-b5be-34fb988f3913/elements &amp#27;[39m&amp#27;[32m200&amp#27;[39m &amp#27;[90m14 ms - 267&amp#27;[39m
&amp#27;[38;5;0m[HTTP]&amp#27;[0m &amp#27;[90m&amp#27;[39m
&amp#27;[38;5;0m[HTTP]&amp#27;[0m &amp#27;[37m-->&amp#27;[39m &amp#27;[37mGET&amp#27;[39m &amp#27;[37m/session/1bf46aad-8211-4ff8-b5be-34fb988f3913/element/00000000-0000-0a03-ffff-ffff00000085/text&amp#27;[39m
&amp#27;[38;5;0m[HTTP]&amp#27;[0m &amp#27;[90m{}&amp#27;[39m
&amp#27;[38;5;32m[AndroidUiautomator2Driver@1965 (1bf46aad)]&amp#27;[0m Driver proxy active, passing request on via HTTP proxy
[debug] &amp#27;[38;5;32m[AndroidUiautomator2Driver@1965 (1bf46aad)]&amp#27;[0m Matched '/session/1bf46aad-8211-4ff8-b5be-34fb988f3913/element/00000000-0000-0a03-ffff-ffff00000085/text' to command name 'getText'
[debug] &amp#27;[38;5;32m[AndroidUiautomator2Driver@1965 (1bf46aad)]&amp#27;[0m Proxying [GET /session/1bf46aad-8211-4ff8-b5be-34fb988f3913/element/00000000-0000-0a03-ffff-ffff00000085/text] to [GET http://127.0.0.1:8202/session/79da4935-0419-45f6-906b-44db54c8641b/element/00000000-0000-0a03-ffff-ffff00000085/text] with no body
[debug] &amp#27;[38;5;32m[AndroidUiautomator2Driver@1965 (1bf46aad)]&amp#27;[0m Got response with status 200: {"sessionId":"79da4935-0419-45f6-906b-44db54c8641b","value":"$120.0"}
&amp#27;[38;5;32m[AndroidUiautomator2Driver@1965 (1bf46aad)]&amp#27;[0m Replacing sessionId 79da4935-0419-45f6-906b-44db54c8641b with 1bf46aad-8211-4ff8-b5be-34fb988f3913
&amp#27;[38;5;0m[HTTP]&amp#27;[0m &amp#27;[37m<-- GET /session/1bf46aad-8211-4ff8-b5be-34fb988f3913/element/00000000-0000-0a03-ffff-ffff00000085/text &amp#27;[39m&amp#27;[32m200&amp#27;[39m &amp#27;[90m7 ms - 69&amp#27;[39m
&amp#27;[38;5;0m[HTTP]&amp#27;[0m &amp#27;[90m&amp#27;[39m
&amp#27;[38;5;0m[HTTP]&amp#27;[0m &amp#27;[37m-->&amp#27;[39m &amp#27;[37mGET&amp#27;[39m &amp#27;[37m/session/1bf46aad-8211-4ff8-b5be-34fb988f3913/context&amp#27;[39m
&amp#27;[38;5;0m[HTTP]&amp#27;[0m &amp#27;[90m{}&amp#27;[39m
[debug] &amp#27;[38;5;32m[AndroidUiautomator2Driver@1965 (1bf46aad)]&amp#27;[0m Calling AppiumDriver.getCurrentContext() with args: ["1bf46aad-8211-4ff8-b5be-34fb988f3913"]
[debug] &amp#27;[38;5;32m[AndroidUiautomator2Driver@1965 (1bf46aad)]&amp#27;[0m Responding to client with driver.getCurrentContext() result: "NATIVE_APP"
&amp#27;[38;5;0m[HTTP]&amp#27;[0m &amp#27;[37m<-- GET /session/1bf46aad-8211-4ff8-b5be-34fb988f3913/context &amp#27;[39m&amp#27;[32m200&amp#27;[39m &amp#27;[90m1 ms - 22&amp#27;[39m
&amp#27;[38;5;0m[HTTP]&amp#27;[0m &amp#27;[90m&amp#27;[39m
&amp#27;[38;5;0m[HTTP]&amp#27;[0m &amp#27;[37m-->&amp#27;[39m &amp#27;[37mPOST&amp#27;[39m &amp#27;[37m/session/1bf46aad-8211-4ff8-b5be-34fb988f3913/element&amp#27;[39m
&amp#27;[38;5;0m[HTTP]&amp#27;[0m &amp#27;[90m{"using":"id","value":"com.androidsample.generalstore:id/totalAmountLbl"}&amp#27;[39m
[debug] &amp#27;[38;5;32m[AndroidUiautomator2Driver@1965 (1bf46aad)]&amp#27;[0m Calling AppiumDriver.findElement() with args: ["id","com.androidsample.generalstore:id/totalAmountLbl","1bf46aad-8211-4ff8-b5be-34fb988f3913"]
[debug] &amp#27;[38;5;32m[AndroidUiautomator2Driver@1965 (1bf46aad)]&amp#27;[0m Valid locator strategies for this request: xpath, id, class name, accessibility id, css selector, -android uiautomator
[debug] &amp#27;[38;5;32m[AndroidUiautomator2Driver@1965 (1bf46aad)]&amp#27;[0m Waiting up to 10000 ms for condition
[debug] &amp#27;[38;5;32m[AndroidUiautomator2Driver@1965 (1bf46aad)]&amp#27;[0m Matched '/element' to command name 'findElement'
[debug] &amp#27;[38;5;32m[AndroidUiautomator2Driver@1965 (1bf46aad)]&amp#27;[0m Proxying [POST /element] to [POST http://127.0.0.1:8202/session/79da4935-0419-45f6-906b-44db54c8641b/element] with body: {"strategy":"id","selector":"com.androidsample.generalstore:id/totalAmountLbl","context":"","multiple":false}
[debug] &amp#27;[38;5;32m[AndroidUiautomator2Driver@1965 (1bf46aad)]&amp#27;[0m Got response with status 200: {"sessionId":"79da4935-0419-45f6-906b-44db54c8641b","value":{"ELEMENT":"00000000-0000-0a03-ffff-ffff00000071","element-6066-11e4-a52e-4f735466cecf":"00000000-0000-0a03-ffff-ffff00000071"}}
[debug] &amp#27;[38;5;32m[AndroidUiautomator2Driver@1965 (1bf46aad)]&amp#27;[0m Responding to client with driver.findElement() result: {"element-6066-11e4-a52e-4f735466cecf":"00000000-0000-0a03-ffff-ffff00000071","ELEMENT":"00000000-0000-0a03-ffff-ffff00000071"}
&amp#27;[38;5;0m[HTTP]&amp#27;[0m &amp#27;[37m<-- POST /session/1bf46aad-8211-4ff8-b5be-34fb988f3913/element &amp#27;[39m&amp#27;[32m200&amp#27;[39m &amp#27;[90m12 ms - 137&amp#27;[39m
&amp#27;[38;5;0m[HTTP]&amp#27;[0m &amp#27;[90m&amp#27;[39m
&amp#27;[38;5;0m[HTTP]&amp#27;[0m &amp#27;[37m-->&amp#27;[39m &amp#27;[37mGET&amp#27;[39m &amp#27;[37m/session/1bf46aad-8211-4ff8-b5be-34fb988f3913/element/00000000-0000-0a03-ffff-ffff00000071/text&amp#27;[39m
&amp#27;[38;5;0m[HTTP]&amp#27;[0m &amp#27;[90m{}&amp#27;[39m
&amp#27;[38;5;32m[AndroidUiautomator2Driver@1965 (1bf46aad)]&amp#27;[0m Driver proxy active, passing request on via HTTP proxy
[debug] &amp#27;[38;5;32m[AndroidUiautomator2Driver@1965 (1bf46aad)]&amp#27;[0m Matched '/session/1bf46aad-8211-4ff8-b5be-34fb988f3913/element/00000000-0000-0a03-ffff-ffff00000071/text' to command name 'getText'
[debug] &amp#27;[38;5;32m[AndroidUiautomator2Driver@1965 (1bf46aad)]&amp#27;[0m Proxying [GET /session/1bf46aad-8211-4ff8-b5be-34fb988f3913/element/00000000-0000-0a03-ffff-ffff00000071/text] to [GET http://127.0.0.1:8202/session/79da4935-0419-45f6-906b-44db54c8641b/element/00000000-0000-0a03-ffff-ffff00000071/text] with no body
[debug] &amp#27;[38;5;32m[AndroidUiautomator2Driver@1965 (1bf46aad)]&amp#27;[0m Got response with status 200: {"sessionId":"79da4935-0419-45f6-906b-44db54c8641b","value":"$ 280.97"}
&amp#27;[38;5;32m[AndroidUiautomator2Driver@1965 (1bf46aad)]&amp#27;[0m Replacing sessionId 79da4935-0419-45f6-906b-44db54c8641b with 1bf46aad-8211-4ff8-b5be-34fb988f3913
&amp#27;[38;5;0m[HTTP]&amp#27;[0m &amp#27;[37m<-- GET /session/1bf46aad-8211-4ff8-b5be-34fb988f3913/element/00000000-0000-0a03-ffff-ffff00000071/text &amp#27;[39m&amp#27;[32m200&amp#27;[39m &amp#27;[90m5 ms - 71&amp#27;[39m
&amp#27;[38;5;0m[HTTP]&amp#27;[0m &amp#27;[90m&amp#27;[39m
&amp#27;[38;5;0m[HTTP]&amp#27;[0m &amp#27;[37m-->&amp#27;[39m &amp#27;[37mGET&amp#27;[39m &amp#27;[37m/session/1bf46aad-8211-4ff8-b5be-34fb988f3913/context&amp#27;[39m
&amp#27;[38;5;0m[HTTP]&amp#27;[0m &amp#27;[90m{}&amp#27;[39m
[debug] &amp#27;[38;5;32m[AndroidUiautomator2Driver@1965 (1bf46aad)]&amp#27;[0m Calling AppiumDriver.getCurrentContext() with args: ["1bf46aad-8211-4ff8-b5be-34fb988f3913"]
[debug] &amp#27;[38;5;32m[AndroidUiautomator2Driver@1965 (1bf46aad)]&amp#27;[0m Responding to client with driver.getCurrentContext() result: "NATIVE_APP"
&amp#27;[38;5;0m[HTTP]&amp#27;[0m &amp#27;[37m<-- GET /session/1bf46aad-8211-4ff8-b5be-34fb988f3913/context &amp#27;[39m&amp#27;[32m200&amp#27;[39m &amp#27;[90m1 ms - 22&amp#27;[39m
&amp#27;[38;5;0m[HTTP]&amp#27;[0m &amp#27;[90m&amp#27;[39m
&amp#27;[38;5;0m[HTTP]&amp#27;[0m &amp#27;[37m-->&amp#27;[39m &amp#27;[37mPOST&amp#27;[39m &amp#27;[37m/session/1bf46aad-8211-4ff8-b5be-34fb988f3913/element&amp#27;[39m
&amp#27;[38;5;0m[HTTP]&amp#27;[0m &amp#27;[90m{"using":"id","value":"com.androidsample.generalstore:id/termsButton"}&amp#27;[39m
[debug] &amp#27;[38;5;32m[AndroidUiautomator2Driver@1965 (1bf46aad)]&amp#27;[0m Calling AppiumDriver.findElement() with args: ["id","com.androidsample.generalstore:id/termsButton","1bf46aad-8211-4ff8-b5be-34fb988f3913"]
[debug] &amp#27;[38;5;32m[AndroidUiautomator2Driver@1965 (1bf46aad)]&amp#27;[0m Valid locator strategies for this request: xpath, id, class name, accessibility id, css selector, -android uiautomator
[debug] &amp#27;[38;5;32m[AndroidUiautomator2Driver@1965 (1bf46aad)]&amp#27;[0m Waiting up to 10000 ms for condition
[debug] &amp#27;[38;5;32m[AndroidUiautomator2Driver@1965 (1bf46aad)]&amp#27;[0m Matched '/element' to command name 'findElement'
[debug] &amp#27;[38;5;32m[AndroidUiautomator2Driver@1965 (1bf46aad)]&amp#27;[0m Proxying [POST /element] to [POST http://127.0.0.1:8202/session/79da4935-0419-45f6-906b-44db54c8641b/element] with body: {"strategy":"id","selector":"com.androidsample.generalstore:id/termsButton","context":"","multiple":false}
[debug] &amp#27;[38;5;32m[AndroidUiautomator2Driver@1965 (1bf46aad)]&amp#27;[0m Got response with status 200: {"sessionId":"79da4935-0419-45f6-906b-44db54c8641b","value":{"ELEMENT":"00000000-0000-0a03-ffff-ffff00000074","element-6066-11e4-a52e-4f735466cecf":"00000000-0000-0a03-ffff-ffff00000074"}}
[debug] &amp#27;[38;5;32m[AndroidUiautomator2Driver@1965 (1bf46aad)]&amp#27;[0m Responding to client with driver.findElement() result: {"element-6066-11e4-a52e-4f735466cecf":"00000000-0000-0a03-ffff-ffff00000074","ELEMENT":"00000000-0000-0a03-ffff-ffff00000074"}
&amp#27;[38;5;0m[HTTP]&amp#27;[0m &amp#27;[37m<-- POST /session/1bf46aad-8211-4ff8-b5be-34fb988f3913/element &amp#27;[39m&amp#27;[32m200&amp#27;[39m &amp#27;[90m14 ms - 137&amp#27;[39m
&amp#27;[38;5;0m[HTTP]&amp#27;[0m &amp#27;[90m&amp#27;[39m
&amp#27;[38;5;0m[HTTP]&amp#27;[0m &amp#27;[37m-->&amp#27;[39m &amp#27;[37mPOST&amp#27;[39m &amp#27;[37m/session/1bf46aad-8211-4ff8-b5be-34fb988f3913/execute/sync&amp#27;[39m
&amp#27;[38;5;0m[HTTP]&amp#27;[0m &amp#27;[90m{"script":"mobile: longClickGesture","args":[{"elementId":"00000000-0000-0a03-ffff-ffff00000074","duration":2000}]}&amp#27;[39m
[debug] &amp#27;[38;5;32m[AndroidUiautomator2Driver@1965 (1bf46aad)]&amp#27;[0m Calling AppiumDriver.execute() with args: ["mobile: longClickGesture",[{"elementId":"00000000-0000-0a03-ffff-ffff00000074","duration":2000}],"1bf46aad-8211-4ff8-b5be-34fb988f3913"]
&amp#27;[38;5;32m[AndroidUiautomator2Driver@1965 (1bf46aad)]&amp#27;[0m Executing native command 'mobile: longClickGesture'
[debug] &amp#27;[38;5;32m[AndroidUiautomator2Driver@1965 (1bf46aad)]&amp#27;[0m Proxying [POST /appium/gestures/long_click] to [POST http://127.0.0.1:8202/session/79da4935-0419-45f6-906b-44db54c8641b/appium/gestures/long_click] with body: {"origin":{"ELEMENT":"00000000-0000-0a03-ffff-ffff00000074","element-6066-11e4-a52e-4f735466cecf":"00000000-0000-0a03-ffff-ffff00000074"},"duration":2000}
[debug] &amp#27;[38;5;32m[AndroidUiautomator2Driver@1965 (1bf46aad)]&amp#27;[0m Got response with status 200: {"sessionId":"79da4935-0419-45f6-906b-44db54c8641b","value":null}
[debug] &amp#27;[38;5;32m[AndroidUiautomator2Driver@1965 (1bf46aad)]&amp#27;[0m Responding to client with driver.execute() result: null
&amp#27;[38;5;0m[HTTP]&amp#27;[0m &amp#27;[37m<-- POST /session/1bf46aad-8211-4ff8-b5be-34fb988f3913/execute/sync &amp#27;[39m&amp#27;[32m200&amp#27;[39m &amp#27;[90m2042 ms - 14&amp#27;[39m
&amp#27;[38;5;0m[HTTP]&amp#27;[0m &amp#27;[90m&amp#27;[39m
&amp#27;[38;5;0m[HTTP]&amp#27;[0m &amp#27;[37m-->&amp#27;[39m &amp#27;[37mGET&amp#27;[39m &amp#27;[37m/session/1bf46aad-8211-4ff8-b5be-34fb988f3913/context&amp#27;[39m
&amp#27;[38;5;0m[HTTP]&amp#27;[0m &amp#27;[90m{}&amp#27;[39m
[debug] &amp#27;[38;5;32m[AndroidUiautomator2Driver@1965 (1bf46aad)]&amp#27;[0m Calling AppiumDriver.getCurrentContext() with args: ["1bf46aad-8211-4ff8-b5be-34fb988f3913"]
[debug] &amp#27;[38;5;32m[AndroidUiautomator2Driver@1965 (1bf46aad)]&amp#27;[0m Responding to client with driver.getCurrentContext() result: "NATIVE_APP"
&amp#27;[38;5;0m[HTTP]&amp#27;[0m &amp#27;[37m<-- GET /session/1bf46aad-8211-4ff8-b5be-34fb988f3913/context &amp#27;[39m&amp#27;[32m200&amp#27;[39m &amp#27;[90m1 ms - 22&amp#27;[39m
&amp#27;[38;5;0m[HTTP]&amp#27;[0m &amp#27;[90m&amp#27;[39m
&amp#27;[38;5;0m[HTTP]&amp#27;[0m &amp#27;[37m-->&amp#27;[39m &amp#27;[37mPOST&amp#27;[39m &amp#27;[37m/session/1bf46aad-8211-4ff8-b5be-34fb988f3913/element&amp#27;[39m
&amp#27;[38;5;0m[HTTP]&amp#27;[0m &amp#27;[90m{"using":"id","value":"android:id/button1"}&amp#27;[39m
[debug] &amp#27;[38;5;32m[AndroidUiautomator2Driver@1965 (1bf46aad)]&amp#27;[0m Calling AppiumDriver.findElement() with args: ["id","android:id/button1","1bf46aad-8211-4ff8-b5be-34fb988f3913"]
[debug] &amp#27;[38;5;32m[AndroidUiautomator2Driver@1965 (1bf46aad)]&amp#27;[0m Valid locator strategies for this request: xpath, id, class name, accessibility id, css selector, -android uiautomator
[debug] &amp#27;[38;5;32m[AndroidUiautomator2Driver@1965 (1bf46aad)]&amp#27;[0m Waiting up to 10000 ms for condition
[debug] &amp#27;[38;5;32m[AndroidUiautomator2Driver@1965 (1bf46aad)]&amp#27;[0m Matched '/element' to command name 'findElement'
[debug] &amp#27;[38;5;32m[AndroidUiautomator2Driver@1965 (1bf46aad)]&amp#27;[0m Proxying [POST /element] to [POST http://127.0.0.1:8202/session/79da4935-0419-45f6-906b-44db54c8641b/element] with body: {"strategy":"id","selector":"android:id/button1","context":"","multiple":false}
[debug] &amp#27;[38;5;32m[AndroidUiautomator2Driver@1965 (1bf46aad)]&amp#27;[0m Got response with status 200: {"sessionId":"79da4935-0419-45f6-906b-44db54c8641b","value":{"ELEMENT":"00000000-0000-0a04-ffff-ffff000000a0","element-6066-11e4-a52e-4f735466cecf":"00000000-0000-0a04-ffff-ffff000000a0"}}
[debug] &amp#27;[38;5;32m[AndroidUiautomator2Driver@1965 (1bf46aad)]&amp#27;[0m Responding to client with driver.findElement() result: {"element-6066-11e4-a52e-4f735466cecf":"00000000-0000-0a04-ffff-ffff000000a0","ELEMENT":"00000000-0000-0a04-ffff-ffff000000a0"}
&amp#27;[38;5;0m[HTTP]&amp#27;[0m &amp#27;[37m<-- POST /session/1bf46aad-8211-4ff8-b5be-34fb988f3913/element &amp#27;[39m&amp#27;[32m200&amp#27;[39m &amp#27;[90m18 ms - 137&amp#27;[39m
&amp#27;[38;5;0m[HTTP]&amp#27;[0m &amp#27;[90m&amp#27;[39m
&amp#27;[38;5;0m[HTTP]&amp#27;[0m &amp#27;[37m-->&amp#27;[39m &amp#27;[37mPOST&amp#27;[39m &amp#27;[37m/session/1bf46aad-8211-4ff8-b5be-34fb988f3913/element/00000000-0000-0a04-ffff-ffff000000a0/click&amp#27;[39m
&amp#27;[38;5;0m[HTTP]&amp#27;[0m &amp#27;[90m{"id":"00000000-0000-0a04-ffff-ffff000000a0"}&amp#27;[39m
[debug] &amp#27;[38;5;32m[AndroidUiautomator2Driver@1965 (1bf46aad)]&amp#27;[0m Calling AppiumDriver.click() with args: ["00000000-0000-0a04-ffff-ffff000000a0","1bf46aad-8211-4ff8-b5be-34fb988f3913"]
[debug] &amp#27;[38;5;32m[AndroidUiautomator2Driver@1965 (1bf46aad)]&amp#27;[0m Matched '/element/00000000-0000-0a04-ffff-ffff000000a0/click' to command name 'click'
[debug] &amp#27;[38;5;32m[AndroidUiautomator2Driver@1965 (1bf46aad)]&amp#27;[0m Proxying [POST /element/00000000-0000-0a04-ffff-ffff000000a0/click] to [POST http://127.0.0.1:8202/session/79da4935-0419-45f6-906b-44db54c8641b/element/00000000-0000-0a04-ffff-ffff000000a0/click] with body: {"element":"00000000-0000-0a04-ffff-ffff000000a0"}
[debug] &amp#27;[38;5;32m[AndroidUiautomator2Driver@1965 (1bf46aad)]&amp#27;[0m Got response with status 200: {"sessionId":"79da4935-0419-45f6-906b-44db54c8641b","value":null}
[debug] &amp#27;[38;5;32m[AndroidUiautomator2Driver@1965 (1bf46aad)]&amp#27;[0m Responding to client with driver.click() result: null
&amp#27;[38;5;0m[HTTP]&amp#27;[0m &amp#27;[37m<-- POST /session/1bf46aad-8211-4ff8-b5be-34fb988f3913/element/00000000-0000-0a04-ffff-ffff000000a0/click &amp#27;[39m&amp#27;[32m200&amp#27;[39m &amp#27;[90m74 ms - 14&amp#27;[39m
&amp#27;[38;5;0m[HTTP]&amp#27;[0m &amp#27;[90m&amp#27;[39m
&amp#27;[38;5;0m[HTTP]&amp#27;[0m &amp#27;[37m-->&amp#27;[39m &amp#27;[37mGET&amp#27;[39m &amp#27;[37m/session/1bf46aad-8211-4ff8-b5be-34fb988f3913/context&amp#27;[39m
&amp#27;[38;5;0m[HTTP]&amp#27;[0m &amp#27;[90m{}&amp#27;[39m
[debug] &amp#27;[38;5;32m[AndroidUiautomator2Driver@1965 (1bf46aad)]&amp#27;[0m Calling AppiumDriver.getCurrentContext() with args: ["1bf46aad-8211-4ff8-b5be-34fb988f3913"]
[debug] &amp#27;[38;5;32m[AndroidUiautomator2Driver@1965 (1bf46aad)]&amp#27;[0m Responding to client with driver.getCurrentContext() result: "NATIVE_APP"
&amp#27;[38;5;0m[HTTP]&amp#27;[0m &amp#27;[37m<-- GET /session/1bf46aad-8211-4ff8-b5be-34fb988f3913/context &amp#27;[39m&amp#27;[32m200&amp#27;[39m &amp#27;[90m1 ms - 22&amp#27;[39m
&amp#27;[38;5;0m[HTTP]&amp#27;[0m &amp#27;[90m&amp#27;[39m
&amp#27;[38;5;0m[HTTP]&amp#27;[0m &amp#27;[37m-->&amp#27;[39m &amp#27;[37mPOST&amp#27;[39m &amp#27;[37m/session/1bf46aad-8211-4ff8-b5be-34fb988f3913/element&amp#27;[39m
&amp#27;[38;5;0m[HTTP]&amp#27;[0m &amp#27;[90m{"using":"class name","value":"android.widget.CheckBox"}&amp#27;[39m
[debug] &amp#27;[38;5;32m[AndroidUiautomator2Driver@1965 (1bf46aad)]&amp#27;[0m Calling AppiumDriver.findElement() with args: ["class name","android.widget.CheckBox","1bf46aad-8211-4ff8-b5be-34fb988f3913"]
[debug] &amp#27;[38;5;32m[AndroidUiautomator2Driver@1965 (1bf46aad)]&amp#27;[0m Valid locator strategies for this request: xpath, id, class name, accessibility id, css selector, -android uiautomator
[debug] &amp#27;[38;5;32m[AndroidUiautomator2Driver@1965 (1bf46aad)]&amp#27;[0m Waiting up to 10000 ms for condition
[debug] &amp#27;[38;5;32m[AndroidUiautomator2Driver@1965 (1bf46aad)]&amp#27;[0m Matched '/element' to command name 'findElement'
[debug] &amp#27;[38;5;32m[AndroidUiautomator2Driver@1965 (1bf46aad)]&amp#27;[0m Proxying [POST /element] to [POST http://127.0.0.1:8202/session/79da4935-0419-45f6-906b-44db54c8641b/element] with body: {"strategy":"class name","selector":"android.widget.CheckBox","context":"","multiple":false}
[debug] &amp#27;[38;5;32m[AndroidUiautomator2Driver@1965 (1bf46aad)]&amp#27;[0m Got response with status 200: {"sessionId":"79da4935-0419-45f6-906b-44db54c8641b","value":{"ELEMENT":"00000000-0000-0a03-ffff-ffff00000072","element-6066-11e4-a52e-4f735466cecf":"00000000-0000-0a03-ffff-ffff00000072"}}
[debug] &amp#27;[38;5;32m[AndroidUiautomator2Driver@1965 (1bf46aad)]&amp#27;[0m Responding to client with driver.findElement() result: {"element-6066-11e4-a52e-4f735466cecf":"00000000-0000-0a03-ffff-ffff00000072","ELEMENT":"00000000-0000-0a03-ffff-ffff00000072"}
&amp#27;[38;5;0m[HTTP]&amp#27;[0m &amp#27;[37m<-- POST /session/1bf46aad-8211-4ff8-b5be-34fb988f3913/element &amp#27;[39m&amp#27;[32m200&amp#27;[39m &amp#27;[90m42 ms - 137&amp#27;[39m
&amp#27;[38;5;0m[HTTP]&amp#27;[0m &amp#27;[90m&amp#27;[39m
&amp#27;[38;5;0m[HTTP]&amp#27;[0m &amp#27;[37m-->&amp#27;[39m &amp#27;[37mPOST&amp#27;[39m &amp#27;[37m/session/1bf46aad-8211-4ff8-b5be-34fb988f3913/element/00000000-0000-0a03-ffff-ffff00000072/click&amp#27;[39m
&amp#27;[38;5;0m[HTTP]&amp#27;[0m &amp#27;[90m{"id":"00000000-0000-0a03-ffff-ffff00000072"}&amp#27;[39m
[debug] &amp#27;[38;5;32m[AndroidUiautomator2Driver@1965 (1bf46aad)]&amp#27;[0m Calling AppiumDriver.click() with args: ["00000000-0000-0a03-ffff-ffff00000072","1bf46aad-8211-4ff8-b5be-34fb988f3913"]
[debug] &amp#27;[38;5;32m[AndroidUiautomator2Driver@1965 (1bf46aad)]&amp#27;[0m Matched '/element/00000000-0000-0a03-ffff-ffff00000072/click' to command name 'click'
[debug] &amp#27;[38;5;32m[AndroidUiautomator2Driver@1965 (1bf46aad)]&amp#27;[0m Proxying [POST /element/00000000-0000-0a03-ffff-ffff00000072/click] to [POST http://127.0.0.1:8202/session/79da4935-0419-45f6-906b-44db54c8641b/element/00000000-0000-0a03-ffff-ffff00000072/click] with body: {"element":"00000000-0000-0a03-ffff-ffff00000072"}
[debug] &amp#27;[38;5;32m[AndroidUiautomator2Driver@1965 (1bf46aad)]&amp#27;[0m Got response with status 200: {"sessionId":"79da4935-0419-45f6-906b-44db54c8641b","value":null}
[debug] &amp#27;[38;5;32m[AndroidUiautomator2Driver@1965 (1bf46aad)]&amp#27;[0m Responding to client with driver.click() result: null
&amp#27;[38;5;0m[HTTP]&amp#27;[0m &amp#27;[37m<-- POST /session/1bf46aad-8211-4ff8-b5be-34fb988f3913/element/00000000-0000-0a03-ffff-ffff00000072/click &amp#27;[39m&amp#27;[32m200&amp#27;[39m &amp#27;[90m541 ms - 14&amp#27;[39m
&amp#27;[38;5;0m[HTTP]&amp#27;[0m &amp#27;[90m&amp#27;[39m
&amp#27;[38;5;0m[HTTP]&amp#27;[0m &amp#27;[37m-->&amp#27;[39m &amp#27;[37mGET&amp#27;[39m &amp#27;[37m/session/1bf46aad-8211-4ff8-b5be-34fb988f3913/context&amp#27;[39m
&amp#27;[38;5;0m[HTTP]&amp#27;[0m &amp#27;[90m{}&amp#27;[39m
[debug] &amp#27;[38;5;32m[AndroidUiautomator2Driver@1965 (1bf46aad)]&amp#27;[0m Calling AppiumDriver.getCurrentContext() with args: ["1bf46aad-8211-4ff8-b5be-34fb988f3913"]
[debug] &amp#27;[38;5;32m[AndroidUiautomator2Driver@1965 (1bf46aad)]&amp#27;[0m Responding to client with driver.getCurrentContext() result: "NATIVE_APP"
&amp#27;[38;5;0m[HTTP]&amp#27;[0m &amp#27;[37m<-- GET /session/1bf46aad-8211-4ff8-b5be-34fb988f3913/context &amp#27;[39m&amp#27;[32m200&amp#27;[39m &amp#27;[90m1 ms - 22&amp#27;[39m
&amp#27;[38;5;0m[HTTP]&amp#27;[0m &amp#27;[90m&amp#27;[39m
&amp#27;[38;5;0m[HTTP]&amp#27;[0m &amp#27;[37m-->&amp#27;[39m &amp#27;[37mPOST&amp#27;[39m &amp#27;[37m/session/1bf46aad-8211-4ff8-b5be-34fb988f3913/element&amp#27;[39m
&amp#27;[38;5;0m[HTTP]&amp#27;[0m &amp#27;[90m{"using":"id","value":"com.androidsample.generalstore:id/btnProceed"}&amp#27;[39m
[debug] &amp#27;[38;5;32m[AndroidUiautomator2Driver@1965 (1bf46aad)]&amp#27;[0m Calling AppiumDriver.findElement() with args: ["id","com.androidsample.generalstore:id/btnProceed","1bf46aad-8211-4ff8-b5be-34fb988f3913"]
[debug] &amp#27;[38;5;32m[AndroidUiautomator2Driver@1965 (1bf46aad)]&amp#27;[0m Valid locator strategies for this request: xpath, id, class name, accessibility id, css selector, -android uiautomator
[debug] &amp#27;[38;5;32m[AndroidUiautomator2Driver@1965 (1bf46aad)]&amp#27;[0m Waiting up to 10000 ms for condition
[debug] &amp#27;[38;5;32m[AndroidUiautomator2Driver@1965 (1bf46aad)]&amp#27;[0m Matched '/element' to command name 'findElement'
[debug] &amp#27;[38;5;32m[AndroidUiautomator2Driver@1965 (1bf46aad)]&amp#27;[0m Proxying [POST /element] to [POST http://127.0.0.1:8202/session/79da4935-0419-45f6-906b-44db54c8641b/element] with body: {"strategy":"id","selector":"com.androidsample.generalstore:id/btnProceed","context":"","multiple":false}
[debug] &amp#27;[38;5;32m[AndroidUiautomator2Driver@1965 (1bf46aad)]&amp#27;[0m Got response with status 200: {"sessionId":"79da4935-0419-45f6-906b-44db54c8641b","value":{"ELEMENT":"00000000-0000-0a03-ffff-ffff00000073","element-6066-11e4-a52e-4f735466cecf":"00000000-0000-0a03-ffff-ffff00000073"}}
[debug] &amp#27;[38;5;32m[AndroidUiautomator2Driver@1965 (1bf46aad)]&amp#27;[0m Responding to client with driver.findElement() result: {"element-6066-11e4-a52e-4f735466cecf":"00000000-0000-0a03-ffff-ffff00000073","ELEMENT":"00000000-0000-0a03-ffff-ffff00000073"}
&amp#27;[38;5;0m[HTTP]&amp#27;[0m &amp#27;[37m<-- POST /session/1bf46aad-8211-4ff8-b5be-34fb988f3913/element &amp#27;[39m&amp#27;[32m200&amp#27;[39m &amp#27;[90m30 ms - 137&amp#27;[39m
&amp#27;[38;5;0m[HTTP]&amp#27;[0m &amp#27;[90m&amp#27;[39m
&amp#27;[38;5;0m[HTTP]&amp#27;[0m &amp#27;[37m-->&amp#27;[39m &amp#27;[37mPOST&amp#27;[39m &amp#27;[37m/session/1bf46aad-8211-4ff8-b5be-34fb988f3913/element/00000000-0000-0a03-ffff-ffff00000073/click&amp#27;[39m
&amp#27;[38;5;0m[HTTP]&amp#27;[0m &amp#27;[90m{"id":"00000000-0000-0a03-ffff-ffff00000073"}&amp#27;[39m
[debug] &amp#27;[38;5;32m[AndroidUiautomator2Driver@1965 (1bf46aad)]&amp#27;[0m Calling AppiumDriver.click() with args: ["00000000-0000-0a03-ffff-ffff00000073","1bf46aad-8211-4ff8-b5be-34fb988f3913"]
[debug] &amp#27;[38;5;32m[AndroidUiautomator2Driver@1965 (1bf46aad)]&amp#27;[0m Matched '/element/00000000-0000-0a03-ffff-ffff00000073/click' to command name 'click'
[debug] &amp#27;[38;5;32m[AndroidUiautomator2Driver@1965 (1bf46aad)]&amp#27;[0m Proxying [POST /element/00000000-0000-0a03-ffff-ffff00000073/click] to [POST http://127.0.0.1:8202/session/79da4935-0419-45f6-906b-44db54c8641b/element/00000000-0000-0a03-ffff-ffff00000073/click] with body: {"element":"00000000-0000-0a03-ffff-ffff00000073"}
[debug] &amp#27;[38;5;32m[AndroidUiautomator2Driver@1965 (1bf46aad)]&amp#27;[0m Got response with status 200: {"sessionId":"79da4935-0419-45f6-906b-44db54c8641b","value":null}
[debug] &amp#27;[38;5;32m[AndroidUiautomator2Driver@1965 (1bf46aad)]&amp#27;[0m Responding to client with driver.click() result: null
&amp#27;[38;5;0m[HTTP]&amp#27;[0m &amp#27;[37m<-- POST /session/1bf46aad-8211-4ff8-b5be-34fb988f3913/element/00000000-0000-0a03-ffff-ffff00000073/click &amp#27;[39m&amp#27;[32m200&amp#27;[39m &amp#27;[90m512 ms - 14&amp#27;[39m
&amp#27;[38;5;0m[HTTP]&amp#27;[0m &amp#27;[90m&amp#27;[39m
]]></system-out>
  </testcase>
  <testcase name="FillForm[{name=Jason Moa, country=Estonia, gender=male}](2)" classname="org.boredkris.pageObjects.android.eCommerce_tc_4_Hybrid" time="43.119">
    <system-out><![CDATA[&amp#27;[38;5;0m[HTTP]&amp#27;[0m &amp#27;[37m-->&amp#27;[39m &amp#27;[37mPOST&amp#27;[39m &amp#27;[37m/session/1bf46aad-8211-4ff8-b5be-34fb988f3913/appium/device/start_activity&amp#27;[39m
&amp#27;[38;5;0m[HTTP]&amp#27;[0m &amp#27;[90m{"appPackage":"com.androidsample.generalstore","appActivity":"com.androidsample.generalstore.MainActivity","appWaitPackage":"","appWaitActivity":"","dontStopAppOnReset":false,"intentAction":"","intentCategory":"","intentFlags":"","optionalIntentArguments":""}&amp#27;[39m
[debug] &amp#27;[38;5;32m[AndroidUiautomator2Driver@1965 (1bf46aad)]&amp#27;[0m Calling AppiumDriver.startActivity() with args: ["com.androidsample.generalstore","com.androidsample.generalstore.MainActivity","","","","","","",false,null,null,"1bf46aad-8211-4ff8-b5be-34fb988f3913"]
[debug] &amp#27;[38;5;32m[AndroidUiautomator2Driver@1965 (1bf46aad)]&amp#27;[0m Starting package 'com.androidsample.generalstore' and activity 'com.androidsample.generalstore.MainActivity'
[debug] &amp#27;[38;5;64m[ADB]&amp#27;[0m Running 'C:\Users\krzys\AppData\Local\Android\Sdk\platform-tools\adb.exe -P 5037 -s emulator-5554 shell am start -W -n com.androidsample.generalstore/com.androidsample.generalstore.MainActivity -S'
[debug] &amp#27;[38;5;64m[ADB]&amp#27;[0m Waiting up to 20000ms for activity matching pkg: 'com.androidsample.generalstore' and activity: 'com.androidsample.generalstore.MainActivity' to be focused
[debug] &amp#27;[38;5;64m[ADB]&amp#27;[0m Possible activities, to be checked: 'com.androidsample.generalstore.MainActivity', 'com.androidsample.generalstore.com.androidsample.generalstore.MainActivity'
[debug] &amp#27;[38;5;64m[ADB]&amp#27;[0m Getting focused package and activity
[debug] &amp#27;[38;5;64m[ADB]&amp#27;[0m Running 'C:\Users\krzys\AppData\Local\Android\Sdk\platform-tools\adb.exe -P 5037 -s emulator-5554 shell dumpsys window displays'
[debug] &amp#27;[38;5;64m[ADB]&amp#27;[0m Found package: 'com.androidsample.generalstore' and fully qualified activity name : 'com.androidsample.generalstore.MainActivity'
[debug] &amp#27;[38;5;32m[AndroidUiautomator2Driver@1965 (1bf46aad)]&amp#27;[0m Responding to client with driver.startActivity() result: null
&amp#27;[38;5;0m[HTTP]&amp#27;[0m &amp#27;[37m<-- POST /session/1bf46aad-8211-4ff8-b5be-34fb988f3913/appium/device/start_activity &amp#27;[39m&amp#27;[32m200&amp#27;[39m &amp#27;[90m813 ms - 14&amp#27;[39m
&amp#27;[38;5;0m[HTTP]&amp#27;[0m &amp#27;[90m&amp#27;[39m
&amp#27;[38;5;0m[HTTP]&amp#27;[0m &amp#27;[37m-->&amp#27;[39m &amp#27;[37mGET&amp#27;[39m &amp#27;[37m/session/1bf46aad-8211-4ff8-b5be-34fb988f3913/context&amp#27;[39m
&amp#27;[38;5;0m[HTTP]&amp#27;[0m &amp#27;[90m{}&amp#27;[39m
[debug] &amp#27;[38;5;32m[AndroidUiautomator2Driver@1965 (1bf46aad)]&amp#27;[0m Calling AppiumDriver.getCurrentContext() with args: ["1bf46aad-8211-4ff8-b5be-34fb988f3913"]
[debug] &amp#27;[38;5;32m[AndroidUiautomator2Driver@1965 (1bf46aad)]&amp#27;[0m Responding to client with driver.getCurrentContext() result: "NATIVE_APP"
&amp#27;[38;5;0m[HTTP]&amp#27;[0m &amp#27;[37m<-- GET /session/1bf46aad-8211-4ff8-b5be-34fb988f3913/context &amp#27;[39m&amp#27;[32m200&amp#27;[39m &amp#27;[90m1 ms - 22&amp#27;[39m
&amp#27;[38;5;0m[HTTP]&amp#27;[0m &amp#27;[90m&amp#27;[39m
&amp#27;[38;5;0m[HTTP]&amp#27;[0m &amp#27;[37m-->&amp#27;[39m &amp#27;[37mPOST&amp#27;[39m &amp#27;[37m/session/1bf46aad-8211-4ff8-b5be-34fb988f3913/element&amp#27;[39m
&amp#27;[38;5;0m[HTTP]&amp#27;[0m &amp#27;[90m{"using":"id","value":"com.androidsample.generalstore:id/nameField"}&amp#27;[39m
[debug] &amp#27;[38;5;32m[AndroidUiautomator2Driver@1965 (1bf46aad)]&amp#27;[0m Calling AppiumDriver.findElement() with args: ["id","com.androidsample.generalstore:id/nameField","1bf46aad-8211-4ff8-b5be-34fb988f3913"]
[debug] &amp#27;[38;5;32m[AndroidUiautomator2Driver@1965 (1bf46aad)]&amp#27;[0m Valid locator strategies for this request: xpath, id, class name, accessibility id, css selector, -android uiautomator
[debug] &amp#27;[38;5;32m[AndroidUiautomator2Driver@1965 (1bf46aad)]&amp#27;[0m Waiting up to 10000 ms for condition
[debug] &amp#27;[38;5;32m[AndroidUiautomator2Driver@1965 (1bf46aad)]&amp#27;[0m Matched '/element' to command name 'findElement'
[debug] &amp#27;[38;5;32m[AndroidUiautomator2Driver@1965 (1bf46aad)]&amp#27;[0m Proxying [POST /element] to [POST http://127.0.0.1:8202/session/79da4935-0419-45f6-906b-44db54c8641b/element] with body: {"strategy":"id","selector":"com.androidsample.generalstore:id/nameField","context":"","multiple":false}
[debug] &amp#27;[38;5;32m[AndroidUiautomator2Driver@1965 (1bf46aad)]&amp#27;[0m Got response with status 200: {"sessionId":"79da4935-0419-45f6-906b-44db54c8641b","value":{"ELEMENT":"00000000-0000-0a07-ffff-ffff00000013","element-6066-11e4-a52e-4f735466cecf":"00000000-0000-0a07-ffff-ffff00000013"}}
[debug] &amp#27;[38;5;32m[AndroidUiautomator2Driver@1965 (1bf46aad)]&amp#27;[0m Responding to client with driver.findElement() result: {"element-6066-11e4-a52e-4f735466cecf":"00000000-0000-0a07-ffff-ffff00000013","ELEMENT":"00000000-0000-0a07-ffff-ffff00000013"}
&amp#27;[38;5;0m[HTTP]&amp#27;[0m &amp#27;[37m<-- POST /session/1bf46aad-8211-4ff8-b5be-34fb988f3913/element &amp#27;[39m&amp#27;[32m200&amp#27;[39m &amp#27;[90m510 ms - 137&amp#27;[39m
&amp#27;[38;5;0m[HTTP]&amp#27;[0m &amp#27;[90m&amp#27;[39m
&amp#27;[38;5;0m[HTTP]&amp#27;[0m &amp#27;[37m-->&amp#27;[39m &amp#27;[37mPOST&amp#27;[39m &amp#27;[37m/session/1bf46aad-8211-4ff8-b5be-34fb988f3913/element/00000000-0000-0a07-ffff-ffff00000013/value&amp#27;[39m
&amp#27;[38;5;0m[HTTP]&amp#27;[0m &amp#27;[90m{"id":"00000000-0000-0a07-ffff-ffff00000013","text":"Jason Moa","value":["J","a","s","o","n"," ","M","o","a"]}&amp#27;[39m
[debug] &amp#27;[38;5;32m[AndroidUiautomator2Driver@1965 (1bf46aad)]&amp#27;[0m Calling AppiumDriver.setValue() with args: [["J","a","s","o","n"," ","M","o","a"],"00000000-0000-0a07-ffff-ffff00000013","1bf46aad-8211-4ff8-b5be-34fb988f3913"]
[debug] &amp#27;[38;5;32m[AndroidUiautomator2Driver@1965 (1bf46aad)]&amp#27;[0m Matched '/element/00000000-0000-0a07-ffff-ffff00000013/value' to command name 'setValue'
[debug] &amp#27;[38;5;32m[AndroidUiautomator2Driver@1965 (1bf46aad)]&amp#27;[0m Added 'value' property ["J","a","s","o","n"," ","M","o","a"] to 'setValue' request body
[debug] &amp#27;[38;5;32m[AndroidUiautomator2Driver@1965 (1bf46aad)]&amp#27;[0m Proxying [POST /element/00000000-0000-0a07-ffff-ffff00000013/value] to [POST http://127.0.0.1:8202/session/79da4935-0419-45f6-906b-44db54c8641b/element/00000000-0000-0a07-ffff-ffff00000013/value] with body: {"elementId":"00000000-0000-0a07-ffff-ffff00000013","text":"Jason Moa","replace":false,"value":["J","a","s","o","n"," ","M","o","a"]}
[debug] &amp#27;[38;5;32m[AndroidUiautomator2Driver@1965 (1bf46aad)]&amp#27;[0m Got response with status 200: {"sessionId":"79da4935-0419-45f6-906b-44db54c8641b","value":null}
[debug] &amp#27;[38;5;32m[AndroidUiautomator2Driver@1965 (1bf46aad)]&amp#27;[0m Responding to client with driver.setValue() result: null
&amp#27;[38;5;0m[HTTP]&amp#27;[0m &amp#27;[37m<-- POST /session/1bf46aad-8211-4ff8-b5be-34fb988f3913/element/00000000-0000-0a07-ffff-ffff00000013/value &amp#27;[39m&amp#27;[32m200&amp#27;[39m &amp#27;[90m525 ms - 14&amp#27;[39m
&amp#27;[38;5;0m[HTTP]&amp#27;[0m &amp#27;[90m&amp#27;[39m
&amp#27;[38;5;0m[HTTP]&amp#27;[0m &amp#27;[37m-->&amp#27;[39m &amp#27;[37mPOST&amp#27;[39m &amp#27;[37m/session/1bf46aad-8211-4ff8-b5be-34fb988f3913/appium/device/hide_keyboard&amp#27;[39m
&amp#27;[38;5;0m[HTTP]&amp#27;[0m &amp#27;[90m{}&amp#27;[39m
[debug] &amp#27;[38;5;32m[AndroidUiautomator2Driver@1965 (1bf46aad)]&amp#27;[0m Calling AppiumDriver.hideKeyboard() with args: [null,null,null,null,"1bf46aad-8211-4ff8-b5be-34fb988f3913"]
[debug] &amp#27;[38;5;64m[ADB]&amp#27;[0m Running 'C:\Users\krzys\AppData\Local\Android\Sdk\platform-tools\adb.exe -P 5037 -s emulator-5554 shell dumpsys input_method'
&amp#27;[38;5;64m[ADB]&amp#27;[0m Keyboard has no UI; no closing necessary
[debug] &amp#27;[38;5;32m[AndroidUiautomator2Driver@1965 (1bf46aad)]&amp#27;[0m Responding to client with driver.hideKeyboard() result: false
&amp#27;[38;5;0m[HTTP]&amp#27;[0m &amp#27;[37m<-- POST /session/1bf46aad-8211-4ff8-b5be-34fb988f3913/appium/device/hide_keyboard &amp#27;[39m&amp#27;[32m200&amp#27;[39m &amp#27;[90m90 ms - 15&amp#27;[39m
&amp#27;[38;5;0m[HTTP]&amp#27;[0m &amp#27;[90m&amp#27;[39m
&amp#27;[38;5;0m[HTTP]&amp#27;[0m &amp#27;[37m-->&amp#27;[39m &amp#27;[37mGET&amp#27;[39m &amp#27;[37m/session/1bf46aad-8211-4ff8-b5be-34fb988f3913/context&amp#27;[39m
&amp#27;[38;5;0m[HTTP]&amp#27;[0m &amp#27;[90m{}&amp#27;[39m
[debug] &amp#27;[38;5;32m[AndroidUiautomator2Driver@1965 (1bf46aad)]&amp#27;[0m Calling AppiumDriver.getCurrentContext() with args: ["1bf46aad-8211-4ff8-b5be-34fb988f3913"]
[debug] &amp#27;[38;5;32m[AndroidUiautomator2Driver@1965 (1bf46aad)]&amp#27;[0m Responding to client with driver.getCurrentContext() result: "NATIVE_APP"
&amp#27;[38;5;0m[HTTP]&amp#27;[0m &amp#27;[37m<-- GET /session/1bf46aad-8211-4ff8-b5be-34fb988f3913/context &amp#27;[39m&amp#27;[32m200&amp#27;[39m &amp#27;[90m1 ms - 22&amp#27;[39m
&amp#27;[38;5;0m[HTTP]&amp#27;[0m &amp#27;[90m&amp#27;[39m
&amp#27;[38;5;0m[HTTP]&amp#27;[0m &amp#27;[37m-->&amp#27;[39m &amp#27;[37mPOST&amp#27;[39m &amp#27;[37m/session/1bf46aad-8211-4ff8-b5be-34fb988f3913/element&amp#27;[39m
&amp#27;[38;5;0m[HTTP]&amp#27;[0m &amp#27;[90m{"using":"xpath","value":"//android.widget.RadioButton[@text=\"Male\"]"}&amp#27;[39m
[debug] &amp#27;[38;5;32m[AndroidUiautomator2Driver@1965 (1bf46aad)]&amp#27;[0m Calling AppiumDriver.findElement() with args: ["xpath","//android.widget.RadioButton[@text=\"Male\"]","1bf46aad-8211-4ff8-b5be-34fb988f3913"]
[debug] &amp#27;[38;5;32m[AndroidUiautomator2Driver@1965 (1bf46aad)]&amp#27;[0m Valid locator strategies for this request: xpath, id, class name, accessibility id, css selector, -android uiautomator
[debug] &amp#27;[38;5;32m[AndroidUiautomator2Driver@1965 (1bf46aad)]&amp#27;[0m Waiting up to 10000 ms for condition
[debug] &amp#27;[38;5;32m[AndroidUiautomator2Driver@1965 (1bf46aad)]&amp#27;[0m Matched '/element' to command name 'findElement'
[debug] &amp#27;[38;5;32m[AndroidUiautomator2Driver@1965 (1bf46aad)]&amp#27;[0m Proxying [POST /element] to [POST http://127.0.0.1:8202/session/79da4935-0419-45f6-906b-44db54c8641b/element] with body: {"strategy":"xpath","selector":"//android.widget.RadioButton[@text=\"Male\"]","context":"","multiple":false}
[debug] &amp#27;[38;5;32m[AndroidUiautomator2Driver@1965 (1bf46aad)]&amp#27;[0m Got response with status 200: {"sessionId":"79da4935-0419-45f6-906b-44db54c8641b","value":{"ELEMENT":"00000000-0000-0a07-ffff-ffff00000016","element-6066-11e4-a52e-4f735466cecf":"00000000-0000-0a07-ffff-ffff00000016"}}
[debug] &amp#27;[38;5;32m[AndroidUiautomator2Driver@1965 (1bf46aad)]&amp#27;[0m Responding to client with driver.findElement() result: {"element-6066-11e4-a52e-4f735466cecf":"00000000-0000-0a07-ffff-ffff00000016","ELEMENT":"00000000-0000-0a07-ffff-ffff00000016"}
&amp#27;[38;5;0m[HTTP]&amp#27;[0m &amp#27;[37m<-- POST /session/1bf46aad-8211-4ff8-b5be-34fb988f3913/element &amp#27;[39m&amp#27;[32m200&amp#27;[39m &amp#27;[90m428 ms - 137&amp#27;[39m
&amp#27;[38;5;0m[HTTP]&amp#27;[0m &amp#27;[90m&amp#27;[39m
&amp#27;[38;5;0m[HTTP]&amp#27;[0m &amp#27;[37m-->&amp#27;[39m &amp#27;[37mPOST&amp#27;[39m &amp#27;[37m/session/1bf46aad-8211-4ff8-b5be-34fb988f3913/element/00000000-0000-0a07-ffff-ffff00000016/click&amp#27;[39m
&amp#27;[38;5;0m[HTTP]&amp#27;[0m &amp#27;[90m{"id":"00000000-0000-0a07-ffff-ffff00000016"}&amp#27;[39m
[debug] &amp#27;[38;5;32m[AndroidUiautomator2Driver@1965 (1bf46aad)]&amp#27;[0m Calling AppiumDriver.click() with args: ["00000000-0000-0a07-ffff-ffff00000016","1bf46aad-8211-4ff8-b5be-34fb988f3913"]
[debug] &amp#27;[38;5;32m[AndroidUiautomator2Driver@1965 (1bf46aad)]&amp#27;[0m Matched '/element/00000000-0000-0a07-ffff-ffff00000016/click' to command name 'click'
[debug] &amp#27;[38;5;32m[AndroidUiautomator2Driver@1965 (1bf46aad)]&amp#27;[0m Proxying [POST /element/00000000-0000-0a07-ffff-ffff00000016/click] to [POST http://127.0.0.1:8202/session/79da4935-0419-45f6-906b-44db54c8641b/element/00000000-0000-0a07-ffff-ffff00000016/click] with body: {"element":"00000000-0000-0a07-ffff-ffff00000016"}
[debug] &amp#27;[38;5;32m[AndroidUiautomator2Driver@1965 (1bf46aad)]&amp#27;[0m Got response with status 200: {"sessionId":"79da4935-0419-45f6-906b-44db54c8641b","value":null}
[debug] &amp#27;[38;5;32m[AndroidUiautomator2Driver@1965 (1bf46aad)]&amp#27;[0m Responding to client with driver.click() result: null
&amp#27;[38;5;0m[HTTP]&amp#27;[0m &amp#27;[37m<-- POST /session/1bf46aad-8211-4ff8-b5be-34fb988f3913/element/00000000-0000-0a07-ffff-ffff00000016/click &amp#27;[39m&amp#27;[32m200&amp#27;[39m &amp#27;[90m45 ms - 14&amp#27;[39m
&amp#27;[38;5;0m[HTTP]&amp#27;[0m &amp#27;[90m&amp#27;[39m
&amp#27;[38;5;0m[HTTP]&amp#27;[0m &amp#27;[37m-->&amp#27;[39m &amp#27;[37mGET&amp#27;[39m &amp#27;[37m/session/1bf46aad-8211-4ff8-b5be-34fb988f3913/context&amp#27;[39m
&amp#27;[38;5;0m[HTTP]&amp#27;[0m &amp#27;[90m{}&amp#27;[39m
[debug] &amp#27;[38;5;32m[AndroidUiautomator2Driver@1965 (1bf46aad)]&amp#27;[0m Calling AppiumDriver.getCurrentContext() with args: ["1bf46aad-8211-4ff8-b5be-34fb988f3913"]
[debug] &amp#27;[38;5;32m[AndroidUiautomator2Driver@1965 (1bf46aad)]&amp#27;[0m Responding to client with driver.getCurrentContext() result: "NATIVE_APP"
&amp#27;[38;5;0m[HTTP]&amp#27;[0m &amp#27;[37m<-- GET /session/1bf46aad-8211-4ff8-b5be-34fb988f3913/context &amp#27;[39m&amp#27;[32m200&amp#27;[39m &amp#27;[90m1 ms - 22&amp#27;[39m
&amp#27;[38;5;0m[HTTP]&amp#27;[0m &amp#27;[90m&amp#27;[39m
&amp#27;[38;5;0m[HTTP]&amp#27;[0m &amp#27;[37m-->&amp#27;[39m &amp#27;[37mPOST&amp#27;[39m &amp#27;[37m/session/1bf46aad-8211-4ff8-b5be-34fb988f3913/element&amp#27;[39m
&amp#27;[38;5;0m[HTTP]&amp#27;[0m &amp#27;[90m{"using":"id","value":"android:id/text1"}&amp#27;[39m
[debug] &amp#27;[38;5;32m[AndroidUiautomator2Driver@1965 (1bf46aad)]&amp#27;[0m Calling AppiumDriver.findElement() with args: ["id","android:id/text1","1bf46aad-8211-4ff8-b5be-34fb988f3913"]
[debug] &amp#27;[38;5;32m[AndroidUiautomator2Driver@1965 (1bf46aad)]&amp#27;[0m Valid locator strategies for this request: xpath, id, class name, accessibility id, css selector, -android uiautomator
[debug] &amp#27;[38;5;32m[AndroidUiautomator2Driver@1965 (1bf46aad)]&amp#27;[0m Waiting up to 10000 ms for condition
[debug] &amp#27;[38;5;32m[AndroidUiautomator2Driver@1965 (1bf46aad)]&amp#27;[0m Matched '/element' to command name 'findElement'
[debug] &amp#27;[38;5;32m[AndroidUiautomator2Driver@1965 (1bf46aad)]&amp#27;[0m Proxying [POST /element] to [POST http://127.0.0.1:8202/session/79da4935-0419-45f6-906b-44db54c8641b/element] with body: {"strategy":"id","selector":"android:id/text1","context":"","multiple":false}
[debug] &amp#27;[38;5;32m[AndroidUiautomator2Driver@1965 (1bf46aad)]&amp#27;[0m Got response with status 200: {"sessionId":"79da4935-0419-45f6-906b-44db54c8641b","value":{"ELEMENT":"00000000-0000-0a07-ffff-ffff0000001b","element-6066-11e4-a52e-4f735466cecf":"00000000-0000-0a07-ffff-ffff0000001b"}}
[debug] &amp#27;[38;5;32m[AndroidUiautomator2Driver@1965 (1bf46aad)]&amp#27;[0m Responding to client with driver.findElement() result: {"element-6066-11e4-a52e-4f735466cecf":"00000000-0000-0a07-ffff-ffff0000001b","ELEMENT":"00000000-0000-0a07-ffff-ffff0000001b"}
&amp#27;[38;5;0m[HTTP]&amp#27;[0m &amp#27;[37m<-- POST /session/1bf46aad-8211-4ff8-b5be-34fb988f3913/element &amp#27;[39m&amp#27;[32m200&amp#27;[39m &amp#27;[90m508 ms - 137&amp#27;[39m
&amp#27;[38;5;0m[HTTP]&amp#27;[0m &amp#27;[90m&amp#27;[39m
&amp#27;[38;5;0m[HTTP]&amp#27;[0m &amp#27;[37m-->&amp#27;[39m &amp#27;[37mPOST&amp#27;[39m &amp#27;[37m/session/1bf46aad-8211-4ff8-b5be-34fb988f3913/element/00000000-0000-0a07-ffff-ffff0000001b/click&amp#27;[39m
&amp#27;[38;5;0m[HTTP]&amp#27;[0m &amp#27;[90m{"id":"00000000-0000-0a07-ffff-ffff0000001b"}&amp#27;[39m
[debug] &amp#27;[38;5;32m[AndroidUiautomator2Driver@1965 (1bf46aad)]&amp#27;[0m Calling AppiumDriver.click() with args: ["00000000-0000-0a07-ffff-ffff0000001b","1bf46aad-8211-4ff8-b5be-34fb988f3913"]
[debug] &amp#27;[38;5;32m[AndroidUiautomator2Driver@1965 (1bf46aad)]&amp#27;[0m Matched '/element/00000000-0000-0a07-ffff-ffff0000001b/click' to command name 'click'
[debug] &amp#27;[38;5;32m[AndroidUiautomator2Driver@1965 (1bf46aad)]&amp#27;[0m Proxying [POST /element/00000000-0000-0a07-ffff-ffff0000001b/click] to [POST http://127.0.0.1:8202/session/79da4935-0419-45f6-906b-44db54c8641b/element/00000000-0000-0a07-ffff-ffff0000001b/click] with body: {"element":"00000000-0000-0a07-ffff-ffff0000001b"}
[debug] &amp#27;[38;5;32m[AndroidUiautomator2Driver@1965 (1bf46aad)]&amp#27;[0m Got response with status 200: {"sessionId":"79da4935-0419-45f6-906b-44db54c8641b","value":null}
[debug] &amp#27;[38;5;32m[AndroidUiautomator2Driver@1965 (1bf46aad)]&amp#27;[0m Responding to client with driver.click() result: null
&amp#27;[38;5;0m[HTTP]&amp#27;[0m &amp#27;[37m<-- POST /session/1bf46aad-8211-4ff8-b5be-34fb988f3913/element/00000000-0000-0a07-ffff-ffff0000001b/click &amp#27;[39m&amp#27;[32m200&amp#27;[39m &amp#27;[90m872 ms - 14&amp#27;[39m
&amp#27;[38;5;0m[HTTP]&amp#27;[0m &amp#27;[90m&amp#27;[39m
&amp#27;[38;5;0m[HTTP]&amp#27;[0m &amp#27;[37m-->&amp#27;[39m &amp#27;[37mPOST&amp#27;[39m &amp#27;[37m/session/1bf46aad-8211-4ff8-b5be-34fb988f3913/element&amp#27;[39m
&amp#27;[38;5;0m[HTTP]&amp#27;[0m &amp#27;[90m{"using":"-android uiautomator","value":"new UiScrollable(new UiSelector().scrollable(true)).scrollIntoView(new UiSelector().text(\"Estonia\"));"}&amp#27;[39m
[debug] &amp#27;[38;5;32m[AndroidUiautomator2Driver@1965 (1bf46aad)]&amp#27;[0m Calling AppiumDriver.findElement() with args: ["-android uiautomator","new UiScrollable(new UiSelector().scrollable(true)).scrollIntoView(new UiSelector().text(\"Estonia\"));","1bf46aad-8211-4ff8-b5be-34fb988f3913"]
[debug] &amp#27;[38;5;32m[AndroidUiautomator2Driver@1965 (1bf46aad)]&amp#27;[0m Valid locator strategies for this request: xpath, id, class name, accessibility id, css selector, -android uiautomator
[debug] &amp#27;[38;5;32m[AndroidUiautomator2Driver@1965 (1bf46aad)]&amp#27;[0m Waiting up to 10000 ms for condition
[debug] &amp#27;[38;5;32m[AndroidUiautomator2Driver@1965 (1bf46aad)]&amp#27;[0m Matched '/element' to command name 'findElement'
[debug] &amp#27;[38;5;32m[AndroidUiautomator2Driver@1965 (1bf46aad)]&amp#27;[0m Proxying [POST /element] to [POST http://127.0.0.1:8202/session/79da4935-0419-45f6-906b-44db54c8641b/element] with body: {"strategy":"-android uiautomator","selector":"new UiScrollable(new UiSelector().scrollable(true)).scrollIntoView(new UiSelector().text(\"Estonia\"));","context":"","multiple":false}
[debug] &amp#27;[38;5;32m[AndroidUiautomator2Driver@1965 (1bf46aad)]&amp#27;[0m Got response with status 200: {"sessionId":"79da4935-0419-45f6-906b-44db54c8641b","value":{"ELEMENT":"00000000-0000-0a08-ffff-ffff00000027","element-6066-11e4-a52e-4f735466cecf":"00000000-0000-0a08-ffff-ffff00000027"}}
[debug] &amp#27;[38;5;32m[AndroidUiautomator2Driver@1965 (1bf46aad)]&amp#27;[0m Responding to client with driver.findElement() result: {"element-6066-11e4-a52e-4f735466cecf":"00000000-0000-0a08-ffff-ffff00000027","ELEMENT":"00000000-0000-0a08-ffff-ffff00000027"}
&amp#27;[38;5;0m[HTTP]&amp#27;[0m &amp#27;[37m<-- POST /session/1bf46aad-8211-4ff8-b5be-34fb988f3913/element &amp#27;[39m&amp#27;[32m200&amp#27;[39m &amp#27;[90m26110 ms - 137&amp#27;[39m
&amp#27;[38;5;0m[HTTP]&amp#27;[0m &amp#27;[90m&amp#27;[39m
&amp#27;[38;5;0m[HTTP]&amp#27;[0m &amp#27;[37m-->&amp#27;[39m &amp#27;[37mPOST&amp#27;[39m &amp#27;[37m/session/1bf46aad-8211-4ff8-b5be-34fb988f3913/element&amp#27;[39m
&amp#27;[38;5;0m[HTTP]&amp#27;[0m &amp#27;[90m{"using":"xpath","value":"//android.widget.TextView[@text='Estonia']"}&amp#27;[39m
[debug] &amp#27;[38;5;32m[AndroidUiautomator2Driver@1965 (1bf46aad)]&amp#27;[0m Calling AppiumDriver.findElement() with args: ["xpath","//android.widget.TextView[@text='Estonia']","1bf46aad-8211-4ff8-b5be-34fb988f3913"]
[debug] &amp#27;[38;5;32m[AndroidUiautomator2Driver@1965 (1bf46aad)]&amp#27;[0m Valid locator strategies for this request: xpath, id, class name, accessibility id, css selector, -android uiautomator
[debug] &amp#27;[38;5;32m[AndroidUiautomator2Driver@1965 (1bf46aad)]&amp#27;[0m Waiting up to 10000 ms for condition
[debug] &amp#27;[38;5;32m[AndroidUiautomator2Driver@1965 (1bf46aad)]&amp#27;[0m Matched '/element' to command name 'findElement'
[debug] &amp#27;[38;5;32m[AndroidUiautomator2Driver@1965 (1bf46aad)]&amp#27;[0m Proxying [POST /element] to [POST http://127.0.0.1:8202/session/79da4935-0419-45f6-906b-44db54c8641b/element] with body: {"strategy":"xpath","selector":"//android.widget.TextView[@text='Estonia']","context":"","multiple":false}
[debug] &amp#27;[38;5;32m[AndroidUiautomator2Driver@1965 (1bf46aad)]&amp#27;[0m Got response with status 200: {"sessionId":"79da4935-0419-45f6-906b-44db54c8641b","value":{"ELEMENT":"00000000-0000-0a08-ffff-ffff00000027","element-6066-11e4-a52e-4f735466cecf":"00000000-0000-0a08-ffff-ffff00000027"}}
[debug] &amp#27;[38;5;32m[AndroidUiautomator2Driver@1965 (1bf46aad)]&amp#27;[0m Responding to client with driver.findElement() result: {"element-6066-11e4-a52e-4f735466cecf":"00000000-0000-0a08-ffff-ffff00000027","ELEMENT":"00000000-0000-0a08-ffff-ffff00000027"}
&amp#27;[38;5;0m[HTTP]&amp#27;[0m &amp#27;[37m<-- POST /session/1bf46aad-8211-4ff8-b5be-34fb988f3913/element &amp#27;[39m&amp#27;[32m200&amp#27;[39m &amp#27;[90m34 ms - 137&amp#27;[39m
&amp#27;[38;5;0m[HTTP]&amp#27;[0m &amp#27;[90m&amp#27;[39m
&amp#27;[38;5;0m[HTTP]&amp#27;[0m &amp#27;[37m-->&amp#27;[39m &amp#27;[37mPOST&amp#27;[39m &amp#27;[37m/session/1bf46aad-8211-4ff8-b5be-34fb988f3913/element/00000000-0000-0a08-ffff-ffff00000027/click&amp#27;[39m
&amp#27;[38;5;0m[HTTP]&amp#27;[0m &amp#27;[90m{"id":"00000000-0000-0a08-ffff-ffff00000027"}&amp#27;[39m
[debug] &amp#27;[38;5;32m[AndroidUiautomator2Driver@1965 (1bf46aad)]&amp#27;[0m Calling AppiumDriver.click() with args: ["00000000-0000-0a08-ffff-ffff00000027","1bf46aad-8211-4ff8-b5be-34fb988f3913"]
[debug] &amp#27;[38;5;32m[AndroidUiautomator2Driver@1965 (1bf46aad)]&amp#27;[0m Matched '/element/00000000-0000-0a08-ffff-ffff00000027/click' to command name 'click'
[debug] &amp#27;[38;5;32m[AndroidUiautomator2Driver@1965 (1bf46aad)]&amp#27;[0m Proxying [POST /element/00000000-0000-0a08-ffff-ffff00000027/click] to [POST http://127.0.0.1:8202/session/79da4935-0419-45f6-906b-44db54c8641b/element/00000000-0000-0a08-ffff-ffff00000027/click] with body: {"element":"00000000-0000-0a08-ffff-ffff00000027"}
[debug] &amp#27;[38;5;32m[AndroidUiautomator2Driver@1965 (1bf46aad)]&amp#27;[0m Got response with status 200: {"sessionId":"79da4935-0419-45f6-906b-44db54c8641b","value":null}
[debug] &amp#27;[38;5;32m[AndroidUiautomator2Driver@1965 (1bf46aad)]&amp#27;[0m Responding to client with driver.click() result: null
&amp#27;[38;5;0m[HTTP]&amp#27;[0m &amp#27;[37m<-- POST /session/1bf46aad-8211-4ff8-b5be-34fb988f3913/element/00000000-0000-0a08-ffff-ffff00000027/click &amp#27;[39m&amp#27;[32m200&amp#27;[39m &amp#27;[90m637 ms - 14&amp#27;[39m
&amp#27;[38;5;0m[HTTP]&amp#27;[0m &amp#27;[90m&amp#27;[39m
&amp#27;[38;5;0m[HTTP]&amp#27;[0m &amp#27;[37m-->&amp#27;[39m &amp#27;[37mGET&amp#27;[39m &amp#27;[37m/session/1bf46aad-8211-4ff8-b5be-34fb988f3913/context&amp#27;[39m
&amp#27;[38;5;0m[HTTP]&amp#27;[0m &amp#27;[90m{}&amp#27;[39m
[debug] &amp#27;[38;5;32m[AndroidUiautomator2Driver@1965 (1bf46aad)]&amp#27;[0m Calling AppiumDriver.getCurrentContext() with args: ["1bf46aad-8211-4ff8-b5be-34fb988f3913"]
[debug] &amp#27;[38;5;32m[AndroidUiautomator2Driver@1965 (1bf46aad)]&amp#27;[0m Responding to client with driver.getCurrentContext() result: "NATIVE_APP"
&amp#27;[38;5;0m[HTTP]&amp#27;[0m &amp#27;[37m<-- GET /session/1bf46aad-8211-4ff8-b5be-34fb988f3913/context &amp#27;[39m&amp#27;[32m200&amp#27;[39m &amp#27;[90m1 ms - 22&amp#27;[39m
&amp#27;[38;5;0m[HTTP]&amp#27;[0m &amp#27;[90m&amp#27;[39m
&amp#27;[38;5;0m[HTTP]&amp#27;[0m &amp#27;[37m-->&amp#27;[39m &amp#27;[37mPOST&amp#27;[39m &amp#27;[37m/session/1bf46aad-8211-4ff8-b5be-34fb988f3913/element&amp#27;[39m
&amp#27;[38;5;0m[HTTP]&amp#27;[0m &amp#27;[90m{"using":"id","value":"com.androidsample.generalstore:id/btnLetsShop"}&amp#27;[39m
[debug] &amp#27;[38;5;32m[AndroidUiautomator2Driver@1965 (1bf46aad)]&amp#27;[0m Calling AppiumDriver.findElement() with args: ["id","com.androidsample.generalstore:id/btnLetsShop","1bf46aad-8211-4ff8-b5be-34fb988f3913"]
[debug] &amp#27;[38;5;32m[AndroidUiautomator2Driver@1965 (1bf46aad)]&amp#27;[0m Valid locator strategies for this request: xpath, id, class name, accessibility id, css selector, -android uiautomator
[debug] &amp#27;[38;5;32m[AndroidUiautomator2Driver@1965 (1bf46aad)]&amp#27;[0m Waiting up to 10000 ms for condition
[debug] &amp#27;[38;5;32m[AndroidUiautomator2Driver@1965 (1bf46aad)]&amp#27;[0m Matched '/element' to command name 'findElement'
[debug] &amp#27;[38;5;32m[AndroidUiautomator2Driver@1965 (1bf46aad)]&amp#27;[0m Proxying [POST /element] to [POST http://127.0.0.1:8202/session/79da4935-0419-45f6-906b-44db54c8641b/element] with body: {"strategy":"id","selector":"com.androidsample.generalstore:id/btnLetsShop","context":"","multiple":false}
[debug] &amp#27;[38;5;32m[AndroidUiautomator2Driver@1965 (1bf46aad)]&amp#27;[0m Got response with status 200: {"sessionId":"79da4935-0419-45f6-906b-44db54c8641b","value":{"ELEMENT":"00000000-0000-0a07-ffff-ffff00000018","element-6066-11e4-a52e-4f735466cecf":"00000000-0000-0a07-ffff-ffff00000018"}}
[debug] &amp#27;[38;5;32m[AndroidUiautomator2Driver@1965 (1bf46aad)]&amp#27;[0m Responding to client with driver.findElement() result: {"element-6066-11e4-a52e-4f735466cecf":"00000000-0000-0a07-ffff-ffff00000018","ELEMENT":"00000000-0000-0a07-ffff-ffff00000018"}
&amp#27;[38;5;0m[HTTP]&amp#27;[0m &amp#27;[37m<-- POST /session/1bf46aad-8211-4ff8-b5be-34fb988f3913/element &amp#27;[39m&amp#27;[32m200&amp#27;[39m &amp#27;[90m10 ms - 137&amp#27;[39m
&amp#27;[38;5;0m[HTTP]&amp#27;[0m &amp#27;[90m&amp#27;[39m
&amp#27;[38;5;0m[HTTP]&amp#27;[0m &amp#27;[37m-->&amp#27;[39m &amp#27;[37mPOST&amp#27;[39m &amp#27;[37m/session/1bf46aad-8211-4ff8-b5be-34fb988f3913/element/00000000-0000-0a07-ffff-ffff00000018/click&amp#27;[39m
&amp#27;[38;5;0m[HTTP]&amp#27;[0m &amp#27;[90m{"id":"00000000-0000-0a07-ffff-ffff00000018"}&amp#27;[39m
[debug] &amp#27;[38;5;32m[AndroidUiautomator2Driver@1965 (1bf46aad)]&amp#27;[0m Calling AppiumDriver.click() with args: ["00000000-0000-0a07-ffff-ffff00000018","1bf46aad-8211-4ff8-b5be-34fb988f3913"]
[debug] &amp#27;[38;5;32m[AndroidUiautomator2Driver@1965 (1bf46aad)]&amp#27;[0m Matched '/element/00000000-0000-0a07-ffff-ffff00000018/click' to command name 'click'
[debug] &amp#27;[38;5;32m[AndroidUiautomator2Driver@1965 (1bf46aad)]&amp#27;[0m Proxying [POST /element/00000000-0000-0a07-ffff-ffff00000018/click] to [POST http://127.0.0.1:8202/session/79da4935-0419-45f6-906b-44db54c8641b/element/00000000-0000-0a07-ffff-ffff00000018/click] with body: {"element":"00000000-0000-0a07-ffff-ffff00000018"}
[debug] &amp#27;[38;5;32m[AndroidUiautomator2Driver@1965 (1bf46aad)]&amp#27;[0m Got response with status 200: {"sessionId":"79da4935-0419-45f6-906b-44db54c8641b","value":null}
[debug] &amp#27;[38;5;32m[AndroidUiautomator2Driver@1965 (1bf46aad)]&amp#27;[0m Responding to client with driver.click() result: null
&amp#27;[38;5;0m[HTTP]&amp#27;[0m &amp#27;[37m<-- POST /session/1bf46aad-8211-4ff8-b5be-34fb988f3913/element/00000000-0000-0a07-ffff-ffff00000018/click &amp#27;[39m&amp#27;[32m200&amp#27;[39m &amp#27;[90m34 ms - 14&amp#27;[39m
&amp#27;[38;5;0m[HTTP]&amp#27;[0m &amp#27;[90m&amp#27;[39m
&amp#27;[38;5;0m[HTTP]&amp#27;[0m &amp#27;[37m-->&amp#27;[39m &amp#27;[37mGET&amp#27;[39m &amp#27;[37m/session/1bf46aad-8211-4ff8-b5be-34fb988f3913/context&amp#27;[39m
&amp#27;[38;5;0m[HTTP]&amp#27;[0m &amp#27;[90m{}&amp#27;[39m
[debug] &amp#27;[38;5;32m[AndroidUiautomator2Driver@1965 (1bf46aad)]&amp#27;[0m Calling AppiumDriver.getCurrentContext() with args: ["1bf46aad-8211-4ff8-b5be-34fb988f3913"]
[debug] &amp#27;[38;5;32m[AndroidUiautomator2Driver@1965 (1bf46aad)]&amp#27;[0m Responding to client with driver.getCurrentContext() result: "NATIVE_APP"
&amp#27;[38;5;0m[HTTP]&amp#27;[0m &amp#27;[37m<-- GET /session/1bf46aad-8211-4ff8-b5be-34fb988f3913/context &amp#27;[39m&amp#27;[32m200&amp#27;[39m &amp#27;[90m1 ms - 22&amp#27;[39m
&amp#27;[38;5;0m[HTTP]&amp#27;[0m &amp#27;[90m&amp#27;[39m
&amp#27;[38;5;0m[HTTP]&amp#27;[0m &amp#27;[37m-->&amp#27;[39m &amp#27;[37mPOST&amp#27;[39m &amp#27;[37m/session/1bf46aad-8211-4ff8-b5be-34fb988f3913/elements&amp#27;[39m
&amp#27;[38;5;0m[HTTP]&amp#27;[0m &amp#27;[90m{"using":"xpath","value":"//android.widget.TextView[@text=\"ADD TO CART\"]"}&amp#27;[39m
[debug] &amp#27;[38;5;32m[AndroidUiautomator2Driver@1965 (1bf46aad)]&amp#27;[0m Calling AppiumDriver.findElements() with args: ["xpath","//android.widget.TextView[@text=\"ADD TO CART\"]","1bf46aad-8211-4ff8-b5be-34fb988f3913"]
[debug] &amp#27;[38;5;32m[AndroidUiautomator2Driver@1965 (1bf46aad)]&amp#27;[0m Valid locator strategies for this request: xpath, id, class name, accessibility id, css selector, -android uiautomator
[debug] &amp#27;[38;5;32m[AndroidUiautomator2Driver@1965 (1bf46aad)]&amp#27;[0m Waiting up to 10000 ms for condition
[debug] &amp#27;[38;5;32m[AndroidUiautomator2Driver@1965 (1bf46aad)]&amp#27;[0m Matched '/elements' to command name 'findElements'
[debug] &amp#27;[38;5;32m[AndroidUiautomator2Driver@1965 (1bf46aad)]&amp#27;[0m Proxying [POST /elements] to [POST http://127.0.0.1:8202/session/79da4935-0419-45f6-906b-44db54c8641b/elements] with body: {"strategy":"xpath","selector":"//android.widget.TextView[@text=\"ADD TO CART\"]","context":"","multiple":true}
[debug] &amp#27;[38;5;32m[AndroidUiautomator2Driver@1965 (1bf46aad)]&amp#27;[0m Got response with status 200: {"sessionId":"79da4935-0419-45f6-906b-44db54c8641b","value":[]}
[debug] &amp#27;[38;5;32m[AndroidUiautomator2Driver@1965 (1bf46aad)]&amp#27;[0m Waited for 28 ms so far
[debug] &amp#27;[38;5;32m[AndroidUiautomator2Driver@1965 (1bf46aad)]&amp#27;[0m Matched '/elements' to command name 'findElements'
[debug] &amp#27;[38;5;32m[AndroidUiautomator2Driver@1965 (1bf46aad)]&amp#27;[0m Proxying [POST /elements] to [POST http://127.0.0.1:8202/session/79da4935-0419-45f6-906b-44db54c8641b/elements] with body: {"strategy":"xpath","selector":"//android.widget.TextView[@text=\"ADD TO CART\"]","context":"","multiple":true}
[debug] &amp#27;[38;5;32m[AndroidUiautomator2Driver@1965 (1bf46aad)]&amp#27;[0m Got response with status 200: {"sessionId":"79da4935-0419-45f6-906b-44db54c8641b","value":[{"ELEMENT":"00000000-0000-0a09-ffff-ffff00000048","element-6066-11e4-a52e-4f735466cecf":"00000000-0000-0a09-ffff-ffff00000048"},{"ELEMENT":"00000000-0000-0a09-ffff-ffff00000050","element-6066-11e4-a52e-4f735466cecf":"00000000-0000-0a09-ffff-ffff00000050"}]}
[debug] &amp#27;[38;5;32m[AndroidUiautomator2Driver@1965 (1bf46aad)]&amp#27;[0m Responding to client with driver.findElements() result: [{"element-6066-11e4-a52e-4f735466cecf":"00000000-0000-0a09-ffff-ffff00000048","ELEMENT":"00000000-0000-0a09-ffff-ffff00000048"},{"element-6066-11e4-a52e-4f735466cecf":"00000000-0000-0a09-ffff-ffff00000050","ELEMENT":"00000000-0000-0a09-ffff-ffff00000050"}]
&amp#27;[38;5;0m[HTTP]&amp#27;[0m &amp#27;[37m<-- POST /session/1bf46aad-8211-4ff8-b5be-34fb988f3913/elements &amp#27;[39m&amp#27;[32m200&amp#27;[39m &amp#27;[90m756 ms - 267&amp#27;[39m
&amp#27;[38;5;0m[HTTP]&amp#27;[0m &amp#27;[90m&amp#27;[39m
&amp#27;[38;5;0m[HTTP]&amp#27;[0m &amp#27;[37m-->&amp#27;[39m &amp#27;[37mPOST&amp#27;[39m &amp#27;[37m/session/1bf46aad-8211-4ff8-b5be-34fb988f3913/element/00000000-0000-0a09-ffff-ffff00000048/click&amp#27;[39m
&amp#27;[38;5;0m[HTTP]&amp#27;[0m &amp#27;[90m{"id":"00000000-0000-0a09-ffff-ffff00000048"}&amp#27;[39m
[debug] &amp#27;[38;5;32m[AndroidUiautomator2Driver@1965 (1bf46aad)]&amp#27;[0m Calling AppiumDriver.click() with args: ["00000000-0000-0a09-ffff-ffff00000048","1bf46aad-8211-4ff8-b5be-34fb988f3913"]
[debug] &amp#27;[38;5;32m[AndroidUiautomator2Driver@1965 (1bf46aad)]&amp#27;[0m Matched '/element/00000000-0000-0a09-ffff-ffff00000048/click' to command name 'click'
[debug] &amp#27;[38;5;32m[AndroidUiautomator2Driver@1965 (1bf46aad)]&amp#27;[0m Proxying [POST /element/00000000-0000-0a09-ffff-ffff00000048/click] to [POST http://127.0.0.1:8202/session/79da4935-0419-45f6-906b-44db54c8641b/element/00000000-0000-0a09-ffff-ffff00000048/click] with body: {"element":"00000000-0000-0a09-ffff-ffff00000048"}
[debug] &amp#27;[38;5;32m[AndroidUiautomator2Driver@1965 (1bf46aad)]&amp#27;[0m Got response with status 200: {"sessionId":"79da4935-0419-45f6-906b-44db54c8641b","value":null}
[debug] &amp#27;[38;5;32m[AndroidUiautomator2Driver@1965 (1bf46aad)]&amp#27;[0m Responding to client with driver.click() result: null
&amp#27;[38;5;0m[HTTP]&amp#27;[0m &amp#27;[37m<-- POST /session/1bf46aad-8211-4ff8-b5be-34fb988f3913/element/00000000-0000-0a09-ffff-ffff00000048/click &amp#27;[39m&amp#27;[32m200&amp#27;[39m &amp#27;[90m525 ms - 14&amp#27;[39m
&amp#27;[38;5;0m[HTTP]&amp#27;[0m &amp#27;[90m&amp#27;[39m
&amp#27;[38;5;0m[HTTP]&amp#27;[0m &amp#27;[37m-->&amp#27;[39m &amp#27;[37mGET&amp#27;[39m &amp#27;[37m/session/1bf46aad-8211-4ff8-b5be-34fb988f3913/context&amp#27;[39m
&amp#27;[38;5;0m[HTTP]&amp#27;[0m &amp#27;[90m{}&amp#27;[39m
[debug] &amp#27;[38;5;32m[AndroidUiautomator2Driver@1965 (1bf46aad)]&amp#27;[0m Calling AppiumDriver.getCurrentContext() with args: ["1bf46aad-8211-4ff8-b5be-34fb988f3913"]
[debug] &amp#27;[38;5;32m[AndroidUiautomator2Driver@1965 (1bf46aad)]&amp#27;[0m Responding to client with driver.getCurrentContext() result: "NATIVE_APP"
&amp#27;[38;5;0m[HTTP]&amp#27;[0m &amp#27;[37m<-- GET /session/1bf46aad-8211-4ff8-b5be-34fb988f3913/context &amp#27;[39m&amp#27;[32m200&amp#27;[39m &amp#27;[90m1 ms - 22&amp#27;[39m
&amp#27;[38;5;0m[HTTP]&amp#27;[0m &amp#27;[90m&amp#27;[39m
&amp#27;[38;5;0m[HTTP]&amp#27;[0m &amp#27;[37m-->&amp#27;[39m &amp#27;[37mPOST&amp#27;[39m &amp#27;[37m/session/1bf46aad-8211-4ff8-b5be-34fb988f3913/elements&amp#27;[39m
&amp#27;[38;5;0m[HTTP]&amp#27;[0m &amp#27;[90m{"using":"xpath","value":"//android.widget.TextView[@text=\"ADD TO CART\"]"}&amp#27;[39m
[debug] &amp#27;[38;5;32m[AndroidUiautomator2Driver@1965 (1bf46aad)]&amp#27;[0m Calling AppiumDriver.findElements() with args: ["xpath","//android.widget.TextView[@text=\"ADD TO CART\"]","1bf46aad-8211-4ff8-b5be-34fb988f3913"]
[debug] &amp#27;[38;5;32m[AndroidUiautomator2Driver@1965 (1bf46aad)]&amp#27;[0m Valid locator strategies for this request: xpath, id, class name, accessibility id, css selector, -android uiautomator
[debug] &amp#27;[38;5;32m[AndroidUiautomator2Driver@1965 (1bf46aad)]&amp#27;[0m Waiting up to 10000 ms for condition
[debug] &amp#27;[38;5;32m[AndroidUiautomator2Driver@1965 (1bf46aad)]&amp#27;[0m Matched '/elements' to command name 'findElements'
[debug] &amp#27;[38;5;32m[AndroidUiautomator2Driver@1965 (1bf46aad)]&amp#27;[0m Proxying [POST /elements] to [POST http://127.0.0.1:8202/session/79da4935-0419-45f6-906b-44db54c8641b/elements] with body: {"strategy":"xpath","selector":"//android.widget.TextView[@text=\"ADD TO CART\"]","context":"","multiple":true}
[debug] &amp#27;[38;5;32m[AndroidUiautomator2Driver@1965 (1bf46aad)]&amp#27;[0m Got response with status 200: {"sessionId":"79da4935-0419-45f6-906b-44db54c8641b","value":[{"ELEMENT":"00000000-0000-0a09-ffff-ffff00000050","element-6066-11e4-a52e-4f735466cecf":"00000000-0000-0a09-ffff-ffff00000050"}]}
[debug] &amp#27;[38;5;32m[AndroidUiautomator2Driver@1965 (1bf46aad)]&amp#27;[0m Responding to client with driver.findElements() result: [{"element-6066-11e4-a52e-4f735466cecf":"00000000-0000-0a09-ffff-ffff00000050","ELEMENT":"00000000-0000-0a09-ffff-ffff00000050"}]
&amp#27;[38;5;0m[HTTP]&amp#27;[0m &amp#27;[37m<-- POST /session/1bf46aad-8211-4ff8-b5be-34fb988f3913/elements &amp#27;[39m&amp#27;[32m200&amp#27;[39m &amp#27;[90m24 ms - 139&amp#27;[39m
&amp#27;[38;5;0m[HTTP]&amp#27;[0m &amp#27;[90m&amp#27;[39m
&amp#27;[38;5;0m[HTTP]&amp#27;[0m &amp#27;[37m-->&amp#27;[39m &amp#27;[37mPOST&amp#27;[39m &amp#27;[37m/session/1bf46aad-8211-4ff8-b5be-34fb988f3913/element/00000000-0000-0a09-ffff-ffff00000050/click&amp#27;[39m
&amp#27;[38;5;0m[HTTP]&amp#27;[0m &amp#27;[90m{"id":"00000000-0000-0a09-ffff-ffff00000050"}&amp#27;[39m
[debug] &amp#27;[38;5;32m[AndroidUiautomator2Driver@1965 (1bf46aad)]&amp#27;[0m Calling AppiumDriver.click() with args: ["00000000-0000-0a09-ffff-ffff00000050","1bf46aad-8211-4ff8-b5be-34fb988f3913"]
[debug] &amp#27;[38;5;32m[AndroidUiautomator2Driver@1965 (1bf46aad)]&amp#27;[0m Matched '/element/00000000-0000-0a09-ffff-ffff00000050/click' to command name 'click'
[debug] &amp#27;[38;5;32m[AndroidUiautomator2Driver@1965 (1bf46aad)]&amp#27;[0m Proxying [POST /element/00000000-0000-0a09-ffff-ffff00000050/click] to [POST http://127.0.0.1:8202/session/79da4935-0419-45f6-906b-44db54c8641b/element/00000000-0000-0a09-ffff-ffff00000050/click] with body: {"element":"00000000-0000-0a09-ffff-ffff00000050"}
[debug] &amp#27;[38;5;32m[AndroidUiautomator2Driver@1965 (1bf46aad)]&amp#27;[0m Got response with status 200: {"sessionId":"79da4935-0419-45f6-906b-44db54c8641b","value":null}
[debug] &amp#27;[38;5;32m[AndroidUiautomator2Driver@1965 (1bf46aad)]&amp#27;[0m Responding to client with driver.click() result: null
&amp#27;[38;5;0m[HTTP]&amp#27;[0m &amp#27;[37m<-- POST /session/1bf46aad-8211-4ff8-b5be-34fb988f3913/element/00000000-0000-0a09-ffff-ffff00000050/click &amp#27;[39m&amp#27;[32m200&amp#27;[39m &amp#27;[90m32 ms - 14&amp#27;[39m
&amp#27;[38;5;0m[HTTP]&amp#27;[0m &amp#27;[90m&amp#27;[39m
&amp#27;[38;5;0m[HTTP]&amp#27;[0m &amp#27;[37m-->&amp#27;[39m &amp#27;[37mGET&amp#27;[39m &amp#27;[37m/session/1bf46aad-8211-4ff8-b5be-34fb988f3913/context&amp#27;[39m
&amp#27;[38;5;0m[HTTP]&amp#27;[0m &amp#27;[90m{}&amp#27;[39m
[debug] &amp#27;[38;5;32m[AndroidUiautomator2Driver@1965 (1bf46aad)]&amp#27;[0m Calling AppiumDriver.getCurrentContext() with args: ["1bf46aad-8211-4ff8-b5be-34fb988f3913"]
[debug] &amp#27;[38;5;32m[AndroidUiautomator2Driver@1965 (1bf46aad)]&amp#27;[0m Responding to client with driver.getCurrentContext() result: "NATIVE_APP"
&amp#27;[38;5;0m[HTTP]&amp#27;[0m &amp#27;[37m<-- GET /session/1bf46aad-8211-4ff8-b5be-34fb988f3913/context &amp#27;[39m&amp#27;[32m200&amp#27;[39m &amp#27;[90m1 ms - 22&amp#27;[39m
&amp#27;[38;5;0m[HTTP]&amp#27;[0m &amp#27;[90m&amp#27;[39m
&amp#27;[38;5;0m[HTTP]&amp#27;[0m &amp#27;[37m-->&amp#27;[39m &amp#27;[37mPOST&amp#27;[39m &amp#27;[37m/session/1bf46aad-8211-4ff8-b5be-34fb988f3913/element&amp#27;[39m
&amp#27;[38;5;0m[HTTP]&amp#27;[0m &amp#27;[90m{"using":"id","value":"com.androidsample.generalstore:id/appbar_btn_cart"}&amp#27;[39m
[debug] &amp#27;[38;5;32m[AndroidUiautomator2Driver@1965 (1bf46aad)]&amp#27;[0m Calling AppiumDriver.findElement() with args: ["id","com.androidsample.generalstore:id/appbar_btn_cart","1bf46aad-8211-4ff8-b5be-34fb988f3913"]
[debug] &amp#27;[38;5;32m[AndroidUiautomator2Driver@1965 (1bf46aad)]&amp#27;[0m Valid locator strategies for this request: xpath, id, class name, accessibility id, css selector, -android uiautomator
[debug] &amp#27;[38;5;32m[AndroidUiautomator2Driver@1965 (1bf46aad)]&amp#27;[0m Waiting up to 10000 ms for condition
[debug] &amp#27;[38;5;32m[AndroidUiautomator2Driver@1965 (1bf46aad)]&amp#27;[0m Matched '/element' to command name 'findElement'
[debug] &amp#27;[38;5;32m[AndroidUiautomator2Driver@1965 (1bf46aad)]&amp#27;[0m Proxying [POST /element] to [POST http://127.0.0.1:8202/session/79da4935-0419-45f6-906b-44db54c8641b/element] with body: {"strategy":"id","selector":"com.androidsample.generalstore:id/appbar_btn_cart","context":"","multiple":false}
[debug] &amp#27;[38;5;32m[AndroidUiautomator2Driver@1965 (1bf46aad)]&amp#27;[0m Got response with status 200: {"sessionId":"79da4935-0419-45f6-906b-44db54c8641b","value":{"ELEMENT":"00000000-0000-0a09-ffff-ffff0000003b","element-6066-11e4-a52e-4f735466cecf":"00000000-0000-0a09-ffff-ffff0000003b"}}
[debug] &amp#27;[38;5;32m[AndroidUiautomator2Driver@1965 (1bf46aad)]&amp#27;[0m Responding to client with driver.findElement() result: {"element-6066-11e4-a52e-4f735466cecf":"00000000-0000-0a09-ffff-ffff0000003b","ELEMENT":"00000000-0000-0a09-ffff-ffff0000003b"}
&amp#27;[38;5;0m[HTTP]&amp#27;[0m &amp#27;[37m<-- POST /session/1bf46aad-8211-4ff8-b5be-34fb988f3913/element &amp#27;[39m&amp#27;[32m200&amp#27;[39m &amp#27;[90m489 ms - 137&amp#27;[39m
&amp#27;[38;5;0m[HTTP]&amp#27;[0m &amp#27;[90m&amp#27;[39m
&amp#27;[38;5;0m[HTTP]&amp#27;[0m &amp#27;[37m-->&amp#27;[39m &amp#27;[37mPOST&amp#27;[39m &amp#27;[37m/session/1bf46aad-8211-4ff8-b5be-34fb988f3913/element/00000000-0000-0a09-ffff-ffff0000003b/click&amp#27;[39m
&amp#27;[38;5;0m[HTTP]&amp#27;[0m &amp#27;[90m{"id":"00000000-0000-0a09-ffff-ffff0000003b"}&amp#27;[39m
[debug] &amp#27;[38;5;32m[AndroidUiautomator2Driver@1965 (1bf46aad)]&amp#27;[0m Calling AppiumDriver.click() with args: ["00000000-0000-0a09-ffff-ffff0000003b","1bf46aad-8211-4ff8-b5be-34fb988f3913"]
[debug] &amp#27;[38;5;32m[AndroidUiautomator2Driver@1965 (1bf46aad)]&amp#27;[0m Matched '/element/00000000-0000-0a09-ffff-ffff0000003b/click' to command name 'click'
[debug] &amp#27;[38;5;32m[AndroidUiautomator2Driver@1965 (1bf46aad)]&amp#27;[0m Proxying [POST /element/00000000-0000-0a09-ffff-ffff0000003b/click] to [POST http://127.0.0.1:8202/session/79da4935-0419-45f6-906b-44db54c8641b/element/00000000-0000-0a09-ffff-ffff0000003b/click] with body: {"element":"00000000-0000-0a09-ffff-ffff0000003b"}
[debug] &amp#27;[38;5;32m[AndroidUiautomator2Driver@1965 (1bf46aad)]&amp#27;[0m Got response with status 200: {"sessionId":"79da4935-0419-45f6-906b-44db54c8641b","value":null}
[debug] &amp#27;[38;5;32m[AndroidUiautomator2Driver@1965 (1bf46aad)]&amp#27;[0m Responding to client with driver.click() result: null
&amp#27;[38;5;0m[HTTP]&amp#27;[0m &amp#27;[37m<-- POST /session/1bf46aad-8211-4ff8-b5be-34fb988f3913/element/00000000-0000-0a09-ffff-ffff0000003b/click &amp#27;[39m&amp#27;[32m200&amp#27;[39m &amp#27;[90m56 ms - 14&amp#27;[39m
&amp#27;[38;5;0m[HTTP]&amp#27;[0m &amp#27;[90m&amp#27;[39m
&amp#27;[38;5;0m[HTTP]&amp#27;[0m &amp#27;[37m-->&amp#27;[39m &amp#27;[37mGET&amp#27;[39m &amp#27;[37m/session/1bf46aad-8211-4ff8-b5be-34fb988f3913/context&amp#27;[39m
&amp#27;[38;5;0m[HTTP]&amp#27;[0m &amp#27;[90m{}&amp#27;[39m
[debug] &amp#27;[38;5;32m[AndroidUiautomator2Driver@1965 (1bf46aad)]&amp#27;[0m Calling AppiumDriver.getCurrentContext() with args: ["1bf46aad-8211-4ff8-b5be-34fb988f3913"]
[debug] &amp#27;[38;5;32m[AndroidUiautomator2Driver@1965 (1bf46aad)]&amp#27;[0m Responding to client with driver.getCurrentContext() result: "NATIVE_APP"
&amp#27;[38;5;0m[HTTP]&amp#27;[0m &amp#27;[37m<-- GET /session/1bf46aad-8211-4ff8-b5be-34fb988f3913/context &amp#27;[39m&amp#27;[32m200&amp#27;[39m &amp#27;[90m1 ms - 22&amp#27;[39m
&amp#27;[38;5;0m[HTTP]&amp#27;[0m &amp#27;[90m&amp#27;[39m
&amp#27;[38;5;0m[HTTP]&amp#27;[0m &amp#27;[37m-->&amp#27;[39m &amp#27;[37mPOST&amp#27;[39m &amp#27;[37m/session/1bf46aad-8211-4ff8-b5be-34fb988f3913/elements&amp#27;[39m
&amp#27;[38;5;0m[HTTP]&amp#27;[0m &amp#27;[90m{"using":"id","value":"com.androidsample.generalstore:id/productPrice"}&amp#27;[39m
[debug] &amp#27;[38;5;32m[AndroidUiautomator2Driver@1965 (1bf46aad)]&amp#27;[0m Calling AppiumDriver.findElements() with args: ["id","com.androidsample.generalstore:id/productPrice","1bf46aad-8211-4ff8-b5be-34fb988f3913"]
[debug] &amp#27;[38;5;32m[AndroidUiautomator2Driver@1965 (1bf46aad)]&amp#27;[0m Valid locator strategies for this request: xpath, id, class name, accessibility id, css selector, -android uiautomator
[debug] &amp#27;[38;5;32m[AndroidUiautomator2Driver@1965 (1bf46aad)]&amp#27;[0m Waiting up to 10000 ms for condition
[debug] &amp#27;[38;5;32m[AndroidUiautomator2Driver@1965 (1bf46aad)]&amp#27;[0m Matched '/elements' to command name 'findElements'
[debug] &amp#27;[38;5;32m[AndroidUiautomator2Driver@1965 (1bf46aad)]&amp#27;[0m Proxying [POST /elements] to [POST http://127.0.0.1:8202/session/79da4935-0419-45f6-906b-44db54c8641b/elements] with body: {"strategy":"id","selector":"com.androidsample.generalstore:id/productPrice","context":"","multiple":true}
[debug] &amp#27;[38;5;32m[AndroidUiautomator2Driver@1965 (1bf46aad)]&amp#27;[0m Got response with status 200: {"sessionId":"79da4935-0419-45f6-906b-44db54c8641b","value":[{"ELEMENT":"00000000-0000-0a0a-ffff-ffff0000007d","element-6066-11e4-a52e-4f735466cecf":"00000000-0000-0a0a-ffff-ffff0000007d"},{"ELEMENT":"00000000-0000-0a0a-ffff-ffff00000085","element-6066-11e4-a52e-4f735466cecf":"00000000-0000-0a0a-ffff-ffff00000085"}]}
[debug] &amp#27;[38;5;32m[AndroidUiautomator2Driver@1965 (1bf46aad)]&amp#27;[0m Responding to client with driver.findElements() result: [{"element-6066-11e4-a52e-4f735466cecf":"00000000-0000-0a0a-ffff-ffff0000007d","ELEMENT":"00000000-0000-0a0a-ffff-ffff0000007d"},{"element-6066-11e4-a52e-4f735466cecf":"00000000-0000-0a0a-ffff-ffff00000085","ELEMENT":"00000000-0000-0a0a-ffff-ffff00000085"}]
&amp#27;[38;5;0m[HTTP]&amp#27;[0m &amp#27;[37m<-- POST /session/1bf46aad-8211-4ff8-b5be-34fb988f3913/elements &amp#27;[39m&amp#27;[32m200&amp#27;[39m &amp#27;[90m13 ms - 267&amp#27;[39m
&amp#27;[38;5;0m[HTTP]&amp#27;[0m &amp#27;[90m&amp#27;[39m
&amp#27;[38;5;0m[HTTP]&amp#27;[0m &amp#27;[37m-->&amp#27;[39m &amp#27;[37mGET&amp#27;[39m &amp#27;[37m/session/1bf46aad-8211-4ff8-b5be-34fb988f3913/context&amp#27;[39m
&amp#27;[38;5;0m[HTTP]&amp#27;[0m &amp#27;[90m{}&amp#27;[39m
[debug] &amp#27;[38;5;32m[AndroidUiautomator2Driver@1965 (1bf46aad)]&amp#27;[0m Calling AppiumDriver.getCurrentContext() with args: ["1bf46aad-8211-4ff8-b5be-34fb988f3913"]
[debug] &amp#27;[38;5;32m[AndroidUiautomator2Driver@1965 (1bf46aad)]&amp#27;[0m Responding to client with driver.getCurrentContext() result: "NATIVE_APP"
&amp#27;[38;5;0m[HTTP]&amp#27;[0m &amp#27;[37m<-- GET /session/1bf46aad-8211-4ff8-b5be-34fb988f3913/context &amp#27;[39m&amp#27;[32m200&amp#27;[39m &amp#27;[90m1 ms - 22&amp#27;[39m
&amp#27;[38;5;0m[HTTP]&amp#27;[0m &amp#27;[90m&amp#27;[39m
&amp#27;[38;5;0m[HTTP]&amp#27;[0m &amp#27;[37m-->&amp#27;[39m &amp#27;[37mPOST&amp#27;[39m &amp#27;[37m/session/1bf46aad-8211-4ff8-b5be-34fb988f3913/elements&amp#27;[39m
&amp#27;[38;5;0m[HTTP]&amp#27;[0m &amp#27;[90m{"using":"id","value":"com.androidsample.generalstore:id/productPrice"}&amp#27;[39m
[debug] &amp#27;[38;5;32m[AndroidUiautomator2Driver@1965 (1bf46aad)]&amp#27;[0m Calling AppiumDriver.findElements() with args: ["id","com.androidsample.generalstore:id/productPrice","1bf46aad-8211-4ff8-b5be-34fb988f3913"]
[debug] &amp#27;[38;5;32m[AndroidUiautomator2Driver@1965 (1bf46aad)]&amp#27;[0m Valid locator strategies for this request: xpath, id, class name, accessibility id, css selector, -android uiautomator
[debug] &amp#27;[38;5;32m[AndroidUiautomator2Driver@1965 (1bf46aad)]&amp#27;[0m Waiting up to 10000 ms for condition
[debug] &amp#27;[38;5;32m[AndroidUiautomator2Driver@1965 (1bf46aad)]&amp#27;[0m Matched '/elements' to command name 'findElements'
[debug] &amp#27;[38;5;32m[AndroidUiautomator2Driver@1965 (1bf46aad)]&amp#27;[0m Proxying [POST /elements] to [POST http://127.0.0.1:8202/session/79da4935-0419-45f6-906b-44db54c8641b/elements] with body: {"strategy":"id","selector":"com.androidsample.generalstore:id/productPrice","context":"","multiple":true}
[debug] &amp#27;[38;5;32m[AndroidUiautomator2Driver@1965 (1bf46aad)]&amp#27;[0m Got response with status 200: {"sessionId":"79da4935-0419-45f6-906b-44db54c8641b","value":[{"ELEMENT":"00000000-0000-0a0a-ffff-ffff0000007d","element-6066-11e4-a52e-4f735466cecf":"00000000-0000-0a0a-ffff-ffff0000007d"},{"ELEMENT":"00000000-0000-0a0a-ffff-ffff00000085","element-6066-11e4-a52e-4f735466cecf":"00000000-0000-0a0a-ffff-ffff00000085"}]}
[debug] &amp#27;[38;5;32m[AndroidUiautomator2Driver@1965 (1bf46aad)]&amp#27;[0m Responding to client with driver.findElements() result: [{"element-6066-11e4-a52e-4f735466cecf":"00000000-0000-0a0a-ffff-ffff0000007d","ELEMENT":"00000000-0000-0a0a-ffff-ffff0000007d"},{"element-6066-11e4-a52e-4f735466cecf":"00000000-0000-0a0a-ffff-ffff00000085","ELEMENT":"00000000-0000-0a0a-ffff-ffff00000085"}]
&amp#27;[38;5;0m[HTTP]&amp#27;[0m &amp#27;[37m<-- POST /session/1bf46aad-8211-4ff8-b5be-34fb988f3913/elements &amp#27;[39m&amp#27;[32m200&amp#27;[39m &amp#27;[90m15 ms - 267&amp#27;[39m
&amp#27;[38;5;0m[HTTP]&amp#27;[0m &amp#27;[90m&amp#27;[39m
&amp#27;[38;5;0m[HTTP]&amp#27;[0m &amp#27;[37m-->&amp#27;[39m &amp#27;[37mGET&amp#27;[39m &amp#27;[37m/session/1bf46aad-8211-4ff8-b5be-34fb988f3913/element/00000000-0000-0a0a-ffff-ffff0000007d/text&amp#27;[39m
&amp#27;[38;5;0m[HTTP]&amp#27;[0m &amp#27;[90m{}&amp#27;[39m
&amp#27;[38;5;32m[AndroidUiautomator2Driver@1965 (1bf46aad)]&amp#27;[0m Driver proxy active, passing request on via HTTP proxy
[debug] &amp#27;[38;5;32m[AndroidUiautomator2Driver@1965 (1bf46aad)]&amp#27;[0m Matched '/session/1bf46aad-8211-4ff8-b5be-34fb988f3913/element/00000000-0000-0a0a-ffff-ffff0000007d/text' to command name 'getText'
[debug] &amp#27;[38;5;32m[AndroidUiautomator2Driver@1965 (1bf46aad)]&amp#27;[0m Proxying [GET /session/1bf46aad-8211-4ff8-b5be-34fb988f3913/element/00000000-0000-0a0a-ffff-ffff0000007d/text] to [GET http://127.0.0.1:8202/session/79da4935-0419-45f6-906b-44db54c8641b/element/00000000-0000-0a0a-ffff-ffff0000007d/text] with no body
[debug] &amp#27;[38;5;32m[AndroidUiautomator2Driver@1965 (1bf46aad)]&amp#27;[0m Got response with status 200: {"sessionId":"79da4935-0419-45f6-906b-44db54c8641b","value":"$160.97"}
&amp#27;[38;5;32m[AndroidUiautomator2Driver@1965 (1bf46aad)]&amp#27;[0m Replacing sessionId 79da4935-0419-45f6-906b-44db54c8641b with 1bf46aad-8211-4ff8-b5be-34fb988f3913
&amp#27;[38;5;0m[HTTP]&amp#27;[0m &amp#27;[37m<-- GET /session/1bf46aad-8211-4ff8-b5be-34fb988f3913/element/00000000-0000-0a0a-ffff-ffff0000007d/text &amp#27;[39m&amp#27;[32m200&amp#27;[39m &amp#27;[90m7 ms - 70&amp#27;[39m
&amp#27;[38;5;0m[HTTP]&amp#27;[0m &amp#27;[90m&amp#27;[39m
&amp#27;[38;5;0m[HTTP]&amp#27;[0m &amp#27;[37m-->&amp#27;[39m &amp#27;[37mGET&amp#27;[39m &amp#27;[37m/session/1bf46aad-8211-4ff8-b5be-34fb988f3913/context&amp#27;[39m
&amp#27;[38;5;0m[HTTP]&amp#27;[0m &amp#27;[90m{}&amp#27;[39m
[debug] &amp#27;[38;5;32m[AndroidUiautomator2Driver@1965 (1bf46aad)]&amp#27;[0m Calling AppiumDriver.getCurrentContext() with args: ["1bf46aad-8211-4ff8-b5be-34fb988f3913"]
[debug] &amp#27;[38;5;32m[AndroidUiautomator2Driver@1965 (1bf46aad)]&amp#27;[0m Responding to client with driver.getCurrentContext() result: "NATIVE_APP"
&amp#27;[38;5;0m[HTTP]&amp#27;[0m &amp#27;[37m<-- GET /session/1bf46aad-8211-4ff8-b5be-34fb988f3913/context &amp#27;[39m&amp#27;[32m200&amp#27;[39m &amp#27;[90m1 ms - 22&amp#27;[39m
&amp#27;[38;5;0m[HTTP]&amp#27;[0m &amp#27;[90m&amp#27;[39m
&amp#27;[38;5;0m[HTTP]&amp#27;[0m &amp#27;[37m-->&amp#27;[39m &amp#27;[37mPOST&amp#27;[39m &amp#27;[37m/session/1bf46aad-8211-4ff8-b5be-34fb988f3913/elements&amp#27;[39m
&amp#27;[38;5;0m[HTTP]&amp#27;[0m &amp#27;[90m{"using":"id","value":"com.androidsample.generalstore:id/productPrice"}&amp#27;[39m
[debug] &amp#27;[38;5;32m[AndroidUiautomator2Driver@1965 (1bf46aad)]&amp#27;[0m Calling AppiumDriver.findElements() with args: ["id","com.androidsample.generalstore:id/productPrice","1bf46aad-8211-4ff8-b5be-34fb988f3913"]
[debug] &amp#27;[38;5;32m[AndroidUiautomator2Driver@1965 (1bf46aad)]&amp#27;[0m Valid locator strategies for this request: xpath, id, class name, accessibility id, css selector, -android uiautomator
[debug] &amp#27;[38;5;32m[AndroidUiautomator2Driver@1965 (1bf46aad)]&amp#27;[0m Waiting up to 10000 ms for condition
[debug] &amp#27;[38;5;32m[AndroidUiautomator2Driver@1965 (1bf46aad)]&amp#27;[0m Matched '/elements' to command name 'findElements'
[debug] &amp#27;[38;5;32m[AndroidUiautomator2Driver@1965 (1bf46aad)]&amp#27;[0m Proxying [POST /elements] to [POST http://127.0.0.1:8202/session/79da4935-0419-45f6-906b-44db54c8641b/elements] with body: {"strategy":"id","selector":"com.androidsample.generalstore:id/productPrice","context":"","multiple":true}
[debug] &amp#27;[38;5;32m[AndroidUiautomator2Driver@1965 (1bf46aad)]&amp#27;[0m Got response with status 200: {"sessionId":"79da4935-0419-45f6-906b-44db54c8641b","value":[{"ELEMENT":"00000000-0000-0a0a-ffff-ffff0000007d","element-6066-11e4-a52e-4f735466cecf":"00000000-0000-0a0a-ffff-ffff0000007d"},{"ELEMENT":"00000000-0000-0a0a-ffff-ffff00000085","element-6066-11e4-a52e-4f735466cecf":"00000000-0000-0a0a-ffff-ffff00000085"}]}
[debug] &amp#27;[38;5;32m[AndroidUiautomator2Driver@1965 (1bf46aad)]&amp#27;[0m Responding to client with driver.findElements() result: [{"element-6066-11e4-a52e-4f735466cecf":"00000000-0000-0a0a-ffff-ffff0000007d","ELEMENT":"00000000-0000-0a0a-ffff-ffff0000007d"},{"element-6066-11e4-a52e-4f735466cecf":"00000000-0000-0a0a-ffff-ffff00000085","ELEMENT":"00000000-0000-0a0a-ffff-ffff00000085"}]
&amp#27;[38;5;0m[HTTP]&amp#27;[0m &amp#27;[37m<-- POST /session/1bf46aad-8211-4ff8-b5be-34fb988f3913/elements &amp#27;[39m&amp#27;[32m200&amp#27;[39m &amp#27;[90m10 ms - 267&amp#27;[39m
&amp#27;[38;5;0m[HTTP]&amp#27;[0m &amp#27;[90m&amp#27;[39m
&amp#27;[38;5;0m[HTTP]&amp#27;[0m &amp#27;[37m-->&amp#27;[39m &amp#27;[37mGET&amp#27;[39m &amp#27;[37m/session/1bf46aad-8211-4ff8-b5be-34fb988f3913/element/00000000-0000-0a0a-ffff-ffff00000085/text&amp#27;[39m
&amp#27;[38;5;0m[HTTP]&amp#27;[0m &amp#27;[90m{}&amp#27;[39m
&amp#27;[38;5;32m[AndroidUiautomator2Driver@1965 (1bf46aad)]&amp#27;[0m Driver proxy active, passing request on via HTTP proxy
[debug] &amp#27;[38;5;32m[AndroidUiautomator2Driver@1965 (1bf46aad)]&amp#27;[0m Matched '/session/1bf46aad-8211-4ff8-b5be-34fb988f3913/element/00000000-0000-0a0a-ffff-ffff00000085/text' to command name 'getText'
[debug] &amp#27;[38;5;32m[AndroidUiautomator2Driver@1965 (1bf46aad)]&amp#27;[0m Proxying [GET /session/1bf46aad-8211-4ff8-b5be-34fb988f3913/element/00000000-0000-0a0a-ffff-ffff00000085/text] to [GET http://127.0.0.1:8202/session/79da4935-0419-45f6-906b-44db54c8641b/element/00000000-0000-0a0a-ffff-ffff00000085/text] with no body
[debug] &amp#27;[38;5;32m[AndroidUiautomator2Driver@1965 (1bf46aad)]&amp#27;[0m Got response with status 200: {"sessionId":"79da4935-0419-45f6-906b-44db54c8641b","value":"$120.0"}
&amp#27;[38;5;32m[AndroidUiautomator2Driver@1965 (1bf46aad)]&amp#27;[0m Replacing sessionId 79da4935-0419-45f6-906b-44db54c8641b with 1bf46aad-8211-4ff8-b5be-34fb988f3913
&amp#27;[38;5;0m[HTTP]&amp#27;[0m &amp#27;[37m<-- GET /session/1bf46aad-8211-4ff8-b5be-34fb988f3913/element/00000000-0000-0a0a-ffff-ffff00000085/text &amp#27;[39m&amp#27;[32m200&amp#27;[39m &amp#27;[90m7 ms - 69&amp#27;[39m
&amp#27;[38;5;0m[HTTP]&amp#27;[0m &amp#27;[90m&amp#27;[39m
&amp#27;[38;5;0m[HTTP]&amp#27;[0m &amp#27;[37m-->&amp#27;[39m &amp#27;[37mGET&amp#27;[39m &amp#27;[37m/session/1bf46aad-8211-4ff8-b5be-34fb988f3913/context&amp#27;[39m
&amp#27;[38;5;0m[HTTP]&amp#27;[0m &amp#27;[90m{}&amp#27;[39m
[debug] &amp#27;[38;5;32m[AndroidUiautomator2Driver@1965 (1bf46aad)]&amp#27;[0m Calling AppiumDriver.getCurrentContext() with args: ["1bf46aad-8211-4ff8-b5be-34fb988f3913"]
[debug] &amp#27;[38;5;32m[AndroidUiautomator2Driver@1965 (1bf46aad)]&amp#27;[0m Responding to client with driver.getCurrentContext() result: "NATIVE_APP"
&amp#27;[38;5;0m[HTTP]&amp#27;[0m &amp#27;[37m<-- GET /session/1bf46aad-8211-4ff8-b5be-34fb988f3913/context &amp#27;[39m&amp#27;[32m200&amp#27;[39m &amp#27;[90m1 ms - 22&amp#27;[39m
&amp#27;[38;5;0m[HTTP]&amp#27;[0m &amp#27;[90m&amp#27;[39m
&amp#27;[38;5;0m[HTTP]&amp#27;[0m &amp#27;[37m-->&amp#27;[39m &amp#27;[37mPOST&amp#27;[39m &amp#27;[37m/session/1bf46aad-8211-4ff8-b5be-34fb988f3913/element&amp#27;[39m
&amp#27;[38;5;0m[HTTP]&amp#27;[0m &amp#27;[90m{"using":"id","value":"com.androidsample.generalstore:id/totalAmountLbl"}&amp#27;[39m
[debug] &amp#27;[38;5;32m[AndroidUiautomator2Driver@1965 (1bf46aad)]&amp#27;[0m Calling AppiumDriver.findElement() with args: ["id","com.androidsample.generalstore:id/totalAmountLbl","1bf46aad-8211-4ff8-b5be-34fb988f3913"]
[debug] &amp#27;[38;5;32m[AndroidUiautomator2Driver@1965 (1bf46aad)]&amp#27;[0m Valid locator strategies for this request: xpath, id, class name, accessibility id, css selector, -android uiautomator
[debug] &amp#27;[38;5;32m[AndroidUiautomator2Driver@1965 (1bf46aad)]&amp#27;[0m Waiting up to 10000 ms for condition
[debug] &amp#27;[38;5;32m[AndroidUiautomator2Driver@1965 (1bf46aad)]&amp#27;[0m Matched '/element' to command name 'findElement'
[debug] &amp#27;[38;5;32m[AndroidUiautomator2Driver@1965 (1bf46aad)]&amp#27;[0m Proxying [POST /element] to [POST http://127.0.0.1:8202/session/79da4935-0419-45f6-906b-44db54c8641b/element] with body: {"strategy":"id","selector":"com.androidsample.generalstore:id/totalAmountLbl","context":"","multiple":false}
[debug] &amp#27;[38;5;32m[AndroidUiautomator2Driver@1965 (1bf46aad)]&amp#27;[0m Got response with status 200: {"sessionId":"79da4935-0419-45f6-906b-44db54c8641b","value":{"ELEMENT":"00000000-0000-0a0a-ffff-ffff00000071","element-6066-11e4-a52e-4f735466cecf":"00000000-0000-0a0a-ffff-ffff00000071"}}
[debug] &amp#27;[38;5;32m[AndroidUiautomator2Driver@1965 (1bf46aad)]&amp#27;[0m Responding to client with driver.findElement() result: {"element-6066-11e4-a52e-4f735466cecf":"00000000-0000-0a0a-ffff-ffff00000071","ELEMENT":"00000000-0000-0a0a-ffff-ffff00000071"}
&amp#27;[38;5;0m[HTTP]&amp#27;[0m &amp#27;[37m<-- POST /session/1bf46aad-8211-4ff8-b5be-34fb988f3913/element &amp#27;[39m&amp#27;[32m200&amp#27;[39m &amp#27;[90m10 ms - 137&amp#27;[39m
&amp#27;[38;5;0m[HTTP]&amp#27;[0m &amp#27;[90m&amp#27;[39m
&amp#27;[38;5;0m[HTTP]&amp#27;[0m &amp#27;[37m-->&amp#27;[39m &amp#27;[37mGET&amp#27;[39m &amp#27;[37m/session/1bf46aad-8211-4ff8-b5be-34fb988f3913/element/00000000-0000-0a0a-ffff-ffff00000071/text&amp#27;[39m
&amp#27;[38;5;0m[HTTP]&amp#27;[0m &amp#27;[90m{}&amp#27;[39m
&amp#27;[38;5;32m[AndroidUiautomator2Driver@1965 (1bf46aad)]&amp#27;[0m Driver proxy active, passing request on via HTTP proxy
[debug] &amp#27;[38;5;32m[AndroidUiautomator2Driver@1965 (1bf46aad)]&amp#27;[0m Matched '/session/1bf46aad-8211-4ff8-b5be-34fb988f3913/element/00000000-0000-0a0a-ffff-ffff00000071/text' to command name 'getText'
[debug] &amp#27;[38;5;32m[AndroidUiautomator2Driver@1965 (1bf46aad)]&amp#27;[0m Proxying [GET /session/1bf46aad-8211-4ff8-b5be-34fb988f3913/element/00000000-0000-0a0a-ffff-ffff00000071/text] to [GET http://127.0.0.1:8202/session/79da4935-0419-45f6-906b-44db54c8641b/element/00000000-0000-0a0a-ffff-ffff00000071/text] with no body
[debug] &amp#27;[38;5;32m[AndroidUiautomator2Driver@1965 (1bf46aad)]&amp#27;[0m Got response with status 200: {"sessionId":"79da4935-0419-45f6-906b-44db54c8641b","value":"$ 280.97"}
&amp#27;[38;5;32m[AndroidUiautomator2Driver@1965 (1bf46aad)]&amp#27;[0m Replacing sessionId 79da4935-0419-45f6-906b-44db54c8641b with 1bf46aad-8211-4ff8-b5be-34fb988f3913
&amp#27;[38;5;0m[HTTP]&amp#27;[0m &amp#27;[37m<-- GET /session/1bf46aad-8211-4ff8-b5be-34fb988f3913/element/00000000-0000-0a0a-ffff-ffff00000071/text &amp#27;[39m&amp#27;[32m200&amp#27;[39m &amp#27;[90m6 ms - 71&amp#27;[39m
&amp#27;[38;5;0m[HTTP]&amp#27;[0m &amp#27;[90m&amp#27;[39m
&amp#27;[38;5;0m[HTTP]&amp#27;[0m &amp#27;[37m-->&amp#27;[39m &amp#27;[37mGET&amp#27;[39m &amp#27;[37m/session/1bf46aad-8211-4ff8-b5be-34fb988f3913/context&amp#27;[39m
&amp#27;[38;5;0m[HTTP]&amp#27;[0m &amp#27;[90m{}&amp#27;[39m
[debug] &amp#27;[38;5;32m[AndroidUiautomator2Driver@1965 (1bf46aad)]&amp#27;[0m Calling AppiumDriver.getCurrentContext() with args: ["1bf46aad-8211-4ff8-b5be-34fb988f3913"]
[debug] &amp#27;[38;5;32m[AndroidUiautomator2Driver@1965 (1bf46aad)]&amp#27;[0m Responding to client with driver.getCurrentContext() result: "NATIVE_APP"
&amp#27;[38;5;0m[HTTP]&amp#27;[0m &amp#27;[37m<-- GET /session/1bf46aad-8211-4ff8-b5be-34fb988f3913/context &amp#27;[39m&amp#27;[32m200&amp#27;[39m &amp#27;[90m1 ms - 22&amp#27;[39m
&amp#27;[38;5;0m[HTTP]&amp#27;[0m &amp#27;[90m&amp#27;[39m
&amp#27;[38;5;0m[HTTP]&amp#27;[0m &amp#27;[37m-->&amp#27;[39m &amp#27;[37mPOST&amp#27;[39m &amp#27;[37m/session/1bf46aad-8211-4ff8-b5be-34fb988f3913/element&amp#27;[39m
&amp#27;[38;5;0m[HTTP]&amp#27;[0m &amp#27;[90m{"using":"id","value":"com.androidsample.generalstore:id/termsButton"}&amp#27;[39m
[debug] &amp#27;[38;5;32m[AndroidUiautomator2Driver@1965 (1bf46aad)]&amp#27;[0m Calling AppiumDriver.findElement() with args: ["id","com.androidsample.generalstore:id/termsButton","1bf46aad-8211-4ff8-b5be-34fb988f3913"]
[debug] &amp#27;[38;5;32m[AndroidUiautomator2Driver@1965 (1bf46aad)]&amp#27;[0m Valid locator strategies for this request: xpath, id, class name, accessibility id, css selector, -android uiautomator
[debug] &amp#27;[38;5;32m[AndroidUiautomator2Driver@1965 (1bf46aad)]&amp#27;[0m Waiting up to 10000 ms for condition
[debug] &amp#27;[38;5;32m[AndroidUiautomator2Driver@1965 (1bf46aad)]&amp#27;[0m Matched '/element' to command name 'findElement'
[debug] &amp#27;[38;5;32m[AndroidUiautomator2Driver@1965 (1bf46aad)]&amp#27;[0m Proxying [POST /element] to [POST http://127.0.0.1:8202/session/79da4935-0419-45f6-906b-44db54c8641b/element] with body: {"strategy":"id","selector":"com.androidsample.generalstore:id/termsButton","context":"","multiple":false}
[debug] &amp#27;[38;5;32m[AndroidUiautomator2Driver@1965 (1bf46aad)]&amp#27;[0m Got response with status 200: {"sessionId":"79da4935-0419-45f6-906b-44db54c8641b","value":{"ELEMENT":"00000000-0000-0a0a-ffff-ffff00000074","element-6066-11e4-a52e-4f735466cecf":"00000000-0000-0a0a-ffff-ffff00000074"}}
[debug] &amp#27;[38;5;32m[AndroidUiautomator2Driver@1965 (1bf46aad)]&amp#27;[0m Responding to client with driver.findElement() result: {"element-6066-11e4-a52e-4f735466cecf":"00000000-0000-0a0a-ffff-ffff00000074","ELEMENT":"00000000-0000-0a0a-ffff-ffff00000074"}
&amp#27;[38;5;0m[HTTP]&amp#27;[0m &amp#27;[37m<-- POST /session/1bf46aad-8211-4ff8-b5be-34fb988f3913/element &amp#27;[39m&amp#27;[32m200&amp#27;[39m &amp#27;[90m9 ms - 137&amp#27;[39m
&amp#27;[38;5;0m[HTTP]&amp#27;[0m &amp#27;[90m&amp#27;[39m
&amp#27;[38;5;0m[HTTP]&amp#27;[0m &amp#27;[37m-->&amp#27;[39m &amp#27;[37mPOST&amp#27;[39m &amp#27;[37m/session/1bf46aad-8211-4ff8-b5be-34fb988f3913/execute/sync&amp#27;[39m
&amp#27;[38;5;0m[HTTP]&amp#27;[0m &amp#27;[90m{"script":"mobile: longClickGesture","args":[{"elementId":"00000000-0000-0a0a-ffff-ffff00000074","duration":2000}]}&amp#27;[39m
[debug] &amp#27;[38;5;32m[AndroidUiautomator2Driver@1965 (1bf46aad)]&amp#27;[0m Calling AppiumDriver.execute() with args: ["mobile: longClickGesture",[{"elementId":"00000000-0000-0a0a-ffff-ffff00000074","duration":2000}],"1bf46aad-8211-4ff8-b5be-34fb988f3913"]
&amp#27;[38;5;32m[AndroidUiautomator2Driver@1965 (1bf46aad)]&amp#27;[0m Executing native command 'mobile: longClickGesture'
[debug] &amp#27;[38;5;32m[AndroidUiautomator2Driver@1965 (1bf46aad)]&amp#27;[0m Proxying [POST /appium/gestures/long_click] to [POST http://127.0.0.1:8202/session/79da4935-0419-45f6-906b-44db54c8641b/appium/gestures/long_click] with body: {"origin":{"ELEMENT":"00000000-0000-0a0a-ffff-ffff00000074","element-6066-11e4-a52e-4f735466cecf":"00000000-0000-0a0a-ffff-ffff00000074"},"duration":2000}
[debug] &amp#27;[38;5;32m[AndroidUiautomator2Driver@1965 (1bf46aad)]&amp#27;[0m Got response with status 200: {"sessionId":"79da4935-0419-45f6-906b-44db54c8641b","value":null}
[debug] &amp#27;[38;5;32m[AndroidUiautomator2Driver@1965 (1bf46aad)]&amp#27;[0m Responding to client with driver.execute() result: null
&amp#27;[38;5;0m[HTTP]&amp#27;[0m &amp#27;[37m<-- POST /session/1bf46aad-8211-4ff8-b5be-34fb988f3913/execute/sync &amp#27;[39m&amp#27;[32m200&amp#27;[39m &amp#27;[90m2048 ms - 14&amp#27;[39m
&amp#27;[38;5;0m[HTTP]&amp#27;[0m &amp#27;[90m&amp#27;[39m
&amp#27;[38;5;0m[HTTP]&amp#27;[0m &amp#27;[37m-->&amp#27;[39m &amp#27;[37mGET&amp#27;[39m &amp#27;[37m/session/1bf46aad-8211-4ff8-b5be-34fb988f3913/context&amp#27;[39m
&amp#27;[38;5;0m[HTTP]&amp#27;[0m &amp#27;[90m{}&amp#27;[39m
[debug] &amp#27;[38;5;32m[AndroidUiautomator2Driver@1965 (1bf46aad)]&amp#27;[0m Calling AppiumDriver.getCurrentContext() with args: ["1bf46aad-8211-4ff8-b5be-34fb988f3913"]
[debug] &amp#27;[38;5;32m[AndroidUiautomator2Driver@1965 (1bf46aad)]&amp#27;[0m Responding to client with driver.getCurrentContext() result: "NATIVE_APP"
&amp#27;[38;5;0m[HTTP]&amp#27;[0m &amp#27;[37m<-- GET /session/1bf46aad-8211-4ff8-b5be-34fb988f3913/context &amp#27;[39m&amp#27;[32m200&amp#27;[39m &amp#27;[90m1 ms - 22&amp#27;[39m
&amp#27;[38;5;0m[HTTP]&amp#27;[0m &amp#27;[90m&amp#27;[39m
&amp#27;[38;5;0m[HTTP]&amp#27;[0m &amp#27;[37m-->&amp#27;[39m &amp#27;[37mPOST&amp#27;[39m &amp#27;[37m/session/1bf46aad-8211-4ff8-b5be-34fb988f3913/element&amp#27;[39m
&amp#27;[38;5;0m[HTTP]&amp#27;[0m &amp#27;[90m{"using":"id","value":"android:id/button1"}&amp#27;[39m
[debug] &amp#27;[38;5;32m[AndroidUiautomator2Driver@1965 (1bf46aad)]&amp#27;[0m Calling AppiumDriver.findElement() with args: ["id","android:id/button1","1bf46aad-8211-4ff8-b5be-34fb988f3913"]
[debug] &amp#27;[38;5;32m[AndroidUiautomator2Driver@1965 (1bf46aad)]&amp#27;[0m Valid locator strategies for this request: xpath, id, class name, accessibility id, css selector, -android uiautomator
[debug] &amp#27;[38;5;32m[AndroidUiautomator2Driver@1965 (1bf46aad)]&amp#27;[0m Waiting up to 10000 ms for condition
[debug] &amp#27;[38;5;32m[AndroidUiautomator2Driver@1965 (1bf46aad)]&amp#27;[0m Matched '/element' to command name 'findElement'
[debug] &amp#27;[38;5;32m[AndroidUiautomator2Driver@1965 (1bf46aad)]&amp#27;[0m Proxying [POST /element] to [POST http://127.0.0.1:8202/session/79da4935-0419-45f6-906b-44db54c8641b/element] with body: {"strategy":"id","selector":"android:id/button1","context":"","multiple":false}
[debug] &amp#27;[38;5;32m[AndroidUiautomator2Driver@1965 (1bf46aad)]&amp#27;[0m Got response with status 200: {"sessionId":"79da4935-0419-45f6-906b-44db54c8641b","value":{"ELEMENT":"00000000-0000-0a0b-ffff-ffff000000a0","element-6066-11e4-a52e-4f735466cecf":"00000000-0000-0a0b-ffff-ffff000000a0"}}
[debug] &amp#27;[38;5;32m[AndroidUiautomator2Driver@1965 (1bf46aad)]&amp#27;[0m Responding to client with driver.findElement() result: {"element-6066-11e4-a52e-4f735466cecf":"00000000-0000-0a0b-ffff-ffff000000a0","ELEMENT":"00000000-0000-0a0b-ffff-ffff000000a0"}
&amp#27;[38;5;0m[HTTP]&amp#27;[0m &amp#27;[37m<-- POST /session/1bf46aad-8211-4ff8-b5be-34fb988f3913/element &amp#27;[39m&amp#27;[32m200&amp#27;[39m &amp#27;[90m27 ms - 137&amp#27;[39m
&amp#27;[38;5;0m[HTTP]&amp#27;[0m &amp#27;[90m&amp#27;[39m
&amp#27;[38;5;0m[HTTP]&amp#27;[0m &amp#27;[37m-->&amp#27;[39m &amp#27;[37mPOST&amp#27;[39m &amp#27;[37m/session/1bf46aad-8211-4ff8-b5be-34fb988f3913/element/00000000-0000-0a0b-ffff-ffff000000a0/click&amp#27;[39m
&amp#27;[38;5;0m[HTTP]&amp#27;[0m &amp#27;[90m{"id":"00000000-0000-0a0b-ffff-ffff000000a0"}&amp#27;[39m
[debug] &amp#27;[38;5;32m[AndroidUiautomator2Driver@1965 (1bf46aad)]&amp#27;[0m Calling AppiumDriver.click() with args: ["00000000-0000-0a0b-ffff-ffff000000a0","1bf46aad-8211-4ff8-b5be-34fb988f3913"]
[debug] &amp#27;[38;5;32m[AndroidUiautomator2Driver@1965 (1bf46aad)]&amp#27;[0m Matched '/element/00000000-0000-0a0b-ffff-ffff000000a0/click' to command name 'click'
[debug] &amp#27;[38;5;32m[AndroidUiautomator2Driver@1965 (1bf46aad)]&amp#27;[0m Proxying [POST /element/00000000-0000-0a0b-ffff-ffff000000a0/click] to [POST http://127.0.0.1:8202/session/79da4935-0419-45f6-906b-44db54c8641b/element/00000000-0000-0a0b-ffff-ffff000000a0/click] with body: {"element":"00000000-0000-0a0b-ffff-ffff000000a0"}
[debug] &amp#27;[38;5;32m[AndroidUiautomator2Driver@1965 (1bf46aad)]&amp#27;[0m Got response with status 200: {"sessionId":"79da4935-0419-45f6-906b-44db54c8641b","value":null}
[debug] &amp#27;[38;5;32m[AndroidUiautomator2Driver@1965 (1bf46aad)]&amp#27;[0m Responding to client with driver.click() result: null
&amp#27;[38;5;0m[HTTP]&amp#27;[0m &amp#27;[37m<-- POST /session/1bf46aad-8211-4ff8-b5be-34fb988f3913/element/00000000-0000-0a0b-ffff-ffff000000a0/click &amp#27;[39m&amp#27;[32m200&amp#27;[39m &amp#27;[90m66 ms - 14&amp#27;[39m
&amp#27;[38;5;0m[HTTP]&amp#27;[0m &amp#27;[90m&amp#27;[39m
&amp#27;[38;5;0m[HTTP]&amp#27;[0m &amp#27;[37m-->&amp#27;[39m &amp#27;[37mGET&amp#27;[39m &amp#27;[37m/session/1bf46aad-8211-4ff8-b5be-34fb988f3913/context&amp#27;[39m
&amp#27;[38;5;0m[HTTP]&amp#27;[0m &amp#27;[90m{}&amp#27;[39m
[debug] &amp#27;[38;5;32m[AndroidUiautomator2Driver@1965 (1bf46aad)]&amp#27;[0m Calling AppiumDriver.getCurrentContext() with args: ["1bf46aad-8211-4ff8-b5be-34fb988f3913"]
[debug] &amp#27;[38;5;32m[AndroidUiautomator2Driver@1965 (1bf46aad)]&amp#27;[0m Responding to client with driver.getCurrentContext() result: "NATIVE_APP"
&amp#27;[38;5;0m[HTTP]&amp#27;[0m &amp#27;[37m<-- GET /session/1bf46aad-8211-4ff8-b5be-34fb988f3913/context &amp#27;[39m&amp#27;[32m200&amp#27;[39m &amp#27;[90m1 ms - 22&amp#27;[39m
&amp#27;[38;5;0m[HTTP]&amp#27;[0m &amp#27;[90m&amp#27;[39m
&amp#27;[38;5;0m[HTTP]&amp#27;[0m &amp#27;[37m-->&amp#27;[39m &amp#27;[37mPOST&amp#27;[39m &amp#27;[37m/session/1bf46aad-8211-4ff8-b5be-34fb988f3913/element&amp#27;[39m
&amp#27;[38;5;0m[HTTP]&amp#27;[0m &amp#27;[90m{"using":"class name","value":"android.widget.CheckBox"}&amp#27;[39m
[debug] &amp#27;[38;5;32m[AndroidUiautomator2Driver@1965 (1bf46aad)]&amp#27;[0m Calling AppiumDriver.findElement() with args: ["class name","android.widget.CheckBox","1bf46aad-8211-4ff8-b5be-34fb988f3913"]
[debug] &amp#27;[38;5;32m[AndroidUiautomator2Driver@1965 (1bf46aad)]&amp#27;[0m Valid locator strategies for this request: xpath, id, class name, accessibility id, css selector, -android uiautomator
[debug] &amp#27;[38;5;32m[AndroidUiautomator2Driver@1965 (1bf46aad)]&amp#27;[0m Waiting up to 10000 ms for condition
[debug] &amp#27;[38;5;32m[AndroidUiautomator2Driver@1965 (1bf46aad)]&amp#27;[0m Matched '/element' to command name 'findElement'
[debug] &amp#27;[38;5;32m[AndroidUiautomator2Driver@1965 (1bf46aad)]&amp#27;[0m Proxying [POST /element] to [POST http://127.0.0.1:8202/session/79da4935-0419-45f6-906b-44db54c8641b/element] with body: {"strategy":"class name","selector":"android.widget.CheckBox","context":"","multiple":false}
[debug] &amp#27;[38;5;32m[AndroidUiautomator2Driver@1965 (1bf46aad)]&amp#27;[0m Got response with status 200: {"sessionId":"79da4935-0419-45f6-906b-44db54c8641b","value":{"ELEMENT":"00000000-0000-0a0a-ffff-ffff00000072","element-6066-11e4-a52e-4f735466cecf":"00000000-0000-0a0a-ffff-ffff00000072"}}
[debug] &amp#27;[38;5;32m[AndroidUiautomator2Driver@1965 (1bf46aad)]&amp#27;[0m Responding to client with driver.findElement() result: {"element-6066-11e4-a52e-4f735466cecf":"00000000-0000-0a0a-ffff-ffff00000072","ELEMENT":"00000000-0000-0a0a-ffff-ffff00000072"}
&amp#27;[38;5;0m[HTTP]&amp#27;[0m &amp#27;[37m<-- POST /session/1bf46aad-8211-4ff8-b5be-34fb988f3913/element &amp#27;[39m&amp#27;[32m200&amp#27;[39m &amp#27;[90m268 ms - 137&amp#27;[39m
&amp#27;[38;5;0m[HTTP]&amp#27;[0m &amp#27;[90m&amp#27;[39m
&amp#27;[38;5;0m[HTTP]&amp#27;[0m &amp#27;[37m-->&amp#27;[39m &amp#27;[37mPOST&amp#27;[39m &amp#27;[37m/session/1bf46aad-8211-4ff8-b5be-34fb988f3913/element/00000000-0000-0a0a-ffff-ffff00000072/click&amp#27;[39m
&amp#27;[38;5;0m[HTTP]&amp#27;[0m &amp#27;[90m{"id":"00000000-0000-0a0a-ffff-ffff00000072"}&amp#27;[39m
[debug] &amp#27;[38;5;32m[AndroidUiautomator2Driver@1965 (1bf46aad)]&amp#27;[0m Calling AppiumDriver.click() with args: ["00000000-0000-0a0a-ffff-ffff00000072","1bf46aad-8211-4ff8-b5be-34fb988f3913"]
[debug] &amp#27;[38;5;32m[AndroidUiautomator2Driver@1965 (1bf46aad)]&amp#27;[0m Matched '/element/00000000-0000-0a0a-ffff-ffff00000072/click' to command name 'click'
[debug] &amp#27;[38;5;32m[AndroidUiautomator2Driver@1965 (1bf46aad)]&amp#27;[0m Proxying [POST /element/00000000-0000-0a0a-ffff-ffff00000072/click] to [POST http://127.0.0.1:8202/session/79da4935-0419-45f6-906b-44db54c8641b/element/00000000-0000-0a0a-ffff-ffff00000072/click] with body: {"element":"00000000-0000-0a0a-ffff-ffff00000072"}
[debug] &amp#27;[38;5;32m[AndroidUiautomator2Driver@1965 (1bf46aad)]&amp#27;[0m Got response with status 200: {"sessionId":"79da4935-0419-45f6-906b-44db54c8641b","value":null}
[debug] &amp#27;[38;5;32m[AndroidUiautomator2Driver@1965 (1bf46aad)]&amp#27;[0m Responding to client with driver.click() result: null
&amp#27;[38;5;0m[HTTP]&amp#27;[0m &amp#27;[37m<-- POST /session/1bf46aad-8211-4ff8-b5be-34fb988f3913/element/00000000-0000-0a0a-ffff-ffff00000072/click &amp#27;[39m&amp#27;[32m200&amp#27;[39m &amp#27;[90m285 ms - 14&amp#27;[39m
&amp#27;[38;5;0m[HTTP]&amp#27;[0m &amp#27;[90m&amp#27;[39m
&amp#27;[38;5;0m[HTTP]&amp#27;[0m &amp#27;[37m-->&amp#27;[39m &amp#27;[37mGET&amp#27;[39m &amp#27;[37m/session/1bf46aad-8211-4ff8-b5be-34fb988f3913/context&amp#27;[39m
&amp#27;[38;5;0m[HTTP]&amp#27;[0m &amp#27;[90m{}&amp#27;[39m
[debug] &amp#27;[38;5;32m[AndroidUiautomator2Driver@1965 (1bf46aad)]&amp#27;[0m Calling AppiumDriver.getCurrentContext() with args: ["1bf46aad-8211-4ff8-b5be-34fb988f3913"]
[debug] &amp#27;[38;5;32m[AndroidUiautomator2Driver@1965 (1bf46aad)]&amp#27;[0m Responding to client with driver.getCurrentContext() result: "NATIVE_APP"
&amp#27;[38;5;0m[HTTP]&amp#27;[0m &amp#27;[37m<-- GET /session/1bf46aad-8211-4ff8-b5be-34fb988f3913/context &amp#27;[39m&amp#27;[32m200&amp#27;[39m &amp#27;[90m1 ms - 22&amp#27;[39m
&amp#27;[38;5;0m[HTTP]&amp#27;[0m &amp#27;[90m&amp#27;[39m
&amp#27;[38;5;0m[HTTP]&amp#27;[0m &amp#27;[37m-->&amp#27;[39m &amp#27;[37mPOST&amp#27;[39m &amp#27;[37m/session/1bf46aad-8211-4ff8-b5be-34fb988f3913/element&amp#27;[39m
&amp#27;[38;5;0m[HTTP]&amp#27;[0m &amp#27;[90m{"using":"id","value":"com.androidsample.generalstore:id/btnProceed"}&amp#27;[39m
[debug] &amp#27;[38;5;32m[AndroidUiautomator2Driver@1965 (1bf46aad)]&amp#27;[0m Calling AppiumDriver.findElement() with args: ["id","com.androidsample.generalstore:id/btnProceed","1bf46aad-8211-4ff8-b5be-34fb988f3913"]
[debug] &amp#27;[38;5;32m[AndroidUiautomator2Driver@1965 (1bf46aad)]&amp#27;[0m Valid locator strategies for this request: xpath, id, class name, accessibility id, css selector, -android uiautomator
[debug] &amp#27;[38;5;32m[AndroidUiautomator2Driver@1965 (1bf46aad)]&amp#27;[0m Waiting up to 10000 ms for condition
[debug] &amp#27;[38;5;32m[AndroidUiautomator2Driver@1965 (1bf46aad)]&amp#27;[0m Matched '/element' to command name 'findElement'
[debug] &amp#27;[38;5;32m[AndroidUiautomator2Driver@1965 (1bf46aad)]&amp#27;[0m Proxying [POST /element] to [POST http://127.0.0.1:8202/session/79da4935-0419-45f6-906b-44db54c8641b/element] with body: {"strategy":"id","selector":"com.androidsample.generalstore:id/btnProceed","context":"","multiple":false}
[debug] &amp#27;[38;5;32m[AndroidUiautomator2Driver@1965 (1bf46aad)]&amp#27;[0m Got response with status 200: {"sessionId":"79da4935-0419-45f6-906b-44db54c8641b","value":{"ELEMENT":"00000000-0000-0a0a-ffff-ffff00000073","element-6066-11e4-a52e-4f735466cecf":"00000000-0000-0a0a-ffff-ffff00000073"}}
[debug] &amp#27;[38;5;32m[AndroidUiautomator2Driver@1965 (1bf46aad)]&amp#27;[0m Responding to client with driver.findElement() result: {"element-6066-11e4-a52e-4f735466cecf":"00000000-0000-0a0a-ffff-ffff00000073","ELEMENT":"00000000-0000-0a0a-ffff-ffff00000073"}
&amp#27;[38;5;0m[HTTP]&amp#27;[0m &amp#27;[37m<-- POST /session/1bf46aad-8211-4ff8-b5be-34fb988f3913/element &amp#27;[39m&amp#27;[32m200&amp#27;[39m &amp#27;[90m40 ms - 137&amp#27;[39m
&amp#27;[38;5;0m[HTTP]&amp#27;[0m &amp#27;[90m&amp#27;[39m
&amp#27;[38;5;0m[HTTP]&amp#27;[0m &amp#27;[37m-->&amp#27;[39m &amp#27;[37mPOST&amp#27;[39m &amp#27;[37m/session/1bf46aad-8211-4ff8-b5be-34fb988f3913/element/00000000-0000-0a0a-ffff-ffff00000073/click&amp#27;[39m
&amp#27;[38;5;0m[HTTP]&amp#27;[0m &amp#27;[90m{"id":"00000000-0000-0a0a-ffff-ffff00000073"}&amp#27;[39m
[debug] &amp#27;[38;5;32m[AndroidUiautomator2Driver@1965 (1bf46aad)]&amp#27;[0m Calling AppiumDriver.click() with args: ["00000000-0000-0a0a-ffff-ffff00000073","1bf46aad-8211-4ff8-b5be-34fb988f3913"]
[debug] &amp#27;[38;5;32m[AndroidUiautomator2Driver@1965 (1bf46aad)]&amp#27;[0m Matched '/element/00000000-0000-0a0a-ffff-ffff00000073/click' to command name 'click'
[debug] &amp#27;[38;5;32m[AndroidUiautomator2Driver@1965 (1bf46aad)]&amp#27;[0m Proxying [POST /element/00000000-0000-0a0a-ffff-ffff00000073/click] to [POST http://127.0.0.1:8202/session/79da4935-0419-45f6-906b-44db54c8641b/element/00000000-0000-0a0a-ffff-ffff00000073/click] with body: {"element":"00000000-0000-0a0a-ffff-ffff00000073"}
[debug] &amp#27;[38;5;32m[AndroidUiautomator2Driver@1965 (1bf46aad)]&amp#27;[0m Got response with status 200: {"sessionId":"79da4935-0419-45f6-906b-44db54c8641b","value":null}
[debug] &amp#27;[38;5;32m[AndroidUiautomator2Driver@1965 (1bf46aad)]&amp#27;[0m Responding to client with driver.click() result: null
&amp#27;[38;5;0m[HTTP]&amp#27;[0m &amp#27;[37m<-- POST /session/1bf46aad-8211-4ff8-b5be-34fb988f3913/element/00000000-0000-0a0a-ffff-ffff00000073/click &amp#27;[39m&amp#27;[32m200&amp#27;[39m &amp#27;[90m493 ms - 14&amp#27;[39m
&amp#27;[38;5;0m[HTTP]&amp#27;[0m &amp#27;[90m&amp#27;[39m
]]></system-out>
  </testcase>
  <testcase name="FillForm_ErrorValidation" classname="org.boredkris.pageObjects.android.eCommerce_tc_2" time="19.339">
    <system-out><![CDATA[&amp#27;[38;5;0m[HTTP]&amp#27;[0m &amp#27;[37m-->&amp#27;[39m &amp#27;[37mDELETE&amp#27;[39m &amp#27;[37m/session/1bf46aad-8211-4ff8-b5be-34fb988f3913&amp#27;[39m
&amp#27;[38;5;0m[HTTP]&amp#27;[0m &amp#27;[90m{}&amp#27;[39m
[debug] &amp#27;[38;5;32m[AndroidUiautomator2Driver@1965 (1bf46aad)]&amp#27;[0m Calling AppiumDriver.deleteSession() with args: ["1bf46aad-8211-4ff8-b5be-34fb988f3913"]
[debug] &amp#27;[38;5;16m[AppiumDriver@1f5f]&amp#27;[0m Event 'quitSessionRequested' logged at 1677088201509 (18:50:01 GMT+0100 (Central European Standard Time))
&amp#27;[38;5;16m[AppiumDriver@1f5f]&amp#27;[0m Removing session 1bf46aad-8211-4ff8-b5be-34fb988f3913 from our master session list
[debug] &amp#27;[38;5;32m[AndroidUiautomator2Driver@1965 (1bf46aad)]&amp#27;[0m Deleting UiAutomator2 session
[debug] &amp#27;[38;5;32m[AndroidUiautomator2Driver@1965 (1bf46aad)]&amp#27;[0m Deleting UiAutomator2 server session
[debug] &amp#27;[38;5;32m[AndroidUiautomator2Driver@1965 (1bf46aad)]&amp#27;[0m Matched '/' to command name 'deleteSession'
[debug] &amp#27;[38;5;32m[AndroidUiautomator2Driver@1965 (1bf46aad)]&amp#27;[0m Proxying [DELETE /] to [DELETE http://127.0.0.1:8202/session/79da4935-0419-45f6-906b-44db54c8641b] with no body
[debug] &amp#27;[38;5;32m[AndroidUiautomator2Driver@1965 (1bf46aad)]&amp#27;[0m Got response with status 200: {"sessionId":"79da4935-0419-45f6-906b-44db54c8641b","value":null}
[debug] &amp#27;[38;5;64m[ADB]&amp#27;[0m Running 'C:\Users\krzys\AppData\Local\Android\Sdk\platform-tools\adb.exe -P 5037 -s emulator-5554 shell dumpsys activity services io.appium.settings/.recorder.RecorderService'
[debug] &amp#27;[38;5;64m[ADB]&amp#27;[0m Running 'C:\Users\krzys\AppData\Local\Android\Sdk\platform-tools\adb.exe -P 5037 -s emulator-5554 shell am force-stop com.androidsample.generalstore'
[debug] &amp#27;[38;5;96m[Logcat]&amp#27;[0m Stopping logcat capture
[debug] &amp#27;[38;5;64m[ADB]&amp#27;[0m Removing forwarded port socket connection: 8202 
[debug] &amp#27;[38;5;64m[ADB]&amp#27;[0m Running 'C:\Users\krzys\AppData\Local\Android\Sdk\platform-tools\adb.exe -P 5037 -s emulator-5554 forward --remove tcp:8202'
&amp#27;[38;5;32m[AndroidUiautomator2Driver@1965 (1bf46aad)]&amp#27;[0m Restoring hidden api policy to the device default configuration
[debug] &amp#27;[38;5;64m[ADB]&amp#27;[0m Running 'C:\Users\krzys\AppData\Local\Android\Sdk\platform-tools\adb.exe -P 5037 -s emulator-5554 shell 'settings delete global hidden_api_policy_pre_p_apps;settings delete global hidden_api_policy_p_apps;settings delete global hidden_api_policy''
[debug] &amp#27;[38;5;16m[AppiumDriver@1f5f]&amp#27;[0m Event 'quitSessionFinished' logged at 1677088201752 (18:50:01 GMT+0100 (Central European Standard Time))
[debug] &amp#27;[38;5;16m[AppiumDriver@1f5f]&amp#27;[0m Received response: null
[debug] &amp#27;[38;5;16m[AppiumDriver@1f5f]&amp#27;[0m But deleting session, so not returning
[debug] &amp#27;[38;5;16m[AppiumDriver@1f5f]&amp#27;[0m Responding to client with driver.deleteSession() result: null
&amp#27;[38;5;0m[HTTP]&amp#27;[0m &amp#27;[37m<-- DELETE /session/1bf46aad-8211-4ff8-b5be-34fb988f3913 &amp#27;[39m&amp#27;[32m200&amp#27;[39m &amp#27;[90m244 ms - 14&amp#27;[39m
&amp#27;[38;5;0m[HTTP]&amp#27;[0m &amp#27;[90m&amp#27;[39m
&amp#27;[35m[Appium]&amp#27;[39m Welcome to Appium v2.0.0-beta.55
&amp#27;[35m[Appium]&amp#27;[39m Attempting to load driver uiautomator2...
[debug] &amp#27;[35m[Appium]&amp#27;[39m Requiring driver at C:\Users\krzys\.appium\node_modules\appium-uiautomator2-driver
&amp#27;[35m[Appium]&amp#27;[39m Attempting to load driver espresso...
[debug] &amp#27;[35m[Appium]&amp#27;[39m Requiring driver at C:\Users\krzys\.appium\node_modules\appium-espresso-driver
&amp#27;[35m[Appium]&amp#27;[39m Appium REST http interface listener started on 0.0.0.0:4723
&amp#27;[35m[Appium]&amp#27;[39m Available drivers:
&amp#27;[35m[Appium]&amp#27;[39m   - uiautomator2@2.12.3 (automationName 'UiAutomator2')
&amp#27;[35m[Appium]&amp#27;[39m   - espresso@2.15.3 (automationName 'Espresso')
&amp#27;[35m[Appium]&amp#27;[39m No plugins have been installed. Use the "appium plugin" command to install the one(s) you want to use.
&amp#27;[38;5;0m[HTTP]&amp#27;[0m &amp#27;[37m-->&amp#27;[39m &amp#27;[37mGET&amp#27;[39m &amp#27;[37m/status&amp#27;[39m
&amp#27;[38;5;0m[HTTP]&amp#27;[0m &amp#27;[90m{}&amp#27;[39m
[debug] &amp#27;[38;5;16m[AppiumDriver@484a]&amp#27;[0m Calling AppiumDriver.getStatus() with args: []
[debug] &amp#27;[38;5;16m[AppiumDriver@484a]&amp#27;[0m Responding to client with driver.getStatus() result: {"build":{"version":"2.0.0-beta.55"}}
&amp#27;[38;5;0m[HTTP]&amp#27;[0m &amp#27;[37m<-- GET /status &amp#27;[39m&amp#27;[32m200&amp#27;[39m &amp#27;[90m4 ms - 47&amp#27;[39m
&amp#27;[38;5;0m[HTTP]&amp#27;[0m &amp#27;[90m&amp#27;[39m
[debug] &amp#27;[38;5;0m[HTTP]&amp#27;[0m Request idempotency key: 6dcbf1fa-303e-4594-9c03-0b8b4b31ed2f
&amp#27;[38;5;0m[HTTP]&amp#27;[0m &amp#27;[37m-->&amp#27;[39m &amp#27;[37mPOST&amp#27;[39m &amp#27;[37m/session&amp#27;[39m
&amp#27;[38;5;0m[HTTP]&amp#27;[0m &amp#27;[90m{"capabilities":{"firstMatch":[{}],"alwaysMatch":{"appium:app":"C:\\Users\\krzys\\OneDrive\\-COURSES-\\Appium - Mobile Testing\\secondTry\\AppiumFrameworkDesign\\src\\test\\java\\org\\boredkris\\pageObjects\\resources\\General-Store.apk","appium:automationName":"UIAutomator2","appium:chromedriverExecutable":"C:\\WebDrivers\\ChromeDriver\\chromedriver_win32_74_0_3729\\chromedriver.exe","appium:deviceName":"Pixel_3_XL_API_29_Android10","platformName":"android"}}}&amp#27;[39m
[debug] &amp#27;[38;5;16m[AppiumDriver@484a]&amp#27;[0m Calling AppiumDriver.createSession() with args: [null,null,{"firstMatch":[{}],"alwaysMatch":{"appium:app":"C:\\Users\\krzys\\OneDrive\\-COURSES-\\Appium - Mobile Testing\\secondTry\\AppiumFrameworkDesign\\src\\test\\java\\org\\boredkris\\pageObjects\\resources\\General-Store.apk","appium:automationName":"UIAutomator2","appium:chromedriverExecutable":"C:\\WebDrivers\\ChromeDriver\\chromedriver_win32_74_0_3729\\chromedriver.exe","appium:deviceName":"Pixel_3_XL_API_29_Android10","platformName":"android"}}]
[debug] &amp#27;[38;5;16m[AppiumDriver@484a]&amp#27;[0m Event 'newSessionRequested' logged at 1677088209790 (18:50:09 GMT+0100 (Central European Standard Time))
&amp#27;[35m[Appium]&amp#27;[39m Attempting to find matching driver for automationName 'UIAutomator2' and platformName 'android'
&amp#27;[35m[Appium]&amp#27;[39m The 'uiautomator2' driver was installed and matched caps.
&amp#27;[35m[Appium]&amp#27;[39m Will require it at C:\Users\krzys\.appium\node_modules\appium-uiautomator2-driver
[debug] &amp#27;[35m[Appium]&amp#27;[39m Requiring driver at C:\Users\krzys\.appium\node_modules\appium-uiautomator2-driver
&amp#27;[38;5;16m[AppiumDriver@484a]&amp#27;[0m Appium v2.0.0-beta.55 creating new AndroidUiautomator2Driver (v2.12.3) session
&amp#27;[38;5;16m[AppiumDriver@484a]&amp#27;[0m Checking BaseDriver versions for Appium and AndroidUiautomator2Driver
&amp#27;[38;5;16m[AppiumDriver@484a]&amp#27;[0m Appium's BaseDriver version is 9.3.1
&amp#27;[38;5;16m[AppiumDriver@484a]&amp#27;[0m AndroidUiautomator2Driver's BaseDriver version is 9.3.1
[debug] &amp#27;[38;5;32m[AndroidUiautomator2Driver@749c]&amp#27;[0m Creating session with W3C capabilities: {
[debug] &amp#27;[38;5;32m[AndroidUiautomator2Driver@749c]&amp#27;[0m   "alwaysMatch": {
[debug] &amp#27;[38;5;32m[AndroidUiautomator2Driver@749c]&amp#27;[0m     "platformName": "android",
[debug] &amp#27;[38;5;32m[AndroidUiautomator2Driver@749c]&amp#27;[0m     "appium:app": "C:\\Users\\krzys\\OneDrive\\-COURSES-\\Appium - Mobile Testing\\secondTry\\AppiumFrameworkDesign\\src\\test\\java\\org\\boredkris\\pageObjects\\resources\\General-Store.apk",
[debug] &amp#27;[38;5;32m[AndroidUiautomator2Driver@749c]&amp#27;[0m     "appium:automationName": "UIAutomator2",
[debug] &amp#27;[38;5;32m[AndroidUiautomator2Driver@749c]&amp#27;[0m     "appium:chromedriverExecutable": "C:\\WebDrivers\\ChromeDriver\\chromedriver_win32_74_0_3729\\chromedriver.exe",
[debug] &amp#27;[38;5;32m[AndroidUiautomator2Driver@749c]&amp#27;[0m     "appium:deviceName": "Pixel_3_XL_API_29_Android10"
[debug] &amp#27;[38;5;32m[AndroidUiautomator2Driver@749c]&amp#27;[0m   },
[debug] &amp#27;[38;5;32m[AndroidUiautomator2Driver@749c]&amp#27;[0m   "firstMatch": [
[debug] &amp#27;[38;5;32m[AndroidUiautomator2Driver@749c]&amp#27;[0m     {}
[debug] &amp#27;[38;5;32m[AndroidUiautomator2Driver@749c]&amp#27;[0m   ]
[debug] &amp#27;[38;5;32m[AndroidUiautomator2Driver@749c]&amp#27;[0m }
&amp#27;[38;5;32m[AndroidUiautomator2Driver@749c (d68f00f7)]&amp#27;[0m Session created with session id: d68f00f7-b7aa-4624-a658-0ac66cf62c70
&amp#27;[38;5;48m[BaseDriver]&amp#27;[0m Using local app 'C:\Users\krzys\OneDrive\-COURSES-\Appium - Mobile Testing\secondTry\AppiumFrameworkDesign\src\test\java\org\boredkris\pageObjects\resources\General-Store.apk'
[debug] &amp#27;[38;5;32m[AndroidUiautomator2Driver@749c (d68f00f7)]&amp#27;[0m Checking whether app is actually present
&amp#27;[38;5;64m[ADB]&amp#27;[0m Found 5 'build-tools' folders under 'C:\Users\krzys\AppData\Local\Android\Sdk' (newest first):
&amp#27;[38;5;64m[ADB]&amp#27;[0m     C:/Users/krzys/AppData/Local/Android/Sdk/build-tools/33.0.0
&amp#27;[38;5;64m[ADB]&amp#27;[0m     C:/Users/krzys/AppData/Local/Android/Sdk/build-tools/31.0.0
&amp#27;[38;5;64m[ADB]&amp#27;[0m     C:/Users/krzys/AppData/Local/Android/Sdk/build-tools/30.0.3
&amp#27;[38;5;64m[ADB]&amp#27;[0m     C:/Users/krzys/AppData/Local/Android/Sdk/build-tools/30.0.2
&amp#27;[38;5;64m[ADB]&amp#27;[0m     C:/Users/krzys/AppData/Local/Android/Sdk/build-tools/29.0.2
&amp#27;[38;5;64m[ADB]&amp#27;[0m Using 'adb.exe' from 'C:\Users\krzys\AppData\Local\Android\Sdk\platform-tools\adb.exe'
[debug] &amp#27;[38;5;64m[ADB]&amp#27;[0m Running 'C:\Users\krzys\AppData\Local\Android\Sdk\platform-tools\adb.exe -P 5037 start-server'
&amp#27;[38;5;80m[AndroidDriver]&amp#27;[0m Retrieving device list
[debug] &amp#27;[38;5;64m[ADB]&amp#27;[0m Trying to find a connected android device
[debug] &amp#27;[38;5;64m[ADB]&amp#27;[0m Getting connected devices
[debug] &amp#27;[38;5;64m[ADB]&amp#27;[0m Connected devices: [{"udid":"emulator-5554","state":"device"}]
&amp#27;[38;5;80m[AndroidDriver]&amp#27;[0m Using device: emulator-5554
&amp#27;[38;5;64m[ADB]&amp#27;[0m Using 'adb.exe' from 'C:\Users\krzys\AppData\Local\Android\Sdk\platform-tools\adb.exe'
[debug] &amp#27;[38;5;64m[ADB]&amp#27;[0m Running 'C:\Users\krzys\AppData\Local\Android\Sdk\platform-tools\adb.exe -P 5037 start-server'
[debug] &amp#27;[38;5;64m[ADB]&amp#27;[0m Setting device id to emulator-5554
[debug] &amp#27;[38;5;64m[ADB]&amp#27;[0m Running 'C:\Users\krzys\AppData\Local\Android\Sdk\platform-tools\adb.exe -P 5037 -s emulator-5554 shell getprop ro.build.version.sdk'
[debug] &amp#27;[38;5;64m[ADB]&amp#27;[0m Current device property 'ro.build.version.sdk': 29
&amp#27;[38;5;64m[ADB]&amp#27;[0m Getting device platform version
[debug] &amp#27;[38;5;64m[ADB]&amp#27;[0m Running 'C:\Users\krzys\AppData\Local\Android\Sdk\platform-tools\adb.exe -P 5037 -s emulator-5554 shell getprop ro.build.version.release'
[debug] &amp#27;[38;5;64m[ADB]&amp#27;[0m Current device property 'ro.build.version.release': 10
[debug] &amp#27;[38;5;64m[ADB]&amp#27;[0m Device API level: 29
&amp#27;[38;5;32m[AndroidUiautomator2Driver@749c (d68f00f7)]&amp#27;[0m Relaxing hidden api policy
[debug] &amp#27;[38;5;64m[ADB]&amp#27;[0m Running 'C:\Users\krzys\AppData\Local\Android\Sdk\platform-tools\adb.exe -P 5037 -s emulator-5554 shell 'settings put global hidden_api_policy_pre_p_apps 1;settings put global hidden_api_policy_p_apps 1;settings put global hidden_api_policy 1''
[debug] &amp#27;[38;5;80m[AndroidDriver]&amp#27;[0m Parsing package and activity from app manifest
&amp#27;[38;5;64m[ADB]&amp#27;[0m Package name: 'com.androidsample.generalstore'
&amp#27;[38;5;64m[ADB]&amp#27;[0m Main activity name: 'com.androidsample.generalstore.SplashActivity'
[debug] &amp#27;[38;5;80m[AndroidDriver]&amp#27;[0m Parsed package and activity are: com.androidsample.generalstore/com.androidsample.generalstore.SplashActivity
[debug] &amp#27;[38;5;64m[ADB]&amp#27;[0m Running 'C:\Users\krzys\AppData\Local\Android\Sdk\platform-tools\adb.exe -P 5037 -s emulator-5554 wait-for-device'
[debug] &amp#27;[38;5;64m[ADB]&amp#27;[0m Running 'C:\Users\krzys\AppData\Local\Android\Sdk\platform-tools\adb.exe -P 5037 -s emulator-5554 shell echo ping'
[debug] &amp#27;[38;5;80m[AndroidDriver]&amp#27;[0m Pushing settings apk to device...
[debug] &amp#27;[38;5;64m[ADB]&amp#27;[0m Getting install status for io.appium.settings
[debug] &amp#27;[38;5;64m[ADB]&amp#27;[0m Running 'C:\Users\krzys\AppData\Local\Android\Sdk\platform-tools\adb.exe -P 5037 -s emulator-5554 shell dumpsys package io.appium.settings'
[debug] &amp#27;[38;5;64m[ADB]&amp#27;[0m 'io.appium.settings' is installed
[debug] &amp#27;[38;5;64m[ADB]&amp#27;[0m Getting package info for 'io.appium.settings'
[debug] &amp#27;[38;5;64m[ADB]&amp#27;[0m Running 'C:\Users\krzys\AppData\Local\Android\Sdk\platform-tools\adb.exe -P 5037 -s emulator-5554 shell dumpsys package io.appium.settings'
[debug] &amp#27;[38;5;64m[ADB]&amp#27;[0m The version name of the installed 'io.appium.settings' is greater or equal to the application version name ('5.0.3' >= '5.0.3')
[debug] &amp#27;[38;5;64m[ADB]&amp#27;[0m There is no need to install/upgrade 'C:\Users\krzys\.appium\node_modules\appium-uiautomator2-driver\node_modules\io.appium.settings\apks\settings_apk-debug.apk'
[debug] &amp#27;[38;5;64m[ADB]&amp#27;[0m Getting IDs of all 'io.appium.settings' processes
[debug] &amp#27;[38;5;64m[ADB]&amp#27;[0m Running 'C:\Users\krzys\AppData\Local\Android\Sdk\platform-tools\adb.exe -P 5037 -s emulator-5554 shell 'pgrep --help; echo $?''
[debug] &amp#27;[38;5;64m[ADB]&amp#27;[0m Running 'C:\Users\krzys\AppData\Local\Android\Sdk\platform-tools\adb.exe -P 5037 -s emulator-5554 shell pgrep -f \(\[\[:blank:\]\]\|\^\)io\.appium\.settings\(\[\[:blank:\]\]\|\$\)'
[debug] &amp#27;[38;5;80m[AndroidDriver]&amp#27;[0m io.appium.settings is already running. There is no need to reset its permissions.
[debug] &amp#27;[38;5;96m[Logcat]&amp#27;[0m Starting logs capture with command: C:\\Users\\krzys\\AppData\\Local\\Android\\Sdk\\platform-tools\\adb.exe -P 5037 -s emulator-5554 logcat -v threadtime
[debug] &amp#27;[38;5;32m[AndroidUiautomator2Driver@749c (d68f00f7)]&amp#27;[0m Forwarding UiAutomator2 Server port 6790 to local port 8202
[debug] &amp#27;[38;5;64m[ADB]&amp#27;[0m Forwarding system: 8202 to device: 6790
[debug] &amp#27;[38;5;64m[ADB]&amp#27;[0m Running 'C:\Users\krzys\AppData\Local\Android\Sdk\platform-tools\adb.exe -P 5037 -s emulator-5554 forward tcp:8202 tcp:6790'
[debug] &amp#27;[38;5;64m[ADB]&amp#27;[0m Getting install status for io.appium.uiautomator2.server
[debug] &amp#27;[38;5;64m[ADB]&amp#27;[0m Running 'C:\Users\krzys\AppData\Local\Android\Sdk\platform-tools\adb.exe -P 5037 -s emulator-5554 shell dumpsys package io.appium.uiautomator2.server'
[debug] &amp#27;[38;5;64m[ADB]&amp#27;[0m 'io.appium.uiautomator2.server' is installed
[debug] &amp#27;[38;5;64m[ADB]&amp#27;[0m Getting package info for 'io.appium.uiautomator2.server'
[debug] &amp#27;[38;5;64m[ADB]&amp#27;[0m Running 'C:\Users\krzys\AppData\Local\Android\Sdk\platform-tools\adb.exe -P 5037 -s emulator-5554 shell dumpsys package io.appium.uiautomator2.server'
[debug] &amp#27;[38;5;64m[ADB]&amp#27;[0m The version name of the installed 'io.appium.uiautomator2.server' is greater or equal to the application version name ('5.7.7' >= '5.7.7')
[debug] &amp#27;[38;5;32m[AndroidUiautomator2Driver@749c (d68f00f7)]&amp#27;[0m io.appium.uiautomator2.server installation state: sameVersionInstalled
[debug] &amp#27;[38;5;64m[ADB]&amp#27;[0m Checking app cert for C:\Users\krzys\.appium\node_modules\appium-uiautomator2-driver\node_modules\appium-uiautomator2-server\apks\appium-uiautomator2-server-v5.7.7.apk
&amp#27;[38;5;64m[ADB]&amp#27;[0m Using 'apksigner.jar' from 'C:\Users\krzys\AppData\Local\Android\Sdk\build-tools\33.0.0\lib\apksigner.jar'
[debug] &amp#27;[38;5;64m[ADB]&amp#27;[0m Starting apksigner: 'C:\\Program Files\\Java\\jdk-11.0.11\\bin\\java.exe' -Xmx1024M -Xss1m -jar C:\\Users\\krzys\\AppData\\Local\\Android\\Sdk\\build-tools\\33.0.0\\lib\\apksigner.jar verify --print-certs C:\\Users\\krzys\\.appium\\node_modules\\appium-uiautomator2-driver\\node_modules\\appium-uiautomator2-server\\apks\\appium-uiautomator2-server-v5.7.7.apk
[debug] &amp#27;[38;5;64m[ADB]&amp#27;[0m apksigner stdout: Signer #1 certificate DN: EMAILADDRESS=android@android.com, CN=Android, OU=Android, O=Android, L=Mountain View, ST=California, C=US
[debug] &amp#27;[38;5;64m[ADB]&amp#27;[0m Signer #1 certificate SHA-256 digest: a40da80a59d170caa950cf15c18c454d47a39b26989d8b640ecd745ba71bf5dc
[debug] &amp#27;[38;5;64m[ADB]&amp#27;[0m Signer #1 certificate SHA-1 digest: 61ed377e85d386a8dfee6b864bd85b0bfaa5af81
[debug] &amp#27;[38;5;64m[ADB]&amp#27;[0m Signer #1 certificate MD5 digest: e89b158e4bcf988ebd09eb83f5378e87
[debug] &amp#27;[38;5;64m[ADB]&amp#27;[0m 
[debug] &amp#27;[38;5;64m[ADB]&amp#27;[0m sha256 hash did match for 'appium-uiautomator2-server-v5.7.7.apk'
&amp#27;[38;5;64m[ADB]&amp#27;[0m 'C:\Users\krzys\.appium\node_modules\appium-uiautomator2-driver\node_modules\appium-uiautomator2-server\apks\appium-uiautomator2-server-v5.7.7.apk' is signed with the default certificate
[debug] &amp#27;[38;5;64m[ADB]&amp#27;[0m Getting install status for io.appium.uiautomator2.server.test
[debug] &amp#27;[38;5;64m[ADB]&amp#27;[0m Running 'C:\Users\krzys\AppData\Local\Android\Sdk\platform-tools\adb.exe -P 5037 -s emulator-5554 shell dumpsys package io.appium.uiautomator2.server.test'
[debug] &amp#27;[38;5;64m[ADB]&amp#27;[0m 'io.appium.uiautomator2.server.test' is installed
[debug] &amp#27;[38;5;64m[ADB]&amp#27;[0m Checking app cert for C:\Users\krzys\.appium\node_modules\appium-uiautomator2-driver\node_modules\appium-uiautomator2-server\apks\appium-uiautomator2-server-debug-androidTest.apk
[debug] &amp#27;[38;5;64m[ADB]&amp#27;[0m Starting apksigner: 'C:\\Program Files\\Java\\jdk-11.0.11\\bin\\java.exe' -Xmx1024M -Xss1m -jar C:\\Users\\krzys\\AppData\\Local\\Android\\Sdk\\build-tools\\33.0.0\\lib\\apksigner.jar verify --print-certs C:\\Users\\krzys\\.appium\\node_modules\\appium-uiautomator2-driver\\node_modules\\appium-uiautomator2-server\\apks\\appium-uiautomator2-server-debug-androidTest.apk
[debug] &amp#27;[38;5;64m[ADB]&amp#27;[0m apksigner stdout: Signer #1 certificate DN: EMAILADDRESS=android@android.com, CN=Android, OU=Android, O=Android, L=Mountain View, ST=California, C=US
[debug] &amp#27;[38;5;64m[ADB]&amp#27;[0m Signer #1 certificate SHA-256 digest: a40da80a59d170caa950cf15c18c454d47a39b26989d8b640ecd745ba71bf5dc
[debug] &amp#27;[38;5;64m[ADB]&amp#27;[0m Signer #1 certificate SHA-1 digest: 61ed377e85d386a8dfee6b864bd85b0bfaa5af81
[debug] &amp#27;[38;5;64m[ADB]&amp#27;[0m Signer #1 certificate MD5 digest: e89b158e4bcf988ebd09eb83f5378e87
[debug] &amp#27;[38;5;64m[ADB]&amp#27;[0m 
[debug] &amp#27;[38;5;64m[ADB]&amp#27;[0m sha256 hash did match for 'appium-uiautomator2-server-debug-androidTest.apk'
&amp#27;[38;5;64m[ADB]&amp#27;[0m 'C:\Users\krzys\.appium\node_modules\appium-uiautomator2-driver\node_modules\appium-uiautomator2-server\apks\appium-uiautomator2-server-debug-androidTest.apk' is signed with the default certificate
&amp#27;[38;5;32m[AndroidUiautomator2Driver@749c (d68f00f7)]&amp#27;[0m Server packages are not going to be (re)installed
[debug] &amp#27;[38;5;32m[AndroidUiautomator2Driver@749c (d68f00f7)]&amp#27;[0m Waiting up to 30000ms for services to be available
[debug] &amp#27;[38;5;64m[ADB]&amp#27;[0m Running 'C:\Users\krzys\AppData\Local\Android\Sdk\platform-tools\adb.exe -P 5037 -s emulator-5554 shell pm list instrumentation'
[debug] &amp#27;[38;5;32m[AndroidUiautomator2Driver@749c (d68f00f7)]&amp#27;[0m Instrumentation target 'io.appium.uiautomator2.server.test/androidx.test.runner.AndroidJUnitRunner' is available
&amp#27;[38;5;64m[ADB]&amp#27;[0m Adding packages ["io.appium.settings","io.appium.uiautomator2.server","io.appium.uiautomator2.server.test"] to Doze whitelist
[debug] &amp#27;[38;5;64m[ADB]&amp#27;[0m Got the following command chunks to execute: [["dumpsys","deviceidle","whitelist","+io.appium.settings",";","dumpsys","deviceidle","whitelist","+io.appium.uiautomator2.server",";","dumpsys","deviceidle","whitelist","+io.appium.uiautomator2.server.test",";"]]
[debug] &amp#27;[38;5;64m[ADB]&amp#27;[0m Running 'C:\Users\krzys\AppData\Local\Android\Sdk\platform-tools\adb.exe -P 5037 -s emulator-5554 shell dumpsys deviceidle whitelist +io.appium.settings ; dumpsys deviceidle whitelist +io.appium.uiautomator2.server ; dumpsys deviceidle whitelist +io.appium.uiautomator2.server.test ;'
[debug] &amp#27;[38;5;64m[ADB]&amp#27;[0m Checking app cert for C:\Users\krzys\OneDrive\-COURSES-\Appium - Mobile Testing\secondTry\AppiumFrameworkDesign\src\test\java\org\boredkris\pageObjects\resources\General-Store.apk
[debug] &amp#27;[38;5;64m[ADB]&amp#27;[0m Starting apksigner: 'C:\\Program Files\\Java\\jdk-11.0.11\\bin\\java.exe' -Xmx1024M -Xss1m -jar C:\\Users\\krzys\\AppData\\Local\\Android\\Sdk\\build-tools\\33.0.0\\lib\\apksigner.jar verify --print-certs 'C:\\Users\\krzys\\OneDrive\\-COURSES-\\Appium - Mobile Testing\\secondTry\\AppiumFrameworkDesign\\src\\test\\java\\org\\boredkris\\pageObjects\\resources\\General-Store.apk'
[debug] &amp#27;[38;5;64m[ADB]&amp#27;[0m apksigner stdout: Signer #1 certificate DN: C=US, O=Android, CN=Android Debug
[debug] &amp#27;[38;5;64m[ADB]&amp#27;[0m Signer #1 certificate SHA-256 digest: f5f5931c019be6bff8a26255f76ae9ef8a8e631d2a702ec10e91110231549eef
[debug] &amp#27;[38;5;64m[ADB]&amp#27;[0m Signer #1 certificate SHA-1 digest: b250161db8b5d0a1bd39154c9fd749bdad79c1a3
[debug] &amp#27;[38;5;64m[ADB]&amp#27;[0m Signer #1 certificate MD5 digest: 7a5550323d84472ca25a0861c63e0a6c
[debug] &amp#27;[38;5;64m[ADB]&amp#27;[0m 
&amp#27;[38;5;64m[ADB]&amp#27;[0m 'C:\Users\krzys\OneDrive\-COURSES-\Appium - Mobile Testing\secondTry\AppiumFrameworkDesign\src\test\java\org\boredkris\pageObjects\resources\General-Store.apk' is signed with a non-default certificate
[debug] &amp#27;[38;5;64m[ADB]&amp#27;[0m Getting install status for com.androidsample.generalstore
[debug] &amp#27;[38;5;64m[ADB]&amp#27;[0m Running 'C:\Users\krzys\AppData\Local\Android\Sdk\platform-tools\adb.exe -P 5037 -s emulator-5554 shell dumpsys package com.androidsample.generalstore'
[debug] &amp#27;[38;5;64m[ADB]&amp#27;[0m 'com.androidsample.generalstore' is installed
[debug] &amp#27;[38;5;64m[ADB]&amp#27;[0m Getting package info for 'com.androidsample.generalstore'
[debug] &amp#27;[38;5;64m[ADB]&amp#27;[0m Running 'C:\Users\krzys\AppData\Local\Android\Sdk\platform-tools\adb.exe -P 5037 -s emulator-5554 shell dumpsys package com.androidsample.generalstore'
[debug] &amp#27;[38;5;64m[ADB]&amp#27;[0m The version name of the installed 'com.androidsample.generalstore' is greater or equal to the application version name ('1.0.0' >= '1.0.0')
[debug] &amp#27;[38;5;64m[ADB]&amp#27;[0m There is no need to install/upgrade 'C:\Users\krzys\OneDrive\-COURSES-\Appium - Mobile Testing\secondTry\AppiumFrameworkDesign\src\test\java\org\boredkris\pageObjects\resources\General-Store.apk'
&amp#27;[38;5;80m[AndroidDriver]&amp#27;[0m Performing fast reset on 'com.androidsample.generalstore'
[debug] &amp#27;[38;5;64m[ADB]&amp#27;[0m Getting install status for com.androidsample.generalstore
[debug] &amp#27;[38;5;64m[ADB]&amp#27;[0m Running 'C:\Users\krzys\AppData\Local\Android\Sdk\platform-tools\adb.exe -P 5037 -s emulator-5554 shell dumpsys package com.androidsample.generalstore'
[debug] &amp#27;[38;5;64m[ADB]&amp#27;[0m 'com.androidsample.generalstore' is installed
[debug] &amp#27;[38;5;64m[ADB]&amp#27;[0m Running 'C:\Users\krzys\AppData\Local\Android\Sdk\platform-tools\adb.exe -P 5037 -s emulator-5554 shell am force-stop com.androidsample.generalstore'
[debug] &amp#27;[38;5;64m[ADB]&amp#27;[0m Running 'C:\Users\krzys\AppData\Local\Android\Sdk\platform-tools\adb.exe -P 5037 -s emulator-5554 shell pm clear com.androidsample.generalstore'
[debug] &amp#27;[38;5;80m[AndroidDriver]&amp#27;[0m Performed fast reset on the installed 'com.androidsample.generalstore' application (stop and clear)
[debug] &amp#27;[38;5;32m[AndroidUiautomator2Driver@749c (d68f00f7)]&amp#27;[0m Performing shallow cleanup of automation leftovers
[debug] &amp#27;[38;5;32m[AndroidUiautomator2Driver@749c (d68f00f7)]&amp#27;[0m No obsolete sessions have been detected (socket hang up)
[debug] &amp#27;[38;5;64m[ADB]&amp#27;[0m Running 'C:\Users\krzys\AppData\Local\Android\Sdk\platform-tools\adb.exe -P 5037 -s emulator-5554 shell am force-stop io.appium.uiautomator2.server.test'
&amp#27;[38;5;32m[AndroidUiautomator2Driver@749c (d68f00f7)]&amp#27;[0m Starting UIAutomator2 server 5.7.7
&amp#27;[38;5;32m[AndroidUiautomator2Driver@749c (d68f00f7)]&amp#27;[0m Using UIAutomator2 server from 'C:\Users\krzys\.appium\node_modules\appium-uiautomator2-driver\node_modules\appium-uiautomator2-server\apks\appium-uiautomator2-server-v5.7.7.apk' and test from 'C:\Users\krzys\.appium\node_modules\appium-uiautomator2-driver\node_modules\appium-uiautomator2-server\apks\appium-uiautomator2-server-debug-androidTest.apk'
&amp#27;[38;5;32m[AndroidUiautomator2Driver@749c (d68f00f7)]&amp#27;[0m Waiting up to 30000ms for UiAutomator2 to be online...
[debug] &amp#27;[38;5;64m[ADB]&amp#27;[0m Creating ADB subprocess with args: ["-P",5037,"-s","emulator-5554","shell","am","instrument","-w","-e","disableAnalytics",true,"io.appium.uiautomator2.server.test/androidx.test.runner.AndroidJUnitRunner"]
[debug] &amp#27;[38;5;32m[AndroidUiautomator2Driver@749c (d68f00f7)]&amp#27;[0m Matched '/status' to command name 'getStatus'
[debug] &amp#27;[38;5;32m[AndroidUiautomator2Driver@749c (d68f00f7)]&amp#27;[0m Proxying [GET /status] to [GET http://127.0.0.1:8202/status] with no body
&amp#27;[38;5;32m[AndroidUiautomator2Driver@749c (d68f00f7)]&amp#27;[0m socket hang up
[debug] &amp#27;[38;5;112m[Instrumentation]&amp#27;[0m io.appium.uiautomator2.server.test.AppiumUiAutomator2Server:
[debug] &amp#27;[38;5;32m[AndroidUiautomator2Driver@749c (d68f00f7)]&amp#27;[0m Matched '/status' to command name 'getStatus'
[debug] &amp#27;[38;5;32m[AndroidUiautomator2Driver@749c (d68f00f7)]&amp#27;[0m Proxying [GET /status] to [GET http://127.0.0.1:8202/status] with no body
&amp#27;[38;5;32m[AndroidUiautomator2Driver@749c (d68f00f7)]&amp#27;[0m socket hang up
[debug] &amp#27;[38;5;32m[AndroidUiautomator2Driver@749c (d68f00f7)]&amp#27;[0m Matched '/status' to command name 'getStatus'
[debug] &amp#27;[38;5;32m[AndroidUiautomator2Driver@749c (d68f00f7)]&amp#27;[0m Proxying [GET /status] to [GET http://127.0.0.1:8202/status] with no body
[debug] &amp#27;[38;5;32m[AndroidUiautomator2Driver@749c (d68f00f7)]&amp#27;[0m Got response with status 200: {"sessionId":"None","value":{"message":"UiAutomator2 Server is ready to accept commands","ready":true}}
[debug] &amp#27;[38;5;32m[AndroidUiautomator2Driver@749c (d68f00f7)]&amp#27;[0m The initialization of the instrumentation process took 2099ms
[debug] &amp#27;[38;5;32m[AndroidUiautomator2Driver@749c (d68f00f7)]&amp#27;[0m Matched '/session' to command name 'createSession'
[debug] &amp#27;[38;5;32m[AndroidUiautomator2Driver@749c (d68f00f7)]&amp#27;[0m Proxying [POST /session] to [POST http://127.0.0.1:8202/session] with body: {"capabilities":{"firstMatch":[{"platform":"LINUX","webStorageEnabled":false,"takesScreenshot":true,"javascriptEnabled":true,"databaseEnabled":false,"networkConnectionEnabled":true,"locationContextEnabled":false,"warnings":{},"desired":{"platformName":"android","app":"C:\\Users\\krzys\\OneDrive\\-COURSES-\\Appium - Mobile Testing\\secondTry\\AppiumFrameworkDesign\\src\\test\\java\\org\\boredkris\\pageObjects\\resources\\General-Store.apk","automationName":"UIAutomator2","chromedriverExecutable":"C:\\WebDrivers\\ChromeDriver\\chromedriver_win32_74_0_3729\\chromedriver.exe","deviceName":"Pixel_3_XL_API_29_Android10"},"platformName":"android","app":"C:\\Users\\krzys\\OneDrive\\-COURSES-\\Appium - Mobile Testing\\secondTry\\AppiumFrameworkDesign\\src\\test\\java\\org\\boredkris\\pageObjects\\resources\\General-Store.apk","automationName":"UIAutomator2","chromedriverExecutable":"C:\\WebDrivers\\ChromeDriver\\chromedriver_win32_74_0_3729\\chromedriver.exe","deviceName":"emulator-5554","deviceUDID":"emulator-5554...
[debug] &amp#27;[38;5;32m[AndroidUiautomator2Driver@749c (d68f00f7)]&amp#27;[0m Got response with status 200: {"sessionId":"f82a4378-5b19-44f9-adc5-7109e054cddc","value":{"capabilities":{"firstMatch":[{"platform":"LINUX","webStorageEnabled":false,"takesScreenshot":true,"javascriptEnabled":true,"databaseEnabled":false,"networkConnectionEnabled":true,"locationContextEnabled":false,"warnings":{},"desired":{"platformName":"android","app":"C:\\Users\\krzys\\OneDrive\\-COURSES-\\Appium - Mobile Testing\\secondTry\\AppiumFrameworkDesign\\src\\test\\java\\org\\boredkris\\pageObjects\\resources\\General-Store.apk","automationName":"UIAutomator2","chromedriverExecutable":"C:\\WebDrivers\\ChromeDriver\\chromedriver_win32_74_0_3729\\chromedriver.exe","deviceName":"Pixel_3_XL_API_29_Android10"},"platformName":"android","app":"C:\\Users\\krzys\\OneDrive\\-COURSES-\\Appium - Mobile Testing\\secondTry\\AppiumFrameworkDesign\\src\\test\\java\\org\\boredkris\\pageObjects\\resources\\General-Store.apk","automationName":"UIAutomator2","chromedriverExecutable":"C:\\WebDrivers\\ChromeDriver\\chromedriver_win32_74_0_3729\\chromedriver.e...
&amp#27;[38;5;32m[AndroidUiautomator2Driver@749c (d68f00f7)]&amp#27;[0m Determined the downstream protocol as 'W3C'
[debug] &amp#27;[38;5;32m[AndroidUiautomator2Driver@749c (d68f00f7)]&amp#27;[0m Proxying [GET /appium/device/info] to [GET http://127.0.0.1:8202/session/f82a4378-5b19-44f9-adc5-7109e054cddc/appium/device/info] with no body
[debug] &amp#27;[38;5;32m[AndroidUiautomator2Driver@749c (d68f00f7)]&amp#27;[0m Got response with status 200: {"sessionId":"f82a4378-5b19-44f9-adc5-7109e054cddc","value":{"androidId":"ce663ace39f585b0","apiVersion":"29","bluetooth":null,"brand":"google","carrierName":"Android","displayDensity":560,"locale":"en_US","manufacturer":"Google","model":"Android SDK built for x86","networks":[{"capabilities":{"SSID":null,"linkDownBandwidthKbps":102400,"linkUpstreamBandwidthKbps":51200,"networkCapabilities":"NET_CAPABILITY_MMS,NET_CAPABILITY_SUPL,NET_CAPABILITY_DUN,NET_CAPABILITY_FOTA,NET_CAPABILITY_IMS,NET_CAPABILITY_CBS,NET_CAPABILITY_INTERNET,NET_CAPABILITY_NOT_RESTRICTED,NET_CAPABILITY_TRUSTED,NET_CAPABILITY_NOT_VPN,NET_CAPABILITY_VALIDATED,NET_CAPABILITY_NOT_ROAMING,NET_CAPABILITY_NOT_CONGESTED,NET_CAPABILITY_NOT_SUSPENDED","signalStrength":-2147483648,"transportTypes":"TRANSPORT_CELLULAR"},"detailedState":"CONNECTED","extraInfo":"epc.tmobile.com","isAvailable":true,"isConnected":true,"isFailover":false,"isRoaming":false,"state":"CONNECTED","subtype":13,"subtypeName":"LTE","type":0,"typeName":"MOBILE"},{"capabilities"...
[debug] &amp#27;[38;5;64m[ADB]&amp#27;[0m Running 'C:\Users\krzys\AppData\Local\Android\Sdk\platform-tools\adb.exe -P 5037 -s emulator-5554 shell dumpsys window'
&amp#27;[38;5;80m[AndroidDriver]&amp#27;[0m Screen already unlocked, doing nothing
&amp#27;[38;5;32m[AndroidUiautomator2Driver@749c (d68f00f7)]&amp#27;[0m Starting 'com.androidsample.generalstore/com.androidsample.generalstore.SplashActivity and waiting for 'com.androidsample.generalstore/com.androidsample.generalstore.SplashActivity'
[debug] &amp#27;[38;5;64m[ADB]&amp#27;[0m Running 'C:\Users\krzys\AppData\Local\Android\Sdk\platform-tools\adb.exe -P 5037 -s emulator-5554 shell am start -W -n com.androidsample.generalstore/com.androidsample.generalstore.SplashActivity -S -a android.intent.action.MAIN -c android.intent.category.LAUNCHER -f 0x10200000'
[debug] &amp#27;[38;5;64m[ADB]&amp#27;[0m Waiting up to 20000ms for activity matching pkg: 'com.androidsample.generalstore' and activity: 'com.androidsample.generalstore.SplashActivity' to be focused
[debug] &amp#27;[38;5;64m[ADB]&amp#27;[0m Possible activities, to be checked: 'com.androidsample.generalstore.SplashActivity', 'com.androidsample.generalstore.com.androidsample.generalstore.SplashActivity'
[debug] &amp#27;[38;5;64m[ADB]&amp#27;[0m Getting focused package and activity
[debug] &amp#27;[38;5;64m[ADB]&amp#27;[0m Running 'C:\Users\krzys\AppData\Local\Android\Sdk\platform-tools\adb.exe -P 5037 -s emulator-5554 shell dumpsys window displays'
[debug] &amp#27;[38;5;64m[ADB]&amp#27;[0m Found package: 'com.androidsample.generalstore' and fully qualified activity name : 'com.androidsample.generalstore.SplashActivity'
[debug] &amp#27;[38;5;32m[AndroidUiautomator2Driver@749c (d68f00f7)]&amp#27;[0m Proxying [GET /appium/device/pixel_ratio] to [GET http://127.0.0.1:8202/session/f82a4378-5b19-44f9-adc5-7109e054cddc/appium/device/pixel_ratio] with no body
[debug] &amp#27;[38;5;32m[AndroidUiautomator2Driver@749c (d68f00f7)]&amp#27;[0m Got response with status 200: {"sessionId":"f82a4378-5b19-44f9-adc5-7109e054cddc","value":3.5}
[debug] &amp#27;[38;5;32m[AndroidUiautomator2Driver@749c (d68f00f7)]&amp#27;[0m Matched '/appium/device/system_bars' to command name 'getSystemBars'
[debug] &amp#27;[38;5;32m[AndroidUiautomator2Driver@749c (d68f00f7)]&amp#27;[0m Proxying [GET /appium/device/system_bars] to [GET http://127.0.0.1:8202/session/f82a4378-5b19-44f9-adc5-7109e054cddc/appium/device/system_bars] with no body
[debug] &amp#27;[38;5;32m[AndroidUiautomator2Driver@749c (d68f00f7)]&amp#27;[0m Got response with status 200: {"sessionId":"f82a4378-5b19-44f9-adc5-7109e054cddc","value":{"statusBar":171}}
[debug] &amp#27;[38;5;32m[AndroidUiautomator2Driver@749c (d68f00f7)]&amp#27;[0m Matched '/window/current/size' to command name 'getWindowSize'
[debug] &amp#27;[38;5;32m[AndroidUiautomator2Driver@749c (d68f00f7)]&amp#27;[0m Proxying [GET /window/current/size] to [GET http://127.0.0.1:8202/session/f82a4378-5b19-44f9-adc5-7109e054cddc/window/current/size] with no body
[debug] &amp#27;[38;5;32m[AndroidUiautomator2Driver@749c (d68f00f7)]&amp#27;[0m Got response with status 200: {"sessionId":"f82a4378-5b19-44f9-adc5-7109e054cddc","value":{"height":2621,"width":1440}}
&amp#27;[38;5;16m[AppiumDriver@484a]&amp#27;[0m New AndroidUiautomator2Driver session created successfully, session d68f00f7-b7aa-4624-a658-0ac66cf62c70 added to master session list
[debug] &amp#27;[38;5;16m[AppiumDriver@484a]&amp#27;[0m Event 'newSessionStarted' logged at 1677088215113 (18:50:15 GMT+0100 (Central European Standard Time))
[debug] &amp#27;[38;5;32m[AndroidUiautomator2Driver@749c (d68f00f7)]&amp#27;[0m Cached the protocol value 'W3C' for the new session d68f00f7-b7aa-4624-a658-0ac66cf62c70
[debug] &amp#27;[38;5;32m[AndroidUiautomator2Driver@749c (d68f00f7)]&amp#27;[0m Responding to client with driver.createSession() result: {"capabilities":{"platform":"LINUX","webStorageEnabled":false,"takesScreenshot":true,"javascriptEnabled":true,"databaseEnabled":false,"networkConnectionEnabled":true,"locationContextEnabled":false,"warnings":{},"desired":{"platformName":"android","app":"C:\\Users\\krzys\\OneDrive\\-COURSES-\\Appium - Mobile Testing\\secondTry\\AppiumFrameworkDesign\\src\\test\\java\\org\\boredkris\\pageObjects\\resources\\General-Store.apk","automationName":"UIAutomator2","chromedriverExecutable":"C:\\WebDrivers\\ChromeDriver\\chromedriver_win32_74_0_3729\\chromedriver.exe","deviceName":"Pixel_3_XL_API_29_Android10"},"platformName":"android","app":"C:\\Users\\krzys\\OneDrive\\-COURSES-\\Appium - Mobile Testing\\secondTry\\AppiumFrameworkDesign\\src\\test\\java\\org\\boredkris\\pageObjects\\resources\\General-Store.apk","automationName":"UIAutomator2","chromedriverExecutable":"C:\\WebDrivers\\ChromeDriver\\chromedriver_win32_74_0_3729\\chromedriver.exe","deviceName":"emulator-5554","deviceUDID":"emulator-5554","appPackage":...
&amp#27;[38;5;0m[HTTP]&amp#27;[0m &amp#27;[37m<-- POST /session &amp#27;[39m&amp#27;[32m200&amp#27;[39m &amp#27;[90m5325 ms - 1388&amp#27;[39m
&amp#27;[38;5;0m[HTTP]&amp#27;[0m &amp#27;[90m&amp#27;[39m
&amp#27;[38;5;0m[HTTP]&amp#27;[0m &amp#27;[37m-->&amp#27;[39m &amp#27;[37mPOST&amp#27;[39m &amp#27;[37m/session/d68f00f7-b7aa-4624-a658-0ac66cf62c70/timeouts&amp#27;[39m
&amp#27;[38;5;0m[HTTP]&amp#27;[0m &amp#27;[90m{"implicit":10000}&amp#27;[39m
[debug] &amp#27;[38;5;32m[AndroidUiautomator2Driver@749c (d68f00f7)]&amp#27;[0m Calling AppiumDriver.timeouts() with args: [null,null,null,null,10000,"d68f00f7-b7aa-4624-a658-0ac66cf62c70"]
[debug] &amp#27;[38;5;32m[AndroidUiautomator2Driver@749c (d68f00f7)]&amp#27;[0m W3C timeout argument: {"implicit":10000}}
[debug] &amp#27;[38;5;32m[AndroidUiautomator2Driver@749c (d68f00f7)]&amp#27;[0m Set implicit wait to 10000ms
[debug] &amp#27;[38;5;32m[AndroidUiautomator2Driver@749c (d68f00f7)]&amp#27;[0m Responding to client with driver.timeouts() result: null
&amp#27;[38;5;0m[HTTP]&amp#27;[0m &amp#27;[37m<-- POST /session/d68f00f7-b7aa-4624-a658-0ac66cf62c70/timeouts &amp#27;[39m&amp#27;[32m200&amp#27;[39m &amp#27;[90m2 ms - 14&amp#27;[39m
&amp#27;[38;5;0m[HTTP]&amp#27;[0m &amp#27;[90m&amp#27;[39m
&amp#27;[38;5;0m[HTTP]&amp#27;[0m &amp#27;[37m-->&amp#27;[39m &amp#27;[37mPOST&amp#27;[39m &amp#27;[37m/session/d68f00f7-b7aa-4624-a658-0ac66cf62c70/appium/device/start_activity&amp#27;[39m
&amp#27;[38;5;0m[HTTP]&amp#27;[0m &amp#27;[90m{"appPackage":"com.androidsample.generalstore","appActivity":"com.androidsample.generalstore.MainActivity","appWaitPackage":"","appWaitActivity":"","dontStopAppOnReset":false,"intentAction":"","intentCategory":"","intentFlags":"","optionalIntentArguments":""}&amp#27;[39m
[debug] &amp#27;[38;5;32m[AndroidUiautomator2Driver@749c (d68f00f7)]&amp#27;[0m Calling AppiumDriver.startActivity() with args: ["com.androidsample.generalstore","com.androidsample.generalstore.MainActivity","","","","","","",false,null,null,"d68f00f7-b7aa-4624-a658-0ac66cf62c70"]
[debug] &amp#27;[38;5;32m[AndroidUiautomator2Driver@749c (d68f00f7)]&amp#27;[0m Starting package 'com.androidsample.generalstore' and activity 'com.androidsample.generalstore.MainActivity'
[debug] &amp#27;[38;5;64m[ADB]&amp#27;[0m Running 'C:\Users\krzys\AppData\Local\Android\Sdk\platform-tools\adb.exe -P 5037 -s emulator-5554 shell am start -W -n com.androidsample.generalstore/com.androidsample.generalstore.MainActivity -S'
[debug] &amp#27;[38;5;64m[ADB]&amp#27;[0m Waiting up to 20000ms for activity matching pkg: 'com.androidsample.generalstore' and activity: 'com.androidsample.generalstore.MainActivity' to be focused
[debug] &amp#27;[38;5;64m[ADB]&amp#27;[0m Possible activities, to be checked: 'com.androidsample.generalstore.MainActivity', 'com.androidsample.generalstore.com.androidsample.generalstore.MainActivity'
[debug] &amp#27;[38;5;64m[ADB]&amp#27;[0m Getting focused package and activity
[debug] &amp#27;[38;5;64m[ADB]&amp#27;[0m Running 'C:\Users\krzys\AppData\Local\Android\Sdk\platform-tools\adb.exe -P 5037 -s emulator-5554 shell dumpsys window displays'
[debug] &amp#27;[38;5;64m[ADB]&amp#27;[0m Found package: 'com.androidsample.generalstore' and fully qualified activity name : 'com.androidsample.generalstore.MainActivity'
[debug] &amp#27;[38;5;32m[AndroidUiautomator2Driver@749c (d68f00f7)]&amp#27;[0m Responding to client with driver.startActivity() result: null
&amp#27;[38;5;0m[HTTP]&amp#27;[0m &amp#27;[37m<-- POST /session/d68f00f7-b7aa-4624-a658-0ac66cf62c70/appium/device/start_activity &amp#27;[39m&amp#27;[32m200&amp#27;[39m &amp#27;[90m791 ms - 14&amp#27;[39m
&amp#27;[38;5;0m[HTTP]&amp#27;[0m &amp#27;[90m&amp#27;[39m
&amp#27;[38;5;0m[HTTP]&amp#27;[0m &amp#27;[37m-->&amp#27;[39m &amp#27;[37mPOST&amp#27;[39m &amp#27;[37m/session/d68f00f7-b7aa-4624-a658-0ac66cf62c70/appium/device/hide_keyboard&amp#27;[39m
&amp#27;[38;5;0m[HTTP]&amp#27;[0m &amp#27;[90m{}&amp#27;[39m
[debug] &amp#27;[38;5;32m[AndroidUiautomator2Driver@749c (d68f00f7)]&amp#27;[0m Calling AppiumDriver.hideKeyboard() with args: [null,null,null,null,"d68f00f7-b7aa-4624-a658-0ac66cf62c70"]
[debug] &amp#27;[38;5;64m[ADB]&amp#27;[0m Running 'C:\Users\krzys\AppData\Local\Android\Sdk\platform-tools\adb.exe -P 5037 -s emulator-5554 shell dumpsys input_method'
&amp#27;[38;5;64m[ADB]&amp#27;[0m Keyboard has no UI; no closing necessary
[debug] &amp#27;[38;5;32m[AndroidUiautomator2Driver@749c (d68f00f7)]&amp#27;[0m Responding to client with driver.hideKeyboard() result: false
&amp#27;[38;5;0m[HTTP]&amp#27;[0m &amp#27;[37m<-- POST /session/d68f00f7-b7aa-4624-a658-0ac66cf62c70/appium/device/hide_keyboard &amp#27;[39m&amp#27;[32m200&amp#27;[39m &amp#27;[90m110 ms - 15&amp#27;[39m
&amp#27;[38;5;0m[HTTP]&amp#27;[0m &amp#27;[90m&amp#27;[39m
&amp#27;[38;5;0m[HTTP]&amp#27;[0m &amp#27;[37m-->&amp#27;[39m &amp#27;[37mPOST&amp#27;[39m &amp#27;[37m/session/d68f00f7-b7aa-4624-a658-0ac66cf62c70/element&amp#27;[39m
&amp#27;[38;5;0m[HTTP]&amp#27;[0m &amp#27;[90m{"using":"xpath","value":"//android.widget.RadioButton[@text=\"Female\"]"}&amp#27;[39m
[debug] &amp#27;[38;5;32m[AndroidUiautomator2Driver@749c (d68f00f7)]&amp#27;[0m Calling AppiumDriver.findElement() with args: ["xpath","//android.widget.RadioButton[@text=\"Female\"]","d68f00f7-b7aa-4624-a658-0ac66cf62c70"]
[debug] &amp#27;[38;5;32m[AndroidUiautomator2Driver@749c (d68f00f7)]&amp#27;[0m Valid locator strategies for this request: xpath, id, class name, accessibility id, css selector, -android uiautomator
[debug] &amp#27;[38;5;32m[AndroidUiautomator2Driver@749c (d68f00f7)]&amp#27;[0m Waiting up to 10000 ms for condition
[debug] &amp#27;[38;5;32m[AndroidUiautomator2Driver@749c (d68f00f7)]&amp#27;[0m Matched '/element' to command name 'findElement'
[debug] &amp#27;[38;5;32m[AndroidUiautomator2Driver@749c (d68f00f7)]&amp#27;[0m Proxying [POST /element] to [POST http://127.0.0.1:8202/session/f82a4378-5b19-44f9-adc5-7109e054cddc/element] with body: {"strategy":"xpath","selector":"//android.widget.RadioButton[@text=\"Female\"]","context":"","multiple":false}
[debug] &amp#27;[38;5;32m[AndroidUiautomator2Driver@749c (d68f00f7)]&amp#27;[0m Got response with status 200: {"sessionId":"f82a4378-5b19-44f9-adc5-7109e054cddc","value":{"ELEMENT":"00000000-0000-0a17-ffff-ffff00000017","element-6066-11e4-a52e-4f735466cecf":"00000000-0000-0a17-ffff-ffff00000017"}}
[debug] &amp#27;[38;5;32m[AndroidUiautomator2Driver@749c (d68f00f7)]&amp#27;[0m Responding to client with driver.findElement() result: {"element-6066-11e4-a52e-4f735466cecf":"00000000-0000-0a17-ffff-ffff00000017","ELEMENT":"00000000-0000-0a17-ffff-ffff00000017"}
&amp#27;[38;5;0m[HTTP]&amp#27;[0m &amp#27;[37m<-- POST /session/d68f00f7-b7aa-4624-a658-0ac66cf62c70/element &amp#27;[39m&amp#27;[32m200&amp#27;[39m &amp#27;[90m640 ms - 137&amp#27;[39m
&amp#27;[38;5;0m[HTTP]&amp#27;[0m &amp#27;[90m&amp#27;[39m
&amp#27;[38;5;0m[HTTP]&amp#27;[0m &amp#27;[37m-->&amp#27;[39m &amp#27;[37mPOST&amp#27;[39m &amp#27;[37m/session/d68f00f7-b7aa-4624-a658-0ac66cf62c70/element/00000000-0000-0a17-ffff-ffff00000017/click&amp#27;[39m
&amp#27;[38;5;0m[HTTP]&amp#27;[0m &amp#27;[90m{"id":"00000000-0000-0a17-ffff-ffff00000017"}&amp#27;[39m
[debug] &amp#27;[38;5;32m[AndroidUiautomator2Driver@749c (d68f00f7)]&amp#27;[0m Calling AppiumDriver.click() with args: ["00000000-0000-0a17-ffff-ffff00000017","d68f00f7-b7aa-4624-a658-0ac66cf62c70"]
[debug] &amp#27;[38;5;32m[AndroidUiautomator2Driver@749c (d68f00f7)]&amp#27;[0m Matched '/element/00000000-0000-0a17-ffff-ffff00000017/click' to command name 'click'
[debug] &amp#27;[38;5;32m[AndroidUiautomator2Driver@749c (d68f00f7)]&amp#27;[0m Proxying [POST /element/00000000-0000-0a17-ffff-ffff00000017/click] to [POST http://127.0.0.1:8202/session/f82a4378-5b19-44f9-adc5-7109e054cddc/element/00000000-0000-0a17-ffff-ffff00000017/click] with body: {"element":"00000000-0000-0a17-ffff-ffff00000017"}
[debug] &amp#27;[38;5;32m[AndroidUiautomator2Driver@749c (d68f00f7)]&amp#27;[0m Got response with status 200: {"sessionId":"f82a4378-5b19-44f9-adc5-7109e054cddc","value":null}
[debug] &amp#27;[38;5;32m[AndroidUiautomator2Driver@749c (d68f00f7)]&amp#27;[0m Responding to client with driver.click() result: null
&amp#27;[38;5;0m[HTTP]&amp#27;[0m &amp#27;[37m<-- POST /session/d68f00f7-b7aa-4624-a658-0ac66cf62c70/element/00000000-0000-0a17-ffff-ffff00000017/click &amp#27;[39m&amp#27;[32m200&amp#27;[39m &amp#27;[90m37 ms - 14&amp#27;[39m
&amp#27;[38;5;0m[HTTP]&amp#27;[0m &amp#27;[90m&amp#27;[39m
&amp#27;[38;5;0m[HTTP]&amp#27;[0m &amp#27;[37m-->&amp#27;[39m &amp#27;[37mPOST&amp#27;[39m &amp#27;[37m/session/d68f00f7-b7aa-4624-a658-0ac66cf62c70/element&amp#27;[39m
&amp#27;[38;5;0m[HTTP]&amp#27;[0m &amp#27;[90m{"using":"id","value":"android:id/text1"}&amp#27;[39m
[debug] &amp#27;[38;5;32m[AndroidUiautomator2Driver@749c (d68f00f7)]&amp#27;[0m Calling AppiumDriver.findElement() with args: ["id","android:id/text1","d68f00f7-b7aa-4624-a658-0ac66cf62c70"]
[debug] &amp#27;[38;5;32m[AndroidUiautomator2Driver@749c (d68f00f7)]&amp#27;[0m Valid locator strategies for this request: xpath, id, class name, accessibility id, css selector, -android uiautomator
[debug] &amp#27;[38;5;32m[AndroidUiautomator2Driver@749c (d68f00f7)]&amp#27;[0m Waiting up to 10000 ms for condition
[debug] &amp#27;[38;5;32m[AndroidUiautomator2Driver@749c (d68f00f7)]&amp#27;[0m Matched '/element' to command name 'findElement'
[debug] &amp#27;[38;5;32m[AndroidUiautomator2Driver@749c (d68f00f7)]&amp#27;[0m Proxying [POST /element] to [POST http://127.0.0.1:8202/session/f82a4378-5b19-44f9-adc5-7109e054cddc/element] with body: {"strategy":"id","selector":"android:id/text1","context":"","multiple":false}
[debug] &amp#27;[38;5;32m[AndroidUiautomator2Driver@749c (d68f00f7)]&amp#27;[0m Got response with status 200: {"sessionId":"f82a4378-5b19-44f9-adc5-7109e054cddc","value":{"ELEMENT":"00000000-0000-0a17-ffff-ffff0000001b","element-6066-11e4-a52e-4f735466cecf":"00000000-0000-0a17-ffff-ffff0000001b"}}
[debug] &amp#27;[38;5;32m[AndroidUiautomator2Driver@749c (d68f00f7)]&amp#27;[0m Responding to client with driver.findElement() result: {"element-6066-11e4-a52e-4f735466cecf":"00000000-0000-0a17-ffff-ffff0000001b","ELEMENT":"00000000-0000-0a17-ffff-ffff0000001b"}
&amp#27;[38;5;0m[HTTP]&amp#27;[0m &amp#27;[37m<-- POST /session/d68f00f7-b7aa-4624-a658-0ac66cf62c70/element &amp#27;[39m&amp#27;[32m200&amp#27;[39m &amp#27;[90m19 ms - 137&amp#27;[39m
&amp#27;[38;5;0m[HTTP]&amp#27;[0m &amp#27;[90m&amp#27;[39m
&amp#27;[38;5;0m[HTTP]&amp#27;[0m &amp#27;[37m-->&amp#27;[39m &amp#27;[37mPOST&amp#27;[39m &amp#27;[37m/session/d68f00f7-b7aa-4624-a658-0ac66cf62c70/element/00000000-0000-0a17-ffff-ffff0000001b/click&amp#27;[39m
&amp#27;[38;5;0m[HTTP]&amp#27;[0m &amp#27;[90m{"id":"00000000-0000-0a17-ffff-ffff0000001b"}&amp#27;[39m
[debug] &amp#27;[38;5;32m[AndroidUiautomator2Driver@749c (d68f00f7)]&amp#27;[0m Calling AppiumDriver.click() with args: ["00000000-0000-0a17-ffff-ffff0000001b","d68f00f7-b7aa-4624-a658-0ac66cf62c70"]
[debug] &amp#27;[38;5;32m[AndroidUiautomator2Driver@749c (d68f00f7)]&amp#27;[0m Matched '/element/00000000-0000-0a17-ffff-ffff0000001b/click' to command name 'click'
[debug] &amp#27;[38;5;32m[AndroidUiautomator2Driver@749c (d68f00f7)]&amp#27;[0m Proxying [POST /element/00000000-0000-0a17-ffff-ffff0000001b/click] to [POST http://127.0.0.1:8202/session/f82a4378-5b19-44f9-adc5-7109e054cddc/element/00000000-0000-0a17-ffff-ffff0000001b/click] with body: {"element":"00000000-0000-0a17-ffff-ffff0000001b"}
[debug] &amp#27;[38;5;32m[AndroidUiautomator2Driver@749c (d68f00f7)]&amp#27;[0m Got response with status 200: {"sessionId":"f82a4378-5b19-44f9-adc5-7109e054cddc","value":null}
[debug] &amp#27;[38;5;32m[AndroidUiautomator2Driver@749c (d68f00f7)]&amp#27;[0m Responding to client with driver.click() result: null
&amp#27;[38;5;0m[HTTP]&amp#27;[0m &amp#27;[37m<-- POST /session/d68f00f7-b7aa-4624-a658-0ac66cf62c70/element/00000000-0000-0a17-ffff-ffff0000001b/click &amp#27;[39m&amp#27;[32m200&amp#27;[39m &amp#27;[90m36 ms - 14&amp#27;[39m
&amp#27;[38;5;0m[HTTP]&amp#27;[0m &amp#27;[90m&amp#27;[39m
&amp#27;[38;5;0m[HTTP]&amp#27;[0m &amp#27;[37m-->&amp#27;[39m &amp#27;[37mPOST&amp#27;[39m &amp#27;[37m/session/d68f00f7-b7aa-4624-a658-0ac66cf62c70/element&amp#27;[39m
&amp#27;[38;5;0m[HTTP]&amp#27;[0m &amp#27;[90m{"using":"-android uiautomator","value":"new UiScrollable(new UiSelector().scrollable(true)).scrollIntoView(new UiSelector().text(\"Argentina\"));"}&amp#27;[39m
[debug] &amp#27;[38;5;32m[AndroidUiautomator2Driver@749c (d68f00f7)]&amp#27;[0m Calling AppiumDriver.findElement() with args: ["-android uiautomator","new UiScrollable(new UiSelector().scrollable(true)).scrollIntoView(new UiSelector().text(\"Argentina\"));","d68f00f7-b7aa-4624-a658-0ac66cf62c70"]
[debug] &amp#27;[38;5;32m[AndroidUiautomator2Driver@749c (d68f00f7)]&amp#27;[0m Valid locator strategies for this request: xpath, id, class name, accessibility id, css selector, -android uiautomator
[debug] &amp#27;[38;5;32m[AndroidUiautomator2Driver@749c (d68f00f7)]&amp#27;[0m Waiting up to 10000 ms for condition
[debug] &amp#27;[38;5;32m[AndroidUiautomator2Driver@749c (d68f00f7)]&amp#27;[0m Matched '/element' to command name 'findElement'
[debug] &amp#27;[38;5;32m[AndroidUiautomator2Driver@749c (d68f00f7)]&amp#27;[0m Proxying [POST /element] to [POST http://127.0.0.1:8202/session/f82a4378-5b19-44f9-adc5-7109e054cddc/element] with body: {"strategy":"-android uiautomator","selector":"new UiScrollable(new UiSelector().scrollable(true)).scrollIntoView(new UiSelector().text(\"Argentina\"));","context":"","multiple":false}
[debug] &amp#27;[38;5;32m[AndroidUiautomator2Driver@749c (d68f00f7)]&amp#27;[0m Got response with status 200: {"sessionId":"f82a4378-5b19-44f9-adc5-7109e054cddc","value":{"ELEMENT":"00000000-0000-0a18-ffff-ffff00000029","element-6066-11e4-a52e-4f735466cecf":"00000000-0000-0a18-ffff-ffff00000029"}}
[debug] &amp#27;[38;5;32m[AndroidUiautomator2Driver@749c (d68f00f7)]&amp#27;[0m Responding to client with driver.findElement() result: {"element-6066-11e4-a52e-4f735466cecf":"00000000-0000-0a18-ffff-ffff00000029","ELEMENT":"00000000-0000-0a18-ffff-ffff00000029"}
&amp#27;[38;5;0m[HTTP]&amp#27;[0m &amp#27;[37m<-- POST /session/d68f00f7-b7aa-4624-a658-0ac66cf62c70/element &amp#27;[39m&amp#27;[32m200&amp#27;[39m &amp#27;[90m5621 ms - 137&amp#27;[39m
&amp#27;[38;5;0m[HTTP]&amp#27;[0m &amp#27;[90m&amp#27;[39m
&amp#27;[38;5;0m[HTTP]&amp#27;[0m &amp#27;[37m-->&amp#27;[39m &amp#27;[37mPOST&amp#27;[39m &amp#27;[37m/session/d68f00f7-b7aa-4624-a658-0ac66cf62c70/element/00000000-0000-0a18-ffff-ffff00000029/click&amp#27;[39m
&amp#27;[38;5;0m[HTTP]&amp#27;[0m &amp#27;[90m{"id":"00000000-0000-0a18-ffff-ffff00000029"}&amp#27;[39m
[debug] &amp#27;[38;5;32m[AndroidUiautomator2Driver@749c (d68f00f7)]&amp#27;[0m Calling AppiumDriver.click() with args: ["00000000-0000-0a18-ffff-ffff00000029","d68f00f7-b7aa-4624-a658-0ac66cf62c70"]
[debug] &amp#27;[38;5;32m[AndroidUiautomator2Driver@749c (d68f00f7)]&amp#27;[0m Matched '/element/00000000-0000-0a18-ffff-ffff00000029/click' to command name 'click'
[debug] &amp#27;[38;5;32m[AndroidUiautomator2Driver@749c (d68f00f7)]&amp#27;[0m Proxying [POST /element/00000000-0000-0a18-ffff-ffff00000029/click] to [POST http://127.0.0.1:8202/session/f82a4378-5b19-44f9-adc5-7109e054cddc/element/00000000-0000-0a18-ffff-ffff00000029/click] with body: {"element":"00000000-0000-0a18-ffff-ffff00000029"}
[debug] &amp#27;[38;5;32m[AndroidUiautomator2Driver@749c (d68f00f7)]&amp#27;[0m Got response with status 200: {"sessionId":"f82a4378-5b19-44f9-adc5-7109e054cddc","value":null}
[debug] &amp#27;[38;5;32m[AndroidUiautomator2Driver@749c (d68f00f7)]&amp#27;[0m Responding to client with driver.click() result: null
&amp#27;[38;5;0m[HTTP]&amp#27;[0m &amp#27;[37m<-- POST /session/d68f00f7-b7aa-4624-a658-0ac66cf62c70/element/00000000-0000-0a18-ffff-ffff00000029/click &amp#27;[39m&amp#27;[32m200&amp#27;[39m &amp#27;[90m679 ms - 14&amp#27;[39m
&amp#27;[38;5;0m[HTTP]&amp#27;[0m &amp#27;[90m&amp#27;[39m
&amp#27;[38;5;0m[HTTP]&amp#27;[0m &amp#27;[37m-->&amp#27;[39m &amp#27;[37mPOST&amp#27;[39m &amp#27;[37m/session/d68f00f7-b7aa-4624-a658-0ac66cf62c70/element&amp#27;[39m
&amp#27;[38;5;0m[HTTP]&amp#27;[0m &amp#27;[90m{"using":"id","value":"com.androidsample.generalstore:id/btnLetsShop"}&amp#27;[39m
[debug] &amp#27;[38;5;32m[AndroidUiautomator2Driver@749c (d68f00f7)]&amp#27;[0m Calling AppiumDriver.findElement() with args: ["id","com.androidsample.generalstore:id/btnLetsShop","d68f00f7-b7aa-4624-a658-0ac66cf62c70"]
[debug] &amp#27;[38;5;32m[AndroidUiautomator2Driver@749c (d68f00f7)]&amp#27;[0m Valid locator strategies for this request: xpath, id, class name, accessibility id, css selector, -android uiautomator
[debug] &amp#27;[38;5;32m[AndroidUiautomator2Driver@749c (d68f00f7)]&amp#27;[0m Waiting up to 10000 ms for condition
[debug] &amp#27;[38;5;32m[AndroidUiautomator2Driver@749c (d68f00f7)]&amp#27;[0m Matched '/element' to command name 'findElement'
[debug] &amp#27;[38;5;32m[AndroidUiautomator2Driver@749c (d68f00f7)]&amp#27;[0m Proxying [POST /element] to [POST http://127.0.0.1:8202/session/f82a4378-5b19-44f9-adc5-7109e054cddc/element] with body: {"strategy":"id","selector":"com.androidsample.generalstore:id/btnLetsShop","context":"","multiple":false}
[debug] &amp#27;[38;5;32m[AndroidUiautomator2Driver@749c (d68f00f7)]&amp#27;[0m Got response with status 200: {"sessionId":"f82a4378-5b19-44f9-adc5-7109e054cddc","value":{"ELEMENT":"00000000-0000-0a17-ffff-ffff00000018","element-6066-11e4-a52e-4f735466cecf":"00000000-0000-0a17-ffff-ffff00000018"}}
[debug] &amp#27;[38;5;32m[AndroidUiautomator2Driver@749c (d68f00f7)]&amp#27;[0m Responding to client with driver.findElement() result: {"element-6066-11e4-a52e-4f735466cecf":"00000000-0000-0a17-ffff-ffff00000018","ELEMENT":"00000000-0000-0a17-ffff-ffff00000018"}
&amp#27;[38;5;0m[HTTP]&amp#27;[0m &amp#27;[37m<-- POST /session/d68f00f7-b7aa-4624-a658-0ac66cf62c70/element &amp#27;[39m&amp#27;[32m200&amp#27;[39m &amp#27;[90m13 ms - 137&amp#27;[39m
&amp#27;[38;5;0m[HTTP]&amp#27;[0m &amp#27;[90m&amp#27;[39m
&amp#27;[38;5;0m[HTTP]&amp#27;[0m &amp#27;[37m-->&amp#27;[39m &amp#27;[37mPOST&amp#27;[39m &amp#27;[37m/session/d68f00f7-b7aa-4624-a658-0ac66cf62c70/element/00000000-0000-0a17-ffff-ffff00000018/click&amp#27;[39m
&amp#27;[38;5;0m[HTTP]&amp#27;[0m &amp#27;[90m{"id":"00000000-0000-0a17-ffff-ffff00000018"}&amp#27;[39m
[debug] &amp#27;[38;5;32m[AndroidUiautomator2Driver@749c (d68f00f7)]&amp#27;[0m Calling AppiumDriver.click() with args: ["00000000-0000-0a17-ffff-ffff00000018","d68f00f7-b7aa-4624-a658-0ac66cf62c70"]
[debug] &amp#27;[38;5;32m[AndroidUiautomator2Driver@749c (d68f00f7)]&amp#27;[0m Matched '/element/00000000-0000-0a17-ffff-ffff00000018/click' to command name 'click'
[debug] &amp#27;[38;5;32m[AndroidUiautomator2Driver@749c (d68f00f7)]&amp#27;[0m Proxying [POST /element/00000000-0000-0a17-ffff-ffff00000018/click] to [POST http://127.0.0.1:8202/session/f82a4378-5b19-44f9-adc5-7109e054cddc/element/00000000-0000-0a17-ffff-ffff00000018/click] with body: {"element":"00000000-0000-0a17-ffff-ffff00000018"}
[debug] &amp#27;[38;5;32m[AndroidUiautomator2Driver@749c (d68f00f7)]&amp#27;[0m Got response with status 200: {"sessionId":"f82a4378-5b19-44f9-adc5-7109e054cddc","value":null}
[debug] &amp#27;[38;5;32m[AndroidUiautomator2Driver@749c (d68f00f7)]&amp#27;[0m Responding to client with driver.click() result: null
&amp#27;[38;5;0m[HTTP]&amp#27;[0m &amp#27;[37m<-- POST /session/d68f00f7-b7aa-4624-a658-0ac66cf62c70/element/00000000-0000-0a17-ffff-ffff00000018/click &amp#27;[39m&amp#27;[32m200&amp#27;[39m &amp#27;[90m44 ms - 14&amp#27;[39m
&amp#27;[38;5;0m[HTTP]&amp#27;[0m &amp#27;[90m&amp#27;[39m
&amp#27;[38;5;0m[HTTP]&amp#27;[0m &amp#27;[37m-->&amp#27;[39m &amp#27;[37mPOST&amp#27;[39m &amp#27;[37m/session/d68f00f7-b7aa-4624-a658-0ac66cf62c70/element&amp#27;[39m
&amp#27;[38;5;0m[HTTP]&amp#27;[0m &amp#27;[90m{"using":"xpath","value":"//android.widget.Toast[1]"}&amp#27;[39m
[debug] &amp#27;[38;5;32m[AndroidUiautomator2Driver@749c (d68f00f7)]&amp#27;[0m Calling AppiumDriver.findElement() with args: ["xpath","//android.widget.Toast[1]","d68f00f7-b7aa-4624-a658-0ac66cf62c70"]
[debug] &amp#27;[38;5;32m[AndroidUiautomator2Driver@749c (d68f00f7)]&amp#27;[0m Valid locator strategies for this request: xpath, id, class name, accessibility id, css selector, -android uiautomator
[debug] &amp#27;[38;5;32m[AndroidUiautomator2Driver@749c (d68f00f7)]&amp#27;[0m Waiting up to 10000 ms for condition
[debug] &amp#27;[38;5;32m[AndroidUiautomator2Driver@749c (d68f00f7)]&amp#27;[0m Matched '/element' to command name 'findElement'
[debug] &amp#27;[38;5;32m[AndroidUiautomator2Driver@749c (d68f00f7)]&amp#27;[0m Proxying [POST /element] to [POST http://127.0.0.1:8202/session/f82a4378-5b19-44f9-adc5-7109e054cddc/element] with body: {"strategy":"xpath","selector":"//android.widget.Toast[1]","context":"","multiple":false}
[debug] &amp#27;[38;5;32m[AndroidUiautomator2Driver@749c (d68f00f7)]&amp#27;[0m Got response with status 200: {"sessionId":"f82a4378-5b19-44f9-adc5-7109e054cddc","value":{"ELEMENT":"133b311c-4fed-4989-9a13-be47e22a606a","element-6066-11e4-a52e-4f735466cecf":"133b311c-4fed-4989-9a13-be47e22a606a"}}
[debug] &amp#27;[38;5;32m[AndroidUiautomator2Driver@749c (d68f00f7)]&amp#27;[0m Responding to client with driver.findElement() result: {"element-6066-11e4-a52e-4f735466cecf":"133b311c-4fed-4989-9a13-be47e22a606a","ELEMENT":"133b311c-4fed-4989-9a13-be47e22a606a"}
&amp#27;[38;5;0m[HTTP]&amp#27;[0m &amp#27;[37m<-- POST /session/d68f00f7-b7aa-4624-a658-0ac66cf62c70/element &amp#27;[39m&amp#27;[32m200&amp#27;[39m &amp#27;[90m42 ms - 137&amp#27;[39m
&amp#27;[38;5;0m[HTTP]&amp#27;[0m &amp#27;[90m&amp#27;[39m
&amp#27;[38;5;0m[HTTP]&amp#27;[0m &amp#27;[37m-->&amp#27;[39m &amp#27;[37mGET&amp#27;[39m &amp#27;[37m/session/d68f00f7-b7aa-4624-a658-0ac66cf62c70/element/133b311c-4fed-4989-9a13-be47e22a606a/attribute/name&amp#27;[39m
&amp#27;[38;5;0m[HTTP]&amp#27;[0m &amp#27;[90m{}&amp#27;[39m
[debug] &amp#27;[38;5;32m[AndroidUiautomator2Driver@749c (d68f00f7)]&amp#27;[0m Calling AppiumDriver.getAttribute() with args: ["name","133b311c-4fed-4989-9a13-be47e22a606a","d68f00f7-b7aa-4624-a658-0ac66cf62c70"]
[debug] &amp#27;[38;5;32m[AndroidUiautomator2Driver@749c (d68f00f7)]&amp#27;[0m Matched '/element/133b311c-4fed-4989-9a13-be47e22a606a/attribute/name' to command name 'getAttribute'
[debug] &amp#27;[38;5;32m[AndroidUiautomator2Driver@749c (d68f00f7)]&amp#27;[0m Proxying [GET /element/133b311c-4fed-4989-9a13-be47e22a606a/attribute/name] to [GET http://127.0.0.1:8202/session/f82a4378-5b19-44f9-adc5-7109e054cddc/element/133b311c-4fed-4989-9a13-be47e22a606a/attribute/name] with no body
[debug] &amp#27;[38;5;32m[AndroidUiautomator2Driver@749c (d68f00f7)]&amp#27;[0m Got response with status 200: {"sessionId":"f82a4378-5b19-44f9-adc5-7109e054cddc","value":"Please enter your name"}
[debug] &amp#27;[38;5;32m[AndroidUiautomator2Driver@749c (d68f00f7)]&amp#27;[0m Responding to client with driver.getAttribute() result: "Please enter your name"
&amp#27;[38;5;0m[HTTP]&amp#27;[0m &amp#27;[37m<-- GET /session/d68f00f7-b7aa-4624-a658-0ac66cf62c70/element/133b311c-4fed-4989-9a13-be47e22a606a/attribute/name &amp#27;[39m&amp#27;[32m200&amp#27;[39m &amp#27;[90m32 ms - 34&amp#27;[39m
&amp#27;[38;5;0m[HTTP]&amp#27;[0m &amp#27;[90m&amp#27;[39m
]]></system-out>
  </testcase>
  <testcase name="FillForm_PositiveFlow" classname="org.boredkris.pageObjects.android.eCommerce_tc_2" time="26.644">
    <system-out><![CDATA[&amp#27;[38;5;0m[HTTP]&amp#27;[0m &amp#27;[37m-->&amp#27;[39m &amp#27;[37mPOST&amp#27;[39m &amp#27;[37m/session/d68f00f7-b7aa-4624-a658-0ac66cf62c70/appium/device/start_activity&amp#27;[39m
&amp#27;[38;5;0m[HTTP]&amp#27;[0m &amp#27;[90m{"appPackage":"com.androidsample.generalstore","appActivity":"com.androidsample.generalstore.MainActivity","appWaitPackage":"","appWaitActivity":"","dontStopAppOnReset":false,"intentAction":"","intentCategory":"","intentFlags":"","optionalIntentArguments":""}&amp#27;[39m
[debug] &amp#27;[38;5;32m[AndroidUiautomator2Driver@749c (d68f00f7)]&amp#27;[0m Calling AppiumDriver.startActivity() with args: ["com.androidsample.generalstore","com.androidsample.generalstore.MainActivity","","","","","","",false,null,null,"d68f00f7-b7aa-4624-a658-0ac66cf62c70"]
[debug] &amp#27;[38;5;32m[AndroidUiautomator2Driver@749c (d68f00f7)]&amp#27;[0m Starting package 'com.androidsample.generalstore' and activity 'com.androidsample.generalstore.MainActivity'
[debug] &amp#27;[38;5;64m[ADB]&amp#27;[0m Running 'C:\Users\krzys\AppData\Local\Android\Sdk\platform-tools\adb.exe -P 5037 -s emulator-5554 shell am start -W -n com.androidsample.generalstore/com.androidsample.generalstore.MainActivity -S'
[debug] &amp#27;[38;5;64m[ADB]&amp#27;[0m Waiting up to 20000ms for activity matching pkg: 'com.androidsample.generalstore' and activity: 'com.androidsample.generalstore.MainActivity' to be focused
[debug] &amp#27;[38;5;64m[ADB]&amp#27;[0m Possible activities, to be checked: 'com.androidsample.generalstore.MainActivity', 'com.androidsample.generalstore.com.androidsample.generalstore.MainActivity'
[debug] &amp#27;[38;5;64m[ADB]&amp#27;[0m Getting focused package and activity
[debug] &amp#27;[38;5;64m[ADB]&amp#27;[0m Running 'C:\Users\krzys\AppData\Local\Android\Sdk\platform-tools\adb.exe -P 5037 -s emulator-5554 shell dumpsys window displays'
[debug] &amp#27;[38;5;64m[ADB]&amp#27;[0m Found package: 'com.androidsample.generalstore' and fully qualified activity name : 'com.androidsample.generalstore.MainActivity'
[debug] &amp#27;[38;5;32m[AndroidUiautomator2Driver@749c (d68f00f7)]&amp#27;[0m Responding to client with driver.startActivity() result: null
&amp#27;[38;5;0m[HTTP]&amp#27;[0m &amp#27;[37m<-- POST /session/d68f00f7-b7aa-4624-a658-0ac66cf62c70/appium/device/start_activity &amp#27;[39m&amp#27;[32m200&amp#27;[39m &amp#27;[90m808 ms - 14&amp#27;[39m
&amp#27;[38;5;0m[HTTP]&amp#27;[0m &amp#27;[90m&amp#27;[39m
&amp#27;[38;5;0m[HTTP]&amp#27;[0m &amp#27;[37m-->&amp#27;[39m &amp#27;[37mPOST&amp#27;[39m &amp#27;[37m/session/d68f00f7-b7aa-4624-a658-0ac66cf62c70/element&amp#27;[39m
&amp#27;[38;5;0m[HTTP]&amp#27;[0m &amp#27;[90m{"using":"id","value":"com.androidsample.generalstore:id/nameField"}&amp#27;[39m
[debug] &amp#27;[38;5;32m[AndroidUiautomator2Driver@749c (d68f00f7)]&amp#27;[0m Calling AppiumDriver.findElement() with args: ["id","com.androidsample.generalstore:id/nameField","d68f00f7-b7aa-4624-a658-0ac66cf62c70"]
[debug] &amp#27;[38;5;32m[AndroidUiautomator2Driver@749c (d68f00f7)]&amp#27;[0m Valid locator strategies for this request: xpath, id, class name, accessibility id, css selector, -android uiautomator
[debug] &amp#27;[38;5;32m[AndroidUiautomator2Driver@749c (d68f00f7)]&amp#27;[0m Waiting up to 10000 ms for condition
[debug] &amp#27;[38;5;32m[AndroidUiautomator2Driver@749c (d68f00f7)]&amp#27;[0m Matched '/element' to command name 'findElement'
[debug] &amp#27;[38;5;32m[AndroidUiautomator2Driver@749c (d68f00f7)]&amp#27;[0m Proxying [POST /element] to [POST http://127.0.0.1:8202/session/f82a4378-5b19-44f9-adc5-7109e054cddc/element] with body: {"strategy":"id","selector":"com.androidsample.generalstore:id/nameField","context":"","multiple":false}
[debug] &amp#27;[38;5;32m[AndroidUiautomator2Driver@749c (d68f00f7)]&amp#27;[0m Got response with status 200: {"sessionId":"f82a4378-5b19-44f9-adc5-7109e054cddc","value":{"ELEMENT":"00000000-0000-0a1b-ffff-ffff00000013","element-6066-11e4-a52e-4f735466cecf":"00000000-0000-0a1b-ffff-ffff00000013"}}
[debug] &amp#27;[38;5;32m[AndroidUiautomator2Driver@749c (d68f00f7)]&amp#27;[0m Responding to client with driver.findElement() result: {"element-6066-11e4-a52e-4f735466cecf":"00000000-0000-0a1b-ffff-ffff00000013","ELEMENT":"00000000-0000-0a1b-ffff-ffff00000013"}
&amp#27;[38;5;0m[HTTP]&amp#27;[0m &amp#27;[37m<-- POST /session/d68f00f7-b7aa-4624-a658-0ac66cf62c70/element &amp#27;[39m&amp#27;[32m200&amp#27;[39m &amp#27;[90m553 ms - 137&amp#27;[39m
&amp#27;[38;5;0m[HTTP]&amp#27;[0m &amp#27;[90m&amp#27;[39m
&amp#27;[38;5;0m[HTTP]&amp#27;[0m &amp#27;[37m-->&amp#27;[39m &amp#27;[37mPOST&amp#27;[39m &amp#27;[37m/session/d68f00f7-b7aa-4624-a658-0ac66cf62c70/element/00000000-0000-0a1b-ffff-ffff00000013/value&amp#27;[39m
&amp#27;[38;5;0m[HTTP]&amp#27;[0m &amp#27;[90m{"id":"00000000-0000-0a1b-ffff-ffff00000013","text":"Bored Kris","value":["B","o","r","e","d"," ","K","r","i","s"]}&amp#27;[39m
[debug] &amp#27;[38;5;32m[AndroidUiautomator2Driver@749c (d68f00f7)]&amp#27;[0m Calling AppiumDriver.setValue() with args: [["B","o","r","e","d"," ","K","r","i","s"],"00000000-0000-0a1b-ffff-ffff00000013","d68f00f7-b7aa-4624-a658-0ac66cf62c70"]
[debug] &amp#27;[38;5;32m[AndroidUiautomator2Driver@749c (d68f00f7)]&amp#27;[0m Matched '/element/00000000-0000-0a1b-ffff-ffff00000013/value' to command name 'setValue'
[debug] &amp#27;[38;5;32m[AndroidUiautomator2Driver@749c (d68f00f7)]&amp#27;[0m Added 'value' property ["B","o","r","e","d"," ","K","r","i","s"] to 'setValue' request body
[debug] &amp#27;[38;5;32m[AndroidUiautomator2Driver@749c (d68f00f7)]&amp#27;[0m Proxying [POST /element/00000000-0000-0a1b-ffff-ffff00000013/value] to [POST http://127.0.0.1:8202/session/f82a4378-5b19-44f9-adc5-7109e054cddc/element/00000000-0000-0a1b-ffff-ffff00000013/value] with body: {"elementId":"00000000-0000-0a1b-ffff-ffff00000013","text":"Bored Kris","replace":false,"value":["B","o","r","e","d"," ","K","r","i","s"]}
[debug] &amp#27;[38;5;32m[AndroidUiautomator2Driver@749c (d68f00f7)]&amp#27;[0m Got response with status 200: {"sessionId":"f82a4378-5b19-44f9-adc5-7109e054cddc","value":null}
[debug] &amp#27;[38;5;32m[AndroidUiautomator2Driver@749c (d68f00f7)]&amp#27;[0m Responding to client with driver.setValue() result: null
&amp#27;[38;5;0m[HTTP]&amp#27;[0m &amp#27;[37m<-- POST /session/d68f00f7-b7aa-4624-a658-0ac66cf62c70/element/00000000-0000-0a1b-ffff-ffff00000013/value &amp#27;[39m&amp#27;[32m200&amp#27;[39m &amp#27;[90m29 ms - 14&amp#27;[39m
&amp#27;[38;5;0m[HTTP]&amp#27;[0m &amp#27;[90m&amp#27;[39m
&amp#27;[38;5;0m[HTTP]&amp#27;[0m &amp#27;[37m-->&amp#27;[39m &amp#27;[37mPOST&amp#27;[39m &amp#27;[37m/session/d68f00f7-b7aa-4624-a658-0ac66cf62c70/appium/device/hide_keyboard&amp#27;[39m
&amp#27;[38;5;0m[HTTP]&amp#27;[0m &amp#27;[90m{}&amp#27;[39m
[debug] &amp#27;[38;5;32m[AndroidUiautomator2Driver@749c (d68f00f7)]&amp#27;[0m Calling AppiumDriver.hideKeyboard() with args: [null,null,null,null,"d68f00f7-b7aa-4624-a658-0ac66cf62c70"]
[debug] &amp#27;[38;5;64m[ADB]&amp#27;[0m Running 'C:\Users\krzys\AppData\Local\Android\Sdk\platform-tools\adb.exe -P 5037 -s emulator-5554 shell dumpsys input_method'
&amp#27;[38;5;64m[ADB]&amp#27;[0m Keyboard has no UI; no closing necessary
[debug] &amp#27;[38;5;32m[AndroidUiautomator2Driver@749c (d68f00f7)]&amp#27;[0m Responding to client with driver.hideKeyboard() result: false
&amp#27;[38;5;0m[HTTP]&amp#27;[0m &amp#27;[37m<-- POST /session/d68f00f7-b7aa-4624-a658-0ac66cf62c70/appium/device/hide_keyboard &amp#27;[39m&amp#27;[32m200&amp#27;[39m &amp#27;[90m99 ms - 15&amp#27;[39m
&amp#27;[38;5;0m[HTTP]&amp#27;[0m &amp#27;[90m&amp#27;[39m
&amp#27;[38;5;0m[HTTP]&amp#27;[0m &amp#27;[37m-->&amp#27;[39m &amp#27;[37mPOST&amp#27;[39m &amp#27;[37m/session/d68f00f7-b7aa-4624-a658-0ac66cf62c70/element&amp#27;[39m
&amp#27;[38;5;0m[HTTP]&amp#27;[0m &amp#27;[90m{"using":"xpath","value":"//android.widget.RadioButton[@text=\"Female\"]"}&amp#27;[39m
[debug] &amp#27;[38;5;32m[AndroidUiautomator2Driver@749c (d68f00f7)]&amp#27;[0m Calling AppiumDriver.findElement() with args: ["xpath","//android.widget.RadioButton[@text=\"Female\"]","d68f00f7-b7aa-4624-a658-0ac66cf62c70"]
[debug] &amp#27;[38;5;32m[AndroidUiautomator2Driver@749c (d68f00f7)]&amp#27;[0m Valid locator strategies for this request: xpath, id, class name, accessibility id, css selector, -android uiautomator
[debug] &amp#27;[38;5;32m[AndroidUiautomator2Driver@749c (d68f00f7)]&amp#27;[0m Waiting up to 10000 ms for condition
[debug] &amp#27;[38;5;32m[AndroidUiautomator2Driver@749c (d68f00f7)]&amp#27;[0m Matched '/element' to command name 'findElement'
[debug] &amp#27;[38;5;32m[AndroidUiautomator2Driver@749c (d68f00f7)]&amp#27;[0m Proxying [POST /element] to [POST http://127.0.0.1:8202/session/f82a4378-5b19-44f9-adc5-7109e054cddc/element] with body: {"strategy":"xpath","selector":"//android.widget.RadioButton[@text=\"Female\"]","context":"","multiple":false}
[debug] &amp#27;[38;5;32m[AndroidUiautomator2Driver@749c (d68f00f7)]&amp#27;[0m Got response with status 200: {"sessionId":"f82a4378-5b19-44f9-adc5-7109e054cddc","value":{"ELEMENT":"00000000-0000-0a1b-ffff-ffff00000017","element-6066-11e4-a52e-4f735466cecf":"00000000-0000-0a1b-ffff-ffff00000017"}}
[debug] &amp#27;[38;5;32m[AndroidUiautomator2Driver@749c (d68f00f7)]&amp#27;[0m Responding to client with driver.findElement() result: {"element-6066-11e4-a52e-4f735466cecf":"00000000-0000-0a1b-ffff-ffff00000017","ELEMENT":"00000000-0000-0a1b-ffff-ffff00000017"}
&amp#27;[38;5;0m[HTTP]&amp#27;[0m &amp#27;[37m<-- POST /session/d68f00f7-b7aa-4624-a658-0ac66cf62c70/element &amp#27;[39m&amp#27;[32m200&amp#27;[39m &amp#27;[90m425 ms - 137&amp#27;[39m
&amp#27;[38;5;0m[HTTP]&amp#27;[0m &amp#27;[90m&amp#27;[39m
&amp#27;[38;5;0m[HTTP]&amp#27;[0m &amp#27;[37m-->&amp#27;[39m &amp#27;[37mPOST&amp#27;[39m &amp#27;[37m/session/d68f00f7-b7aa-4624-a658-0ac66cf62c70/element/00000000-0000-0a1b-ffff-ffff00000017/click&amp#27;[39m
&amp#27;[38;5;0m[HTTP]&amp#27;[0m &amp#27;[90m{"id":"00000000-0000-0a1b-ffff-ffff00000017"}&amp#27;[39m
[debug] &amp#27;[38;5;32m[AndroidUiautomator2Driver@749c (d68f00f7)]&amp#27;[0m Calling AppiumDriver.click() with args: ["00000000-0000-0a1b-ffff-ffff00000017","d68f00f7-b7aa-4624-a658-0ac66cf62c70"]
[debug] &amp#27;[38;5;32m[AndroidUiautomator2Driver@749c (d68f00f7)]&amp#27;[0m Matched '/element/00000000-0000-0a1b-ffff-ffff00000017/click' to command name 'click'
[debug] &amp#27;[38;5;32m[AndroidUiautomator2Driver@749c (d68f00f7)]&amp#27;[0m Proxying [POST /element/00000000-0000-0a1b-ffff-ffff00000017/click] to [POST http://127.0.0.1:8202/session/f82a4378-5b19-44f9-adc5-7109e054cddc/element/00000000-0000-0a1b-ffff-ffff00000017/click] with body: {"element":"00000000-0000-0a1b-ffff-ffff00000017"}
[debug] &amp#27;[38;5;32m[AndroidUiautomator2Driver@749c (d68f00f7)]&amp#27;[0m Got response with status 200: {"sessionId":"f82a4378-5b19-44f9-adc5-7109e054cddc","value":null}
[debug] &amp#27;[38;5;32m[AndroidUiautomator2Driver@749c (d68f00f7)]&amp#27;[0m Responding to client with driver.click() result: null
&amp#27;[38;5;0m[HTTP]&amp#27;[0m &amp#27;[37m<-- POST /session/d68f00f7-b7aa-4624-a658-0ac66cf62c70/element/00000000-0000-0a1b-ffff-ffff00000017/click &amp#27;[39m&amp#27;[32m200&amp#27;[39m &amp#27;[90m39 ms - 14&amp#27;[39m
&amp#27;[38;5;0m[HTTP]&amp#27;[0m &amp#27;[90m&amp#27;[39m
&amp#27;[38;5;0m[HTTP]&amp#27;[0m &amp#27;[37m-->&amp#27;[39m &amp#27;[37mPOST&amp#27;[39m &amp#27;[37m/session/d68f00f7-b7aa-4624-a658-0ac66cf62c70/element&amp#27;[39m
&amp#27;[38;5;0m[HTTP]&amp#27;[0m &amp#27;[90m{"using":"id","value":"android:id/text1"}&amp#27;[39m
[debug] &amp#27;[38;5;32m[AndroidUiautomator2Driver@749c (d68f00f7)]&amp#27;[0m Calling AppiumDriver.findElement() with args: ["id","android:id/text1","d68f00f7-b7aa-4624-a658-0ac66cf62c70"]
[debug] &amp#27;[38;5;32m[AndroidUiautomator2Driver@749c (d68f00f7)]&amp#27;[0m Valid locator strategies for this request: xpath, id, class name, accessibility id, css selector, -android uiautomator
[debug] &amp#27;[38;5;32m[AndroidUiautomator2Driver@749c (d68f00f7)]&amp#27;[0m Waiting up to 10000 ms for condition
[debug] &amp#27;[38;5;32m[AndroidUiautomator2Driver@749c (d68f00f7)]&amp#27;[0m Matched '/element' to command name 'findElement'
[debug] &amp#27;[38;5;32m[AndroidUiautomator2Driver@749c (d68f00f7)]&amp#27;[0m Proxying [POST /element] to [POST http://127.0.0.1:8202/session/f82a4378-5b19-44f9-adc5-7109e054cddc/element] with body: {"strategy":"id","selector":"android:id/text1","context":"","multiple":false}
[debug] &amp#27;[38;5;32m[AndroidUiautomator2Driver@749c (d68f00f7)]&amp#27;[0m Got response with status 200: {"sessionId":"f82a4378-5b19-44f9-adc5-7109e054cddc","value":{"ELEMENT":"00000000-0000-0a1b-ffff-ffff0000001b","element-6066-11e4-a52e-4f735466cecf":"00000000-0000-0a1b-ffff-ffff0000001b"}}
[debug] &amp#27;[38;5;32m[AndroidUiautomator2Driver@749c (d68f00f7)]&amp#27;[0m Responding to client with driver.findElement() result: {"element-6066-11e4-a52e-4f735466cecf":"00000000-0000-0a1b-ffff-ffff0000001b","ELEMENT":"00000000-0000-0a1b-ffff-ffff0000001b"}
&amp#27;[38;5;0m[HTTP]&amp#27;[0m &amp#27;[37m<-- POST /session/d68f00f7-b7aa-4624-a658-0ac66cf62c70/element &amp#27;[39m&amp#27;[32m200&amp#27;[39m &amp#27;[90m13 ms - 137&amp#27;[39m
&amp#27;[38;5;0m[HTTP]&amp#27;[0m &amp#27;[90m&amp#27;[39m
&amp#27;[38;5;0m[HTTP]&amp#27;[0m &amp#27;[37m-->&amp#27;[39m &amp#27;[37mPOST&amp#27;[39m &amp#27;[37m/session/d68f00f7-b7aa-4624-a658-0ac66cf62c70/element/00000000-0000-0a1b-ffff-ffff0000001b/click&amp#27;[39m
&amp#27;[38;5;0m[HTTP]&amp#27;[0m &amp#27;[90m{"id":"00000000-0000-0a1b-ffff-ffff0000001b"}&amp#27;[39m
[debug] &amp#27;[38;5;32m[AndroidUiautomator2Driver@749c (d68f00f7)]&amp#27;[0m Calling AppiumDriver.click() with args: ["00000000-0000-0a1b-ffff-ffff0000001b","d68f00f7-b7aa-4624-a658-0ac66cf62c70"]
[debug] &amp#27;[38;5;32m[AndroidUiautomator2Driver@749c (d68f00f7)]&amp#27;[0m Matched '/element/00000000-0000-0a1b-ffff-ffff0000001b/click' to command name 'click'
[debug] &amp#27;[38;5;32m[AndroidUiautomator2Driver@749c (d68f00f7)]&amp#27;[0m Proxying [POST /element/00000000-0000-0a1b-ffff-ffff0000001b/click] to [POST http://127.0.0.1:8202/session/f82a4378-5b19-44f9-adc5-7109e054cddc/element/00000000-0000-0a1b-ffff-ffff0000001b/click] with body: {"element":"00000000-0000-0a1b-ffff-ffff0000001b"}
[debug] &amp#27;[38;5;32m[AndroidUiautomator2Driver@749c (d68f00f7)]&amp#27;[0m Got response with status 200: {"sessionId":"f82a4378-5b19-44f9-adc5-7109e054cddc","value":null}
[debug] &amp#27;[38;5;32m[AndroidUiautomator2Driver@749c (d68f00f7)]&amp#27;[0m Responding to client with driver.click() result: null
&amp#27;[38;5;0m[HTTP]&amp#27;[0m &amp#27;[37m<-- POST /session/d68f00f7-b7aa-4624-a658-0ac66cf62c70/element/00000000-0000-0a1b-ffff-ffff0000001b/click &amp#27;[39m&amp#27;[32m200&amp#27;[39m &amp#27;[90m42 ms - 14&amp#27;[39m
&amp#27;[38;5;0m[HTTP]&amp#27;[0m &amp#27;[90m&amp#27;[39m
&amp#27;[38;5;0m[HTTP]&amp#27;[0m &amp#27;[37m-->&amp#27;[39m &amp#27;[37mPOST&amp#27;[39m &amp#27;[37m/session/d68f00f7-b7aa-4624-a658-0ac66cf62c70/element&amp#27;[39m
&amp#27;[38;5;0m[HTTP]&amp#27;[0m &amp#27;[90m{"using":"-android uiautomator","value":"new UiScrollable(new UiSelector().scrollable(true)).scrollIntoView(new UiSelector().text(\"Argentina\"));"}&amp#27;[39m
[debug] &amp#27;[38;5;32m[AndroidUiautomator2Driver@749c (d68f00f7)]&amp#27;[0m Calling AppiumDriver.findElement() with args: ["-android uiautomator","new UiScrollable(new UiSelector().scrollable(true)).scrollIntoView(new UiSelector().text(\"Argentina\"));","d68f00f7-b7aa-4624-a658-0ac66cf62c70"]
[debug] &amp#27;[38;5;32m[AndroidUiautomator2Driver@749c (d68f00f7)]&amp#27;[0m Valid locator strategies for this request: xpath, id, class name, accessibility id, css selector, -android uiautomator
[debug] &amp#27;[38;5;32m[AndroidUiautomator2Driver@749c (d68f00f7)]&amp#27;[0m Waiting up to 10000 ms for condition
[debug] &amp#27;[38;5;32m[AndroidUiautomator2Driver@749c (d68f00f7)]&amp#27;[0m Matched '/element' to command name 'findElement'
[debug] &amp#27;[38;5;32m[AndroidUiautomator2Driver@749c (d68f00f7)]&amp#27;[0m Proxying [POST /element] to [POST http://127.0.0.1:8202/session/f82a4378-5b19-44f9-adc5-7109e054cddc/element] with body: {"strategy":"-android uiautomator","selector":"new UiScrollable(new UiSelector().scrollable(true)).scrollIntoView(new UiSelector().text(\"Argentina\"));","context":"","multiple":false}
[debug] &amp#27;[38;5;32m[AndroidUiautomator2Driver@749c (d68f00f7)]&amp#27;[0m Got response with status 200: {"sessionId":"f82a4378-5b19-44f9-adc5-7109e054cddc","value":{"ELEMENT":"00000000-0000-0a1c-ffff-ffff00000029","element-6066-11e4-a52e-4f735466cecf":"00000000-0000-0a1c-ffff-ffff00000029"}}
[debug] &amp#27;[38;5;32m[AndroidUiautomator2Driver@749c (d68f00f7)]&amp#27;[0m Responding to client with driver.findElement() result: {"element-6066-11e4-a52e-4f735466cecf":"00000000-0000-0a1c-ffff-ffff00000029","ELEMENT":"00000000-0000-0a1c-ffff-ffff00000029"}
&amp#27;[38;5;0m[HTTP]&amp#27;[0m &amp#27;[37m<-- POST /session/d68f00f7-b7aa-4624-a658-0ac66cf62c70/element &amp#27;[39m&amp#27;[32m200&amp#27;[39m &amp#27;[90m5650 ms - 137&amp#27;[39m
&amp#27;[38;5;0m[HTTP]&amp#27;[0m &amp#27;[90m&amp#27;[39m
&amp#27;[38;5;0m[HTTP]&amp#27;[0m &amp#27;[37m-->&amp#27;[39m &amp#27;[37mPOST&amp#27;[39m &amp#27;[37m/session/d68f00f7-b7aa-4624-a658-0ac66cf62c70/element/00000000-0000-0a1c-ffff-ffff00000029/click&amp#27;[39m
&amp#27;[38;5;0m[HTTP]&amp#27;[0m &amp#27;[90m{"id":"00000000-0000-0a1c-ffff-ffff00000029"}&amp#27;[39m
[debug] &amp#27;[38;5;32m[AndroidUiautomator2Driver@749c (d68f00f7)]&amp#27;[0m Calling AppiumDriver.click() with args: ["00000000-0000-0a1c-ffff-ffff00000029","d68f00f7-b7aa-4624-a658-0ac66cf62c70"]
[debug] &amp#27;[38;5;32m[AndroidUiautomator2Driver@749c (d68f00f7)]&amp#27;[0m Matched '/element/00000000-0000-0a1c-ffff-ffff00000029/click' to command name 'click'
[debug] &amp#27;[38;5;32m[AndroidUiautomator2Driver@749c (d68f00f7)]&amp#27;[0m Proxying [POST /element/00000000-0000-0a1c-ffff-ffff00000029/click] to [POST http://127.0.0.1:8202/session/f82a4378-5b19-44f9-adc5-7109e054cddc/element/00000000-0000-0a1c-ffff-ffff00000029/click] with body: {"element":"00000000-0000-0a1c-ffff-ffff00000029"}
[debug] &amp#27;[38;5;32m[AndroidUiautomator2Driver@749c (d68f00f7)]&amp#27;[0m Got response with status 200: {"sessionId":"f82a4378-5b19-44f9-adc5-7109e054cddc","value":null}
[debug] &amp#27;[38;5;32m[AndroidUiautomator2Driver@749c (d68f00f7)]&amp#27;[0m Responding to client with driver.click() result: null
&amp#27;[38;5;0m[HTTP]&amp#27;[0m &amp#27;[37m<-- POST /session/d68f00f7-b7aa-4624-a658-0ac66cf62c70/element/00000000-0000-0a1c-ffff-ffff00000029/click &amp#27;[39m&amp#27;[32m200&amp#27;[39m &amp#27;[90m653 ms - 14&amp#27;[39m
&amp#27;[38;5;0m[HTTP]&amp#27;[0m &amp#27;[90m&amp#27;[39m
&amp#27;[38;5;0m[HTTP]&amp#27;[0m &amp#27;[37m-->&amp#27;[39m &amp#27;[37mPOST&amp#27;[39m &amp#27;[37m/session/d68f00f7-b7aa-4624-a658-0ac66cf62c70/element&amp#27;[39m
&amp#27;[38;5;0m[HTTP]&amp#27;[0m &amp#27;[90m{"using":"id","value":"com.androidsample.generalstore:id/btnLetsShop"}&amp#27;[39m
[debug] &amp#27;[38;5;32m[AndroidUiautomator2Driver@749c (d68f00f7)]&amp#27;[0m Calling AppiumDriver.findElement() with args: ["id","com.androidsample.generalstore:id/btnLetsShop","d68f00f7-b7aa-4624-a658-0ac66cf62c70"]
[debug] &amp#27;[38;5;32m[AndroidUiautomator2Driver@749c (d68f00f7)]&amp#27;[0m Valid locator strategies for this request: xpath, id, class name, accessibility id, css selector, -android uiautomator
[debug] &amp#27;[38;5;32m[AndroidUiautomator2Driver@749c (d68f00f7)]&amp#27;[0m Waiting up to 10000 ms for condition
[debug] &amp#27;[38;5;32m[AndroidUiautomator2Driver@749c (d68f00f7)]&amp#27;[0m Matched '/element' to command name 'findElement'
[debug] &amp#27;[38;5;32m[AndroidUiautomator2Driver@749c (d68f00f7)]&amp#27;[0m Proxying [POST /element] to [POST http://127.0.0.1:8202/session/f82a4378-5b19-44f9-adc5-7109e054cddc/element] with body: {"strategy":"id","selector":"com.androidsample.generalstore:id/btnLetsShop","context":"","multiple":false}
[debug] &amp#27;[38;5;32m[AndroidUiautomator2Driver@749c (d68f00f7)]&amp#27;[0m Got response with status 200: {"sessionId":"f82a4378-5b19-44f9-adc5-7109e054cddc","value":{"ELEMENT":"00000000-0000-0a1b-ffff-ffff00000018","element-6066-11e4-a52e-4f735466cecf":"00000000-0000-0a1b-ffff-ffff00000018"}}
[debug] &amp#27;[38;5;32m[AndroidUiautomator2Driver@749c (d68f00f7)]&amp#27;[0m Responding to client with driver.findElement() result: {"element-6066-11e4-a52e-4f735466cecf":"00000000-0000-0a1b-ffff-ffff00000018","ELEMENT":"00000000-0000-0a1b-ffff-ffff00000018"}
&amp#27;[38;5;0m[HTTP]&amp#27;[0m &amp#27;[37m<-- POST /session/d68f00f7-b7aa-4624-a658-0ac66cf62c70/element &amp#27;[39m&amp#27;[32m200&amp#27;[39m &amp#27;[90m11 ms - 137&amp#27;[39m
&amp#27;[38;5;0m[HTTP]&amp#27;[0m &amp#27;[90m&amp#27;[39m
&amp#27;[38;5;0m[HTTP]&amp#27;[0m &amp#27;[37m-->&amp#27;[39m &amp#27;[37mPOST&amp#27;[39m &amp#27;[37m/session/d68f00f7-b7aa-4624-a658-0ac66cf62c70/element/00000000-0000-0a1b-ffff-ffff00000018/click&amp#27;[39m
&amp#27;[38;5;0m[HTTP]&amp#27;[0m &amp#27;[90m{"id":"00000000-0000-0a1b-ffff-ffff00000018"}&amp#27;[39m
[debug] &amp#27;[38;5;32m[AndroidUiautomator2Driver@749c (d68f00f7)]&amp#27;[0m Calling AppiumDriver.click() with args: ["00000000-0000-0a1b-ffff-ffff00000018","d68f00f7-b7aa-4624-a658-0ac66cf62c70"]
[debug] &amp#27;[38;5;32m[AndroidUiautomator2Driver@749c (d68f00f7)]&amp#27;[0m Matched '/element/00000000-0000-0a1b-ffff-ffff00000018/click' to command name 'click'
[debug] &amp#27;[38;5;32m[AndroidUiautomator2Driver@749c (d68f00f7)]&amp#27;[0m Proxying [POST /element/00000000-0000-0a1b-ffff-ffff00000018/click] to [POST http://127.0.0.1:8202/session/f82a4378-5b19-44f9-adc5-7109e054cddc/element/00000000-0000-0a1b-ffff-ffff00000018/click] with body: {"element":"00000000-0000-0a1b-ffff-ffff00000018"}
[debug] &amp#27;[38;5;32m[AndroidUiautomator2Driver@749c (d68f00f7)]&amp#27;[0m Got response with status 200: {"sessionId":"f82a4378-5b19-44f9-adc5-7109e054cddc","value":null}
[debug] &amp#27;[38;5;32m[AndroidUiautomator2Driver@749c (d68f00f7)]&amp#27;[0m Responding to client with driver.click() result: null
&amp#27;[38;5;0m[HTTP]&amp#27;[0m &amp#27;[37m<-- POST /session/d68f00f7-b7aa-4624-a658-0ac66cf62c70/element/00000000-0000-0a1b-ffff-ffff00000018/click &amp#27;[39m&amp#27;[32m200&amp#27;[39m &amp#27;[90m44 ms - 14&amp#27;[39m
&amp#27;[38;5;0m[HTTP]&amp#27;[0m &amp#27;[90m&amp#27;[39m
&amp#27;[38;5;0m[HTTP]&amp#27;[0m &amp#27;[37m-->&amp#27;[39m &amp#27;[37mPOST&amp#27;[39m &amp#27;[37m/session/d68f00f7-b7aa-4624-a658-0ac66cf62c70/elements&amp#27;[39m
&amp#27;[38;5;0m[HTTP]&amp#27;[0m &amp#27;[90m{"using":"xpath","value":"//android.widget.Toast[1]"}&amp#27;[39m
[debug] &amp#27;[38;5;32m[AndroidUiautomator2Driver@749c (d68f00f7)]&amp#27;[0m Calling AppiumDriver.findElements() with args: ["xpath","//android.widget.Toast[1]","d68f00f7-b7aa-4624-a658-0ac66cf62c70"]
[debug] &amp#27;[38;5;32m[AndroidUiautomator2Driver@749c (d68f00f7)]&amp#27;[0m Valid locator strategies for this request: xpath, id, class name, accessibility id, css selector, -android uiautomator
[debug] &amp#27;[38;5;32m[AndroidUiautomator2Driver@749c (d68f00f7)]&amp#27;[0m Waiting up to 10000 ms for condition
[debug] &amp#27;[38;5;32m[AndroidUiautomator2Driver@749c (d68f00f7)]&amp#27;[0m Matched '/elements' to command name 'findElements'
[debug] &amp#27;[38;5;32m[AndroidUiautomator2Driver@749c (d68f00f7)]&amp#27;[0m Proxying [POST /elements] to [POST http://127.0.0.1:8202/session/f82a4378-5b19-44f9-adc5-7109e054cddc/elements] with body: {"strategy":"xpath","selector":"//android.widget.Toast[1]","context":"","multiple":true}
[debug] &amp#27;[38;5;32m[AndroidUiautomator2Driver@749c (d68f00f7)]&amp#27;[0m Got response with status 200: {"sessionId":"f82a4378-5b19-44f9-adc5-7109e054cddc","value":[]}
[debug] &amp#27;[38;5;32m[AndroidUiautomator2Driver@749c (d68f00f7)]&amp#27;[0m Waited for 35 ms so far
[debug] &amp#27;[38;5;32m[AndroidUiautomator2Driver@749c (d68f00f7)]&amp#27;[0m Matched '/elements' to command name 'findElements'
[debug] &amp#27;[38;5;32m[AndroidUiautomator2Driver@749c (d68f00f7)]&amp#27;[0m Proxying [POST /elements] to [POST http://127.0.0.1:8202/session/f82a4378-5b19-44f9-adc5-7109e054cddc/elements] with body: {"strategy":"xpath","selector":"//android.widget.Toast[1]","context":"","multiple":true}
[debug] &amp#27;[38;5;32m[AndroidUiautomator2Driver@749c (d68f00f7)]&amp#27;[0m Got response with status 200: {"sessionId":"f82a4378-5b19-44f9-adc5-7109e054cddc","value":[]}
[debug] &amp#27;[38;5;32m[AndroidUiautomator2Driver@749c (d68f00f7)]&amp#27;[0m Waited for 575 ms so far
[debug] &amp#27;[38;5;32m[AndroidUiautomator2Driver@749c (d68f00f7)]&amp#27;[0m Matched '/elements' to command name 'findElements'
[debug] &amp#27;[38;5;32m[AndroidUiautomator2Driver@749c (d68f00f7)]&amp#27;[0m Proxying [POST /elements] to [POST http://127.0.0.1:8202/session/f82a4378-5b19-44f9-adc5-7109e054cddc/elements] with body: {"strategy":"xpath","selector":"//android.widget.Toast[1]","context":"","multiple":true}
[debug] &amp#27;[38;5;32m[AndroidUiautomator2Driver@749c (d68f00f7)]&amp#27;[0m Got response with status 200: {"sessionId":"f82a4378-5b19-44f9-adc5-7109e054cddc","value":[]}
[debug] &amp#27;[38;5;32m[AndroidUiautomator2Driver@749c (d68f00f7)]&amp#27;[0m Waited for 1104 ms so far
[debug] &amp#27;[38;5;32m[AndroidUiautomator2Driver@749c (d68f00f7)]&amp#27;[0m Matched '/elements' to command name 'findElements'
[debug] &amp#27;[38;5;32m[AndroidUiautomator2Driver@749c (d68f00f7)]&amp#27;[0m Proxying [POST /elements] to [POST http://127.0.0.1:8202/session/f82a4378-5b19-44f9-adc5-7109e054cddc/elements] with body: {"strategy":"xpath","selector":"//android.widget.Toast[1]","context":"","multiple":true}
[debug] &amp#27;[38;5;32m[AndroidUiautomator2Driver@749c (d68f00f7)]&amp#27;[0m Got response with status 200: {"sessionId":"f82a4378-5b19-44f9-adc5-7109e054cddc","value":[]}
[debug] &amp#27;[38;5;32m[AndroidUiautomator2Driver@749c (d68f00f7)]&amp#27;[0m Waited for 1632 ms so far
[debug] &amp#27;[38;5;32m[AndroidUiautomator2Driver@749c (d68f00f7)]&amp#27;[0m Matched '/elements' to command name 'findElements'
[debug] &amp#27;[38;5;32m[AndroidUiautomator2Driver@749c (d68f00f7)]&amp#27;[0m Proxying [POST /elements] to [POST http://127.0.0.1:8202/session/f82a4378-5b19-44f9-adc5-7109e054cddc/elements] with body: {"strategy":"xpath","selector":"//android.widget.Toast[1]","context":"","multiple":true}
[debug] &amp#27;[38;5;32m[AndroidUiautomator2Driver@749c (d68f00f7)]&amp#27;[0m Got response with status 200: {"sessionId":"f82a4378-5b19-44f9-adc5-7109e054cddc","value":[]}
[debug] &amp#27;[38;5;32m[AndroidUiautomator2Driver@749c (d68f00f7)]&amp#27;[0m Waited for 2163 ms so far
[debug] &amp#27;[38;5;32m[AndroidUiautomator2Driver@749c (d68f00f7)]&amp#27;[0m Matched '/elements' to command name 'findElements'
[debug] &amp#27;[38;5;32m[AndroidUiautomator2Driver@749c (d68f00f7)]&amp#27;[0m Proxying [POST /elements] to [POST http://127.0.0.1:8202/session/f82a4378-5b19-44f9-adc5-7109e054cddc/elements] with body: {"strategy":"xpath","selector":"//android.widget.Toast[1]","context":"","multiple":true}
[debug] &amp#27;[38;5;32m[AndroidUiautomator2Driver@749c (d68f00f7)]&amp#27;[0m Got response with status 200: {"sessionId":"f82a4378-5b19-44f9-adc5-7109e054cddc","value":[]}
[debug] &amp#27;[38;5;32m[AndroidUiautomator2Driver@749c (d68f00f7)]&amp#27;[0m Waited for 2697 ms so far
[debug] &amp#27;[38;5;32m[AndroidUiautomator2Driver@749c (d68f00f7)]&amp#27;[0m Matched '/elements' to command name 'findElements'
[debug] &amp#27;[38;5;32m[AndroidUiautomator2Driver@749c (d68f00f7)]&amp#27;[0m Proxying [POST /elements] to [POST http://127.0.0.1:8202/session/f82a4378-5b19-44f9-adc5-7109e054cddc/elements] with body: {"strategy":"xpath","selector":"//android.widget.Toast[1]","context":"","multiple":true}
[debug] &amp#27;[38;5;32m[AndroidUiautomator2Driver@749c (d68f00f7)]&amp#27;[0m Got response with status 200: {"sessionId":"f82a4378-5b19-44f9-adc5-7109e054cddc","value":[]}
[debug] &amp#27;[38;5;32m[AndroidUiautomator2Driver@749c (d68f00f7)]&amp#27;[0m Waited for 3226 ms so far
[debug] &amp#27;[38;5;32m[AndroidUiautomator2Driver@749c (d68f00f7)]&amp#27;[0m Matched '/elements' to command name 'findElements'
[debug] &amp#27;[38;5;32m[AndroidUiautomator2Driver@749c (d68f00f7)]&amp#27;[0m Proxying [POST /elements] to [POST http://127.0.0.1:8202/session/f82a4378-5b19-44f9-adc5-7109e054cddc/elements] with body: {"strategy":"xpath","selector":"//android.widget.Toast[1]","context":"","multiple":true}
[debug] &amp#27;[38;5;32m[AndroidUiautomator2Driver@749c (d68f00f7)]&amp#27;[0m Got response with status 200: {"sessionId":"f82a4378-5b19-44f9-adc5-7109e054cddc","value":[]}
[debug] &amp#27;[38;5;32m[AndroidUiautomator2Driver@749c (d68f00f7)]&amp#27;[0m Waited for 3761 ms so far
[debug] &amp#27;[38;5;32m[AndroidUiautomator2Driver@749c (d68f00f7)]&amp#27;[0m Matched '/elements' to command name 'findElements'
[debug] &amp#27;[38;5;32m[AndroidUiautomator2Driver@749c (d68f00f7)]&amp#27;[0m Proxying [POST /elements] to [POST http://127.0.0.1:8202/session/f82a4378-5b19-44f9-adc5-7109e054cddc/elements] with body: {"strategy":"xpath","selector":"//android.widget.Toast[1]","context":"","multiple":true}
[debug] &amp#27;[38;5;32m[AndroidUiautomator2Driver@749c (d68f00f7)]&amp#27;[0m Got response with status 200: {"sessionId":"f82a4378-5b19-44f9-adc5-7109e054cddc","value":[]}
[debug] &amp#27;[38;5;32m[AndroidUiautomator2Driver@749c (d68f00f7)]&amp#27;[0m Waited for 4286 ms so far
[debug] &amp#27;[38;5;32m[AndroidUiautomator2Driver@749c (d68f00f7)]&amp#27;[0m Matched '/elements' to command name 'findElements'
[debug] &amp#27;[38;5;32m[AndroidUiautomator2Driver@749c (d68f00f7)]&amp#27;[0m Proxying [POST /elements] to [POST http://127.0.0.1:8202/session/f82a4378-5b19-44f9-adc5-7109e054cddc/elements] with body: {"strategy":"xpath","selector":"//android.widget.Toast[1]","context":"","multiple":true}
[debug] &amp#27;[38;5;32m[AndroidUiautomator2Driver@749c (d68f00f7)]&amp#27;[0m Got response with status 200: {"sessionId":"f82a4378-5b19-44f9-adc5-7109e054cddc","value":[]}
[debug] &amp#27;[38;5;32m[AndroidUiautomator2Driver@749c (d68f00f7)]&amp#27;[0m Waited for 4819 ms so far
[debug] &amp#27;[38;5;32m[AndroidUiautomator2Driver@749c (d68f00f7)]&amp#27;[0m Matched '/elements' to command name 'findElements'
[debug] &amp#27;[38;5;32m[AndroidUiautomator2Driver@749c (d68f00f7)]&amp#27;[0m Proxying [POST /elements] to [POST http://127.0.0.1:8202/session/f82a4378-5b19-44f9-adc5-7109e054cddc/elements] with body: {"strategy":"xpath","selector":"//android.widget.Toast[1]","context":"","multiple":true}
[debug] &amp#27;[38;5;32m[AndroidUiautomator2Driver@749c (d68f00f7)]&amp#27;[0m Got response with status 200: {"sessionId":"f82a4378-5b19-44f9-adc5-7109e054cddc","value":[]}
[debug] &amp#27;[38;5;32m[AndroidUiautomator2Driver@749c (d68f00f7)]&amp#27;[0m Waited for 5353 ms so far
[debug] &amp#27;[38;5;32m[AndroidUiautomator2Driver@749c (d68f00f7)]&amp#27;[0m Matched '/elements' to command name 'findElements'
[debug] &amp#27;[38;5;32m[AndroidUiautomator2Driver@749c (d68f00f7)]&amp#27;[0m Proxying [POST /elements] to [POST http://127.0.0.1:8202/session/f82a4378-5b19-44f9-adc5-7109e054cddc/elements] with body: {"strategy":"xpath","selector":"//android.widget.Toast[1]","context":"","multiple":true}
[debug] &amp#27;[38;5;32m[AndroidUiautomator2Driver@749c (d68f00f7)]&amp#27;[0m Got response with status 200: {"sessionId":"f82a4378-5b19-44f9-adc5-7109e054cddc","value":[]}
[debug] &amp#27;[38;5;32m[AndroidUiautomator2Driver@749c (d68f00f7)]&amp#27;[0m Waited for 5877 ms so far
[debug] &amp#27;[38;5;32m[AndroidUiautomator2Driver@749c (d68f00f7)]&amp#27;[0m Matched '/elements' to command name 'findElements'
[debug] &amp#27;[38;5;32m[AndroidUiautomator2Driver@749c (d68f00f7)]&amp#27;[0m Proxying [POST /elements] to [POST http://127.0.0.1:8202/session/f82a4378-5b19-44f9-adc5-7109e054cddc/elements] with body: {"strategy":"xpath","selector":"//android.widget.Toast[1]","context":"","multiple":true}
[debug] &amp#27;[38;5;32m[AndroidUiautomator2Driver@749c (d68f00f7)]&amp#27;[0m Got response with status 200: {"sessionId":"f82a4378-5b19-44f9-adc5-7109e054cddc","value":[]}
[debug] &amp#27;[38;5;32m[AndroidUiautomator2Driver@749c (d68f00f7)]&amp#27;[0m Waited for 6413 ms so far
[debug] &amp#27;[38;5;32m[AndroidUiautomator2Driver@749c (d68f00f7)]&amp#27;[0m Matched '/elements' to command name 'findElements'
[debug] &amp#27;[38;5;32m[AndroidUiautomator2Driver@749c (d68f00f7)]&amp#27;[0m Proxying [POST /elements] to [POST http://127.0.0.1:8202/session/f82a4378-5b19-44f9-adc5-7109e054cddc/elements] with body: {"strategy":"xpath","selector":"//android.widget.Toast[1]","context":"","multiple":true}
[debug] &amp#27;[38;5;32m[AndroidUiautomator2Driver@749c (d68f00f7)]&amp#27;[0m Got response with status 200: {"sessionId":"f82a4378-5b19-44f9-adc5-7109e054cddc","value":[]}
[debug] &amp#27;[38;5;32m[AndroidUiautomator2Driver@749c (d68f00f7)]&amp#27;[0m Waited for 6949 ms so far
[debug] &amp#27;[38;5;32m[AndroidUiautomator2Driver@749c (d68f00f7)]&amp#27;[0m Matched '/elements' to command name 'findElements'
[debug] &amp#27;[38;5;32m[AndroidUiautomator2Driver@749c (d68f00f7)]&amp#27;[0m Proxying [POST /elements] to [POST http://127.0.0.1:8202/session/f82a4378-5b19-44f9-adc5-7109e054cddc/elements] with body: {"strategy":"xpath","selector":"//android.widget.Toast[1]","context":"","multiple":true}
[debug] &amp#27;[38;5;32m[AndroidUiautomator2Driver@749c (d68f00f7)]&amp#27;[0m Got response with status 200: {"sessionId":"f82a4378-5b19-44f9-adc5-7109e054cddc","value":[]}
[debug] &amp#27;[38;5;32m[AndroidUiautomator2Driver@749c (d68f00f7)]&amp#27;[0m Waited for 7480 ms so far
[debug] &amp#27;[38;5;32m[AndroidUiautomator2Driver@749c (d68f00f7)]&amp#27;[0m Matched '/elements' to command name 'findElements'
[debug] &amp#27;[38;5;32m[AndroidUiautomator2Driver@749c (d68f00f7)]&amp#27;[0m Proxying [POST /elements] to [POST http://127.0.0.1:8202/session/f82a4378-5b19-44f9-adc5-7109e054cddc/elements] with body: {"strategy":"xpath","selector":"//android.widget.Toast[1]","context":"","multiple":true}
[debug] &amp#27;[38;5;32m[AndroidUiautomator2Driver@749c (d68f00f7)]&amp#27;[0m Got response with status 200: {"sessionId":"f82a4378-5b19-44f9-adc5-7109e054cddc","value":[]}
[debug] &amp#27;[38;5;32m[AndroidUiautomator2Driver@749c (d68f00f7)]&amp#27;[0m Waited for 8007 ms so far
[debug] &amp#27;[38;5;32m[AndroidUiautomator2Driver@749c (d68f00f7)]&amp#27;[0m Matched '/elements' to command name 'findElements'
[debug] &amp#27;[38;5;32m[AndroidUiautomator2Driver@749c (d68f00f7)]&amp#27;[0m Proxying [POST /elements] to [POST http://127.0.0.1:8202/session/f82a4378-5b19-44f9-adc5-7109e054cddc/elements] with body: {"strategy":"xpath","selector":"//android.widget.Toast[1]","context":"","multiple":true}
[debug] &amp#27;[38;5;32m[AndroidUiautomator2Driver@749c (d68f00f7)]&amp#27;[0m Got response with status 200: {"sessionId":"f82a4378-5b19-44f9-adc5-7109e054cddc","value":[]}
[debug] &amp#27;[38;5;32m[AndroidUiautomator2Driver@749c (d68f00f7)]&amp#27;[0m Waited for 8539 ms so far
[debug] &amp#27;[38;5;32m[AndroidUiautomator2Driver@749c (d68f00f7)]&amp#27;[0m Matched '/elements' to command name 'findElements'
[debug] &amp#27;[38;5;32m[AndroidUiautomator2Driver@749c (d68f00f7)]&amp#27;[0m Proxying [POST /elements] to [POST http://127.0.0.1:8202/session/f82a4378-5b19-44f9-adc5-7109e054cddc/elements] with body: {"strategy":"xpath","selector":"//android.widget.Toast[1]","context":"","multiple":true}
[debug] &amp#27;[38;5;32m[AndroidUiautomator2Driver@749c (d68f00f7)]&amp#27;[0m Got response with status 200: {"sessionId":"f82a4378-5b19-44f9-adc5-7109e054cddc","value":[]}
[debug] &amp#27;[38;5;32m[AndroidUiautomator2Driver@749c (d68f00f7)]&amp#27;[0m Waited for 9498 ms so far
[debug] &amp#27;[38;5;32m[AndroidUiautomator2Driver@749c (d68f00f7)]&amp#27;[0m Matched '/elements' to command name 'findElements'
[debug] &amp#27;[38;5;32m[AndroidUiautomator2Driver@749c (d68f00f7)]&amp#27;[0m Proxying [POST /elements] to [POST http://127.0.0.1:8202/session/f82a4378-5b19-44f9-adc5-7109e054cddc/elements] with body: {"strategy":"xpath","selector":"//android.widget.Toast[1]","context":"","multiple":true}
[debug] &amp#27;[38;5;32m[AndroidUiautomator2Driver@749c (d68f00f7)]&amp#27;[0m Got response with status 200: {"sessionId":"f82a4378-5b19-44f9-adc5-7109e054cddc","value":[]}
[debug] &amp#27;[38;5;32m[AndroidUiautomator2Driver@749c (d68f00f7)]&amp#27;[0m Responding to client with driver.findElements() result: []
&amp#27;[38;5;0m[HTTP]&amp#27;[0m &amp#27;[37m<-- POST /session/d68f00f7-b7aa-4624-a658-0ac66cf62c70/elements &amp#27;[39m&amp#27;[32m200&amp#27;[39m &amp#27;[90m10022 ms - 12&amp#27;[39m
&amp#27;[38;5;0m[HTTP]&amp#27;[0m &amp#27;[90m&amp#27;[39m
]]></system-out>
  </testcase>
</testsuite>