<?xml version="1.0" encoding="UTF-8"?>
<!-- Generated by org.testng.reporters.JUnitReportReporter -->
<testsuite hostname="DESKTOP-JPDQICF" failures="0" tests="2" name="org.boredkris.pageObjects.android.eCommerce_tc_2" time="47.590" errors="0" timestamp="2023-02-22T18:51:03 CET" skipped="0">
  <testcase classname="org.boredkris.pageObjects.android.eCommerce_tc_2" name="FillForm_ErrorValidation" time="20.135"/>
  <system-out/>
  <testcase classname="org.boredkris.pageObjects.android.eCommerce_tc_2" name="FillForm_PositiveFlow" time="27.455"/>
  <system-out/>
</testsuite> <!-- org.boredkris.pageObjects.android.eCommerce_tc_2 -->
