<?xml version="1.0" encoding="UTF-8"?>
<!-- Generated by org.testng.reporters.JUnitReportReporter -->
<testsuite hostname="DESKTOP-JPDQICF" failures="0" tests="2" name="org.boredkris.pageObjects.android.eCommerce_tc_4_Hybrid" time="66.898" errors="0" timestamp="2023-02-22T18:51:03 CET" skipped="0">
  <testcase classname="org.boredkris.pageObjects.android.eCommerce_tc_4_Hybrid" name="FillForm" time="22.961"/>
  <system-out/>
  <testcase classname="org.boredkris.pageObjects.android.eCommerce_tc_4_Hybrid" name="FillForm" time="43.937"/>
  <system-out/>
</testsuite> <!-- org.boredkris.pageObjects.android.eCommerce_tc_4_Hybrid -->
